<?xml version="1.0" encoding="UTF-8"?>
<testsuites name="SelectRole" time="51" tests="2" failures="1" errors="0">
   <testsuite name="SelectRole" tests="2" failures="1" errors="0" time="51" timestamp="2017-09-17 11:11:06" hostname="mithu - DESKTOP-1QKO1SP" id="Test Suites/SelectRole">
      <properties>
         <property name="deviceName" value=""/>
         <property name="devicePlatform" value=""/>
         <property name="logFolder" value="F:\\Katalon_project\\MaxReqMan\\Reports\\SelectRole\\20170917_111105"/>
         <property name="logFiles" value="F:\\Katalon_project\\MaxReqMan\\Reports\\SelectRole\\20170917_111105\\execution0.log"/>
         <property name="attachments" value="F:\\Katalon_project\\MaxReqMan\\Reports\\SelectRole\\20170917_111105\\1505625116441.png"/>
         <property name="hostName" value="mithu - DESKTOP-1QKO1SP"/>
         <property name="os" value="Windows 10 64bit"/>
         <property name="katalonVersion" value="4.8.0.2"/>
         <property name="browser" value="Chrome 60.0.3112.113"/>
         <property name="hostAddress" value="192.168.91.161"/>
         <property name="sessionId" value="9bd2750a1fc919dbab973814eb14f779"/>
         <property name="seleniumVersion" value="2.53.0"/>
         <property name="proxyInformation" value="ProxyInformation{proxyOption=NO_PROXY, proxyServerType=HTTP, password=, proxyServerAddress=, proxyServerPort=0}"/>
         <property name="platform" value="Windows 10"/>
      </properties>
      <testcase name="Test Cases/Login" classname="Test Cases/Login" status="PASSED">
         <system-out><![CDATA[2017-09-17 11:11:07 - [TEST_CASE][PASSED] - Test Cases/Login: Test Cases/Login

2017-09-17 11:11:07 - [TEST_STEP][PASSED] - openBrowser: Browser is opened with url: ''

2017-09-17 11:11:10 - [MESSAGE][PASSED] - Browser is opened with url: ''

2017-09-17 11:11:10 - [TEST_STEP][PASSED] - maximizeWindow: Current window maximized

2017-09-17 11:11:12 - [MESSAGE][PASSED] - Current window maximized

2017-09-17 11:11:12 - [TEST_STEP][PASSED] - navigateToUrl: Navigate to 'http://beta-requisition.maxrailwaytrack.com/' successfully

2017-09-17 11:11:19 - [MESSAGE][PASSED] - Navigate to 'http://beta-requisition.maxrailwaytrack.com/' successfully

2017-09-17 11:11:19 - [TEST_STEP][PASSED] - setText: Text 'fahadbillah@yahoo.com' is set on object 'Object Repository/Page_MaxGroup Login/input_username'

2017-09-17 11:11:19 - [MESSAGE][PASSED] - Text 'fahadbillah@yahoo.com' is set on object 'Object Repository/Page_MaxGroup Login/input_username'

2017-09-17 11:11:19 - [TEST_STEP][PASSED] - setText: Text '123' is set on object 'Object Repository/Page_MaxGroup Login/input_password'

2017-09-17 11:11:19 - [MESSAGE][PASSED] - Text '123' is set on object 'Object Repository/Page_MaxGroup Login/input_password'

2017-09-17 11:11:19 - [TEST_STEP][PASSED] - click: Object: 'Object Repository/Page_MaxGroup Login/button_Login' is clicked on

2017-09-17 11:11:19 - [MESSAGE][PASSED] - Object: 'Object Repository/Page_MaxGroup Login/button_Login' is clicked on]]></system-out>
         <system-err><![CDATA[]]></system-err>
      </testcase>
      <testcase name="Test Cases/SelectRole" classname="Test Cases/SelectRole" status="PASSED">
         <system-out><![CDATA[2017-09-17 11:11:20 - [TEST_CASE][PASSED] - Test Cases/SelectRole: Test Cases/SelectRole

2017-09-17 11:11:20 - [TEST_STEP][PASSED] - delay: Delayed 5 second(s)

2017-09-17 11:11:25 - [MESSAGE][PASSED] - Delayed 5 second(s)

2017-09-17 11:11:25 - [TEST_STEP][PASSED] - click: Object: 'Object Repository/Page_Procurement Management  Role S/select_input' is clicked on

2017-09-17 11:11:25 - [MESSAGE][PASSED] - Object: 'Object Repository/Page_Procurement Management  Role S/select_input' is clicked on

2017-09-17 11:11:25 - [TEST_STEP][PASSED] - click: Object: 'Object Repository/Page_Procurement Management  Role S/selectReqesterCDA' is clicked on

2017-09-17 11:11:25 - [MESSAGE][PASSED] - Object: 'Object Repository/Page_Procurement Management  Role S/selectReqesterCDA' is clicked on

2017-09-17 11:11:25 - [TEST_STEP][PASSED] - click: Object: 'Object Repository/Page_Procurement Management  Role S/button_Enter' is clicked on

2017-09-17 11:11:25 - [MESSAGE][PASSED] - Object: 'Object Repository/Page_Procurement Management  Role S/button_Enter' is clicked on]]></system-out>
         <system-err><![CDATA[]]></system-err>
      </testcase>
      <testcase name="Test Cases/CreateMaterialRequisition" classname="Test Cases/CreateMaterialRequisition" status="FAILED">
         <failure type="FAILED" message="Unable to click on object 'Object Repository/Create Material Requisition/a_Material Requisition' (Root cause: com.kms.katalon.core.webui.exception.WebElementNotFoundException: Web element with id: 'Object Repository/Create Material Requisition/a_Material Requisition' located by 'By.xpath: //a[count(. | //*[@href = '#/requisition/material/create']) = count(//*[@href = '#/requisition/material/create'])][count(. | //*[contains(.,'Material Requisition')]) = count(//*[contains(.,'Material Requisition')])]' not found)"/>
         <system-out><![CDATA[2017-09-17 11:11:25 - [TEST_CASE][FAILED] - Test Cases/CreateMaterialRequisition: Test Cases/CreateMaterialRequisition FAILED because (of) Unable to click on object 'Object Repository/Create Material Requisition/a_Material Requisition' (Root cause: com.kms.katalon.core.webui.exception.WebElementNotFoundException: Web element with id: 'Object Repository/Create Material Requisition/a_Material Requisition' located by 'By.xpath: //a[count(. | //*[@href = '#/requisition/material/create']) = count(//*[@href = '#/requisition/material/create'])][count(. | //*[contains(.,'Material Requisition')]) = count(//*[contains(.,'Material Requisition')])]' not found)

2017-09-17 11:11:25 - [TEST_STEP][PASSED] - delay: Delayed 10 second(s)

2017-09-17 11:11:35 - [MESSAGE][PASSED] - Delayed 10 second(s)

2017-09-17 11:11:35 - [TEST_STEP][PASSED] - mouseOver: Object: 'Object Repository/Create Material Requisition/span_Requisitions' is hovered

2017-09-17 11:11:36 - [MESSAGE][PASSED] - Object: 'Object Repository/Create Material Requisition/span_Requisitions' is hovered

2017-09-17 11:11:36 - [TEST_STEP][PASSED] - mouseOver: Object: 'Object Repository/Create Material Requisition/a_Create Requisition' is hovered

2017-09-17 11:11:36 - [MESSAGE][PASSED] - Object: 'Object Repository/Create Material Requisition/a_Create Requisition' is hovered

2017-09-17 11:11:36 - [TEST_STEP][FAILED] - click: Unable to click on object 'Object Repository/Create Material Requisition/a_Material Requisition' (Root cause: com.kms.katalon.core.webui.exception.WebElementNotFoundException: Web element with id: 'Object Repository/Create Material Requisition/a_Material Requisition' located by 'By.xpath: //a[count(. | //*[@href = '#/requisition/material/create']) = count(//*[@href = '#/requisition/material/create'])][count(. | //*[contains(.,'Material Requisition')]) = count(//*[contains(.,'Material Requisition')])]' not found)

2017-09-17 11:11:56 - [MESSAGE][FAILED] - Unable to click on object 'Object Repository/Create Material Requisition/a_Material Requisition' (Root cause: com.kms.katalon.core.webui.exception.WebElementNotFoundException: Web element with id: 'Object Repository/Create Material Requisition/a_Material Requisition' located by 'By.xpath: //a[count(. | //*[@href = '#/requisition/material/create']) = count(//*[@href = '#/requisition/material/create'])][count(. | //*[contains(.,'Material Requisition')]) = count(//*[contains(.,'Material Requisition')])]' not found)
[[ATTACHMENT|F:\\Katalon_project\\MaxReqMan\\Reports\\SelectRole\\20170917_111105\\1505625116441.png]]]]></system-out>
         <system-err><![CDATA[2017-09-17 11:11:25 - [TEST_CASE][FAILED] - Test Cases/CreateMaterialRequisition: Test Cases/CreateMaterialRequisition FAILED because (of) Unable to click on object 'Object Repository/Create Material Requisition/a_Material Requisition' (Root cause: com.kms.katalon.core.webui.exception.WebElementNotFoundException: Web element with id: 'Object Repository/Create Material Requisition/a_Material Requisition' located by 'By.xpath: //a[count(. | //*[@href = '#/requisition/material/create']) = count(//*[@href = '#/requisition/material/create'])][count(. | //*[contains(.,'Material Requisition')]) = count(//*[contains(.,'Material Requisition')])]' not found)]]></system-err>
      </testcase>
      <system-out><![CDATA[2017-09-17 11:11:06 - [TEST_SUITE][FAILED] - SelectRole: Test Cases/CreateMaterialRequisition FAILED because (of) Unable to click on object 'Object Repository/Create Material Requisition/a_Material Requisition' (Root cause: com.kms.katalon.core.webui.exception.WebElementNotFoundException: Web element with id: 'Object Repository/Create Material Requisition/a_Material Requisition' located by 'By.xpath: //a[count(. | //*[@href = '#/requisition/material/create']) = count(//*[@href = '#/requisition/material/create'])][count(. | //*[contains(.,'Material Requisition')]) = count(//*[contains(.,'Material Requisition')])]' not found)]]></system-out>
      <system-err><![CDATA[2017-09-17 11:11:06 - [TEST_SUITE][FAILED] - SelectRole: Test Cases/CreateMaterialRequisition FAILED because (of) Unable to click on object 'Object Repository/Create Material Requisition/a_Material Requisition' (Root cause: com.kms.katalon.core.webui.exception.WebElementNotFoundException: Web element with id: 'Object Repository/Create Material Requisition/a_Material Requisition' located by 'By.xpath: //a[count(. | //*[@href = '#/requisition/material/create']) = count(//*[@href = '#/requisition/material/create'])][count(. | //*[contains(.,'Material Requisition')]) = count(//*[contains(.,'Material Requisition')])]' not found)]]></system-err>
   </testsuite>
</testsuites>
