<?xml version="1.0" encoding="UTF-8"?>
<testsuites name="TestSuite-CreateMaterialRequisition" time="90" tests="2" failures="1" errors="0">
   <testsuite name="TestSuite-CreateMaterialRequisition" tests="2" failures="1" errors="0" time="90" timestamp="2017-09-26 18:58:21" hostname="mithu - DESKTOP-1QKO1SP" id="Test Suites/TestSuite-CreateMaterialRequisition">
      <properties>
         <property name="deviceName" value=""/>
         <property name="devicePlatform" value=""/>
         <property name="logFolder" value="F:\\Katalon_project\\MaxReqMan\\Reports\\TestSuite-CreateMaterialRequisition\\20170926_185820"/>
         <property name="logFiles" value="F:\\Katalon_project\\MaxReqMan\\Reports\\TestSuite-CreateMaterialRequisition\\20170926_185820\\execution0.log"/>
         <property name="attachments" value="F:\\Katalon_project\\MaxReqMan\\Reports\\TestSuite-CreateMaterialRequisition\\20170926_185820\\1506430790682.png"/>
         <property name="hostName" value="mithu - DESKTOP-1QKO1SP"/>
         <property name="os" value="Windows 10 64bit"/>
         <property name="katalonVersion" value="4.8.0.2"/>
         <property name="browser" value="Chrome 60.0.3112.113"/>
         <property name="hostAddress" value="192.168.91.161"/>
         <property name="sessionId" value="8734eedfeb66940a6c7fe75c6894bdc8"/>
         <property name="seleniumVersion" value="2.53.0"/>
         <property name="proxyInformation" value="ProxyInformation{proxyOption=NO_PROXY, proxyServerType=HTTP, password=, proxyServerAddress=, proxyServerPort=0}"/>
         <property name="platform" value="Windows 10"/>
      </properties>
      <testcase name="Test Cases/Login" classname="Test Cases/Login" status="PASSED">
         <system-out><![CDATA[2017-09-26 18:58:21 - [TEST_CASE][PASSED] - Test Cases/Login: Test Cases/Login

2017-09-26 18:58:22 - [TEST_STEP][PASSED] - openBrowser: Browser is opened with url: ''

2017-09-26 18:58:24 - [MESSAGE][PASSED] - Browser is opened with url: ''

2017-09-26 18:58:24 - [TEST_STEP][PASSED] - maximizeWindow: Current window maximized

2017-09-26 18:58:26 - [MESSAGE][PASSED] - Current window maximized

2017-09-26 18:58:26 - [TEST_STEP][PASSED] - navigateToUrl: Navigate to 'http://beta-requisition.maxrailwaytrack.com/' successfully

2017-09-26 18:58:29 - [MESSAGE][PASSED] - Navigate to 'http://beta-requisition.maxrailwaytrack.com/' successfully

2017-09-26 18:58:29 - [TEST_STEP][PASSED] - setText: Text 'fahadbillah@yahoo.com' is set on object 'Object Repository/Page_MaxGroup Login/input_username'

2017-09-26 18:58:29 - [MESSAGE][PASSED] - Text 'fahadbillah@yahoo.com' is set on object 'Object Repository/Page_MaxGroup Login/input_username'

2017-09-26 18:58:29 - [TEST_STEP][PASSED] - setText: Text '123' is set on object 'Object Repository/Page_MaxGroup Login/input_password'

2017-09-26 18:58:30 - [MESSAGE][PASSED] - Text '123' is set on object 'Object Repository/Page_MaxGroup Login/input_password'

2017-09-26 18:58:30 - [TEST_STEP][PASSED] - click: Object: 'Object Repository/Page_MaxGroup Login/button_Login' is clicked on

2017-09-26 18:58:30 - [MESSAGE][PASSED] - Object: 'Object Repository/Page_MaxGroup Login/button_Login' is clicked on]]></system-out>
         <system-err><![CDATA[]]></system-err>
      </testcase>
      <testcase name="Test Cases/SelectRole" classname="Test Cases/SelectRole" status="PASSED">
         <system-out><![CDATA[2017-09-26 18:58:30 - [TEST_CASE][PASSED] - Test Cases/SelectRole: Test Cases/SelectRole

2017-09-26 18:58:30 - [TEST_STEP][PASSED] - delay: Delayed 5 second(s)

2017-09-26 18:58:35 - [MESSAGE][PASSED] - Delayed 5 second(s)

2017-09-26 18:58:35 - [TEST_STEP][PASSED] - click: Object: 'Object Repository/Page_Procurement Management  Role S/select_input' is clicked on

2017-09-26 18:58:35 - [MESSAGE][PASSED] - Object: 'Object Repository/Page_Procurement Management  Role S/select_input' is clicked on

2017-09-26 18:58:35 - [TEST_STEP][PASSED] - click: Object: 'Object Repository/Page_Procurement Management  Role S/option_Requester at CDA' is clicked on

2017-09-26 18:58:35 - [MESSAGE][PASSED] - Object: 'Object Repository/Page_Procurement Management  Role S/option_Requester at CDA' is clicked on

2017-09-26 18:58:35 - [TEST_STEP][PASSED] - click: Object: 'Object Repository/Page_Procurement Management  Role S/button_Enter' is clicked on

2017-09-26 18:58:35 - [MESSAGE][PASSED] - Object: 'Object Repository/Page_Procurement Management  Role S/button_Enter' is clicked on]]></system-out>
         <system-err><![CDATA[]]></system-err>
      </testcase>
      <testcase name="Test Cases/CreateMaterialRequisition" classname="Test Cases/CreateMaterialRequisition" status="FAILED">
         <failure type="FAILED" message="Unable to click on object 'Object Repository/Page_Procurement Management  Create/button_Submit (2)' (Root cause: org.openqa.selenium.WebDriverException: unknown error: Element &lt;button type=&quot;submit&quot; formnovalidate=&quot;formnovalidate&quot; style=&quot;width:100%&quot; class=&quot;btn btn-lg  btn-outline green-haze&quot; ng-click=&quot;createMaterialRequisition()&quot;>...&lt;/button> is not clickable at point (797, 912). Other element would receive the click: &lt;div class=&quot;sweet-overlay&quot; tabindex=&quot;-1&quot; style=&quot;opacity: 1.05; display: block;&quot;>&lt;/div>
  (Session info: chrome=60.0.3112.113)
  (Driver info: chromedriver=2.31.488763 (092de99f48a300323ecf8c2a4e2e7cab51de5ba8),platform=Windows NT 10.0.15063 x86_64) (WARNING: The server did not provide any stacktrace information)
Command duration or timeout: 22 milliseconds
Build info: version: '2.53.0', revision: '35ae25b', time: '2016-03-15 17:00:58'
System info: host: 'DESKTOP-1QKO1SP', ip: '192.168.91.161', os.name: 'Windows 10', os.arch: 'amd64', os.version: '10.0', java.version: '1.8.0_102'
Driver info: com.kms.katalon.selenium.driver.CChromeDriver
Capabilities [{applicationCacheEnabled=false, rotatable=false, mobileEmulationEnabled=false, networkConnectionEnabled=false, chrome={chromedriverVersion=2.31.488763 (092de99f48a300323ecf8c2a4e2e7cab51de5ba8), userDataDir=C:\Users\mithu\AppData\Local\Temp\scoped_dir10560_21671}, takesHeapSnapshot=true, pageLoadStrategy=normal, databaseEnabled=false, handlesAlerts=true, hasTouchScreen=false, version=60.0.3112.113, platform=XP, browserConnectionEnabled=false, nativeEvents=true, acceptSslCerts=true, locationContextEnabled=true, webStorageEnabled=true, browserName=chrome, takesScreenshot=true, javascriptEnabled=true, cssSelectorsEnabled=true, setWindowRect=true, unexpectedAlertBehaviour=}]
Session ID: 8734eedfeb66940a6c7fe75c6894bdc8)"/>
         <system-out><![CDATA[2017-09-26 18:58:35 - [TEST_CASE][FAILED] - Test Cases/CreateMaterialRequisition: Test Cases/CreateMaterialRequisition FAILED because (of) Unable to click on object 'Object Repository/Page_Procurement Management  Create/button_Submit (2)' (Root cause: org.openqa.selenium.WebDriverException: unknown error: Element <button type="submit" formnovalidate="formnovalidate" style="width:100%" class="btn btn-lg  btn-outline green-haze" ng-click="createMaterialRequisition()">...</button> is not clickable at point (797, 912). Other element would receive the click: <div class="sweet-overlay" tabindex="-1" style="opacity: 1.05; display: block;"></div>
  (Session info: chrome=60.0.3112.113)
  (Driver info: chromedriver=2.31.488763 (092de99f48a300323ecf8c2a4e2e7cab51de5ba8),platform=Windows NT 10.0.15063 x86_64) (WARNING: The server did not provide any stacktrace information)
Command duration or timeout: 22 milliseconds
Build info: version: '2.53.0', revision: '35ae25b', time: '2016-03-15 17:00:58'
System info: host: 'DESKTOP-1QKO1SP', ip: '192.168.91.161', os.name: 'Windows 10', os.arch: 'amd64', os.version: '10.0', java.version: '1.8.0_102'
Driver info: com.kms.katalon.selenium.driver.CChromeDriver
Capabilities [{applicationCacheEnabled=false, rotatable=false, mobileEmulationEnabled=false, networkConnectionEnabled=false, chrome={chromedriverVersion=2.31.488763 (092de99f48a300323ecf8c2a4e2e7cab51de5ba8), userDataDir=C:\Users\mithu\AppData\Local\Temp\scoped_dir10560_21671}, takesHeapSnapshot=true, pageLoadStrategy=normal, databaseEnabled=false, handlesAlerts=true, hasTouchScreen=false, version=60.0.3112.113, platform=XP, browserConnectionEnabled=false, nativeEvents=true, acceptSslCerts=true, locationContextEnabled=true, webStorageEnabled=true, browserName=chrome, takesScreenshot=true, javascriptEnabled=true, cssSelectorsEnabled=true, setWindowRect=true, unexpectedAlertBehaviour=}]
Session ID: 8734eedfeb66940a6c7fe75c6894bdc8)

2017-09-26 18:58:36 - [TEST_STEP][PASSED] - delay: Delayed 10 second(s)

2017-09-26 18:58:46 - [MESSAGE][PASSED] - Delayed 10 second(s)

2017-09-26 18:58:46 - [TEST_STEP][PASSED] - mouseOver: Object: 'Object Repository/create material requisition/span_Requisitions' is hovered

2017-09-26 18:58:46 - [MESSAGE][PASSED] - Object: 'Object Repository/create material requisition/span_Requisitions' is hovered

2017-09-26 18:58:46 - [TEST_STEP][PASSED] - delay: Delayed 2 second(s)

2017-09-26 18:58:48 - [MESSAGE][PASSED] - Delayed 2 second(s)

2017-09-26 18:58:48 - [TEST_STEP][PASSED] - mouseOver: Object: 'Object Repository/create material requisition/a_Create Requisition' is hovered

2017-09-26 18:58:48 - [MESSAGE][PASSED] - Object: 'Object Repository/create material requisition/a_Create Requisition' is hovered

2017-09-26 18:58:48 - [TEST_STEP][PASSED] - delay: Delayed 2 second(s)

2017-09-26 18:58:50 - [MESSAGE][PASSED] - Delayed 2 second(s)

2017-09-26 18:58:50 - [TEST_STEP][PASSED] - mouseOver: Object: 'Object Repository/create material requisition/a_Material Requisition' is hovered

2017-09-26 18:58:50 - [MESSAGE][PASSED] - Object: 'Object Repository/create material requisition/a_Material Requisition' is hovered

2017-09-26 18:58:50 - [TEST_STEP][PASSED] - delay: Delayed 2 second(s)

2017-09-26 18:58:52 - [MESSAGE][PASSED] - Delayed 2 second(s)

2017-09-26 18:58:52 - [TEST_STEP][PASSED] - click: Object: 'Object Repository/create material requisition/a_Material Requisition' is clicked on

2017-09-26 18:58:52 - [MESSAGE][PASSED] - Object: 'Object Repository/create material requisition/a_Material Requisition' is clicked on

2017-09-26 18:58:52 - [TEST_STEP][PASSED] - waitForPageLoad: Wait for page load successfully

2017-09-26 18:58:52 - [MESSAGE][PASSED] - Wait for page load successfully

2017-09-26 18:58:52 - [TEST_STEP][PASSED] - click: Object: 'Object Repository/Page_Procurement Management  Create/input_requisitionTitle' is clicked on

2017-09-26 18:58:54 - [MESSAGE][PASSED] - Object: 'Object Repository/Page_Procurement Management  Create/input_requisitionTitle' is clicked on

2017-09-26 18:58:54 - [TEST_STEP][PASSED] - setText: Text 'Material Requisition 1A' is set on object 'Object Repository/Page_Procurement Management  Create/input_requisitionTitle'

2017-09-26 18:58:55 - [MESSAGE][PASSED] - Text 'Material Requisition 1A' is set on object 'Object Repository/Page_Procurement Management  Create/input_requisitionTitle'

2017-09-26 18:58:55 - [TEST_STEP][PASSED] - click: Object: 'Object Repository/Page_Procurement Management  Create/requestTo' is clicked on

2017-09-26 18:58:55 - [MESSAGE][PASSED] - Object: 'Object Repository/Page_Procurement Management  Create/requestTo' is clicked on

2017-09-26 18:58:55 - [TEST_STEP][PASSED] - setText: Text 'Fahad Billah (Local Approver)' is set on object 'Object Repository/Page_Procurement Management  Create/requestTo'

2017-09-26 18:58:55 - [MESSAGE][PASSED] - Text 'Fahad Billah (Local Approver)' is set on object 'Object Repository/Page_Procurement Management  Create/requestTo'

2017-09-26 18:58:55 - [TEST_STEP][PASSED] - click: Object: 'Object Repository/Page_Procurement Management  Create/li_Fahad Billah (Local Boss)' is clicked on

2017-09-26 18:58:56 - [MESSAGE][PASSED] - Object: 'Object Repository/Page_Procurement Management  Create/li_Fahad Billah (Local Boss)' is clicked on

2017-09-26 18:58:56 - [TEST_STEP][PASSED] - click: Object: 'Object Repository/Page_Procurement Management  Create/input_receiverName' is clicked on

2017-09-26 18:58:56 - [MESSAGE][PASSED] - Object: 'Object Repository/Page_Procurement Management  Create/input_receiverName' is clicked on

2017-09-26 18:58:56 - [TEST_STEP][PASSED] - setText: Text 'Fahad Billah' is set on object 'Object Repository/Page_Procurement Management  Create/input_receiverName'

2017-09-26 18:58:56 - [MESSAGE][PASSED] - Text 'Fahad Billah' is set on object 'Object Repository/Page_Procurement Management  Create/input_receiverName'

2017-09-26 18:58:56 - [TEST_STEP][PASSED] - click: Object: 'Object Repository/Page_Procurement Management  Create/li_Fahad Billah' is clicked on

2017-09-26 18:58:58 - [MESSAGE][PASSED] - Object: 'Object Repository/Page_Procurement Management  Create/li_Fahad Billah' is clicked on

2017-09-26 18:58:58 - [TEST_STEP][PASSED] - delay: Delayed 2 second(s)

2017-09-26 18:59:00 - [MESSAGE][PASSED] - Delayed 2 second(s)

2017-09-26 18:59:00 - [TEST_STEP][PASSED] - setText: Text 'Mirhu khan' is set on object 'Object Repository/Page_Procurement Management  Create/input_originalRequesterName (2)'

2017-09-26 18:59:00 - [MESSAGE][PASSED] - Text 'Mirhu khan' is set on object 'Object Repository/Page_Procurement Management  Create/input_originalRequesterName (2)'

2017-09-26 18:59:00 - [TEST_STEP][PASSED] - setText: Text '01745677420' is set on object 'Object Repository/Page_Procurement Management  Create/input_originalRequesterPhone (1)'

2017-09-26 18:59:00 - [MESSAGE][PASSED] - Text '01745677420' is set on object 'Object Repository/Page_Procurement Management  Create/input_originalRequesterPhone (1)'

2017-09-26 18:59:00 - [TEST_STEP][PASSED] - setText: Text 'Test Team Qa-katalon' is set on object 'Object Repository/Page_Procurement Management  Create/textarea_remarks'

2017-09-26 18:59:00 - [MESSAGE][PASSED] - Text 'Test Team Qa-katalon' is set on object 'Object Repository/Page_Procurement Management  Create/textarea_remarks'

2017-09-26 18:59:00 - [TEST_STEP][PASSED] - delay: Delayed 1 second(s)

2017-09-26 18:59:01 - [MESSAGE][PASSED] - Delayed 1 second(s)

2017-09-26 18:59:01 - [TEST_STEP][PASSED] - click: Object: 'Object Repository/Page_Procurement Management  Create/span_Item Details' is clicked on

2017-09-26 18:59:01 - [MESSAGE][PASSED] - Object: 'Object Repository/Page_Procurement Management  Create/span_Item Details' is clicked on

2017-09-26 18:59:01 - [TEST_STEP][PASSED] - delay: Delayed 1 second(s)

2017-09-26 18:59:02 - [MESSAGE][PASSED] - Delayed 1 second(s)

2017-09-26 18:59:02 - [TEST_STEP][PASSED] - click: Object: 'Object Repository/Page_Procurement Management  Create/CostCenterName' is clicked on

2017-09-26 18:59:03 - [MESSAGE][PASSED] - Object: 'Object Repository/Page_Procurement Management  Create/CostCenterName' is clicked on

2017-09-26 18:59:03 - [TEST_STEP][PASSED] - waitForAngularLoad: Angular is ready.

2017-09-26 18:59:04 - [MESSAGE][PASSED] - Angular is ready.

2017-09-26 18:59:04 - [TEST_STEP][PASSED] - click: Object: 'Object Repository/Page_Procurement Management  Create/a_10100.12 Engineers  Employer' is clicked on

2017-09-26 18:59:04 - [MESSAGE][PASSED] - Object: 'Object Repository/Page_Procurement Management  Create/a_10100.12 Engineers  Employer' is clicked on

2017-09-26 18:59:04 - [TEST_STEP][PASSED] - delay: Delayed 1 second(s)

2017-09-26 18:59:05 - [MESSAGE][PASSED] - Delayed 1 second(s)

2017-09-26 18:59:05 - [TEST_STEP][PASSED] - click: Object: 'Object Repository/Page_Procurement Management  Create/button_OK' is clicked on

2017-09-26 18:59:05 - [MESSAGE][PASSED] - Object: 'Object Repository/Page_Procurement Management  Create/button_OK' is clicked on

2017-09-26 18:59:05 - [TEST_STEP][PASSED] - delay: Delayed 2 second(s)

2017-09-26 18:59:07 - [MESSAGE][PASSED] - Delayed 2 second(s)

2017-09-26 18:59:07 - [TEST_STEP][PASSED] - click: Object: 'Object Repository/Page_Procurement Management  Create/button_btn pull-right btn-defa' is clicked on

2017-09-26 18:59:07 - [MESSAGE][PASSED] - Object: 'Object Repository/Page_Procurement Management  Create/button_btn pull-right btn-defa' is clicked on

2017-09-26 18:59:07 - [TEST_STEP][PASSED] - waitForAngularLoad: Angular is ready.

2017-09-26 18:59:32 - [MESSAGE][PASSED] - Angular is ready.

2017-09-26 18:59:32 - [TEST_STEP][PASSED] - setText: Text 'acv' is set on object 'Object Repository/Page_Procurement Management  Create/input_form-control ng-untouche'

2017-09-26 18:59:32 - [MESSAGE][PASSED] - Text 'acv' is set on object 'Object Repository/Page_Procurement Management  Create/input_form-control ng-untouche'

2017-09-26 18:59:32 - [TEST_STEP][PASSED] - delay: Delayed 2 second(s)

2017-09-26 18:59:34 - [MESSAGE][PASSED] - Delayed 2 second(s)

2017-09-26 18:59:34 - [TEST_STEP][PASSED] - click: Object: 'Object Repository/Page_Procurement Management  Create/a_ACV Measuring Mould' is clicked on

2017-09-26 18:59:35 - [MESSAGE][PASSED] - Object: 'Object Repository/Page_Procurement Management  Create/a_ACV Measuring Mould' is clicked on

2017-09-26 18:59:35 - [TEST_STEP][PASSED] - delay: Delayed 2 second(s)

2017-09-26 18:59:37 - [MESSAGE][PASSED] - Delayed 2 second(s)

2017-09-26 18:59:37 - [TEST_STEP][PASSED] - click: Object: 'Object Repository/Page_Procurement Management  Create/button_OK' is clicked on

2017-09-26 18:59:37 - [MESSAGE][PASSED] - Object: 'Object Repository/Page_Procurement Management  Create/button_OK' is clicked on

2017-09-26 18:59:37 - [TEST_STEP][PASSED] - waitForAngularLoad: Angular is ready.

2017-09-26 18:59:38 - [MESSAGE][PASSED] - Angular is ready.

2017-09-26 18:59:38 - [TEST_STEP][PASSED] - click: Object: 'Object Repository/Page_Procurement Management  Create/Click specification ID' is clicked on

2017-09-26 18:59:38 - [MESSAGE][PASSED] - Object: 'Object Repository/Page_Procurement Management  Create/Click specification ID' is clicked on

2017-09-26 18:59:38 - [TEST_STEP][PASSED] - delay: Delayed 1 second(s)

2017-09-26 18:59:39 - [MESSAGE][PASSED] - Delayed 1 second(s)

2017-09-26 18:59:39 - [TEST_STEP][PASSED] - click: Object: 'Object Repository/Page_Procurement Management  Create/select_specificationId' is clicked on

2017-09-26 18:59:39 - [MESSAGE][PASSED] - Object: 'Object Repository/Page_Procurement Management  Create/select_specificationId' is clicked on

2017-09-26 18:59:39 - [TEST_STEP][PASSED] - delay: Delayed 1 second(s)

2017-09-26 18:59:40 - [MESSAGE][PASSED] - Delayed 1 second(s)

2017-09-26 18:59:40 - [TEST_STEP][PASSED] - click: Object: 'Object Repository/Page_Procurement Management  Create/Click Size ID' is clicked on

2017-09-26 18:59:40 - [MESSAGE][PASSED] - Object: 'Object Repository/Page_Procurement Management  Create/Click Size ID' is clicked on

2017-09-26 18:59:40 - [TEST_STEP][PASSED] - delay: Delayed 1 second(s)

2017-09-26 18:59:41 - [MESSAGE][PASSED] - Delayed 1 second(s)

2017-09-26 18:59:41 - [TEST_STEP][PASSED] - click: Object: 'Object Repository/Page_Procurement Management  Create/select_sizeId' is clicked on

2017-09-26 18:59:41 - [MESSAGE][PASSED] - Object: 'Object Repository/Page_Procurement Management  Create/select_sizeId' is clicked on

2017-09-26 18:59:41 - [TEST_STEP][PASSED] - delay: Delayed 1 second(s)

2017-09-26 18:59:42 - [MESSAGE][PASSED] - Delayed 1 second(s)

2017-09-26 18:59:42 - [TEST_STEP][PASSED] - click: Object: 'Object Repository/Page_Procurement Management  Create/click color Id' is clicked on

2017-09-26 18:59:42 - [MESSAGE][PASSED] - Object: 'Object Repository/Page_Procurement Management  Create/click color Id' is clicked on

2017-09-26 18:59:42 - [TEST_STEP][PASSED] - delay: Delayed 1 second(s)

2017-09-26 18:59:43 - [MESSAGE][PASSED] - Delayed 1 second(s)

2017-09-26 18:59:43 - [TEST_STEP][PASSED] - click: Object: 'Object Repository/Page_Procurement Management  Create/select_colorId' is clicked on

2017-09-26 18:59:44 - [MESSAGE][PASSED] - Object: 'Object Repository/Page_Procurement Management  Create/select_colorId' is clicked on

2017-09-26 18:59:44 - [TEST_STEP][PASSED] - setText: Text 'mkGhost' is set on object 'Object Repository/Page_Procurement Management  Create/input_receiverNameTemp'

2017-09-26 18:59:44 - [MESSAGE][PASSED] - Text 'mkGhost' is set on object 'Object Repository/Page_Procurement Management  Create/input_receiverNameTemp'

2017-09-26 18:59:44 - [TEST_STEP][PASSED] - setText: Text '20no road mohakhali DOHS' is set on object 'Object Repository/Page_Procurement Management  Create/input_receivingAddress'

2017-09-26 18:59:44 - [MESSAGE][PASSED] - Text '20no road mohakhali DOHS' is set on object 'Object Repository/Page_Procurement Management  Create/input_receivingAddress'

2017-09-26 18:59:44 - [TEST_STEP][PASSED] - setText: Text '250' is set on object 'Object Repository/Page_Procurement Management  Create/input_quantity'

2017-09-26 18:59:44 - [MESSAGE][PASSED] - Text '250' is set on object 'Object Repository/Page_Procurement Management  Create/input_quantity'

2017-09-26 18:59:44 - [TEST_STEP][PASSED] - setText: Text 'Test Item' is set on object 'Object Repository/Page_Procurement Management  Create/input_itemDesc'

2017-09-26 18:59:44 - [MESSAGE][PASSED] - Text 'Test Item' is set on object 'Object Repository/Page_Procurement Management  Create/input_itemDesc'

2017-09-26 18:59:44 - [TEST_STEP][PASSED] - delay: Delayed 1 second(s)

2017-09-26 18:59:45 - [MESSAGE][PASSED] - Delayed 1 second(s)

2017-09-26 18:59:45 - [TEST_STEP][PASSED] - click: Object: 'Object Repository/Page_Procurement Management  Create/button_Add Item' is clicked on

2017-09-26 18:59:46 - [MESSAGE][PASSED] - Object: 'Object Repository/Page_Procurement Management  Create/button_Add Item' is clicked on

2017-09-26 18:59:46 - [TEST_STEP][PASSED] - delay: Delayed 1 second(s)

2017-09-26 18:59:47 - [MESSAGE][PASSED] - Delayed 1 second(s)

2017-09-26 18:59:47 - [TEST_STEP][PASSED] - click: Object: 'Object Repository/Page_Procurement Management  Create/button_Submit' is clicked on

2017-09-26 18:59:47 - [MESSAGE][PASSED] - Object: 'Object Repository/Page_Procurement Management  Create/button_Submit' is clicked on

2017-09-26 18:59:47 - [TEST_STEP][PASSED] - delay: Delayed 1 second(s)

2017-09-26 18:59:48 - [MESSAGE][PASSED] - Delayed 1 second(s)

2017-09-26 18:59:48 - [TEST_STEP][PASSED] - click: Object: 'Object Repository/Page_Procurement Management  Create/button_Cancel' is clicked on

2017-09-26 18:59:48 - [MESSAGE][PASSED] - Object: 'Object Repository/Page_Procurement Management  Create/button_Cancel' is clicked on

2017-09-26 18:59:48 - [TEST_STEP][PASSED] - delay: Delayed 1 second(s)

2017-09-26 18:59:49 - [MESSAGE][PASSED] - Delayed 1 second(s)

2017-09-26 18:59:49 - [TEST_STEP][PASSED] - click: Object: 'Object Repository/Page_Procurement Management  Create/button_Submit (1)' is clicked on

2017-09-26 18:59:49 - [MESSAGE][PASSED] - Object: 'Object Repository/Page_Procurement Management  Create/button_Submit (1)' is clicked on

2017-09-26 18:59:49 - [TEST_STEP][PASSED] - delay: Delayed 1 second(s)

2017-09-26 18:59:50 - [MESSAGE][PASSED] - Delayed 1 second(s)

2017-09-26 18:59:50 - [TEST_STEP][FAILED] - click: Unable to click on object 'Object Repository/Page_Procurement Management  Create/button_Submit (2)' (Root cause: org.openqa.selenium.WebDriverException: unknown error: Element <button type="submit" formnovalidate="formnovalidate" style="width:100%" class="btn btn-lg  btn-outline green-haze" ng-click="createMaterialRequisition()">...</button> is not clickable at point (797, 912). Other element would receive the click: <div class="sweet-overlay" tabindex="-1" style="opacity: 1.05; display: block;"></div>
  (Session info: chrome=60.0.3112.113)
  (Driver info: chromedriver=2.31.488763 (092de99f48a300323ecf8c2a4e2e7cab51de5ba8),platform=Windows NT 10.0.15063 x86_64) (WARNING: The server did not provide any stacktrace information)
Command duration or timeout: 22 milliseconds
Build info: version: '2.53.0', revision: '35ae25b', time: '2016-03-15 17:00:58'
System info: host: 'DESKTOP-1QKO1SP', ip: '192.168.91.161', os.name: 'Windows 10', os.arch: 'amd64', os.version: '10.0', java.version: '1.8.0_102'
Driver info: com.kms.katalon.selenium.driver.CChromeDriver
Capabilities [{applicationCacheEnabled=false, rotatable=false, mobileEmulationEnabled=false, networkConnectionEnabled=false, chrome={chromedriverVersion=2.31.488763 (092de99f48a300323ecf8c2a4e2e7cab51de5ba8), userDataDir=C:\Users\mithu\AppData\Local\Temp\scoped_dir10560_21671}, takesHeapSnapshot=true, pageLoadStrategy=normal, databaseEnabled=false, handlesAlerts=true, hasTouchScreen=false, version=60.0.3112.113, platform=XP, browserConnectionEnabled=false, nativeEvents=true, acceptSslCerts=true, locationContextEnabled=true, webStorageEnabled=true, browserName=chrome, takesScreenshot=true, javascriptEnabled=true, cssSelectorsEnabled=true, setWindowRect=true, unexpectedAlertBehaviour=}]
Session ID: 8734eedfeb66940a6c7fe75c6894bdc8)

2017-09-26 18:59:51 - [MESSAGE][FAILED] - Unable to click on object 'Object Repository/Page_Procurement Management  Create/button_Submit (2)' (Root cause: org.openqa.selenium.WebDriverException: unknown error: Element <button type="submit" formnovalidate="formnovalidate" style="width:100%" class="btn btn-lg  btn-outline green-haze" ng-click="createMaterialRequisition()">...</button> is not clickable at point (797, 912). Other element would receive the click: <div class="sweet-overlay" tabindex="-1" style="opacity: 1.05; display: block;"></div>
  (Session info: chrome=60.0.3112.113)
  (Driver info: chromedriver=2.31.488763 (092de99f48a300323ecf8c2a4e2e7cab51de5ba8),platform=Windows NT 10.0.15063 x86_64) (WARNING: The server did not provide any stacktrace information)
Command duration or timeout: 22 milliseconds
Build info: version: '2.53.0', revision: '35ae25b', time: '2016-03-15 17:00:58'
System info: host: 'DESKTOP-1QKO1SP', ip: '192.168.91.161', os.name: 'Windows 10', os.arch: 'amd64', os.version: '10.0', java.version: '1.8.0_102'
Driver info: com.kms.katalon.selenium.driver.CChromeDriver
Capabilities [{applicationCacheEnabled=false, rotatable=false, mobileEmulationEnabled=false, networkConnectionEnabled=false, chrome={chromedriverVersion=2.31.488763 (092de99f48a300323ecf8c2a4e2e7cab51de5ba8), userDataDir=C:\Users\mithu\AppData\Local\Temp\scoped_dir10560_21671}, takesHeapSnapshot=true, pageLoadStrategy=normal, databaseEnabled=false, handlesAlerts=true, hasTouchScreen=false, version=60.0.3112.113, platform=XP, browserConnectionEnabled=false, nativeEvents=true, acceptSslCerts=true, locationContextEnabled=true, webStorageEnabled=true, browserName=chrome, takesScreenshot=true, javascriptEnabled=true, cssSelectorsEnabled=true, setWindowRect=true, unexpectedAlertBehaviour=}]
Session ID: 8734eedfeb66940a6c7fe75c6894bdc8)
[[ATTACHMENT|F:\\Katalon_project\\MaxReqMan\\Reports\\TestSuite-CreateMaterialRequisition\\20170926_185820\\1506430790682.png]]]]></system-out>
         <system-err><![CDATA[2017-09-26 18:58:35 - [TEST_CASE][FAILED] - Test Cases/CreateMaterialRequisition: Test Cases/CreateMaterialRequisition FAILED because (of) Unable to click on object 'Object Repository/Page_Procurement Management  Create/button_Submit (2)' (Root cause: org.openqa.selenium.WebDriverException: unknown error: Element <button type="submit" formnovalidate="formnovalidate" style="width:100%" class="btn btn-lg  btn-outline green-haze" ng-click="createMaterialRequisition()">...</button> is not clickable at point (797, 912). Other element would receive the click: <div class="sweet-overlay" tabindex="-1" style="opacity: 1.05; display: block;"></div>
  (Session info: chrome=60.0.3112.113)
  (Driver info: chromedriver=2.31.488763 (092de99f48a300323ecf8c2a4e2e7cab51de5ba8),platform=Windows NT 10.0.15063 x86_64) (WARNING: The server did not provide any stacktrace information)
Command duration or timeout: 22 milliseconds
Build info: version: '2.53.0', revision: '35ae25b', time: '2016-03-15 17:00:58'
System info: host: 'DESKTOP-1QKO1SP', ip: '192.168.91.161', os.name: 'Windows 10', os.arch: 'amd64', os.version: '10.0', java.version: '1.8.0_102'
Driver info: com.kms.katalon.selenium.driver.CChromeDriver
Capabilities [{applicationCacheEnabled=false, rotatable=false, mobileEmulationEnabled=false, networkConnectionEnabled=false, chrome={chromedriverVersion=2.31.488763 (092de99f48a300323ecf8c2a4e2e7cab51de5ba8), userDataDir=C:\Users\mithu\AppData\Local\Temp\scoped_dir10560_21671}, takesHeapSnapshot=true, pageLoadStrategy=normal, databaseEnabled=false, handlesAlerts=true, hasTouchScreen=false, version=60.0.3112.113, platform=XP, browserConnectionEnabled=false, nativeEvents=true, acceptSslCerts=true, locationContextEnabled=true, webStorageEnabled=true, browserName=chrome, takesScreenshot=true, javascriptEnabled=true, cssSelectorsEnabled=true, setWindowRect=true, unexpectedAlertBehaviour=}]
Session ID: 8734eedfeb66940a6c7fe75c6894bdc8)]]></system-err>
      </testcase>
      <system-out><![CDATA[2017-09-26 18:58:21 - [TEST_SUITE][FAILED] - TestSuite-CreateMaterialRequisition: Test Cases/CreateMaterialRequisition FAILED because (of) Unable to click on object 'Object Repository/Page_Procurement Management  Create/button_Submit (2)' (Root cause: org.openqa.selenium.WebDriverException: unknown error: Element <button type="submit" formnovalidate="formnovalidate" style="width:100%" class="btn btn-lg  btn-outline green-haze" ng-click="createMaterialRequisition()">...</button> is not clickable at point (797, 912). Other element would receive the click: <div class="sweet-overlay" tabindex="-1" style="opacity: 1.05; display: block;"></div>
  (Session info: chrome=60.0.3112.113)
  (Driver info: chromedriver=2.31.488763 (092de99f48a300323ecf8c2a4e2e7cab51de5ba8),platform=Windows NT 10.0.15063 x86_64) (WARNING: The server did not provide any stacktrace information)
Command duration or timeout: 22 milliseconds
Build info: version: '2.53.0', revision: '35ae25b', time: '2016-03-15 17:00:58'
System info: host: 'DESKTOP-1QKO1SP', ip: '192.168.91.161', os.name: 'Windows 10', os.arch: 'amd64', os.version: '10.0', java.version: '1.8.0_102'
Driver info: com.kms.katalon.selenium.driver.CChromeDriver
Capabilities [{applicationCacheEnabled=false, rotatable=false, mobileEmulationEnabled=false, networkConnectionEnabled=false, chrome={chromedriverVersion=2.31.488763 (092de99f48a300323ecf8c2a4e2e7cab51de5ba8), userDataDir=C:\Users\mithu\AppData\Local\Temp\scoped_dir10560_21671}, takesHeapSnapshot=true, pageLoadStrategy=normal, databaseEnabled=false, handlesAlerts=true, hasTouchScreen=false, version=60.0.3112.113, platform=XP, browserConnectionEnabled=false, nativeEvents=true, acceptSslCerts=true, locationContextEnabled=true, webStorageEnabled=true, browserName=chrome, takesScreenshot=true, javascriptEnabled=true, cssSelectorsEnabled=true, setWindowRect=true, unexpectedAlertBehaviour=}]
Session ID: 8734eedfeb66940a6c7fe75c6894bdc8)]]></system-out>
      <system-err><![CDATA[2017-09-26 18:58:21 - [TEST_SUITE][FAILED] - TestSuite-CreateMaterialRequisition: Test Cases/CreateMaterialRequisition FAILED because (of) Unable to click on object 'Object Repository/Page_Procurement Management  Create/button_Submit (2)' (Root cause: org.openqa.selenium.WebDriverException: unknown error: Element <button type="submit" formnovalidate="formnovalidate" style="width:100%" class="btn btn-lg  btn-outline green-haze" ng-click="createMaterialRequisition()">...</button> is not clickable at point (797, 912). Other element would receive the click: <div class="sweet-overlay" tabindex="-1" style="opacity: 1.05; display: block;"></div>
  (Session info: chrome=60.0.3112.113)
  (Driver info: chromedriver=2.31.488763 (092de99f48a300323ecf8c2a4e2e7cab51de5ba8),platform=Windows NT 10.0.15063 x86_64) (WARNING: The server did not provide any stacktrace information)
Command duration or timeout: 22 milliseconds
Build info: version: '2.53.0', revision: '35ae25b', time: '2016-03-15 17:00:58'
System info: host: 'DESKTOP-1QKO1SP', ip: '192.168.91.161', os.name: 'Windows 10', os.arch: 'amd64', os.version: '10.0', java.version: '1.8.0_102'
Driver info: com.kms.katalon.selenium.driver.CChromeDriver
Capabilities [{applicationCacheEnabled=false, rotatable=false, mobileEmulationEnabled=false, networkConnectionEnabled=false, chrome={chromedriverVersion=2.31.488763 (092de99f48a300323ecf8c2a4e2e7cab51de5ba8), userDataDir=C:\Users\mithu\AppData\Local\Temp\scoped_dir10560_21671}, takesHeapSnapshot=true, pageLoadStrategy=normal, databaseEnabled=false, handlesAlerts=true, hasTouchScreen=false, version=60.0.3112.113, platform=XP, browserConnectionEnabled=false, nativeEvents=true, acceptSslCerts=true, locationContextEnabled=true, webStorageEnabled=true, browserName=chrome, takesScreenshot=true, javascriptEnabled=true, cssSelectorsEnabled=true, setWindowRect=true, unexpectedAlertBehaviour=}]
Session ID: 8734eedfeb66940a6c7fe75c6894bdc8)]]></system-err>
   </testsuite>
</testsuites>
