<?xml version="1.0" encoding="UTF-8"?>
<testsuites name="TestSuite-CreateMaterialRequisition" time="320" tests="2" failures="1" errors="0">
   <testsuite name="TestSuite-CreateMaterialRequisition" tests="2" failures="1" errors="0" time="320" timestamp="2017-10-14 00:38:56" hostname="Asus - DESKTOP-SQEFDD7" id="Test Suites/TestSuite-CreateMaterialRequisition">
      <properties>
         <property name="deviceName" value=""/>
         <property name="devicePlatform" value=""/>
         <property name="logFolder" value="E:\\Katalon_Project\\KatalonStudio-RequisitionTest-master\\Reports\\TestSuite-CreateMaterialRequisition\\20171014_003854"/>
         <property name="logFiles" value="E:\\Katalon_Project\\KatalonStudio-RequisitionTest-master\\Reports\\TestSuite-CreateMaterialRequisition\\20171014_003854\\execution0.log"/>
         <property name="attachments" value="E:\\Katalon_Project\\KatalonStudio-RequisitionTest-master\\Reports\\TestSuite-CreateMaterialRequisition\\20171014_003854\\1507919953765.png, E:\\Katalon_Project\\KatalonStudio-RequisitionTest-master\\Reports\\TestSuite-CreateMaterialRequisition\\20171014_003854\\1507919999714.png, E:\\Katalon_Project\\KatalonStudio-RequisitionTest-master\\Reports\\TestSuite-CreateMaterialRequisition\\20171014_003854\\1507920011010.png, E:\\Katalon_Project\\KatalonStudio-RequisitionTest-master\\Reports\\TestSuite-CreateMaterialRequisition\\20171014_003854\\1507920027809.png, E:\\Katalon_Project\\KatalonStudio-RequisitionTest-master\\Reports\\TestSuite-CreateMaterialRequisition\\20171014_003854\\1507920045184.png, E:\\Katalon_Project\\KatalonStudio-RequisitionTest-master\\Reports\\TestSuite-CreateMaterialRequisition\\20171014_003854\\1507920047566.png, E:\\Katalon_Project\\KatalonStudio-RequisitionTest-master\\Reports\\TestSuite-CreateMaterialRequisition\\20171014_003854\\1507920063447.png, E:\\Katalon_Project\\KatalonStudio-RequisitionTest-master\\Reports\\TestSuite-CreateMaterialRequisition\\20171014_003854\\1507920081320.png, E:\\Katalon_Project\\KatalonStudio-RequisitionTest-master\\Reports\\TestSuite-CreateMaterialRequisition\\20171014_003854\\1507920099625.png, E:\\Katalon_Project\\KatalonStudio-RequisitionTest-master\\Reports\\TestSuite-CreateMaterialRequisition\\20171014_003854\\1507920115496.png, E:\\Katalon_Project\\KatalonStudio-RequisitionTest-master\\Reports\\TestSuite-CreateMaterialRequisition\\20171014_003854\\1507920132346.png, E:\\Katalon_Project\\KatalonStudio-RequisitionTest-master\\Reports\\TestSuite-CreateMaterialRequisition\\20171014_003854\\1507920149233.png, E:\\Katalon_Project\\KatalonStudio-RequisitionTest-master\\Reports\\TestSuite-CreateMaterialRequisition\\20171014_003854\\1507920166098.png, E:\\Katalon_Project\\KatalonStudio-RequisitionTest-master\\Reports\\TestSuite-CreateMaterialRequisition\\20171014_003854\\1507920182913.png, E:\\Katalon_Project\\KatalonStudio-RequisitionTest-master\\Reports\\TestSuite-CreateMaterialRequisition\\20171014_003854\\1507920199789.png, E:\\Katalon_Project\\KatalonStudio-RequisitionTest-master\\Reports\\TestSuite-CreateMaterialRequisition\\20171014_003854\\1507920200210.png, E:\\Katalon_Project\\KatalonStudio-RequisitionTest-master\\Reports\\TestSuite-CreateMaterialRequisition\\20171014_003854\\1507920216020.png, E:\\Katalon_Project\\KatalonStudio-RequisitionTest-master\\Reports\\TestSuite-CreateMaterialRequisition\\20171014_003854\\1507920219720.png, E:\\Katalon_Project\\KatalonStudio-RequisitionTest-master\\Reports\\TestSuite-CreateMaterialRequisition\\20171014_003854\\1507920236985.png, E:\\Katalon_Project\\KatalonStudio-RequisitionTest-master\\Reports\\TestSuite-CreateMaterialRequisition\\20171014_003854\\1507920238389.png, E:\\Katalon_Project\\KatalonStudio-RequisitionTest-master\\Reports\\TestSuite-CreateMaterialRequisition\\20171014_003854\\1507920255235.png, E:\\Katalon_Project\\KatalonStudio-RequisitionTest-master\\Reports\\TestSuite-CreateMaterialRequisition\\20171014_003854\\1507920255534.png"/>
         <property name="hostName" value="Asus - DESKTOP-SQEFDD7"/>
         <property name="os" value="Windows 10 64bit"/>
         <property name="katalonVersion" value="4.8.0.2"/>
         <property name="browser" value="Chrome 61.0.3163.100"/>
         <property name="hostAddress" value="192.168.0.104"/>
         <property name="sessionId" value="6a4a7e2ce271073307aef1bc895c5829"/>
         <property name="seleniumVersion" value="2.53.0"/>
         <property name="proxyInformation" value="ProxyInformation{proxyOption=NO_PROXY, proxyServerType=HTTP, password=, proxyServerAddress=, proxyServerPort=0}"/>
         <property name="platform" value="Windows 10"/>
      </properties>
      <testcase name="Test Cases/Login" classname="Test Cases/Login" status="PASSED">
         <system-out><![CDATA[2017-10-14 00:38:56 - [TEST_CASE][PASSED] - Test Cases/Login: Test Cases/Login

2017-10-14 00:38:57 - [TEST_STEP][PASSED] - openBrowser: Browser is opened with url: ''

2017-10-14 00:39:00 - [MESSAGE][PASSED] - Browser is opened with url: ''

2017-10-14 00:39:00 - [TEST_STEP][PASSED] - maximizeWindow: Current window maximized

2017-10-14 00:39:01 - [MESSAGE][PASSED] - Current window maximized

2017-10-14 00:39:01 - [TEST_STEP][PASSED] - navigateToUrl: Navigate to 'http://beta-requisition.maxrailwaytrack.com/' successfully

2017-10-14 00:39:07 - [MESSAGE][PASSED] - Navigate to 'http://beta-requisition.maxrailwaytrack.com/' successfully

2017-10-14 00:39:07 - [TEST_STEP][PASSED] - setText: Text 'fahadbillah@yahoo.com' is set on object 'Object Repository/Page_MaxGroup Login/input_username'

2017-10-14 00:39:07 - [MESSAGE][PASSED] - Text 'fahadbillah@yahoo.com' is set on object 'Object Repository/Page_MaxGroup Login/input_username'

2017-10-14 00:39:07 - [TEST_STEP][PASSED] - setText: Text '123' is set on object 'Object Repository/Page_MaxGroup Login/input_password'

2017-10-14 00:39:08 - [MESSAGE][PASSED] - Text '123' is set on object 'Object Repository/Page_MaxGroup Login/input_password'

2017-10-14 00:39:08 - [TEST_STEP][PASSED] - click: Object: 'Object Repository/Page_MaxGroup Login/button_Login' is clicked on

2017-10-14 00:39:08 - [MESSAGE][PASSED] - Object: 'Object Repository/Page_MaxGroup Login/button_Login' is clicked on]]></system-out>
         <system-err><![CDATA[]]></system-err>
      </testcase>
      <testcase name="Test Cases/SelectRole" classname="Test Cases/SelectRole" status="PASSED">
         <system-out><![CDATA[2017-10-14 00:39:08 - [TEST_CASE][PASSED] - Test Cases/SelectRole: Test Cases/SelectRole

2017-10-14 00:39:08 - [TEST_STEP][PASSED] - delay: Delayed 5 second(s)

2017-10-14 00:39:13 - [MESSAGE][PASSED] - Delayed 5 second(s)

2017-10-14 00:39:13 - [TEST_STEP][PASSED] - takeScreenshot: Taking screenshot successfully

2017-10-14 00:39:50 - [MESSAGE][PASSED] - Taking screenshot successfully
[[ATTACHMENT|E:\\Katalon_Project\\KatalonStudio-RequisitionTest-master\\Reports\\TestSuite-CreateMaterialRequisition\\20171014_003854\\1507919953765.png]]

2017-10-14 00:39:50 - [TEST_STEP][PASSED] - click: Object: 'Object Repository/Page_Procurement Management  Role S/select_input' is clicked on

2017-10-14 00:39:50 - [MESSAGE][PASSED] - Object: 'Object Repository/Page_Procurement Management  Role S/select_input' is clicked on

2017-10-14 00:39:50 - [TEST_STEP][PASSED] - click: Object: 'Object Repository/Page_Procurement Management  Role S/option_Requester at CDA' is clicked on

2017-10-14 00:39:50 - [MESSAGE][PASSED] - Object: 'Object Repository/Page_Procurement Management  Role S/option_Requester at CDA' is clicked on

2017-10-14 00:39:50 - [TEST_STEP][PASSED] - click: Object: 'Object Repository/Page_Procurement Management  Role S/button_Enter' is clicked on

2017-10-14 00:39:51 - [MESSAGE][PASSED] - Object: 'Object Repository/Page_Procurement Management  Role S/button_Enter' is clicked on]]></system-out>
         <system-err><![CDATA[]]></system-err>
      </testcase>
      <testcase name="Test Cases/CreateMaterialRequisition" classname="Test Cases/CreateMaterialRequisition" status="FAILED">
         <failure type="FAILED" message="Unable to click on object 'Object Repository/Page_Procurement Management  Create/CostCenterName' (Root cause: org.openqa.selenium.WebDriverException: unknown error: Element is not clickable at point (856, 772)
  (Session info: chrome=61.0.3163.100)
  (Driver info: chromedriver=2.31.488763 (092de99f48a300323ecf8c2a4e2e7cab51de5ba8),platform=Windows NT 10.0.15063 x86_64) (WARNING: The server did not provide any stacktrace information)
Command duration or timeout: 54 milliseconds
Build info: version: '2.53.0', revision: '35ae25b', time: '2016-03-15 17:00:58'
System info: host: 'DESKTOP-SQEFDD7', ip: '192.168.0.104', os.name: 'Windows 10', os.arch: 'amd64', os.version: '10.0', java.version: '1.8.0_102'
Driver info: com.kms.katalon.selenium.driver.CChromeDriver
Capabilities [{applicationCacheEnabled=false, rotatable=false, mobileEmulationEnabled=false, networkConnectionEnabled=false, chrome={chromedriverVersion=2.31.488763 (092de99f48a300323ecf8c2a4e2e7cab51de5ba8), userDataDir=C:\Users\Asus\AppData\Local\Temp\scoped_dir3788_3784}, takesHeapSnapshot=true, pageLoadStrategy=normal, databaseEnabled=false, handlesAlerts=true, hasTouchScreen=false, version=61.0.3163.100, platform=XP, browserConnectionEnabled=false, nativeEvents=true, acceptSslCerts=true, locationContextEnabled=true, webStorageEnabled=true, browserName=chrome, takesScreenshot=true, javascriptEnabled=true, cssSelectorsEnabled=true, setWindowRect=true, unexpectedAlertBehaviour=}]
Session ID: 6a4a7e2ce271073307aef1bc895c5829)"/>
         <system-out><![CDATA[2017-10-14 00:39:51 - [TEST_CASE][FAILED] - Test Cases/CreateMaterialRequisition: Test Cases/CreateMaterialRequisition FAILED because (of) Unable to click on object 'Object Repository/Page_Procurement Management  Create/CostCenterName' (Root cause: org.openqa.selenium.WebDriverException: unknown error: Element is not clickable at point (856, 772)
  (Session info: chrome=61.0.3163.100)
  (Driver info: chromedriver=2.31.488763 (092de99f48a300323ecf8c2a4e2e7cab51de5ba8),platform=Windows NT 10.0.15063 x86_64) (WARNING: The server did not provide any stacktrace information)
Command duration or timeout: 54 milliseconds
Build info: version: '2.53.0', revision: '35ae25b', time: '2016-03-15 17:00:58'
System info: host: 'DESKTOP-SQEFDD7', ip: '192.168.0.104', os.name: 'Windows 10', os.arch: 'amd64', os.version: '10.0', java.version: '1.8.0_102'
Driver info: com.kms.katalon.selenium.driver.CChromeDriver
Capabilities [{applicationCacheEnabled=false, rotatable=false, mobileEmulationEnabled=false, networkConnectionEnabled=false, chrome={chromedriverVersion=2.31.488763 (092de99f48a300323ecf8c2a4e2e7cab51de5ba8), userDataDir=C:\Users\Asus\AppData\Local\Temp\scoped_dir3788_3784}, takesHeapSnapshot=true, pageLoadStrategy=normal, databaseEnabled=false, handlesAlerts=true, hasTouchScreen=false, version=61.0.3163.100, platform=XP, browserConnectionEnabled=false, nativeEvents=true, acceptSslCerts=true, locationContextEnabled=true, webStorageEnabled=true, browserName=chrome, takesScreenshot=true, javascriptEnabled=true, cssSelectorsEnabled=true, setWindowRect=true, unexpectedAlertBehaviour=}]
Session ID: 6a4a7e2ce271073307aef1bc895c5829)

2017-10-14 00:39:51 - [TEST_STEP][PASSED] - delay: Delayed 2 second(s)

2017-10-14 00:39:53 - [MESSAGE][PASSED] - Delayed 2 second(s)

2017-10-14 00:39:53 - [TEST_STEP][PASSED] - mouseOver: Object: 'Object Repository/create material requisition/span_Requisitions' is hovered

2017-10-14 00:39:53 - [MESSAGE][PASSED] - Object: 'Object Repository/create material requisition/span_Requisitions' is hovered

2017-10-14 00:39:53 - [TEST_STEP][PASSED] - delay: Delayed 2 second(s)

2017-10-14 00:39:55 - [MESSAGE][PASSED] - Delayed 2 second(s)

2017-10-14 00:39:55 - [TEST_STEP][PASSED] - mouseOver: Object: 'Object Repository/create material requisition/a_Create Requisition' is hovered

2017-10-14 00:39:55 - [MESSAGE][PASSED] - Object: 'Object Repository/create material requisition/a_Create Requisition' is hovered

2017-10-14 00:39:55 - [TEST_STEP][PASSED] - delay: Delayed 2 second(s)

2017-10-14 00:39:57 - [MESSAGE][PASSED] - Delayed 2 second(s)

2017-10-14 00:39:57 - [TEST_STEP][PASSED] - mouseOver: Object: 'Object Repository/create material requisition/a_Material Requisition' is hovered

2017-10-14 00:39:57 - [MESSAGE][PASSED] - Object: 'Object Repository/create material requisition/a_Material Requisition' is hovered

2017-10-14 00:39:57 - [TEST_STEP][PASSED] - delay: Delayed 2 second(s)

2017-10-14 00:39:59 - [MESSAGE][PASSED] - Delayed 2 second(s)

2017-10-14 00:39:59 - [TEST_STEP][PASSED] - takeScreenshot: Taking screenshot successfully

2017-10-14 00:40:00 - [MESSAGE][PASSED] - Taking screenshot successfully
[[ATTACHMENT|E:\\Katalon_Project\\KatalonStudio-RequisitionTest-master\\Reports\\TestSuite-CreateMaterialRequisition\\20171014_003854\\1507919999714.png]]

2017-10-14 00:40:00 - [TEST_STEP][PASSED] - click: Object: 'Object Repository/create material requisition/a_Material Requisition' is clicked on

2017-10-14 00:40:00 - [MESSAGE][PASSED] - Object: 'Object Repository/create material requisition/a_Material Requisition' is clicked on

2017-10-14 00:40:00 - [TEST_STEP][PASSED] - waitForPageLoad: Wait for page load successfully

2017-10-14 00:40:00 - [MESSAGE][PASSED] - Wait for page load successfully

2017-10-14 00:40:00 - [TEST_STEP][PASSED] - click: Object: 'Object Repository/Page_Procurement Management  Create/input_requisitionTitle' is clicked on

2017-10-14 00:40:02 - [MESSAGE][PASSED] - Object: 'Object Repository/Page_Procurement Management  Create/input_requisitionTitle' is clicked on

2017-10-14 00:40:02 - [TEST_STEP][PASSED] - setText: Text 'Material Requisition 1A' is set on object 'Object Repository/Page_Procurement Management  Create/input_requisitionTitle'

2017-10-14 00:40:02 - [MESSAGE][PASSED] - Text 'Material Requisition 1A' is set on object 'Object Repository/Page_Procurement Management  Create/input_requisitionTitle'

2017-10-14 00:40:02 - [TEST_STEP][PASSED] - click: Object: 'Object Repository/Page_Procurement Management  Create/requestTo' is clicked on

2017-10-14 00:40:02 - [MESSAGE][PASSED] - Object: 'Object Repository/Page_Procurement Management  Create/requestTo' is clicked on

2017-10-14 00:40:02 - [TEST_STEP][PASSED] - setText: Text 'Fahad Billah (Local Approver)' is set on object 'Object Repository/Page_Procurement Management  Create/requestTo'

2017-10-14 00:40:03 - [MESSAGE][PASSED] - Text 'Fahad Billah (Local Approver)' is set on object 'Object Repository/Page_Procurement Management  Create/requestTo'

2017-10-14 00:40:03 - [TEST_STEP][PASSED] - click: Object: 'Object Repository/Page_Procurement Management  Create/li_Fahad Billah (Local Boss)' is clicked on

2017-10-14 00:40:04 - [MESSAGE][PASSED] - Object: 'Object Repository/Page_Procurement Management  Create/li_Fahad Billah (Local Boss)' is clicked on

2017-10-14 00:40:04 - [TEST_STEP][PASSED] - click: Object: 'Object Repository/Page_Procurement Management  Create/input_receiverName' is clicked on

2017-10-14 00:40:04 - [MESSAGE][PASSED] - Object: 'Object Repository/Page_Procurement Management  Create/input_receiverName' is clicked on

2017-10-14 00:40:04 - [TEST_STEP][PASSED] - setText: Text 'Fahad Billah' is set on object 'Object Repository/Page_Procurement Management  Create/input_receiverName'

2017-10-14 00:40:04 - [MESSAGE][PASSED] - Text 'Fahad Billah' is set on object 'Object Repository/Page_Procurement Management  Create/input_receiverName'

2017-10-14 00:40:04 - [TEST_STEP][PASSED] - click: Object: 'Object Repository/Page_Procurement Management  Create/li_Fahad Billah' is clicked on

2017-10-14 00:40:05 - [MESSAGE][PASSED] - Object: 'Object Repository/Page_Procurement Management  Create/li_Fahad Billah' is clicked on

2017-10-14 00:40:05 - [TEST_STEP][PASSED] - delay: Delayed 2 second(s)

2017-10-14 00:40:07 - [MESSAGE][PASSED] - Delayed 2 second(s)

2017-10-14 00:40:07 - [TEST_STEP][PASSED] - setText: Text 'Mamun Rasid' is set on object 'Object Repository/Page_Procurement Management  Create/input_originalRequesterName (2)'

2017-10-14 00:40:08 - [MESSAGE][PASSED] - Text 'Mamun Rasid' is set on object 'Object Repository/Page_Procurement Management  Create/input_originalRequesterName (2)'

2017-10-14 00:40:08 - [TEST_STEP][PASSED] - setText: Text '01745677420' is set on object 'Object Repository/Page_Procurement Management  Create/input_originalRequesterPhone (1)'

2017-10-14 00:40:08 - [MESSAGE][PASSED] - Text '01745677420' is set on object 'Object Repository/Page_Procurement Management  Create/input_originalRequesterPhone (1)'

2017-10-14 00:40:08 - [TEST_STEP][PASSED] - setText: Text 'Test Team Qa-katalon' is set on object 'Object Repository/Page_Procurement Management  Create/textarea_remarks'

2017-10-14 00:40:08 - [MESSAGE][PASSED] - Text 'Test Team Qa-katalon' is set on object 'Object Repository/Page_Procurement Management  Create/textarea_remarks'

2017-10-14 00:40:08 - [TEST_STEP][PASSED] - delay: Delayed 1 second(s)

2017-10-14 00:40:09 - [MESSAGE][PASSED] - Delayed 1 second(s)

2017-10-14 00:40:09 - [TEST_STEP][PASSED] - click: Object: 'Object Repository/Page_Procurement Management  Create/span_Item Details' is clicked on

2017-10-14 00:40:09 - [MESSAGE][PASSED] - Object: 'Object Repository/Page_Procurement Management  Create/span_Item Details' is clicked on

2017-10-14 00:40:09 - [TEST_STEP][PASSED] - delay: Delayed 1 second(s)

2017-10-14 00:40:10 - [MESSAGE][PASSED] - Delayed 1 second(s)

2017-10-14 00:40:10 - [TEST_STEP][FAILED] - click: Unable to click on object 'Object Repository/Page_Procurement Management  Create/CostCenterName' (Root cause: org.openqa.selenium.WebDriverException: unknown error: Element is not clickable at point (856, 772)
  (Session info: chrome=61.0.3163.100)
  (Driver info: chromedriver=2.31.488763 (092de99f48a300323ecf8c2a4e2e7cab51de5ba8),platform=Windows NT 10.0.15063 x86_64) (WARNING: The server did not provide any stacktrace information)
Command duration or timeout: 54 milliseconds
Build info: version: '2.53.0', revision: '35ae25b', time: '2016-03-15 17:00:58'
System info: host: 'DESKTOP-SQEFDD7', ip: '192.168.0.104', os.name: 'Windows 10', os.arch: 'amd64', os.version: '10.0', java.version: '1.8.0_102'
Driver info: com.kms.katalon.selenium.driver.CChromeDriver
Capabilities [{applicationCacheEnabled=false, rotatable=false, mobileEmulationEnabled=false, networkConnectionEnabled=false, chrome={chromedriverVersion=2.31.488763 (092de99f48a300323ecf8c2a4e2e7cab51de5ba8), userDataDir=C:\Users\Asus\AppData\Local\Temp\scoped_dir3788_3784}, takesHeapSnapshot=true, pageLoadStrategy=normal, databaseEnabled=false, handlesAlerts=true, hasTouchScreen=false, version=61.0.3163.100, platform=XP, browserConnectionEnabled=false, nativeEvents=true, acceptSslCerts=true, locationContextEnabled=true, webStorageEnabled=true, browserName=chrome, takesScreenshot=true, javascriptEnabled=true, cssSelectorsEnabled=true, setWindowRect=true, unexpectedAlertBehaviour=}]
Session ID: 6a4a7e2ce271073307aef1bc895c5829)

2017-10-14 00:40:11 - [MESSAGE][FAILED] - Unable to click on object 'Object Repository/Page_Procurement Management  Create/CostCenterName' (Root cause: org.openqa.selenium.WebDriverException: unknown error: Element is not clickable at point (856, 772)
  (Session info: chrome=61.0.3163.100)
  (Driver info: chromedriver=2.31.488763 (092de99f48a300323ecf8c2a4e2e7cab51de5ba8),platform=Windows NT 10.0.15063 x86_64) (WARNING: The server did not provide any stacktrace information)
Command duration or timeout: 54 milliseconds
Build info: version: '2.53.0', revision: '35ae25b', time: '2016-03-15 17:00:58'
System info: host: 'DESKTOP-SQEFDD7', ip: '192.168.0.104', os.name: 'Windows 10', os.arch: 'amd64', os.version: '10.0', java.version: '1.8.0_102'
Driver info: com.kms.katalon.selenium.driver.CChromeDriver
Capabilities [{applicationCacheEnabled=false, rotatable=false, mobileEmulationEnabled=false, networkConnectionEnabled=false, chrome={chromedriverVersion=2.31.488763 (092de99f48a300323ecf8c2a4e2e7cab51de5ba8), userDataDir=C:\Users\Asus\AppData\Local\Temp\scoped_dir3788_3784}, takesHeapSnapshot=true, pageLoadStrategy=normal, databaseEnabled=false, handlesAlerts=true, hasTouchScreen=false, version=61.0.3163.100, platform=XP, browserConnectionEnabled=false, nativeEvents=true, acceptSslCerts=true, locationContextEnabled=true, webStorageEnabled=true, browserName=chrome, takesScreenshot=true, javascriptEnabled=true, cssSelectorsEnabled=true, setWindowRect=true, unexpectedAlertBehaviour=}]
Session ID: 6a4a7e2ce271073307aef1bc895c5829)
[[ATTACHMENT|E:\\Katalon_Project\\KatalonStudio-RequisitionTest-master\\Reports\\TestSuite-CreateMaterialRequisition\\20171014_003854\\1507920011010.png]]

2017-10-14 00:40:11 - [TEST_STEP][PASSED] - waitForAngularLoad: Angular is ready.

2017-10-14 00:40:11 - [MESSAGE][PASSED] - Angular is ready.

2017-10-14 00:40:11 - [TEST_STEP][FAILED] - click: Unable to click on object 'Object Repository/Page_Procurement Management  Create/a_10100.12 Engineers  Employer' (Root cause: com.kms.katalon.core.webui.exception.WebElementNotFoundException: Web element with id: 'Object Repository/Page_Procurement Management  Create/a_10100.12 Engineers  Employer' located by 'By.xpath: //a[count(. | //*[@href = '#']) = count(//*[@href = '#'])][count(. | //*[@id = '176_anchor']) = count(//*[@id = '176_anchor'])][count(. | //*[contains(.,'10100.12 Engineers & Employers Office')]) = count(//*[contains(.,'10100.12 Engineers & Employers Office')])]' not found)

2017-10-14 00:40:28 - [MESSAGE][FAILED] - Unable to click on object 'Object Repository/Page_Procurement Management  Create/a_10100.12 Engineers  Employer' (Root cause: com.kms.katalon.core.webui.exception.WebElementNotFoundException: Web element with id: 'Object Repository/Page_Procurement Management  Create/a_10100.12 Engineers  Employer' located by 'By.xpath: //a[count(. | //*[@href = '#']) = count(//*[@href = '#'])][count(. | //*[@id = '176_anchor']) = count(//*[@id = '176_anchor'])][count(. | //*[contains(.,'10100.12 Engineers & Employers Office')]) = count(//*[contains(.,'10100.12 Engineers & Employers Office')])]' not found)
[[ATTACHMENT|E:\\Katalon_Project\\KatalonStudio-RequisitionTest-master\\Reports\\TestSuite-CreateMaterialRequisition\\20171014_003854\\1507920027809.png]]

2017-10-14 00:40:28 - [TEST_STEP][PASSED] - delay: Delayed 1 second(s)

2017-10-14 00:40:29 - [MESSAGE][PASSED] - Delayed 1 second(s)

2017-10-14 00:40:29 - [TEST_STEP][FAILED] - click: Unable to click on object 'Object Repository/Page_Procurement Management  Create/button_OK' (Root cause: com.kms.katalon.core.webui.exception.WebElementNotFoundException: Web element with id: 'Object Repository/Page_Procurement Management  Create/button_OK' located by 'By.xpath: //button[count(. | //*[contains(.,'OK')]) = count(//*[contains(.,'OK')])][count(. | //*[@type = 'button']) = count(//*[@type = 'button'])]' not found)

2017-10-14 00:40:45 - [MESSAGE][FAILED] - Unable to click on object 'Object Repository/Page_Procurement Management  Create/button_OK' (Root cause: com.kms.katalon.core.webui.exception.WebElementNotFoundException: Web element with id: 'Object Repository/Page_Procurement Management  Create/button_OK' located by 'By.xpath: //button[count(. | //*[contains(.,'OK')]) = count(//*[contains(.,'OK')])][count(. | //*[@type = 'button']) = count(//*[@type = 'button'])]' not found)
[[ATTACHMENT|E:\\Katalon_Project\\KatalonStudio-RequisitionTest-master\\Reports\\TestSuite-CreateMaterialRequisition\\20171014_003854\\1507920045184.png]]

2017-10-14 00:40:45 - [TEST_STEP][PASSED] - delay: Delayed 2 second(s)

2017-10-14 00:40:47 - [MESSAGE][PASSED] - Delayed 2 second(s)

2017-10-14 00:40:47 - [TEST_STEP][FAILED] - click: Unable to click on object 'Object Repository/Page_Procurement Management  Create/button_btn pull-right btn-defa' (Root cause: org.openqa.selenium.WebDriverException: unknown error: Element is not clickable at point (857, 841)
  (Session info: chrome=61.0.3163.100)
  (Driver info: chromedriver=2.31.488763 (092de99f48a300323ecf8c2a4e2e7cab51de5ba8),platform=Windows NT 10.0.15063 x86_64) (WARNING: The server did not provide any stacktrace information)
Command duration or timeout: 46 milliseconds
Build info: version: '2.53.0', revision: '35ae25b', time: '2016-03-15 17:00:58'
System info: host: 'DESKTOP-SQEFDD7', ip: '192.168.0.104', os.name: 'Windows 10', os.arch: 'amd64', os.version: '10.0', java.version: '1.8.0_102'
Driver info: com.kms.katalon.selenium.driver.CChromeDriver
Capabilities [{applicationCacheEnabled=false, rotatable=false, mobileEmulationEnabled=false, networkConnectionEnabled=false, chrome={chromedriverVersion=2.31.488763 (092de99f48a300323ecf8c2a4e2e7cab51de5ba8), userDataDir=C:\Users\Asus\AppData\Local\Temp\scoped_dir3788_3784}, takesHeapSnapshot=true, pageLoadStrategy=normal, databaseEnabled=false, handlesAlerts=true, hasTouchScreen=false, version=61.0.3163.100, platform=XP, browserConnectionEnabled=false, nativeEvents=true, acceptSslCerts=true, locationContextEnabled=true, webStorageEnabled=true, browserName=chrome, takesScreenshot=true, javascriptEnabled=true, cssSelectorsEnabled=true, setWindowRect=true, unexpectedAlertBehaviour=}]
Session ID: 6a4a7e2ce271073307aef1bc895c5829)

2017-10-14 00:40:47 - [MESSAGE][FAILED] - Unable to click on object 'Object Repository/Page_Procurement Management  Create/button_btn pull-right btn-defa' (Root cause: org.openqa.selenium.WebDriverException: unknown error: Element is not clickable at point (857, 841)
  (Session info: chrome=61.0.3163.100)
  (Driver info: chromedriver=2.31.488763 (092de99f48a300323ecf8c2a4e2e7cab51de5ba8),platform=Windows NT 10.0.15063 x86_64) (WARNING: The server did not provide any stacktrace information)
Command duration or timeout: 46 milliseconds
Build info: version: '2.53.0', revision: '35ae25b', time: '2016-03-15 17:00:58'
System info: host: 'DESKTOP-SQEFDD7', ip: '192.168.0.104', os.name: 'Windows 10', os.arch: 'amd64', os.version: '10.0', java.version: '1.8.0_102'
Driver info: com.kms.katalon.selenium.driver.CChromeDriver
Capabilities [{applicationCacheEnabled=false, rotatable=false, mobileEmulationEnabled=false, networkConnectionEnabled=false, chrome={chromedriverVersion=2.31.488763 (092de99f48a300323ecf8c2a4e2e7cab51de5ba8), userDataDir=C:\Users\Asus\AppData\Local\Temp\scoped_dir3788_3784}, takesHeapSnapshot=true, pageLoadStrategy=normal, databaseEnabled=false, handlesAlerts=true, hasTouchScreen=false, version=61.0.3163.100, platform=XP, browserConnectionEnabled=false, nativeEvents=true, acceptSslCerts=true, locationContextEnabled=true, webStorageEnabled=true, browserName=chrome, takesScreenshot=true, javascriptEnabled=true, cssSelectorsEnabled=true, setWindowRect=true, unexpectedAlertBehaviour=}]
Session ID: 6a4a7e2ce271073307aef1bc895c5829)
[[ATTACHMENT|E:\\Katalon_Project\\KatalonStudio-RequisitionTest-master\\Reports\\TestSuite-CreateMaterialRequisition\\20171014_003854\\1507920047566.png]]

2017-10-14 00:40:47 - [TEST_STEP][PASSED] - waitForAngularLoad: Angular is ready.

2017-10-14 00:40:47 - [MESSAGE][PASSED] - Angular is ready.

2017-10-14 00:40:47 - [TEST_STEP][FAILED] - setText: Unable to set text 'acv' of object 'Object Repository/Page_Procurement Management  Create/input_form-control ng-untouche' (Root cause: com.kms.katalon.core.webui.exception.WebElementNotFoundException: Web element with id: 'Object Repository/Page_Procurement Management  Create/input_form-control ng-untouche' located by 'By.xpath: //input[@ng-keyup='treeSearch()']' not found)

2017-10-14 00:41:03 - [MESSAGE][FAILED] - Unable to set text 'acv' of object 'Object Repository/Page_Procurement Management  Create/input_form-control ng-untouche' (Root cause: com.kms.katalon.core.webui.exception.WebElementNotFoundException: Web element with id: 'Object Repository/Page_Procurement Management  Create/input_form-control ng-untouche' located by 'By.xpath: //input[@ng-keyup='treeSearch()']' not found)
[[ATTACHMENT|E:\\Katalon_Project\\KatalonStudio-RequisitionTest-master\\Reports\\TestSuite-CreateMaterialRequisition\\20171014_003854\\1507920063447.png]]

2017-10-14 00:41:03 - [TEST_STEP][PASSED] - delay: Delayed 2 second(s)

2017-10-14 00:41:05 - [MESSAGE][PASSED] - Delayed 2 second(s)

2017-10-14 00:41:05 - [TEST_STEP][FAILED] - click: Unable to click on object 'Object Repository/Page_Procurement Management  Create/a_ACV Measuring Mould' (Root cause: com.kms.katalon.core.webui.exception.WebElementNotFoundException: Web element with id: 'Object Repository/Page_Procurement Management  Create/a_ACV Measuring Mould' located by 'By.xpath: //a[@id='2670_anchor']' not found)

2017-10-14 00:41:21 - [MESSAGE][FAILED] - Unable to click on object 'Object Repository/Page_Procurement Management  Create/a_ACV Measuring Mould' (Root cause: com.kms.katalon.core.webui.exception.WebElementNotFoundException: Web element with id: 'Object Repository/Page_Procurement Management  Create/a_ACV Measuring Mould' located by 'By.xpath: //a[@id='2670_anchor']' not found)
[[ATTACHMENT|E:\\Katalon_Project\\KatalonStudio-RequisitionTest-master\\Reports\\TestSuite-CreateMaterialRequisition\\20171014_003854\\1507920081320.png]]

2017-10-14 00:41:21 - [TEST_STEP][PASSED] - delay: Delayed 2 second(s)

2017-10-14 00:41:23 - [MESSAGE][PASSED] - Delayed 2 second(s)

2017-10-14 00:41:23 - [TEST_STEP][FAILED] - click: Unable to click on object 'Object Repository/Page_Procurement Management  Create/button_OK' (Root cause: com.kms.katalon.core.webui.exception.WebElementNotFoundException: Web element with id: 'Object Repository/Page_Procurement Management  Create/button_OK' located by 'By.xpath: //button[count(. | //*[contains(.,'OK')]) = count(//*[contains(.,'OK')])][count(. | //*[@type = 'button']) = count(//*[@type = 'button'])]' not found)

2017-10-14 00:41:39 - [MESSAGE][FAILED] - Unable to click on object 'Object Repository/Page_Procurement Management  Create/button_OK' (Root cause: com.kms.katalon.core.webui.exception.WebElementNotFoundException: Web element with id: 'Object Repository/Page_Procurement Management  Create/button_OK' located by 'By.xpath: //button[count(. | //*[contains(.,'OK')]) = count(//*[contains(.,'OK')])][count(. | //*[@type = 'button']) = count(//*[@type = 'button'])]' not found)
[[ATTACHMENT|E:\\Katalon_Project\\KatalonStudio-RequisitionTest-master\\Reports\\TestSuite-CreateMaterialRequisition\\20171014_003854\\1507920099625.png]]

2017-10-14 00:41:39 - [TEST_STEP][PASSED] - waitForAngularLoad: Angular is ready.

2017-10-14 00:41:39 - [MESSAGE][PASSED] - Angular is ready.

2017-10-14 00:41:39 - [TEST_STEP][FAILED] - click: Unable to click on object 'Object Repository/Page_Procurement Management  Create/Click specification ID' (Root cause: com.kms.katalon.core.webui.exception.WebElementNotFoundException: Web element with id: 'Object Repository/Page_Procurement Management  Create/Click specification ID' located by 'By.xpath: //select[@name='specificationId']' not found)

2017-10-14 00:41:55 - [MESSAGE][FAILED] - Unable to click on object 'Object Repository/Page_Procurement Management  Create/Click specification ID' (Root cause: com.kms.katalon.core.webui.exception.WebElementNotFoundException: Web element with id: 'Object Repository/Page_Procurement Management  Create/Click specification ID' located by 'By.xpath: //select[@name='specificationId']' not found)
[[ATTACHMENT|E:\\Katalon_Project\\KatalonStudio-RequisitionTest-master\\Reports\\TestSuite-CreateMaterialRequisition\\20171014_003854\\1507920115496.png]]

2017-10-14 00:41:55 - [TEST_STEP][PASSED] - delay: Delayed 1 second(s)

2017-10-14 00:41:56 - [MESSAGE][PASSED] - Delayed 1 second(s)

2017-10-14 00:41:56 - [TEST_STEP][FAILED] - click: Unable to click on object 'Object Repository/Page_Procurement Management  Create/select_specificationId' (Root cause: com.kms.katalon.core.webui.exception.WebElementNotFoundException: Web element with id: 'Object Repository/Page_Procurement Management  Create/select_specificationId' located by 'By.xpath: //option[contains(.,'Spec 2')]' not found)

2017-10-14 00:42:12 - [MESSAGE][FAILED] - Unable to click on object 'Object Repository/Page_Procurement Management  Create/select_specificationId' (Root cause: com.kms.katalon.core.webui.exception.WebElementNotFoundException: Web element with id: 'Object Repository/Page_Procurement Management  Create/select_specificationId' located by 'By.xpath: //option[contains(.,'Spec 2')]' not found)
[[ATTACHMENT|E:\\Katalon_Project\\KatalonStudio-RequisitionTest-master\\Reports\\TestSuite-CreateMaterialRequisition\\20171014_003854\\1507920132346.png]]

2017-10-14 00:42:12 - [TEST_STEP][PASSED] - delay: Delayed 1 second(s)

2017-10-14 00:42:13 - [MESSAGE][PASSED] - Delayed 1 second(s)

2017-10-14 00:42:13 - [TEST_STEP][FAILED] - click: Unable to click on object 'Object Repository/Page_Procurement Management  Create/Click Size ID' (Root cause: com.kms.katalon.core.webui.exception.WebElementNotFoundException: Web element with id: 'Object Repository/Page_Procurement Management  Create/Click Size ID' located by 'By.xpath: //select[@name='sizeId']' not found)

2017-10-14 00:42:29 - [MESSAGE][FAILED] - Unable to click on object 'Object Repository/Page_Procurement Management  Create/Click Size ID' (Root cause: com.kms.katalon.core.webui.exception.WebElementNotFoundException: Web element with id: 'Object Repository/Page_Procurement Management  Create/Click Size ID' located by 'By.xpath: //select[@name='sizeId']' not found)
[[ATTACHMENT|E:\\Katalon_Project\\KatalonStudio-RequisitionTest-master\\Reports\\TestSuite-CreateMaterialRequisition\\20171014_003854\\1507920149233.png]]

2017-10-14 00:42:29 - [TEST_STEP][PASSED] - delay: Delayed 1 second(s)

2017-10-14 00:42:30 - [MESSAGE][PASSED] - Delayed 1 second(s)

2017-10-14 00:42:30 - [TEST_STEP][FAILED] - click: Unable to click on object 'Object Repository/Page_Procurement Management  Create/select_sizeId' (Root cause: com.kms.katalon.core.webui.exception.WebElementNotFoundException: Web element with id: 'Object Repository/Page_Procurement Management  Create/select_sizeId' located by 'By.xpath: //option[contains(.,'Size 2')]' not found)

2017-10-14 00:42:46 - [MESSAGE][FAILED] - Unable to click on object 'Object Repository/Page_Procurement Management  Create/select_sizeId' (Root cause: com.kms.katalon.core.webui.exception.WebElementNotFoundException: Web element with id: 'Object Repository/Page_Procurement Management  Create/select_sizeId' located by 'By.xpath: //option[contains(.,'Size 2')]' not found)
[[ATTACHMENT|E:\\Katalon_Project\\KatalonStudio-RequisitionTest-master\\Reports\\TestSuite-CreateMaterialRequisition\\20171014_003854\\1507920166098.png]]

2017-10-14 00:42:46 - [TEST_STEP][PASSED] - delay: Delayed 1 second(s)

2017-10-14 00:42:47 - [MESSAGE][PASSED] - Delayed 1 second(s)

2017-10-14 00:42:47 - [TEST_STEP][FAILED] - click: Unable to click on object 'Object Repository/Page_Procurement Management  Create/click color Id' (Root cause: com.kms.katalon.core.webui.exception.WebElementNotFoundException: Web element with id: 'Object Repository/Page_Procurement Management  Create/click color Id' located by 'By.xpath: //select[@name='colorId']' not found)

2017-10-14 00:43:03 - [MESSAGE][FAILED] - Unable to click on object 'Object Repository/Page_Procurement Management  Create/click color Id' (Root cause: com.kms.katalon.core.webui.exception.WebElementNotFoundException: Web element with id: 'Object Repository/Page_Procurement Management  Create/click color Id' located by 'By.xpath: //select[@name='colorId']' not found)
[[ATTACHMENT|E:\\Katalon_Project\\KatalonStudio-RequisitionTest-master\\Reports\\TestSuite-CreateMaterialRequisition\\20171014_003854\\1507920182913.png]]

2017-10-14 00:43:03 - [TEST_STEP][PASSED] - delay: Delayed 1 second(s)

2017-10-14 00:43:04 - [MESSAGE][PASSED] - Delayed 1 second(s)

2017-10-14 00:43:04 - [TEST_STEP][FAILED] - click: Unable to click on object 'Object Repository/Page_Procurement Management  Create/select_colorId' (Root cause: com.kms.katalon.core.webui.exception.WebElementNotFoundException: Web element with id: 'Object Repository/Page_Procurement Management  Create/select_colorId' located by 'By.xpath: //option[contains(.,'Color 1')]' not found)

2017-10-14 00:43:20 - [MESSAGE][FAILED] - Unable to click on object 'Object Repository/Page_Procurement Management  Create/select_colorId' (Root cause: com.kms.katalon.core.webui.exception.WebElementNotFoundException: Web element with id: 'Object Repository/Page_Procurement Management  Create/select_colorId' located by 'By.xpath: //option[contains(.,'Color 1')]' not found)
[[ATTACHMENT|E:\\Katalon_Project\\KatalonStudio-RequisitionTest-master\\Reports\\TestSuite-CreateMaterialRequisition\\20171014_003854\\1507920199789.png]]

2017-10-14 00:43:20 - [TEST_STEP][FAILED] - click: Unable to click on object 'Object Repository/create material requisition/Page_Procurement Management  Create/i_glyphicon glyphicon-calendar' (Root cause: org.openqa.selenium.WebDriverException: unknown error: Element is not clickable at point (1143, -38)
  (Session info: chrome=61.0.3163.100)
  (Driver info: chromedriver=2.31.488763 (092de99f48a300323ecf8c2a4e2e7cab51de5ba8),platform=Windows NT 10.0.15063 x86_64) (WARNING: The server did not provide any stacktrace information)
Command duration or timeout: 52 milliseconds
Build info: version: '2.53.0', revision: '35ae25b', time: '2016-03-15 17:00:58'
System info: host: 'DESKTOP-SQEFDD7', ip: '192.168.0.104', os.name: 'Windows 10', os.arch: 'amd64', os.version: '10.0', java.version: '1.8.0_102'
Driver info: com.kms.katalon.selenium.driver.CChromeDriver
Capabilities [{applicationCacheEnabled=false, rotatable=false, mobileEmulationEnabled=false, networkConnectionEnabled=false, chrome={chromedriverVersion=2.31.488763 (092de99f48a300323ecf8c2a4e2e7cab51de5ba8), userDataDir=C:\Users\Asus\AppData\Local\Temp\scoped_dir3788_3784}, takesHeapSnapshot=true, pageLoadStrategy=normal, databaseEnabled=false, handlesAlerts=true, hasTouchScreen=false, version=61.0.3163.100, platform=XP, browserConnectionEnabled=false, nativeEvents=true, acceptSslCerts=true, locationContextEnabled=true, webStorageEnabled=true, browserName=chrome, takesScreenshot=true, javascriptEnabled=true, cssSelectorsEnabled=true, setWindowRect=true, unexpectedAlertBehaviour=}]
Session ID: 6a4a7e2ce271073307aef1bc895c5829)

2017-10-14 00:43:20 - [MESSAGE][FAILED] - Unable to click on object 'Object Repository/create material requisition/Page_Procurement Management  Create/i_glyphicon glyphicon-calendar' (Root cause: org.openqa.selenium.WebDriverException: unknown error: Element is not clickable at point (1143, -38)
  (Session info: chrome=61.0.3163.100)
  (Driver info: chromedriver=2.31.488763 (092de99f48a300323ecf8c2a4e2e7cab51de5ba8),platform=Windows NT 10.0.15063 x86_64) (WARNING: The server did not provide any stacktrace information)
Command duration or timeout: 52 milliseconds
Build info: version: '2.53.0', revision: '35ae25b', time: '2016-03-15 17:00:58'
System info: host: 'DESKTOP-SQEFDD7', ip: '192.168.0.104', os.name: 'Windows 10', os.arch: 'amd64', os.version: '10.0', java.version: '1.8.0_102'
Driver info: com.kms.katalon.selenium.driver.CChromeDriver
Capabilities [{applicationCacheEnabled=false, rotatable=false, mobileEmulationEnabled=false, networkConnectionEnabled=false, chrome={chromedriverVersion=2.31.488763 (092de99f48a300323ecf8c2a4e2e7cab51de5ba8), userDataDir=C:\Users\Asus\AppData\Local\Temp\scoped_dir3788_3784}, takesHeapSnapshot=true, pageLoadStrategy=normal, databaseEnabled=false, handlesAlerts=true, hasTouchScreen=false, version=61.0.3163.100, platform=XP, browserConnectionEnabled=false, nativeEvents=true, acceptSslCerts=true, locationContextEnabled=true, webStorageEnabled=true, browserName=chrome, takesScreenshot=true, javascriptEnabled=true, cssSelectorsEnabled=true, setWindowRect=true, unexpectedAlertBehaviour=}]
Session ID: 6a4a7e2ce271073307aef1bc895c5829)
[[ATTACHMENT|E:\\Katalon_Project\\KatalonStudio-RequisitionTest-master\\Reports\\TestSuite-CreateMaterialRequisition\\20171014_003854\\1507920200210.png]]

2017-10-14 00:43:20 - [TEST_STEP][FAILED] - click: Unable to click on object 'Object Repository/create material requisition/Page_Procurement Management  Create/button_btn btn-default btn-sm' (Root cause: com.kms.katalon.core.webui.exception.WebElementNotFoundException: Web element with id: 'Object Repository/create material requisition/Page_Procurement Management  Create/button_btn btn-default btn-sm' located by 'By.xpath: //button[count(. | id("datepicker-626-3948-16")/button[@class="btn btn-default btn-sm"]) = count(id("datepicker-626-3948-16")/button[@class="btn btn-default btn-sm"])][count(. | //*[@type = 'button']) = count(//*[@type = 'button'])]' not found)

2017-10-14 00:43:36 - [MESSAGE][FAILED] - Unable to click on object 'Object Repository/create material requisition/Page_Procurement Management  Create/button_btn btn-default btn-sm' (Root cause: com.kms.katalon.core.webui.exception.WebElementNotFoundException: Web element with id: 'Object Repository/create material requisition/Page_Procurement Management  Create/button_btn btn-default btn-sm' located by 'By.xpath: //button[count(. | id("datepicker-626-3948-16")/button[@class="btn btn-default btn-sm"]) = count(id("datepicker-626-3948-16")/button[@class="btn btn-default btn-sm"])][count(. | //*[@type = 'button']) = count(//*[@type = 'button'])]' not found)
[[ATTACHMENT|E:\\Katalon_Project\\KatalonStudio-RequisitionTest-master\\Reports\\TestSuite-CreateMaterialRequisition\\20171014_003854\\1507920216020.png]]

2017-10-14 00:43:36 - [TEST_STEP][PASSED] - setText: Text 'mkGhost' is set on object 'Object Repository/Page_Procurement Management  Create/input_receiverNameTemp'

2017-10-14 00:43:36 - [MESSAGE][PASSED] - Text 'mkGhost' is set on object 'Object Repository/Page_Procurement Management  Create/input_receiverNameTemp'

2017-10-14 00:43:36 - [TEST_STEP][PASSED] - setText: Text '20no road mohakhali DOHS' is set on object 'Object Repository/Page_Procurement Management  Create/input_receivingAddress'

2017-10-14 00:43:36 - [MESSAGE][PASSED] - Text '20no road mohakhali DOHS' is set on object 'Object Repository/Page_Procurement Management  Create/input_receivingAddress'

2017-10-14 00:43:36 - [TEST_STEP][PASSED] - setText: Text '250' is set on object 'Object Repository/Page_Procurement Management  Create/input_quantity'

2017-10-14 00:43:37 - [MESSAGE][PASSED] - Text '250' is set on object 'Object Repository/Page_Procurement Management  Create/input_quantity'

2017-10-14 00:43:37 - [TEST_STEP][PASSED] - setText: Text 'Test Item' is set on object 'Object Repository/Page_Procurement Management  Create/input_itemDesc'

2017-10-14 00:43:37 - [MESSAGE][PASSED] - Text 'Test Item' is set on object 'Object Repository/Page_Procurement Management  Create/input_itemDesc'

2017-10-14 00:43:37 - [TEST_STEP][PASSED] - delay: Delayed 1 second(s)

2017-10-14 00:43:38 - [MESSAGE][PASSED] - Delayed 1 second(s)

2017-10-14 00:43:38 - [TEST_STEP][PASSED] - click: Object: 'Object Repository/Page_Procurement Management  Create/button_Add Item' is clicked on

2017-10-14 00:43:38 - [MESSAGE][PASSED] - Object: 'Object Repository/Page_Procurement Management  Create/button_Add Item' is clicked on

2017-10-14 00:43:38 - [TEST_STEP][PASSED] - delay: Delayed 1 second(s)

2017-10-14 00:43:39 - [MESSAGE][PASSED] - Delayed 1 second(s)

2017-10-14 00:43:39 - [TEST_STEP][FAILED] - click: Unable to click on object 'Object Repository/Page_Procurement Management  Create/button_Submit' (Root cause: org.openqa.selenium.WebDriverException: unknown error: Element is not clickable at point (670, 1297)
  (Session info: chrome=61.0.3163.100)
  (Driver info: chromedriver=2.31.488763 (092de99f48a300323ecf8c2a4e2e7cab51de5ba8),platform=Windows NT 10.0.15063 x86_64) (WARNING: The server did not provide any stacktrace information)
Command duration or timeout: 51 milliseconds
Build info: version: '2.53.0', revision: '35ae25b', time: '2016-03-15 17:00:58'
System info: host: 'DESKTOP-SQEFDD7', ip: '192.168.0.104', os.name: 'Windows 10', os.arch: 'amd64', os.version: '10.0', java.version: '1.8.0_102'
Driver info: com.kms.katalon.selenium.driver.CChromeDriver
Capabilities [{applicationCacheEnabled=false, rotatable=false, mobileEmulationEnabled=false, networkConnectionEnabled=false, chrome={chromedriverVersion=2.31.488763 (092de99f48a300323ecf8c2a4e2e7cab51de5ba8), userDataDir=C:\Users\Asus\AppData\Local\Temp\scoped_dir3788_3784}, takesHeapSnapshot=true, pageLoadStrategy=normal, databaseEnabled=false, handlesAlerts=true, hasTouchScreen=false, version=61.0.3163.100, platform=XP, browserConnectionEnabled=false, nativeEvents=true, acceptSslCerts=true, locationContextEnabled=true, webStorageEnabled=true, browserName=chrome, takesScreenshot=true, javascriptEnabled=true, cssSelectorsEnabled=true, setWindowRect=true, unexpectedAlertBehaviour=}]
Session ID: 6a4a7e2ce271073307aef1bc895c5829)

2017-10-14 00:43:40 - [MESSAGE][FAILED] - Unable to click on object 'Object Repository/Page_Procurement Management  Create/button_Submit' (Root cause: org.openqa.selenium.WebDriverException: unknown error: Element is not clickable at point (670, 1297)
  (Session info: chrome=61.0.3163.100)
  (Driver info: chromedriver=2.31.488763 (092de99f48a300323ecf8c2a4e2e7cab51de5ba8),platform=Windows NT 10.0.15063 x86_64) (WARNING: The server did not provide any stacktrace information)
Command duration or timeout: 51 milliseconds
Build info: version: '2.53.0', revision: '35ae25b', time: '2016-03-15 17:00:58'
System info: host: 'DESKTOP-SQEFDD7', ip: '192.168.0.104', os.name: 'Windows 10', os.arch: 'amd64', os.version: '10.0', java.version: '1.8.0_102'
Driver info: com.kms.katalon.selenium.driver.CChromeDriver
Capabilities [{applicationCacheEnabled=false, rotatable=false, mobileEmulationEnabled=false, networkConnectionEnabled=false, chrome={chromedriverVersion=2.31.488763 (092de99f48a300323ecf8c2a4e2e7cab51de5ba8), userDataDir=C:\Users\Asus\AppData\Local\Temp\scoped_dir3788_3784}, takesHeapSnapshot=true, pageLoadStrategy=normal, databaseEnabled=false, handlesAlerts=true, hasTouchScreen=false, version=61.0.3163.100, platform=XP, browserConnectionEnabled=false, nativeEvents=true, acceptSslCerts=true, locationContextEnabled=true, webStorageEnabled=true, browserName=chrome, takesScreenshot=true, javascriptEnabled=true, cssSelectorsEnabled=true, setWindowRect=true, unexpectedAlertBehaviour=}]
Session ID: 6a4a7e2ce271073307aef1bc895c5829)
[[ATTACHMENT|E:\\Katalon_Project\\KatalonStudio-RequisitionTest-master\\Reports\\TestSuite-CreateMaterialRequisition\\20171014_003854\\1507920219720.png]]

2017-10-14 00:43:40 - [TEST_STEP][PASSED] - delay: Delayed 1 second(s)

2017-10-14 00:43:41 - [MESSAGE][PASSED] - Delayed 1 second(s)

2017-10-14 00:43:41 - [TEST_STEP][FAILED] - click: Unable to click on object 'Object Repository/Page_Procurement Management  Create/button_Cancel' (Root cause: com.kms.katalon.core.webui.exception.WebElementNotFoundException: Web element with id: 'Object Repository/Page_Procurement Management  Create/button_Cancel' located by 'By.xpath: //button[count(. | //*[contains(.,'Cancel')]) = count(//*[contains(.,'Cancel')])]' not found)

2017-10-14 00:43:57 - [MESSAGE][FAILED] - Unable to click on object 'Object Repository/Page_Procurement Management  Create/button_Cancel' (Root cause: com.kms.katalon.core.webui.exception.WebElementNotFoundException: Web element with id: 'Object Repository/Page_Procurement Management  Create/button_Cancel' located by 'By.xpath: //button[count(. | //*[contains(.,'Cancel')]) = count(//*[contains(.,'Cancel')])]' not found)
[[ATTACHMENT|E:\\Katalon_Project\\KatalonStudio-RequisitionTest-master\\Reports\\TestSuite-CreateMaterialRequisition\\20171014_003854\\1507920236985.png]]

2017-10-14 00:43:57 - [TEST_STEP][PASSED] - delay: Delayed 1 second(s)

2017-10-14 00:43:58 - [MESSAGE][PASSED] - Delayed 1 second(s)

2017-10-14 00:43:58 - [TEST_STEP][FAILED] - click: Unable to click on object 'Object Repository/Page_Procurement Management  Create/button_Submit (1)' (Root cause: org.openqa.selenium.WebDriverException: unknown error: Element is not clickable at point (670, 1297)
  (Session info: chrome=61.0.3163.100)
  (Driver info: chromedriver=2.31.488763 (092de99f48a300323ecf8c2a4e2e7cab51de5ba8),platform=Windows NT 10.0.15063 x86_64) (WARNING: The server did not provide any stacktrace information)
Command duration or timeout: 35 milliseconds
Build info: version: '2.53.0', revision: '35ae25b', time: '2016-03-15 17:00:58'
System info: host: 'DESKTOP-SQEFDD7', ip: '192.168.0.104', os.name: 'Windows 10', os.arch: 'amd64', os.version: '10.0', java.version: '1.8.0_102'
Driver info: com.kms.katalon.selenium.driver.CChromeDriver
Capabilities [{applicationCacheEnabled=false, rotatable=false, mobileEmulationEnabled=false, networkConnectionEnabled=false, chrome={chromedriverVersion=2.31.488763 (092de99f48a300323ecf8c2a4e2e7cab51de5ba8), userDataDir=C:\Users\Asus\AppData\Local\Temp\scoped_dir3788_3784}, takesHeapSnapshot=true, pageLoadStrategy=normal, databaseEnabled=false, handlesAlerts=true, hasTouchScreen=false, version=61.0.3163.100, platform=XP, browserConnectionEnabled=false, nativeEvents=true, acceptSslCerts=true, locationContextEnabled=true, webStorageEnabled=true, browserName=chrome, takesScreenshot=true, javascriptEnabled=true, cssSelectorsEnabled=true, setWindowRect=true, unexpectedAlertBehaviour=}]
Session ID: 6a4a7e2ce271073307aef1bc895c5829)

2017-10-14 00:43:58 - [MESSAGE][FAILED] - Unable to click on object 'Object Repository/Page_Procurement Management  Create/button_Submit (1)' (Root cause: org.openqa.selenium.WebDriverException: unknown error: Element is not clickable at point (670, 1297)
  (Session info: chrome=61.0.3163.100)
  (Driver info: chromedriver=2.31.488763 (092de99f48a300323ecf8c2a4e2e7cab51de5ba8),platform=Windows NT 10.0.15063 x86_64) (WARNING: The server did not provide any stacktrace information)
Command duration or timeout: 35 milliseconds
Build info: version: '2.53.0', revision: '35ae25b', time: '2016-03-15 17:00:58'
System info: host: 'DESKTOP-SQEFDD7', ip: '192.168.0.104', os.name: 'Windows 10', os.arch: 'amd64', os.version: '10.0', java.version: '1.8.0_102'
Driver info: com.kms.katalon.selenium.driver.CChromeDriver
Capabilities [{applicationCacheEnabled=false, rotatable=false, mobileEmulationEnabled=false, networkConnectionEnabled=false, chrome={chromedriverVersion=2.31.488763 (092de99f48a300323ecf8c2a4e2e7cab51de5ba8), userDataDir=C:\Users\Asus\AppData\Local\Temp\scoped_dir3788_3784}, takesHeapSnapshot=true, pageLoadStrategy=normal, databaseEnabled=false, handlesAlerts=true, hasTouchScreen=false, version=61.0.3163.100, platform=XP, browserConnectionEnabled=false, nativeEvents=true, acceptSslCerts=true, locationContextEnabled=true, webStorageEnabled=true, browserName=chrome, takesScreenshot=true, javascriptEnabled=true, cssSelectorsEnabled=true, setWindowRect=true, unexpectedAlertBehaviour=}]
Session ID: 6a4a7e2ce271073307aef1bc895c5829)
[[ATTACHMENT|E:\\Katalon_Project\\KatalonStudio-RequisitionTest-master\\Reports\\TestSuite-CreateMaterialRequisition\\20171014_003854\\1507920238389.png]]

2017-10-14 00:43:58 - [TEST_STEP][PASSED] - delay: Delayed 1 second(s)

2017-10-14 00:43:59 - [MESSAGE][PASSED] - Delayed 1 second(s)

2017-10-14 00:43:59 - [TEST_STEP][FAILED] - click: Unable to click on object 'Object Repository/Page_Procurement Management  Create/button_Submit_popUp' (Root cause: com.kms.katalon.core.webui.exception.WebElementNotFoundException: Web element with id: 'Object Repository/Page_Procurement Management  Create/button_Submit_popUp' located by 'By.xpath: //button[@class='confirm btn btn-lg btn-primary']' not found)

2017-10-14 00:44:15 - [MESSAGE][FAILED] - Unable to click on object 'Object Repository/Page_Procurement Management  Create/button_Submit_popUp' (Root cause: com.kms.katalon.core.webui.exception.WebElementNotFoundException: Web element with id: 'Object Repository/Page_Procurement Management  Create/button_Submit_popUp' located by 'By.xpath: //button[@class='confirm btn btn-lg btn-primary']' not found)
[[ATTACHMENT|E:\\Katalon_Project\\KatalonStudio-RequisitionTest-master\\Reports\\TestSuite-CreateMaterialRequisition\\20171014_003854\\1507920255235.png]]

2017-10-14 00:44:15 - [TEST_STEP][PASSED] - takeScreenshot: Taking screenshot successfully

2017-10-14 00:44:15 - [MESSAGE][PASSED] - Taking screenshot successfully
[[ATTACHMENT|E:\\Katalon_Project\\KatalonStudio-RequisitionTest-master\\Reports\\TestSuite-CreateMaterialRequisition\\20171014_003854\\1507920255534.png]]]]></system-out>
         <system-err><![CDATA[2017-10-14 00:39:51 - [TEST_CASE][FAILED] - Test Cases/CreateMaterialRequisition: Test Cases/CreateMaterialRequisition FAILED because (of) Unable to click on object 'Object Repository/Page_Procurement Management  Create/CostCenterName' (Root cause: org.openqa.selenium.WebDriverException: unknown error: Element is not clickable at point (856, 772)
  (Session info: chrome=61.0.3163.100)
  (Driver info: chromedriver=2.31.488763 (092de99f48a300323ecf8c2a4e2e7cab51de5ba8),platform=Windows NT 10.0.15063 x86_64) (WARNING: The server did not provide any stacktrace information)
Command duration or timeout: 54 milliseconds
Build info: version: '2.53.0', revision: '35ae25b', time: '2016-03-15 17:00:58'
System info: host: 'DESKTOP-SQEFDD7', ip: '192.168.0.104', os.name: 'Windows 10', os.arch: 'amd64', os.version: '10.0', java.version: '1.8.0_102'
Driver info: com.kms.katalon.selenium.driver.CChromeDriver
Capabilities [{applicationCacheEnabled=false, rotatable=false, mobileEmulationEnabled=false, networkConnectionEnabled=false, chrome={chromedriverVersion=2.31.488763 (092de99f48a300323ecf8c2a4e2e7cab51de5ba8), userDataDir=C:\Users\Asus\AppData\Local\Temp\scoped_dir3788_3784}, takesHeapSnapshot=true, pageLoadStrategy=normal, databaseEnabled=false, handlesAlerts=true, hasTouchScreen=false, version=61.0.3163.100, platform=XP, browserConnectionEnabled=false, nativeEvents=true, acceptSslCerts=true, locationContextEnabled=true, webStorageEnabled=true, browserName=chrome, takesScreenshot=true, javascriptEnabled=true, cssSelectorsEnabled=true, setWindowRect=true, unexpectedAlertBehaviour=}]
Session ID: 6a4a7e2ce271073307aef1bc895c5829)]]></system-err>
      </testcase>
      <system-out><![CDATA[2017-10-14 00:38:56 - [TEST_SUITE][FAILED] - TestSuite-CreateMaterialRequisition: Test Cases/CreateMaterialRequisition FAILED because (of) Unable to click on object 'Object Repository/Page_Procurement Management  Create/CostCenterName' (Root cause: org.openqa.selenium.WebDriverException: unknown error: Element is not clickable at point (856, 772)
  (Session info: chrome=61.0.3163.100)
  (Driver info: chromedriver=2.31.488763 (092de99f48a300323ecf8c2a4e2e7cab51de5ba8),platform=Windows NT 10.0.15063 x86_64) (WARNING: The server did not provide any stacktrace information)
Command duration or timeout: 54 milliseconds
Build info: version: '2.53.0', revision: '35ae25b', time: '2016-03-15 17:00:58'
System info: host: 'DESKTOP-SQEFDD7', ip: '192.168.0.104', os.name: 'Windows 10', os.arch: 'amd64', os.version: '10.0', java.version: '1.8.0_102'
Driver info: com.kms.katalon.selenium.driver.CChromeDriver
Capabilities [{applicationCacheEnabled=false, rotatable=false, mobileEmulationEnabled=false, networkConnectionEnabled=false, chrome={chromedriverVersion=2.31.488763 (092de99f48a300323ecf8c2a4e2e7cab51de5ba8), userDataDir=C:\Users\Asus\AppData\Local\Temp\scoped_dir3788_3784}, takesHeapSnapshot=true, pageLoadStrategy=normal, databaseEnabled=false, handlesAlerts=true, hasTouchScreen=false, version=61.0.3163.100, platform=XP, browserConnectionEnabled=false, nativeEvents=true, acceptSslCerts=true, locationContextEnabled=true, webStorageEnabled=true, browserName=chrome, takesScreenshot=true, javascriptEnabled=true, cssSelectorsEnabled=true, setWindowRect=true, unexpectedAlertBehaviour=}]
Session ID: 6a4a7e2ce271073307aef1bc895c5829)]]></system-out>
      <system-err><![CDATA[2017-10-14 00:38:56 - [TEST_SUITE][FAILED] - TestSuite-CreateMaterialRequisition: Test Cases/CreateMaterialRequisition FAILED because (of) Unable to click on object 'Object Repository/Page_Procurement Management  Create/CostCenterName' (Root cause: org.openqa.selenium.WebDriverException: unknown error: Element is not clickable at point (856, 772)
  (Session info: chrome=61.0.3163.100)
  (Driver info: chromedriver=2.31.488763 (092de99f48a300323ecf8c2a4e2e7cab51de5ba8),platform=Windows NT 10.0.15063 x86_64) (WARNING: The server did not provide any stacktrace information)
Command duration or timeout: 54 milliseconds
Build info: version: '2.53.0', revision: '35ae25b', time: '2016-03-15 17:00:58'
System info: host: 'DESKTOP-SQEFDD7', ip: '192.168.0.104', os.name: 'Windows 10', os.arch: 'amd64', os.version: '10.0', java.version: '1.8.0_102'
Driver info: com.kms.katalon.selenium.driver.CChromeDriver
Capabilities [{applicationCacheEnabled=false, rotatable=false, mobileEmulationEnabled=false, networkConnectionEnabled=false, chrome={chromedriverVersion=2.31.488763 (092de99f48a300323ecf8c2a4e2e7cab51de5ba8), userDataDir=C:\Users\Asus\AppData\Local\Temp\scoped_dir3788_3784}, takesHeapSnapshot=true, pageLoadStrategy=normal, databaseEnabled=false, handlesAlerts=true, hasTouchScreen=false, version=61.0.3163.100, platform=XP, browserConnectionEnabled=false, nativeEvents=true, acceptSslCerts=true, locationContextEnabled=true, webStorageEnabled=true, browserName=chrome, takesScreenshot=true, javascriptEnabled=true, cssSelectorsEnabled=true, setWindowRect=true, unexpectedAlertBehaviour=}]
Session ID: 6a4a7e2ce271073307aef1bc895c5829)]]></system-err>
   </testsuite>
</testsuites>
