<?xml version="1.0" encoding="UTF-8"?>
<testsuites name="TestSuite-CreateMaterialRequisition" time="228" tests="2" failures="1" errors="0">
   <testsuite name="TestSuite-CreateMaterialRequisition" tests="2" failures="1" errors="0" time="228" timestamp="2017-09-17 17:54:58" hostname="mithu - DESKTOP-1QKO1SP" id="Test Suites/TestSuite-CreateMaterialRequisition">
      <properties>
         <property name="deviceName" value=""/>
         <property name="devicePlatform" value=""/>
         <property name="logFolder" value="F:\\Katalon_project\\MaxReqMan\\Reports\\TestSuite-CreateMaterialRequisition\\20170917_175456"/>
         <property name="logFiles" value="F:\\Katalon_project\\MaxReqMan\\Reports\\TestSuite-CreateMaterialRequisition\\20170917_175456\\execution0.log"/>
         <property name="attachments" value="F:\\Katalon_project\\MaxReqMan\\Reports\\TestSuite-CreateMaterialRequisition\\20170917_175456\\1505649374780.png, F:\\Katalon_project\\MaxReqMan\\Reports\\TestSuite-CreateMaterialRequisition\\20170917_175456\\1505649393093.png, F:\\Katalon_project\\MaxReqMan\\Reports\\TestSuite-CreateMaterialRequisition\\20170917_175456\\1505649395661.png, F:\\Katalon_project\\MaxReqMan\\Reports\\TestSuite-CreateMaterialRequisition\\20170917_175456\\1505649401209.png, F:\\Katalon_project\\MaxReqMan\\Reports\\TestSuite-CreateMaterialRequisition\\20170917_175456\\1505649417279.png, F:\\Katalon_project\\MaxReqMan\\Reports\\TestSuite-CreateMaterialRequisition\\20170917_175456\\1505649434103.png, F:\\Katalon_project\\MaxReqMan\\Reports\\TestSuite-CreateMaterialRequisition\\20170917_175456\\1505649451136.png, F:\\Katalon_project\\MaxReqMan\\Reports\\TestSuite-CreateMaterialRequisition\\20170917_175456\\1505649468145.png, F:\\Katalon_project\\MaxReqMan\\Reports\\TestSuite-CreateMaterialRequisition\\20170917_175456\\1505649485090.png, F:\\Katalon_project\\MaxReqMan\\Reports\\TestSuite-CreateMaterialRequisition\\20170917_175456\\1505649501872.png, F:\\Katalon_project\\MaxReqMan\\Reports\\TestSuite-CreateMaterialRequisition\\20170917_175456\\1505649522851.png"/>
         <property name="hostName" value="mithu - DESKTOP-1QKO1SP"/>
         <property name="os" value="Windows 10 64bit"/>
         <property name="katalonVersion" value="4.8.0.2"/>
         <property name="browser" value="Chrome 60.0.3112.113"/>
         <property name="hostAddress" value="192.168.91.161"/>
         <property name="sessionId" value="93158e1087fd961bbc6e3e170245cc41"/>
         <property name="seleniumVersion" value="2.53.0"/>
         <property name="proxyInformation" value="ProxyInformation{proxyOption=NO_PROXY, proxyServerType=HTTP, password=, proxyServerAddress=, proxyServerPort=0}"/>
         <property name="platform" value="Windows 10"/>
      </properties>
      <testcase name="Test Cases/Login" classname="Test Cases/Login" status="PASSED">
         <system-out><![CDATA[2017-09-17 17:54:58 - [TEST_CASE][PASSED] - Test Cases/Login: Test Cases/Login

2017-09-17 17:54:59 - [TEST_STEP][PASSED] - openBrowser: Browser is opened with url: ''

2017-09-17 17:55:01 - [MESSAGE][PASSED] - Browser is opened with url: ''

2017-09-17 17:55:01 - [TEST_STEP][PASSED] - maximizeWindow: Current window maximized

2017-09-17 17:55:03 - [MESSAGE][PASSED] - Current window maximized

2017-09-17 17:55:03 - [TEST_STEP][PASSED] - navigateToUrl: Navigate to 'http://beta-requisition.maxrailwaytrack.com/' successfully

2017-09-17 17:55:18 - [MESSAGE][PASSED] - Navigate to 'http://beta-requisition.maxrailwaytrack.com/' successfully

2017-09-17 17:55:18 - [TEST_STEP][PASSED] - setText: Text 'fahadbillah@yahoo.com' is set on object 'Object Repository/Page_MaxGroup Login/input_username'

2017-09-17 17:55:18 - [MESSAGE][PASSED] - Text 'fahadbillah@yahoo.com' is set on object 'Object Repository/Page_MaxGroup Login/input_username'

2017-09-17 17:55:18 - [TEST_STEP][PASSED] - setText: Text '123' is set on object 'Object Repository/Page_MaxGroup Login/input_password'

2017-09-17 17:55:18 - [MESSAGE][PASSED] - Text '123' is set on object 'Object Repository/Page_MaxGroup Login/input_password'

2017-09-17 17:55:18 - [TEST_STEP][PASSED] - click: Object: 'Object Repository/Page_MaxGroup Login/button_Login' is clicked on

2017-09-17 17:55:18 - [MESSAGE][PASSED] - Object: 'Object Repository/Page_MaxGroup Login/button_Login' is clicked on]]></system-out>
         <system-err><![CDATA[]]></system-err>
      </testcase>
      <testcase name="Test Cases/SelectRole" classname="Test Cases/SelectRole" status="PASSED">
         <system-out><![CDATA[2017-09-17 17:55:18 - [TEST_CASE][PASSED] - Test Cases/SelectRole: Test Cases/SelectRole

2017-09-17 17:55:18 - [TEST_STEP][PASSED] - delay: Delayed 5 second(s)

2017-09-17 17:55:23 - [MESSAGE][PASSED] - Delayed 5 second(s)

2017-09-17 17:55:23 - [TEST_STEP][PASSED] - click: Object: 'Object Repository/Page_Procurement Management  Role S/select_input' is clicked on

2017-09-17 17:55:24 - [MESSAGE][PASSED] - Object: 'Object Repository/Page_Procurement Management  Role S/select_input' is clicked on

2017-09-17 17:55:24 - [TEST_STEP][PASSED] - click: Object: 'Object Repository/Page_Procurement Management  Role S/option_Requester at CDA' is clicked on

2017-09-17 17:55:24 - [MESSAGE][PASSED] - Object: 'Object Repository/Page_Procurement Management  Role S/option_Requester at CDA' is clicked on

2017-09-17 17:55:24 - [TEST_STEP][PASSED] - click: Object: 'Object Repository/Page_Procurement Management  Role S/button_Enter' is clicked on

2017-09-17 17:55:24 - [MESSAGE][PASSED] - Object: 'Object Repository/Page_Procurement Management  Role S/button_Enter' is clicked on]]></system-out>
         <system-err><![CDATA[]]></system-err>
      </testcase>
      <testcase name="Test Cases/CreateMaterialRequisition" classname="Test Cases/CreateMaterialRequisition" status="FAILED">
         <failure type="FAILED" message="Unable to wait for Angular to load. (Root cause: org.openqa.selenium.TimeoutException: Timed out after 15 seconds waiting for com.kms.katalon.core.webui.keyword.builtin.WaitForAngularLoadKeyword$1@1af7f54a
Build info: version: '2.53.0', revision: '35ae25b', time: '2016-03-15 17:00:58'
System info: host: 'DESKTOP-1QKO1SP', ip: '192.168.91.161', os.name: 'Windows 10', os.arch: 'amd64', os.version: '10.0', java.version: '1.8.0_102'
Driver info: com.kms.katalon.selenium.driver.CChromeDriver
Capabilities [{applicationCacheEnabled=false, rotatable=false, mobileEmulationEnabled=false, networkConnectionEnabled=false, chrome={chromedriverVersion=2.31.488763 (092de99f48a300323ecf8c2a4e2e7cab51de5ba8), userDataDir=C:\Users\mithu\AppData\Local\Temp\scoped_dir12076_22209}, takesHeapSnapshot=true, pageLoadStrategy=normal, databaseEnabled=false, handlesAlerts=true, hasTouchScreen=false, version=60.0.3112.113, platform=XP, browserConnectionEnabled=false, nativeEvents=true, acceptSslCerts=true, locationContextEnabled=true, webStorageEnabled=true, browserName=chrome, takesScreenshot=true, javascriptEnabled=true, cssSelectorsEnabled=true, setWindowRect=true, unexpectedAlertBehaviour=}]
Session ID: 93158e1087fd961bbc6e3e170245cc41)"/>
         <system-out><![CDATA[2017-09-17 17:55:24 - [TEST_CASE][FAILED] - Test Cases/CreateMaterialRequisition: Test Cases/CreateMaterialRequisition FAILED because (of) Unable to wait for Angular to load. (Root cause: org.openqa.selenium.TimeoutException: Timed out after 15 seconds waiting for com.kms.katalon.core.webui.keyword.builtin.WaitForAngularLoadKeyword$1@1af7f54a
Build info: version: '2.53.0', revision: '35ae25b', time: '2016-03-15 17:00:58'
System info: host: 'DESKTOP-1QKO1SP', ip: '192.168.91.161', os.name: 'Windows 10', os.arch: 'amd64', os.version: '10.0', java.version: '1.8.0_102'
Driver info: com.kms.katalon.selenium.driver.CChromeDriver
Capabilities [{applicationCacheEnabled=false, rotatable=false, mobileEmulationEnabled=false, networkConnectionEnabled=false, chrome={chromedriverVersion=2.31.488763 (092de99f48a300323ecf8c2a4e2e7cab51de5ba8), userDataDir=C:\Users\mithu\AppData\Local\Temp\scoped_dir12076_22209}, takesHeapSnapshot=true, pageLoadStrategy=normal, databaseEnabled=false, handlesAlerts=true, hasTouchScreen=false, version=60.0.3112.113, platform=XP, browserConnectionEnabled=false, nativeEvents=true, acceptSslCerts=true, locationContextEnabled=true, webStorageEnabled=true, browserName=chrome, takesScreenshot=true, javascriptEnabled=true, cssSelectorsEnabled=true, setWindowRect=true, unexpectedAlertBehaviour=}]
Session ID: 93158e1087fd961bbc6e3e170245cc41)

2017-09-17 17:55:24 - [TEST_STEP][PASSED] - delay: Delayed 10 second(s)

2017-09-17 17:55:34 - [MESSAGE][PASSED] - Delayed 10 second(s)

2017-09-17 17:55:34 - [TEST_STEP][PASSED] - mouseOver: Object: 'Object Repository/create material requisition/span_Requisitions' is hovered

2017-09-17 17:55:34 - [MESSAGE][PASSED] - Object: 'Object Repository/create material requisition/span_Requisitions' is hovered

2017-09-17 17:55:34 - [TEST_STEP][PASSED] - delay: Delayed 2 second(s)

2017-09-17 17:55:36 - [MESSAGE][PASSED] - Delayed 2 second(s)

2017-09-17 17:55:36 - [TEST_STEP][PASSED] - mouseOver: Object: 'Object Repository/create material requisition/a_Create Requisition' is hovered

2017-09-17 17:55:36 - [MESSAGE][PASSED] - Object: 'Object Repository/create material requisition/a_Create Requisition' is hovered

2017-09-17 17:55:36 - [TEST_STEP][PASSED] - delay: Delayed 2 second(s)

2017-09-17 17:55:38 - [MESSAGE][PASSED] - Delayed 2 second(s)

2017-09-17 17:55:38 - [TEST_STEP][PASSED] - mouseOver: Object: 'Object Repository/create material requisition/a_Material Requisition' is hovered

2017-09-17 17:55:38 - [MESSAGE][PASSED] - Object: 'Object Repository/create material requisition/a_Material Requisition' is hovered

2017-09-17 17:55:38 - [TEST_STEP][PASSED] - delay: Delayed 2 second(s)

2017-09-17 17:55:40 - [MESSAGE][PASSED] - Delayed 2 second(s)

2017-09-17 17:55:40 - [TEST_STEP][PASSED] - click: Object: 'Object Repository/create material requisition/a_Material Requisition' is clicked on

2017-09-17 17:55:41 - [MESSAGE][PASSED] - Object: 'Object Repository/create material requisition/a_Material Requisition' is clicked on

2017-09-17 17:55:41 - [TEST_STEP][PASSED] - waitForPageLoad: Wait for page load successfully

2017-09-17 17:55:41 - [MESSAGE][PASSED] - Wait for page load successfully

2017-09-17 17:55:41 - [TEST_STEP][PASSED] - click: Object: 'Object Repository/Page_Procurement Management  Create/input_requisitionTitle' is clicked on

2017-09-17 17:55:43 - [MESSAGE][PASSED] - Object: 'Object Repository/Page_Procurement Management  Create/input_requisitionTitle' is clicked on

2017-09-17 17:55:43 - [TEST_STEP][PASSED] - setText: Text 'Material Requisition 1A' is set on object 'Object Repository/Page_Procurement Management  Create/input_requisitionTitle'

2017-09-17 17:55:44 - [MESSAGE][PASSED] - Text 'Material Requisition 1A' is set on object 'Object Repository/Page_Procurement Management  Create/input_requisitionTitle'

2017-09-17 17:55:44 - [TEST_STEP][PASSED] - click: Object: 'Object Repository/Page_Procurement Management  Create/requestTo' is clicked on

2017-09-17 17:55:44 - [MESSAGE][PASSED] - Object: 'Object Repository/Page_Procurement Management  Create/requestTo' is clicked on

2017-09-17 17:55:44 - [TEST_STEP][PASSED] - setText: Text 'Fahad Billah' is set on object 'Object Repository/Page_Procurement Management  Create/requestTo'

2017-09-17 17:55:44 - [MESSAGE][PASSED] - Text 'Fahad Billah' is set on object 'Object Repository/Page_Procurement Management  Create/requestTo'

2017-09-17 17:55:44 - [TEST_STEP][PASSED] - click: Object: 'Object Repository/Page_Procurement Management  Create/li_Fahad Billah (Local Boss)' is clicked on

2017-09-17 17:55:46 - [MESSAGE][PASSED] - Object: 'Object Repository/Page_Procurement Management  Create/li_Fahad Billah (Local Boss)' is clicked on

2017-09-17 17:55:46 - [TEST_STEP][PASSED] - click: Object: 'Object Repository/Page_Procurement Management  Create/input_receiverName' is clicked on

2017-09-17 17:55:46 - [MESSAGE][PASSED] - Object: 'Object Repository/Page_Procurement Management  Create/input_receiverName' is clicked on

2017-09-17 17:55:46 - [TEST_STEP][PASSED] - setText: Text 'Fahad Billah' is set on object 'Object Repository/Page_Procurement Management  Create/input_receiverName'

2017-09-17 17:55:46 - [MESSAGE][PASSED] - Text 'Fahad Billah' is set on object 'Object Repository/Page_Procurement Management  Create/input_receiverName'

2017-09-17 17:55:46 - [TEST_STEP][PASSED] - click: Object: 'Object Repository/Page_Procurement Management  Create/li_Fahad Billah' is clicked on

2017-09-17 17:55:46 - [MESSAGE][PASSED] - Object: 'Object Repository/Page_Procurement Management  Create/li_Fahad Billah' is clicked on

2017-09-17 17:55:46 - [TEST_STEP][PASSED] - delay: Delayed 2 second(s)

2017-09-17 17:55:48 - [MESSAGE][PASSED] - Delayed 2 second(s)

2017-09-17 17:55:48 - [TEST_STEP][PASSED] - setText: Text 'Mirhu khan' is set on object 'Object Repository/Page_Procurement Management  Create/input_originalRequesterName (2)'

2017-09-17 17:55:48 - [MESSAGE][PASSED] - Text 'Mirhu khan' is set on object 'Object Repository/Page_Procurement Management  Create/input_originalRequesterName (2)'

2017-09-17 17:55:48 - [TEST_STEP][PASSED] - setText: Text '01745677420' is set on object 'Object Repository/Page_Procurement Management  Create/input_originalRequesterPhone (1)'

2017-09-17 17:55:49 - [MESSAGE][PASSED] - Text '01745677420' is set on object 'Object Repository/Page_Procurement Management  Create/input_originalRequesterPhone (1)'

2017-09-17 17:55:49 - [TEST_STEP][PASSED] - setText: Text 'Test Team Qa-katalon' is set on object 'Object Repository/Page_Procurement Management  Create/textarea_remarks'

2017-09-17 17:55:49 - [MESSAGE][PASSED] - Text 'Test Team Qa-katalon' is set on object 'Object Repository/Page_Procurement Management  Create/textarea_remarks'

2017-09-17 17:55:49 - [TEST_STEP][PASSED] - delay: Delayed 1 second(s)

2017-09-17 17:55:50 - [MESSAGE][PASSED] - Delayed 1 second(s)

2017-09-17 17:55:50 - [TEST_STEP][PASSED] - click: Object: 'Object Repository/Page_Procurement Management  Create/span_Item Details' is clicked on

2017-09-17 17:55:50 - [MESSAGE][PASSED] - Object: 'Object Repository/Page_Procurement Management  Create/span_Item Details' is clicked on

2017-09-17 17:55:50 - [TEST_STEP][PASSED] - delay: Delayed 1 second(s)

2017-09-17 17:55:51 - [MESSAGE][PASSED] - Delayed 1 second(s)

2017-09-17 17:55:51 - [TEST_STEP][PASSED] - click: Object: 'Object Repository/Page_Procurement Management  Create/CostCenterName' is clicked on

2017-09-17 17:55:51 - [MESSAGE][PASSED] - Object: 'Object Repository/Page_Procurement Management  Create/CostCenterName' is clicked on

2017-09-17 17:55:51 - [TEST_STEP][PASSED] - waitForAngularLoad: Angular is ready.

2017-09-17 17:55:56 - [MESSAGE][PASSED] - Angular is ready.

2017-09-17 17:55:56 - [TEST_STEP][PASSED] - click: Object: 'Object Repository/Page_Procurement Management  Create/a_10100.12 Engineers  Employer' is clicked on

2017-09-17 17:55:56 - [MESSAGE][PASSED] - Object: 'Object Repository/Page_Procurement Management  Create/a_10100.12 Engineers  Employer' is clicked on

2017-09-17 17:55:56 - [TEST_STEP][PASSED] - delay: Delayed 1 second(s)

2017-09-17 17:55:57 - [MESSAGE][PASSED] - Delayed 1 second(s)

2017-09-17 17:55:57 - [TEST_STEP][PASSED] - click: Object: 'Object Repository/Page_Procurement Management  Create/button_OK' is clicked on

2017-09-17 17:55:57 - [MESSAGE][PASSED] - Object: 'Object Repository/Page_Procurement Management  Create/button_OK' is clicked on

2017-09-17 17:55:57 - [TEST_STEP][PASSED] - delay: Delayed 2 second(s)

2017-09-17 17:55:59 - [MESSAGE][PASSED] - Delayed 2 second(s)

2017-09-17 17:55:59 - [TEST_STEP][PASSED] - click: Object: 'Object Repository/Page_Procurement Management  Create/button_btn pull-right btn-defa' is clicked on

2017-09-17 17:55:59 - [MESSAGE][PASSED] - Object: 'Object Repository/Page_Procurement Management  Create/button_btn pull-right btn-defa' is clicked on

2017-09-17 17:55:59 - [TEST_STEP][FAILED] - waitForAngularLoad: Unable to wait for Angular to load. (Root cause: org.openqa.selenium.TimeoutException: Timed out after 15 seconds waiting for com.kms.katalon.core.webui.keyword.builtin.WaitForAngularLoadKeyword$1@1af7f54a
Build info: version: '2.53.0', revision: '35ae25b', time: '2016-03-15 17:00:58'
System info: host: 'DESKTOP-1QKO1SP', ip: '192.168.91.161', os.name: 'Windows 10', os.arch: 'amd64', os.version: '10.0', java.version: '1.8.0_102'
Driver info: com.kms.katalon.selenium.driver.CChromeDriver
Capabilities [{applicationCacheEnabled=false, rotatable=false, mobileEmulationEnabled=false, networkConnectionEnabled=false, chrome={chromedriverVersion=2.31.488763 (092de99f48a300323ecf8c2a4e2e7cab51de5ba8), userDataDir=C:\Users\mithu\AppData\Local\Temp\scoped_dir12076_22209}, takesHeapSnapshot=true, pageLoadStrategy=normal, databaseEnabled=false, handlesAlerts=true, hasTouchScreen=false, version=60.0.3112.113, platform=XP, browserConnectionEnabled=false, nativeEvents=true, acceptSslCerts=true, locationContextEnabled=true, webStorageEnabled=true, browserName=chrome, takesScreenshot=true, javascriptEnabled=true, cssSelectorsEnabled=true, setWindowRect=true, unexpectedAlertBehaviour=}]
Session ID: 93158e1087fd961bbc6e3e170245cc41)

2017-09-17 17:56:15 - [MESSAGE][FAILED] - Unable to wait for Angular to load. (Root cause: org.openqa.selenium.TimeoutException: Timed out after 15 seconds waiting for com.kms.katalon.core.webui.keyword.builtin.WaitForAngularLoadKeyword$1@1af7f54a
Build info: version: '2.53.0', revision: '35ae25b', time: '2016-03-15 17:00:58'
System info: host: 'DESKTOP-1QKO1SP', ip: '192.168.91.161', os.name: 'Windows 10', os.arch: 'amd64', os.version: '10.0', java.version: '1.8.0_102'
Driver info: com.kms.katalon.selenium.driver.CChromeDriver
Capabilities [{applicationCacheEnabled=false, rotatable=false, mobileEmulationEnabled=false, networkConnectionEnabled=false, chrome={chromedriverVersion=2.31.488763 (092de99f48a300323ecf8c2a4e2e7cab51de5ba8), userDataDir=C:\Users\mithu\AppData\Local\Temp\scoped_dir12076_22209}, takesHeapSnapshot=true, pageLoadStrategy=normal, databaseEnabled=false, handlesAlerts=true, hasTouchScreen=false, version=60.0.3112.113, platform=XP, browserConnectionEnabled=false, nativeEvents=true, acceptSslCerts=true, locationContextEnabled=true, webStorageEnabled=true, browserName=chrome, takesScreenshot=true, javascriptEnabled=true, cssSelectorsEnabled=true, setWindowRect=true, unexpectedAlertBehaviour=}]
Session ID: 93158e1087fd961bbc6e3e170245cc41)
[[ATTACHMENT|F:\\Katalon_project\\MaxReqMan\\Reports\\TestSuite-CreateMaterialRequisition\\20170917_175456\\1505649374780.png]]

2017-09-17 17:56:15 - [TEST_STEP][PASSED] - setText: Text 'acv' is set on object 'Object Repository/Page_Procurement Management  Create/input_form-control ng-untouche'

2017-09-17 17:56:15 - [MESSAGE][PASSED] - Text 'acv' is set on object 'Object Repository/Page_Procurement Management  Create/input_form-control ng-untouche'

2017-09-17 17:56:15 - [TEST_STEP][PASSED] - delay: Delayed 2 second(s)

2017-09-17 17:56:17 - [MESSAGE][PASSED] - Delayed 2 second(s)

2017-09-17 17:56:17 - [TEST_STEP][FAILED] - click: Unable to click on object 'Object Repository/Page_Procurement Management  Create/a_ACV Measuring Mould' (Root cause: com.kms.katalon.core.webui.exception.WebElementNotFoundException: Web element with id: 'Object Repository/Page_Procurement Management  Create/a_ACV Measuring Mould' located by 'By.xpath: //a[@id='2670_anchor']' not found)

2017-09-17 17:56:33 - [MESSAGE][FAILED] - Unable to click on object 'Object Repository/Page_Procurement Management  Create/a_ACV Measuring Mould' (Root cause: com.kms.katalon.core.webui.exception.WebElementNotFoundException: Web element with id: 'Object Repository/Page_Procurement Management  Create/a_ACV Measuring Mould' located by 'By.xpath: //a[@id='2670_anchor']' not found)
[[ATTACHMENT|F:\\Katalon_project\\MaxReqMan\\Reports\\TestSuite-CreateMaterialRequisition\\20170917_175456\\1505649393093.png]]

2017-09-17 17:56:33 - [TEST_STEP][PASSED] - delay: Delayed 2 second(s)

2017-09-17 17:56:35 - [MESSAGE][PASSED] - Delayed 2 second(s)

2017-09-17 17:56:35 - [TEST_STEP][FAILED] - click: Unable to click on object 'Object Repository/Page_Procurement Management  Create/button_OK' (Root cause: org.openqa.selenium.WebDriverException: unknown error: Element <button class="btn btn-primary" type="button" ng-click="ok()">...</button> is not clickable at point (1284, 703). Other element would receive the click: <div class="custom-loader" ng-show="loader.item" style="position: absolute;height: 100%;width: 100%;z-index: 100;background-color: rgba(0,0,0,0.20);margin: -15px -15px;">...</div>
  (Session info: chrome=60.0.3112.113)
  (Driver info: chromedriver=2.31.488763 (092de99f48a300323ecf8c2a4e2e7cab51de5ba8),platform=Windows NT 10.0.15063 x86_64) (WARNING: The server did not provide any stacktrace information)
Command duration or timeout: 52 milliseconds
Build info: version: '2.53.0', revision: '35ae25b', time: '2016-03-15 17:00:58'
System info: host: 'DESKTOP-1QKO1SP', ip: '192.168.91.161', os.name: 'Windows 10', os.arch: 'amd64', os.version: '10.0', java.version: '1.8.0_102'
Driver info: com.kms.katalon.selenium.driver.CChromeDriver
Capabilities [{applicationCacheEnabled=false, rotatable=false, mobileEmulationEnabled=false, networkConnectionEnabled=false, chrome={chromedriverVersion=2.31.488763 (092de99f48a300323ecf8c2a4e2e7cab51de5ba8), userDataDir=C:\Users\mithu\AppData\Local\Temp\scoped_dir12076_22209}, takesHeapSnapshot=true, pageLoadStrategy=normal, databaseEnabled=false, handlesAlerts=true, hasTouchScreen=false, version=60.0.3112.113, platform=XP, browserConnectionEnabled=false, nativeEvents=true, acceptSslCerts=true, locationContextEnabled=true, webStorageEnabled=true, browserName=chrome, takesScreenshot=true, javascriptEnabled=true, cssSelectorsEnabled=true, setWindowRect=true, unexpectedAlertBehaviour=}]
Session ID: 93158e1087fd961bbc6e3e170245cc41)

2017-09-17 17:56:36 - [MESSAGE][FAILED] - Unable to click on object 'Object Repository/Page_Procurement Management  Create/button_OK' (Root cause: org.openqa.selenium.WebDriverException: unknown error: Element <button class="btn btn-primary" type="button" ng-click="ok()">...</button> is not clickable at point (1284, 703). Other element would receive the click: <div class="custom-loader" ng-show="loader.item" style="position: absolute;height: 100%;width: 100%;z-index: 100;background-color: rgba(0,0,0,0.20);margin: -15px -15px;">...</div>
  (Session info: chrome=60.0.3112.113)
  (Driver info: chromedriver=2.31.488763 (092de99f48a300323ecf8c2a4e2e7cab51de5ba8),platform=Windows NT 10.0.15063 x86_64) (WARNING: The server did not provide any stacktrace information)
Command duration or timeout: 52 milliseconds
Build info: version: '2.53.0', revision: '35ae25b', time: '2016-03-15 17:00:58'
System info: host: 'DESKTOP-1QKO1SP', ip: '192.168.91.161', os.name: 'Windows 10', os.arch: 'amd64', os.version: '10.0', java.version: '1.8.0_102'
Driver info: com.kms.katalon.selenium.driver.CChromeDriver
Capabilities [{applicationCacheEnabled=false, rotatable=false, mobileEmulationEnabled=false, networkConnectionEnabled=false, chrome={chromedriverVersion=2.31.488763 (092de99f48a300323ecf8c2a4e2e7cab51de5ba8), userDataDir=C:\Users\mithu\AppData\Local\Temp\scoped_dir12076_22209}, takesHeapSnapshot=true, pageLoadStrategy=normal, databaseEnabled=false, handlesAlerts=true, hasTouchScreen=false, version=60.0.3112.113, platform=XP, browserConnectionEnabled=false, nativeEvents=true, acceptSslCerts=true, locationContextEnabled=true, webStorageEnabled=true, browserName=chrome, takesScreenshot=true, javascriptEnabled=true, cssSelectorsEnabled=true, setWindowRect=true, unexpectedAlertBehaviour=}]
Session ID: 93158e1087fd961bbc6e3e170245cc41)
[[ATTACHMENT|F:\\Katalon_project\\MaxReqMan\\Reports\\TestSuite-CreateMaterialRequisition\\20170917_175456\\1505649395661.png]]

2017-09-17 17:56:36 - [TEST_STEP][FAILED] - waitForAngularLoad: Unable to wait for Angular to load. (Root cause: org.openqa.selenium.TimeoutException: Timed out after 5 seconds waiting for com.kms.katalon.core.webui.keyword.builtin.WaitForAngularLoadKeyword$1@619bd14c
Build info: version: '2.53.0', revision: '35ae25b', time: '2016-03-15 17:00:58'
System info: host: 'DESKTOP-1QKO1SP', ip: '192.168.91.161', os.name: 'Windows 10', os.arch: 'amd64', os.version: '10.0', java.version: '1.8.0_102'
Driver info: com.kms.katalon.selenium.driver.CChromeDriver
Capabilities [{applicationCacheEnabled=false, rotatable=false, mobileEmulationEnabled=false, networkConnectionEnabled=false, chrome={chromedriverVersion=2.31.488763 (092de99f48a300323ecf8c2a4e2e7cab51de5ba8), userDataDir=C:\Users\mithu\AppData\Local\Temp\scoped_dir12076_22209}, takesHeapSnapshot=true, pageLoadStrategy=normal, databaseEnabled=false, handlesAlerts=true, hasTouchScreen=false, version=60.0.3112.113, platform=XP, browserConnectionEnabled=false, nativeEvents=true, acceptSslCerts=true, locationContextEnabled=true, webStorageEnabled=true, browserName=chrome, takesScreenshot=true, javascriptEnabled=true, cssSelectorsEnabled=true, setWindowRect=true, unexpectedAlertBehaviour=}]
Session ID: 93158e1087fd961bbc6e3e170245cc41)

2017-09-17 17:56:41 - [MESSAGE][FAILED] - Unable to wait for Angular to load. (Root cause: org.openqa.selenium.TimeoutException: Timed out after 5 seconds waiting for com.kms.katalon.core.webui.keyword.builtin.WaitForAngularLoadKeyword$1@619bd14c
Build info: version: '2.53.0', revision: '35ae25b', time: '2016-03-15 17:00:58'
System info: host: 'DESKTOP-1QKO1SP', ip: '192.168.91.161', os.name: 'Windows 10', os.arch: 'amd64', os.version: '10.0', java.version: '1.8.0_102'
Driver info: com.kms.katalon.selenium.driver.CChromeDriver
Capabilities [{applicationCacheEnabled=false, rotatable=false, mobileEmulationEnabled=false, networkConnectionEnabled=false, chrome={chromedriverVersion=2.31.488763 (092de99f48a300323ecf8c2a4e2e7cab51de5ba8), userDataDir=C:\Users\mithu\AppData\Local\Temp\scoped_dir12076_22209}, takesHeapSnapshot=true, pageLoadStrategy=normal, databaseEnabled=false, handlesAlerts=true, hasTouchScreen=false, version=60.0.3112.113, platform=XP, browserConnectionEnabled=false, nativeEvents=true, acceptSslCerts=true, locationContextEnabled=true, webStorageEnabled=true, browserName=chrome, takesScreenshot=true, javascriptEnabled=true, cssSelectorsEnabled=true, setWindowRect=true, unexpectedAlertBehaviour=}]
Session ID: 93158e1087fd961bbc6e3e170245cc41)
[[ATTACHMENT|F:\\Katalon_project\\MaxReqMan\\Reports\\TestSuite-CreateMaterialRequisition\\20170917_175456\\1505649401209.png]]

2017-09-17 17:56:41 - [TEST_STEP][FAILED] - click: Unable to click on object 'Object Repository/Page_Procurement Management  Create/Click specification ID' (Root cause: com.kms.katalon.core.webui.exception.WebElementNotFoundException: Web element with id: 'Object Repository/Page_Procurement Management  Create/Click specification ID' located by 'By.xpath: //select[@name='specificationId']' not found)

2017-09-17 17:56:57 - [MESSAGE][FAILED] - Unable to click on object 'Object Repository/Page_Procurement Management  Create/Click specification ID' (Root cause: com.kms.katalon.core.webui.exception.WebElementNotFoundException: Web element with id: 'Object Repository/Page_Procurement Management  Create/Click specification ID' located by 'By.xpath: //select[@name='specificationId']' not found)
[[ATTACHMENT|F:\\Katalon_project\\MaxReqMan\\Reports\\TestSuite-CreateMaterialRequisition\\20170917_175456\\1505649417279.png]]

2017-09-17 17:56:57 - [TEST_STEP][PASSED] - delay: Delayed 1 second(s)

2017-09-17 17:56:58 - [MESSAGE][PASSED] - Delayed 1 second(s)

2017-09-17 17:56:58 - [TEST_STEP][FAILED] - selectOptionByValue: Unable to select option by value '{"idSpecifications":"4201","specificationName":"Spec 2"}' of object 'Object Repository/Page_Procurement Management  Create/select_specificationId'  using regular expression (Root cause: com.kms.katalon.core.webui.exception.WebElementNotFoundException: Web element with id: 'Object Repository/Page_Procurement Management  Create/select_specificationId' located by 'By.xpath: //select[count(. | //select[@name='specificationId']) = count(//select[@name='specificationId'])][count(. | //*[@name = 'specificationId']) = count(//*[@name = 'specificationId'])]' not found)

2017-09-17 17:57:14 - [MESSAGE][FAILED] - Unable to select option by value '{"idSpecifications":"4201","specificationName":"Spec 2"}' of object 'Object Repository/Page_Procurement Management  Create/select_specificationId'  using regular expression (Root cause: com.kms.katalon.core.webui.exception.WebElementNotFoundException: Web element with id: 'Object Repository/Page_Procurement Management  Create/select_specificationId' located by 'By.xpath: //select[count(. | //select[@name='specificationId']) = count(//select[@name='specificationId'])][count(. | //*[@name = 'specificationId']) = count(//*[@name = 'specificationId'])]' not found)
[[ATTACHMENT|F:\\Katalon_project\\MaxReqMan\\Reports\\TestSuite-CreateMaterialRequisition\\20170917_175456\\1505649434103.png]]

2017-09-17 17:57:14 - [TEST_STEP][PASSED] - delay: Delayed 1 second(s)

2017-09-17 17:57:15 - [MESSAGE][PASSED] - Delayed 1 second(s)

2017-09-17 17:57:15 - [TEST_STEP][FAILED] - click: Unable to click on object 'Object Repository/Page_Procurement Management  Create/Click Size ID' (Root cause: com.kms.katalon.core.webui.exception.WebElementNotFoundException: Web element with id: 'Object Repository/Page_Procurement Management  Create/Click Size ID' located by 'By.xpath: //select[@name='sizeId']' not found)

2017-09-17 17:57:31 - [MESSAGE][FAILED] - Unable to click on object 'Object Repository/Page_Procurement Management  Create/Click Size ID' (Root cause: com.kms.katalon.core.webui.exception.WebElementNotFoundException: Web element with id: 'Object Repository/Page_Procurement Management  Create/Click Size ID' located by 'By.xpath: //select[@name='sizeId']' not found)
[[ATTACHMENT|F:\\Katalon_project\\MaxReqMan\\Reports\\TestSuite-CreateMaterialRequisition\\20170917_175456\\1505649451136.png]]

2017-09-17 17:57:31 - [TEST_STEP][PASSED] - delay: Delayed 1 second(s)

2017-09-17 17:57:32 - [MESSAGE][PASSED] - Delayed 1 second(s)

2017-09-17 17:57:32 - [TEST_STEP][FAILED] - selectOptionByValue: Unable to select option by value '{"idSize":"5849","sizeValue":"Size 2"}' of object 'Object Repository/Page_Procurement Management  Create/select_sizeId'  using regular expression (Root cause: com.kms.katalon.core.webui.exception.WebElementNotFoundException: Web element with id: 'Object Repository/Page_Procurement Management  Create/select_sizeId' located by 'By.xpath: //select[count(. | //*[@name = 'sizeId']) = count(//*[@name = 'sizeId'])]' not found)

2017-09-17 17:57:48 - [MESSAGE][FAILED] - Unable to select option by value '{"idSize":"5849","sizeValue":"Size 2"}' of object 'Object Repository/Page_Procurement Management  Create/select_sizeId'  using regular expression (Root cause: com.kms.katalon.core.webui.exception.WebElementNotFoundException: Web element with id: 'Object Repository/Page_Procurement Management  Create/select_sizeId' located by 'By.xpath: //select[count(. | //*[@name = 'sizeId']) = count(//*[@name = 'sizeId'])]' not found)
[[ATTACHMENT|F:\\Katalon_project\\MaxReqMan\\Reports\\TestSuite-CreateMaterialRequisition\\20170917_175456\\1505649468145.png]]

2017-09-17 17:57:48 - [TEST_STEP][PASSED] - delay: Delayed 1 second(s)

2017-09-17 17:57:49 - [MESSAGE][PASSED] - Delayed 1 second(s)

2017-09-17 17:57:49 - [TEST_STEP][FAILED] - click: Unable to click on object 'Object Repository/Page_Procurement Management  Create/click color Id' (Root cause: com.kms.katalon.core.webui.exception.WebElementNotFoundException: Web element with id: 'Object Repository/Page_Procurement Management  Create/click color Id' located by 'By.xpath: //select[@name='colorId']' not found)

2017-09-17 17:58:05 - [MESSAGE][FAILED] - Unable to click on object 'Object Repository/Page_Procurement Management  Create/click color Id' (Root cause: com.kms.katalon.core.webui.exception.WebElementNotFoundException: Web element with id: 'Object Repository/Page_Procurement Management  Create/click color Id' located by 'By.xpath: //select[@name='colorId']' not found)
[[ATTACHMENT|F:\\Katalon_project\\MaxReqMan\\Reports\\TestSuite-CreateMaterialRequisition\\20170917_175456\\1505649485090.png]]

2017-09-17 17:58:05 - [TEST_STEP][PASSED] - delay: Delayed 1 second(s)

2017-09-17 17:58:06 - [MESSAGE][PASSED] - Delayed 1 second(s)

2017-09-17 17:58:06 - [TEST_STEP][FAILED] - selectOptionByValue: Unable to select option by value '{"idColor":"219","colorName":"Color 2"}' of object 'Object Repository/Page_Procurement Management  Create/select_colorId'  using regular expression (Root cause: com.kms.katalon.core.webui.exception.WebElementNotFoundException: Web element with id: 'Object Repository/Page_Procurement Management  Create/select_colorId' located by 'By.xpath: //select[count(. | //*[@name = 'colorId']) = count(//*[@name = 'colorId'])]' not found)

2017-09-17 17:58:22 - [MESSAGE][FAILED] - Unable to select option by value '{"idColor":"219","colorName":"Color 2"}' of object 'Object Repository/Page_Procurement Management  Create/select_colorId'  using regular expression (Root cause: com.kms.katalon.core.webui.exception.WebElementNotFoundException: Web element with id: 'Object Repository/Page_Procurement Management  Create/select_colorId' located by 'By.xpath: //select[count(. | //*[@name = 'colorId']) = count(//*[@name = 'colorId'])]' not found)
[[ATTACHMENT|F:\\Katalon_project\\MaxReqMan\\Reports\\TestSuite-CreateMaterialRequisition\\20170917_175456\\1505649501872.png]]

2017-09-17 17:58:22 - [TEST_STEP][PASSED] - setText: Text 'mkGhost' is set on object 'Object Repository/Page_Procurement Management  Create/input_receiverNameTemp'

2017-09-17 17:58:22 - [MESSAGE][PASSED] - Text 'mkGhost' is set on object 'Object Repository/Page_Procurement Management  Create/input_receiverNameTemp'

2017-09-17 17:58:22 - [TEST_STEP][PASSED] - setText: Text '20no road mohakhali DOHS' is set on object 'Object Repository/Page_Procurement Management  Create/input_receivingAddress'

2017-09-17 17:58:22 - [MESSAGE][PASSED] - Text '20no road mohakhali DOHS' is set on object 'Object Repository/Page_Procurement Management  Create/input_receivingAddress'

2017-09-17 17:58:22 - [TEST_STEP][PASSED] - setText: Text '250' is set on object 'Object Repository/Page_Procurement Management  Create/input_quantity'

2017-09-17 17:58:23 - [MESSAGE][PASSED] - Text '250' is set on object 'Object Repository/Page_Procurement Management  Create/input_quantity'

2017-09-17 17:58:23 - [TEST_STEP][PASSED] - setText: Text 'Test Item' is set on object 'Object Repository/Page_Procurement Management  Create/input_itemDesc'

2017-09-17 17:58:23 - [MESSAGE][PASSED] - Text 'Test Item' is set on object 'Object Repository/Page_Procurement Management  Create/input_itemDesc'

2017-09-17 17:58:23 - [TEST_STEP][PASSED] - delay: Delayed 1 second(s)

2017-09-17 17:58:24 - [MESSAGE][PASSED] - Delayed 1 second(s)

2017-09-17 17:58:24 - [TEST_STEP][PASSED] - click: Object: 'Object Repository/Page_Procurement Management  Create/button_Add Item' is clicked on

2017-09-17 17:58:24 - [MESSAGE][PASSED] - Object: 'Object Repository/Page_Procurement Management  Create/button_Add Item' is clicked on

2017-09-17 17:58:24 - [TEST_STEP][PASSED] - delay: Delayed 1 second(s)

2017-09-17 17:58:25 - [MESSAGE][PASSED] - Delayed 1 second(s)

2017-09-17 17:58:25 - [TEST_STEP][PASSED] - click: Object: 'Object Repository/Page_Procurement Management  Create/button_Submit' is clicked on

2017-09-17 17:58:25 - [MESSAGE][PASSED] - Object: 'Object Repository/Page_Procurement Management  Create/button_Submit' is clicked on

2017-09-17 17:58:25 - [TEST_STEP][PASSED] - delay: Delayed 1 second(s)

2017-09-17 17:58:26 - [MESSAGE][PASSED] - Delayed 1 second(s)

2017-09-17 17:58:26 - [TEST_STEP][FAILED] - click: Unable to click on object 'Object Repository/Page_Procurement Management  Create/button_Cancel' (Root cause: com.kms.katalon.core.webui.exception.WebElementNotFoundException: Web element with id: 'Object Repository/Page_Procurement Management  Create/button_Cancel' located by 'By.xpath: //button[count(. | //*[contains(.,'Cancel')]) = count(//*[contains(.,'Cancel')])]' not found)

2017-09-17 17:58:43 - [MESSAGE][FAILED] - Unable to click on object 'Object Repository/Page_Procurement Management  Create/button_Cancel' (Root cause: com.kms.katalon.core.webui.exception.WebElementNotFoundException: Web element with id: 'Object Repository/Page_Procurement Management  Create/button_Cancel' located by 'By.xpath: //button[count(. | //*[contains(.,'Cancel')]) = count(//*[contains(.,'Cancel')])]' not found)
[[ATTACHMENT|F:\\Katalon_project\\MaxReqMan\\Reports\\TestSuite-CreateMaterialRequisition\\20170917_175456\\1505649522851.png]]

2017-09-17 17:58:43 - [TEST_STEP][PASSED] - delay: Delayed 1 second(s)

2017-09-17 17:58:44 - [MESSAGE][PASSED] - Delayed 1 second(s)

2017-09-17 17:58:44 - [TEST_STEP][PASSED] - click: Object: 'Object Repository/Page_Procurement Management  Create/button_Submit (1)' is clicked on

2017-09-17 17:58:44 - [MESSAGE][PASSED] - Object: 'Object Repository/Page_Procurement Management  Create/button_Submit (1)' is clicked on

2017-09-17 17:58:44 - [TEST_STEP][PASSED] - delay: Delayed 1 second(s)

2017-09-17 17:58:45 - [MESSAGE][PASSED] - Delayed 1 second(s)

2017-09-17 17:58:45 - [TEST_STEP][PASSED] - click: Object: 'Object Repository/Page_Procurement Management  Create/button_Submit (2)' is clicked on

2017-09-17 17:58:45 - [MESSAGE][PASSED] - Object: 'Object Repository/Page_Procurement Management  Create/button_Submit (2)' is clicked on]]></system-out>
         <system-err><![CDATA[2017-09-17 17:55:24 - [TEST_CASE][FAILED] - Test Cases/CreateMaterialRequisition: Test Cases/CreateMaterialRequisition FAILED because (of) Unable to wait for Angular to load. (Root cause: org.openqa.selenium.TimeoutException: Timed out after 15 seconds waiting for com.kms.katalon.core.webui.keyword.builtin.WaitForAngularLoadKeyword$1@1af7f54a
Build info: version: '2.53.0', revision: '35ae25b', time: '2016-03-15 17:00:58'
System info: host: 'DESKTOP-1QKO1SP', ip: '192.168.91.161', os.name: 'Windows 10', os.arch: 'amd64', os.version: '10.0', java.version: '1.8.0_102'
Driver info: com.kms.katalon.selenium.driver.CChromeDriver
Capabilities [{applicationCacheEnabled=false, rotatable=false, mobileEmulationEnabled=false, networkConnectionEnabled=false, chrome={chromedriverVersion=2.31.488763 (092de99f48a300323ecf8c2a4e2e7cab51de5ba8), userDataDir=C:\Users\mithu\AppData\Local\Temp\scoped_dir12076_22209}, takesHeapSnapshot=true, pageLoadStrategy=normal, databaseEnabled=false, handlesAlerts=true, hasTouchScreen=false, version=60.0.3112.113, platform=XP, browserConnectionEnabled=false, nativeEvents=true, acceptSslCerts=true, locationContextEnabled=true, webStorageEnabled=true, browserName=chrome, takesScreenshot=true, javascriptEnabled=true, cssSelectorsEnabled=true, setWindowRect=true, unexpectedAlertBehaviour=}]
Session ID: 93158e1087fd961bbc6e3e170245cc41)]]></system-err>
      </testcase>
      <system-out><![CDATA[2017-09-17 17:54:58 - [TEST_SUITE][FAILED] - TestSuite-CreateMaterialRequisition: Test Cases/CreateMaterialRequisition FAILED because (of) Unable to wait for Angular to load. (Root cause: org.openqa.selenium.TimeoutException: Timed out after 15 seconds waiting for com.kms.katalon.core.webui.keyword.builtin.WaitForAngularLoadKeyword$1@1af7f54a
Build info: version: '2.53.0', revision: '35ae25b', time: '2016-03-15 17:00:58'
System info: host: 'DESKTOP-1QKO1SP', ip: '192.168.91.161', os.name: 'Windows 10', os.arch: 'amd64', os.version: '10.0', java.version: '1.8.0_102'
Driver info: com.kms.katalon.selenium.driver.CChromeDriver
Capabilities [{applicationCacheEnabled=false, rotatable=false, mobileEmulationEnabled=false, networkConnectionEnabled=false, chrome={chromedriverVersion=2.31.488763 (092de99f48a300323ecf8c2a4e2e7cab51de5ba8), userDataDir=C:\Users\mithu\AppData\Local\Temp\scoped_dir12076_22209}, takesHeapSnapshot=true, pageLoadStrategy=normal, databaseEnabled=false, handlesAlerts=true, hasTouchScreen=false, version=60.0.3112.113, platform=XP, browserConnectionEnabled=false, nativeEvents=true, acceptSslCerts=true, locationContextEnabled=true, webStorageEnabled=true, browserName=chrome, takesScreenshot=true, javascriptEnabled=true, cssSelectorsEnabled=true, setWindowRect=true, unexpectedAlertBehaviour=}]
Session ID: 93158e1087fd961bbc6e3e170245cc41)]]></system-out>
      <system-err><![CDATA[2017-09-17 17:54:58 - [TEST_SUITE][FAILED] - TestSuite-CreateMaterialRequisition: Test Cases/CreateMaterialRequisition FAILED because (of) Unable to wait for Angular to load. (Root cause: org.openqa.selenium.TimeoutException: Timed out after 15 seconds waiting for com.kms.katalon.core.webui.keyword.builtin.WaitForAngularLoadKeyword$1@1af7f54a
Build info: version: '2.53.0', revision: '35ae25b', time: '2016-03-15 17:00:58'
System info: host: 'DESKTOP-1QKO1SP', ip: '192.168.91.161', os.name: 'Windows 10', os.arch: 'amd64', os.version: '10.0', java.version: '1.8.0_102'
Driver info: com.kms.katalon.selenium.driver.CChromeDriver
Capabilities [{applicationCacheEnabled=false, rotatable=false, mobileEmulationEnabled=false, networkConnectionEnabled=false, chrome={chromedriverVersion=2.31.488763 (092de99f48a300323ecf8c2a4e2e7cab51de5ba8), userDataDir=C:\Users\mithu\AppData\Local\Temp\scoped_dir12076_22209}, takesHeapSnapshot=true, pageLoadStrategy=normal, databaseEnabled=false, handlesAlerts=true, hasTouchScreen=false, version=60.0.3112.113, platform=XP, browserConnectionEnabled=false, nativeEvents=true, acceptSslCerts=true, locationContextEnabled=true, webStorageEnabled=true, browserName=chrome, takesScreenshot=true, javascriptEnabled=true, cssSelectorsEnabled=true, setWindowRect=true, unexpectedAlertBehaviour=}]
Session ID: 93158e1087fd961bbc6e3e170245cc41)]]></system-err>
   </testsuite>
</testsuites>
