<?xml version="1.0" encoding="UTF-8"?>
<testsuites name="TestSuite-CreateMaterialRequisition" time="148" tests="1" failures="2" errors="0">
   <testsuite name="TestSuite-CreateMaterialRequisition" tests="1" failures="2" errors="0" time="148" timestamp="2017-09-28 19:01:38" hostname="mithu - DESKTOP-1QKO1SP" id="Test Suites/TestSuite-CreateMaterialRequisition">
      <properties>
         <property name="deviceName" value=""/>
         <property name="devicePlatform" value=""/>
         <property name="logFolder" value="F:\\Katalon_project\\MaxReqMan\\Reports\\TestSuite-CreateMaterialRequisition\\20170928_190137"/>
         <property name="logFiles" value="F:\\Katalon_project\\MaxReqMan\\Reports\\TestSuite-CreateMaterialRequisition\\20170928_190137\\execution0.log"/>
         <property name="attachments" value="F:\\Katalon_project\\MaxReqMan\\Reports\\TestSuite-CreateMaterialRequisition\\20170928_190137\\1506603716733.png, F:\\Katalon_project\\MaxReqMan\\Reports\\TestSuite-CreateMaterialRequisition\\20170928_190137\\1506603726035.png, F:\\Katalon_project\\MaxReqMan\\Reports\\TestSuite-CreateMaterialRequisition\\20170928_190137\\1506603753745.png, F:\\Katalon_project\\MaxReqMan\\Reports\\TestSuite-CreateMaterialRequisition\\20170928_190137\\1506603775262.png, F:\\Katalon_project\\MaxReqMan\\Reports\\TestSuite-CreateMaterialRequisition\\20170928_190137\\1506603790994.png, F:\\Katalon_project\\MaxReqMan\\Reports\\TestSuite-CreateMaterialRequisition\\20170928_190137\\1506603806822.png, F:\\Katalon_project\\MaxReqMan\\Reports\\TestSuite-CreateMaterialRequisition\\20170928_190137\\1506603822755.png, F:\\Katalon_project\\MaxReqMan\\Reports\\TestSuite-CreateMaterialRequisition\\20170928_190137\\1506603838805.png, F:\\Katalon_project\\MaxReqMan\\Reports\\TestSuite-CreateMaterialRequisition\\20170928_190137\\1506603845608.png"/>
         <property name="hostName" value="mithu - DESKTOP-1QKO1SP"/>
         <property name="os" value="Windows 10 64bit"/>
         <property name="katalonVersion" value="4.8.0.2"/>
         <property name="browser" value="Chrome 61.0.3163.100"/>
         <property name="hostAddress" value="192.168.91.52"/>
         <property name="sessionId" value="2028313237d491aeb171d8b626482fed"/>
         <property name="seleniumVersion" value="2.53.0"/>
         <property name="proxyInformation" value="ProxyInformation{proxyOption=NO_PROXY, proxyServerType=HTTP, password=, proxyServerAddress=, proxyServerPort=0}"/>
         <property name="platform" value="Windows 10"/>
      </properties>
      <testcase name="Test Cases/Login" classname="Test Cases/Login" status="FAILED">
         <failure type="FAILED" message="Text 'Select A Role' is not present on page "/>
         <system-out><![CDATA[2017-09-28 19:01:39 - [TEST_CASE][FAILED] - Test Cases/Login: Test Cases/Login FAILED because (of) Text 'Select A Role' is not present on page 

2017-09-28 19:01:39 - [TEST_STEP][PASSED] - openBrowser: Browser is opened with url: ''

2017-09-28 19:01:43 - [MESSAGE][PASSED] - Browser is opened with url: ''

2017-09-28 19:01:43 - [TEST_STEP][PASSED] - maximizeWindow: Current window maximized

2017-09-28 19:01:44 - [MESSAGE][PASSED] - Current window maximized

2017-09-28 19:01:44 - [TEST_STEP][PASSED] - navigateToUrl: Navigate to 'http://beta-requisition.maxrailwaytrack.com/' successfully

2017-09-28 19:01:50 - [MESSAGE][PASSED] - Navigate to 'http://beta-requisition.maxrailwaytrack.com/' successfully

2017-09-28 19:01:50 - [TEST_STEP][PASSED] - setText: Text 'fahadbillah@yahoo.com' is set on object 'Object Repository/Page_MaxGroup Login/input_username'

2017-09-28 19:01:51 - [MESSAGE][PASSED] - Text 'fahadbillah@yahoo.com' is set on object 'Object Repository/Page_MaxGroup Login/input_username'

2017-09-28 19:01:51 - [TEST_STEP][PASSED] - setText: Text '123' is set on object 'Object Repository/Page_MaxGroup Login/input_password'

2017-09-28 19:01:51 - [MESSAGE][PASSED] - Text '123' is set on object 'Object Repository/Page_MaxGroup Login/input_password'

2017-09-28 19:01:51 - [TEST_STEP][PASSED] - click: Object: 'Object Repository/Page_MaxGroup Login/button_Login' is clicked on

2017-09-28 19:01:51 - [MESSAGE][PASSED] - Object: 'Object Repository/Page_MaxGroup Login/button_Login' is clicked on

2017-09-28 19:01:51 - [TEST_STEP][FAILED] - verifyTextPresent: Text 'Select A Role' is not present on page 

2017-09-28 19:01:51 - [MESSAGE][FAILED] - Text 'Select A Role' is not present on page]]></system-out>
         <system-err><![CDATA[2017-09-28 19:01:39 - [TEST_CASE][FAILED] - Test Cases/Login: Test Cases/Login FAILED because (of) Text 'Select A Role' is not present on page]]></system-err>
      </testcase>
      <testcase name="Test Cases/SelectRole" classname="Test Cases/SelectRole" status="PASSED">
         <system-out><![CDATA[2017-09-28 19:01:51 - [TEST_CASE][PASSED] - Test Cases/SelectRole: Test Cases/SelectRole

2017-09-28 19:01:51 - [TEST_STEP][PASSED] - delay: Delayed 5 second(s)

2017-09-28 19:01:56 - [MESSAGE][PASSED] - Delayed 5 second(s)

2017-09-28 19:01:56 - [TEST_STEP][PASSED] - takeScreenshot: Taking screenshot successfully

2017-09-28 19:01:57 - [MESSAGE][PASSED] - Taking screenshot successfully
[[ATTACHMENT|F:\\Katalon_project\\MaxReqMan\\Reports\\TestSuite-CreateMaterialRequisition\\20170928_190137\\1506603716733.png]]

2017-09-28 19:01:57 - [TEST_STEP][PASSED] - click: Object: 'Object Repository/Page_Procurement Management  Role S/select_input' is clicked on

2017-09-28 19:01:57 - [MESSAGE][PASSED] - Object: 'Object Repository/Page_Procurement Management  Role S/select_input' is clicked on

2017-09-28 19:01:57 - [TEST_STEP][PASSED] - click: Object: 'Object Repository/Page_Procurement Management  Role S/option_Requester at CDA' is clicked on

2017-09-28 19:01:57 - [MESSAGE][PASSED] - Object: 'Object Repository/Page_Procurement Management  Role S/option_Requester at CDA' is clicked on

2017-09-28 19:01:57 - [TEST_STEP][PASSED] - click: Object: 'Object Repository/Page_Procurement Management  Role S/button_Enter' is clicked on

2017-09-28 19:01:57 - [MESSAGE][PASSED] - Object: 'Object Repository/Page_Procurement Management  Role S/button_Enter' is clicked on]]></system-out>
         <system-err><![CDATA[]]></system-err>
      </testcase>
      <testcase name="Test Cases/CreateMaterialRequisition" classname="Test Cases/CreateMaterialRequisition" status="FAILED">
         <failure type="FAILED" message="Unable to click on object 'Object Repository/Page_Procurement Management  Create/Click specification ID' (Root cause: org.openqa.selenium.WebDriverException: unknown error: Element is not clickable at point (1068, 977)
  (Session info: chrome=61.0.3163.100)
  (Driver info: chromedriver=2.31.488763 (092de99f48a300323ecf8c2a4e2e7cab51de5ba8),platform=Windows NT 10.0.15063 x86_64) (WARNING: The server did not provide any stacktrace information)
Command duration or timeout: 48 milliseconds
Build info: version: '2.53.0', revision: '35ae25b', time: '2016-03-15 17:00:58'
System info: host: 'DESKTOP-1QKO1SP', ip: '192.168.91.52', os.name: 'Windows 10', os.arch: 'amd64', os.version: '10.0', java.version: '1.8.0_102'
Driver info: com.kms.katalon.selenium.driver.CChromeDriver
Capabilities [{applicationCacheEnabled=false, rotatable=false, mobileEmulationEnabled=false, networkConnectionEnabled=false, chrome={chromedriverVersion=2.31.488763 (092de99f48a300323ecf8c2a4e2e7cab51de5ba8), userDataDir=C:\Users\mithu\AppData\Local\Temp\scoped_dir11844_1832}, takesHeapSnapshot=true, pageLoadStrategy=normal, databaseEnabled=false, handlesAlerts=true, hasTouchScreen=false, version=61.0.3163.100, platform=XP, browserConnectionEnabled=false, nativeEvents=true, acceptSslCerts=true, locationContextEnabled=true, webStorageEnabled=true, browserName=chrome, takesScreenshot=true, javascriptEnabled=true, cssSelectorsEnabled=true, setWindowRect=true, unexpectedAlertBehaviour=}]
Session ID: 2028313237d491aeb171d8b626482fed)"/>
         <system-out><![CDATA[2017-09-28 19:01:57 - [TEST_CASE][FAILED] - Test Cases/CreateMaterialRequisition: Test Cases/CreateMaterialRequisition FAILED because (of) Unable to click on object 'Object Repository/Page_Procurement Management  Create/Click specification ID' (Root cause: org.openqa.selenium.WebDriverException: unknown error: Element is not clickable at point (1068, 977)
  (Session info: chrome=61.0.3163.100)
  (Driver info: chromedriver=2.31.488763 (092de99f48a300323ecf8c2a4e2e7cab51de5ba8),platform=Windows NT 10.0.15063 x86_64) (WARNING: The server did not provide any stacktrace information)
Command duration or timeout: 48 milliseconds
Build info: version: '2.53.0', revision: '35ae25b', time: '2016-03-15 17:00:58'
System info: host: 'DESKTOP-1QKO1SP', ip: '192.168.91.52', os.name: 'Windows 10', os.arch: 'amd64', os.version: '10.0', java.version: '1.8.0_102'
Driver info: com.kms.katalon.selenium.driver.CChromeDriver
Capabilities [{applicationCacheEnabled=false, rotatable=false, mobileEmulationEnabled=false, networkConnectionEnabled=false, chrome={chromedriverVersion=2.31.488763 (092de99f48a300323ecf8c2a4e2e7cab51de5ba8), userDataDir=C:\Users\mithu\AppData\Local\Temp\scoped_dir11844_1832}, takesHeapSnapshot=true, pageLoadStrategy=normal, databaseEnabled=false, handlesAlerts=true, hasTouchScreen=false, version=61.0.3163.100, platform=XP, browserConnectionEnabled=false, nativeEvents=true, acceptSslCerts=true, locationContextEnabled=true, webStorageEnabled=true, browserName=chrome, takesScreenshot=true, javascriptEnabled=true, cssSelectorsEnabled=true, setWindowRect=true, unexpectedAlertBehaviour=}]
Session ID: 2028313237d491aeb171d8b626482fed)

2017-09-28 19:01:57 - [TEST_STEP][PASSED] - delay: Delayed 2 second(s)

2017-09-28 19:01:59 - [MESSAGE][PASSED] - Delayed 2 second(s)

2017-09-28 19:01:59 - [TEST_STEP][PASSED] - mouseOver: Object: 'Object Repository/create material requisition/span_Requisitions' is hovered

2017-09-28 19:01:59 - [MESSAGE][PASSED] - Object: 'Object Repository/create material requisition/span_Requisitions' is hovered

2017-09-28 19:01:59 - [TEST_STEP][PASSED] - delay: Delayed 2 second(s)

2017-09-28 19:02:01 - [MESSAGE][PASSED] - Delayed 2 second(s)

2017-09-28 19:02:01 - [TEST_STEP][PASSED] - mouseOver: Object: 'Object Repository/create material requisition/a_Create Requisition' is hovered

2017-09-28 19:02:01 - [MESSAGE][PASSED] - Object: 'Object Repository/create material requisition/a_Create Requisition' is hovered

2017-09-28 19:02:01 - [TEST_STEP][PASSED] - delay: Delayed 2 second(s)

2017-09-28 19:02:03 - [MESSAGE][PASSED] - Delayed 2 second(s)

2017-09-28 19:02:03 - [TEST_STEP][PASSED] - mouseOver: Object: 'Object Repository/create material requisition/a_Material Requisition' is hovered

2017-09-28 19:02:04 - [MESSAGE][PASSED] - Object: 'Object Repository/create material requisition/a_Material Requisition' is hovered

2017-09-28 19:02:04 - [TEST_STEP][PASSED] - delay: Delayed 2 second(s)

2017-09-28 19:02:06 - [MESSAGE][PASSED] - Delayed 2 second(s)

2017-09-28 19:02:06 - [TEST_STEP][PASSED] - takeScreenshot: Taking screenshot successfully

2017-09-28 19:02:06 - [MESSAGE][PASSED] - Taking screenshot successfully
[[ATTACHMENT|F:\\Katalon_project\\MaxReqMan\\Reports\\TestSuite-CreateMaterialRequisition\\20170928_190137\\1506603726035.png]]

2017-09-28 19:02:06 - [TEST_STEP][PASSED] - click: Object: 'Object Repository/create material requisition/a_Material Requisition' is clicked on

2017-09-28 19:02:06 - [MESSAGE][PASSED] - Object: 'Object Repository/create material requisition/a_Material Requisition' is clicked on

2017-09-28 19:02:06 - [TEST_STEP][PASSED] - waitForPageLoad: Wait for page load successfully

2017-09-28 19:02:06 - [MESSAGE][PASSED] - Wait for page load successfully

2017-09-28 19:02:06 - [TEST_STEP][PASSED] - click: Object: 'Object Repository/Page_Procurement Management  Create/input_requisitionTitle' is clicked on

2017-09-28 19:02:08 - [MESSAGE][PASSED] - Object: 'Object Repository/Page_Procurement Management  Create/input_requisitionTitle' is clicked on

2017-09-28 19:02:08 - [TEST_STEP][PASSED] - setText: Text 'Material Requisition 1A' is set on object 'Object Repository/Page_Procurement Management  Create/input_requisitionTitle'

2017-09-28 19:02:08 - [MESSAGE][PASSED] - Text 'Material Requisition 1A' is set on object 'Object Repository/Page_Procurement Management  Create/input_requisitionTitle'

2017-09-28 19:02:08 - [TEST_STEP][PASSED] - click: Object: 'Object Repository/Page_Procurement Management  Create/requestTo' is clicked on

2017-09-28 19:02:08 - [MESSAGE][PASSED] - Object: 'Object Repository/Page_Procurement Management  Create/requestTo' is clicked on

2017-09-28 19:02:08 - [TEST_STEP][PASSED] - setText: Text 'Fahad Billah (Local Approver)' is set on object 'Object Repository/Page_Procurement Management  Create/requestTo'

2017-09-28 19:02:08 - [MESSAGE][PASSED] - Text 'Fahad Billah (Local Approver)' is set on object 'Object Repository/Page_Procurement Management  Create/requestTo'

2017-09-28 19:02:08 - [TEST_STEP][PASSED] - click: Object: 'Object Repository/Page_Procurement Management  Create/li_Fahad Billah (Local Boss)' is clicked on

2017-09-28 19:02:10 - [MESSAGE][PASSED] - Object: 'Object Repository/Page_Procurement Management  Create/li_Fahad Billah (Local Boss)' is clicked on

2017-09-28 19:02:10 - [TEST_STEP][PASSED] - click: Object: 'Object Repository/Page_Procurement Management  Create/input_receiverName' is clicked on

2017-09-28 19:02:10 - [MESSAGE][PASSED] - Object: 'Object Repository/Page_Procurement Management  Create/input_receiverName' is clicked on

2017-09-28 19:02:10 - [TEST_STEP][PASSED] - setText: Text 'Fahad Billah' is set on object 'Object Repository/Page_Procurement Management  Create/input_receiverName'

2017-09-28 19:02:10 - [MESSAGE][PASSED] - Text 'Fahad Billah' is set on object 'Object Repository/Page_Procurement Management  Create/input_receiverName'

2017-09-28 19:02:10 - [TEST_STEP][PASSED] - click: Object: 'Object Repository/Page_Procurement Management  Create/li_Fahad Billah' is clicked on

2017-09-28 19:02:11 - [MESSAGE][PASSED] - Object: 'Object Repository/Page_Procurement Management  Create/li_Fahad Billah' is clicked on

2017-09-28 19:02:11 - [TEST_STEP][PASSED] - delay: Delayed 2 second(s)

2017-09-28 19:02:13 - [MESSAGE][PASSED] - Delayed 2 second(s)

2017-09-28 19:02:13 - [TEST_STEP][PASSED] - setText: Text 'Mamun Rasid' is set on object 'Object Repository/Page_Procurement Management  Create/input_originalRequesterName (2)'

2017-09-28 19:02:13 - [MESSAGE][PASSED] - Text 'Mamun Rasid' is set on object 'Object Repository/Page_Procurement Management  Create/input_originalRequesterName (2)'

2017-09-28 19:02:13 - [TEST_STEP][PASSED] - setText: Text '01745677420' is set on object 'Object Repository/Page_Procurement Management  Create/input_originalRequesterPhone (1)'

2017-09-28 19:02:14 - [MESSAGE][PASSED] - Text '01745677420' is set on object 'Object Repository/Page_Procurement Management  Create/input_originalRequesterPhone (1)'

2017-09-28 19:02:14 - [TEST_STEP][PASSED] - setText: Text 'Test Team Qa-katalon' is set on object 'Object Repository/Page_Procurement Management  Create/textarea_remarks'

2017-09-28 19:02:14 - [MESSAGE][PASSED] - Text 'Test Team Qa-katalon' is set on object 'Object Repository/Page_Procurement Management  Create/textarea_remarks'

2017-09-28 19:02:14 - [TEST_STEP][PASSED] - delay: Delayed 1 second(s)

2017-09-28 19:02:15 - [MESSAGE][PASSED] - Delayed 1 second(s)

2017-09-28 19:02:15 - [TEST_STEP][PASSED] - click: Object: 'Object Repository/Page_Procurement Management  Create/span_Item Details' is clicked on

2017-09-28 19:02:15 - [MESSAGE][PASSED] - Object: 'Object Repository/Page_Procurement Management  Create/span_Item Details' is clicked on

2017-09-28 19:02:15 - [TEST_STEP][PASSED] - delay: Delayed 1 second(s)

2017-09-28 19:02:16 - [MESSAGE][PASSED] - Delayed 1 second(s)

2017-09-28 19:02:16 - [TEST_STEP][PASSED] - click: Object: 'Object Repository/Page_Procurement Management  Create/CostCenterName' is clicked on

2017-09-28 19:02:16 - [MESSAGE][PASSED] - Object: 'Object Repository/Page_Procurement Management  Create/CostCenterName' is clicked on

2017-09-28 19:02:16 - [TEST_STEP][PASSED] - waitForAngularLoad: Angular is ready.

2017-09-28 19:02:17 - [MESSAGE][PASSED] - Angular is ready.

2017-09-28 19:02:17 - [TEST_STEP][PASSED] - click: Object: 'Object Repository/Page_Procurement Management  Create/a_10100.12 Engineers  Employer' is clicked on

2017-09-28 19:02:18 - [MESSAGE][PASSED] - Object: 'Object Repository/Page_Procurement Management  Create/a_10100.12 Engineers  Employer' is clicked on

2017-09-28 19:02:18 - [TEST_STEP][PASSED] - delay: Delayed 1 second(s)

2017-09-28 19:02:19 - [MESSAGE][PASSED] - Delayed 1 second(s)

2017-09-28 19:02:19 - [TEST_STEP][PASSED] - click: Object: 'Object Repository/Page_Procurement Management  Create/button_OK' is clicked on

2017-09-28 19:02:19 - [MESSAGE][PASSED] - Object: 'Object Repository/Page_Procurement Management  Create/button_OK' is clicked on

2017-09-28 19:02:19 - [TEST_STEP][PASSED] - delay: Delayed 2 second(s)

2017-09-28 19:02:21 - [MESSAGE][PASSED] - Delayed 2 second(s)

2017-09-28 19:02:21 - [TEST_STEP][PASSED] - click: Object: 'Object Repository/Page_Procurement Management  Create/button_btn pull-right btn-defa' is clicked on

2017-09-28 19:02:21 - [MESSAGE][PASSED] - Object: 'Object Repository/Page_Procurement Management  Create/button_btn pull-right btn-defa' is clicked on

2017-09-28 19:02:21 - [TEST_STEP][PASSED] - waitForAngularLoad: Angular is ready.

2017-09-28 19:02:28 - [MESSAGE][PASSED] - Angular is ready.

2017-09-28 19:02:28 - [TEST_STEP][PASSED] - setText: Text 'acv' is set on object 'Object Repository/Page_Procurement Management  Create/input_form-control ng-untouche'

2017-09-28 19:02:28 - [MESSAGE][PASSED] - Text 'acv' is set on object 'Object Repository/Page_Procurement Management  Create/input_form-control ng-untouche'

2017-09-28 19:02:28 - [TEST_STEP][PASSED] - delay: Delayed 2 second(s)

2017-09-28 19:02:30 - [MESSAGE][PASSED] - Delayed 2 second(s)

2017-09-28 19:02:30 - [TEST_STEP][PASSED] - click: Object: 'Object Repository/Page_Procurement Management  Create/a_ACV Measuring Mould' is clicked on

2017-09-28 19:02:30 - [MESSAGE][PASSED] - Object: 'Object Repository/Page_Procurement Management  Create/a_ACV Measuring Mould' is clicked on

2017-09-28 19:02:30 - [TEST_STEP][PASSED] - delay: Delayed 2 second(s)

2017-09-28 19:02:32 - [MESSAGE][PASSED] - Delayed 2 second(s)

2017-09-28 19:02:32 - [TEST_STEP][PASSED] - click: Object: 'Object Repository/Page_Procurement Management  Create/button_OK' is clicked on

2017-09-28 19:02:32 - [MESSAGE][PASSED] - Object: 'Object Repository/Page_Procurement Management  Create/button_OK' is clicked on

2017-09-28 19:02:32 - [TEST_STEP][PASSED] - waitForAngularLoad: Angular is ready.

2017-09-28 19:02:33 - [MESSAGE][PASSED] - Angular is ready.

2017-09-28 19:02:33 - [TEST_STEP][FAILED] - click: Unable to click on object 'Object Repository/Page_Procurement Management  Create/Click specification ID' (Root cause: org.openqa.selenium.WebDriverException: unknown error: Element is not clickable at point (1068, 977)
  (Session info: chrome=61.0.3163.100)
  (Driver info: chromedriver=2.31.488763 (092de99f48a300323ecf8c2a4e2e7cab51de5ba8),platform=Windows NT 10.0.15063 x86_64) (WARNING: The server did not provide any stacktrace information)
Command duration or timeout: 48 milliseconds
Build info: version: '2.53.0', revision: '35ae25b', time: '2016-03-15 17:00:58'
System info: host: 'DESKTOP-1QKO1SP', ip: '192.168.91.52', os.name: 'Windows 10', os.arch: 'amd64', os.version: '10.0', java.version: '1.8.0_102'
Driver info: com.kms.katalon.selenium.driver.CChromeDriver
Capabilities [{applicationCacheEnabled=false, rotatable=false, mobileEmulationEnabled=false, networkConnectionEnabled=false, chrome={chromedriverVersion=2.31.488763 (092de99f48a300323ecf8c2a4e2e7cab51de5ba8), userDataDir=C:\Users\mithu\AppData\Local\Temp\scoped_dir11844_1832}, takesHeapSnapshot=true, pageLoadStrategy=normal, databaseEnabled=false, handlesAlerts=true, hasTouchScreen=false, version=61.0.3163.100, platform=XP, browserConnectionEnabled=false, nativeEvents=true, acceptSslCerts=true, locationContextEnabled=true, webStorageEnabled=true, browserName=chrome, takesScreenshot=true, javascriptEnabled=true, cssSelectorsEnabled=true, setWindowRect=true, unexpectedAlertBehaviour=}]
Session ID: 2028313237d491aeb171d8b626482fed)

2017-09-28 19:02:34 - [MESSAGE][FAILED] - Unable to click on object 'Object Repository/Page_Procurement Management  Create/Click specification ID' (Root cause: org.openqa.selenium.WebDriverException: unknown error: Element is not clickable at point (1068, 977)
  (Session info: chrome=61.0.3163.100)
  (Driver info: chromedriver=2.31.488763 (092de99f48a300323ecf8c2a4e2e7cab51de5ba8),platform=Windows NT 10.0.15063 x86_64) (WARNING: The server did not provide any stacktrace information)
Command duration or timeout: 48 milliseconds
Build info: version: '2.53.0', revision: '35ae25b', time: '2016-03-15 17:00:58'
System info: host: 'DESKTOP-1QKO1SP', ip: '192.168.91.52', os.name: 'Windows 10', os.arch: 'amd64', os.version: '10.0', java.version: '1.8.0_102'
Driver info: com.kms.katalon.selenium.driver.CChromeDriver
Capabilities [{applicationCacheEnabled=false, rotatable=false, mobileEmulationEnabled=false, networkConnectionEnabled=false, chrome={chromedriverVersion=2.31.488763 (092de99f48a300323ecf8c2a4e2e7cab51de5ba8), userDataDir=C:\Users\mithu\AppData\Local\Temp\scoped_dir11844_1832}, takesHeapSnapshot=true, pageLoadStrategy=normal, databaseEnabled=false, handlesAlerts=true, hasTouchScreen=false, version=61.0.3163.100, platform=XP, browserConnectionEnabled=false, nativeEvents=true, acceptSslCerts=true, locationContextEnabled=true, webStorageEnabled=true, browserName=chrome, takesScreenshot=true, javascriptEnabled=true, cssSelectorsEnabled=true, setWindowRect=true, unexpectedAlertBehaviour=}]
Session ID: 2028313237d491aeb171d8b626482fed)
[[ATTACHMENT|F:\\Katalon_project\\MaxReqMan\\Reports\\TestSuite-CreateMaterialRequisition\\20170928_190137\\1506603753745.png]]

2017-09-28 19:02:34 - [TEST_STEP][PASSED] - delay: Delayed 1 second(s)

2017-09-28 19:02:35 - [MESSAGE][PASSED] - Delayed 1 second(s)

2017-09-28 19:02:35 - [TEST_STEP][PASSED] - click: Object: 'Object Repository/Page_Procurement Management  Create/select_specificationId' is clicked on

2017-09-28 19:02:35 - [MESSAGE][PASSED] - Object: 'Object Repository/Page_Procurement Management  Create/select_specificationId' is clicked on

2017-09-28 19:02:35 - [TEST_STEP][PASSED] - delay: Delayed 1 second(s)

2017-09-28 19:02:36 - [MESSAGE][PASSED] - Delayed 1 second(s)

2017-09-28 19:02:36 - [TEST_STEP][PASSED] - click: Object: 'Object Repository/Page_Procurement Management  Create/Click Size ID' is clicked on

2017-09-28 19:02:36 - [MESSAGE][PASSED] - Object: 'Object Repository/Page_Procurement Management  Create/Click Size ID' is clicked on

2017-09-28 19:02:36 - [TEST_STEP][PASSED] - delay: Delayed 1 second(s)

2017-09-28 19:02:37 - [MESSAGE][PASSED] - Delayed 1 second(s)

2017-09-28 19:02:37 - [TEST_STEP][PASSED] - click: Object: 'Object Repository/Page_Procurement Management  Create/select_sizeId' is clicked on

2017-09-28 19:02:37 - [MESSAGE][PASSED] - Object: 'Object Repository/Page_Procurement Management  Create/select_sizeId' is clicked on

2017-09-28 19:02:37 - [TEST_STEP][PASSED] - delay: Delayed 1 second(s)

2017-09-28 19:02:38 - [MESSAGE][PASSED] - Delayed 1 second(s)

2017-09-28 19:02:38 - [TEST_STEP][PASSED] - click: Object: 'Object Repository/Page_Procurement Management  Create/click color Id' is clicked on

2017-09-28 19:02:38 - [MESSAGE][PASSED] - Object: 'Object Repository/Page_Procurement Management  Create/click color Id' is clicked on

2017-09-28 19:02:38 - [TEST_STEP][PASSED] - delay: Delayed 1 second(s)

2017-09-28 19:02:39 - [MESSAGE][PASSED] - Delayed 1 second(s)

2017-09-28 19:02:39 - [TEST_STEP][PASSED] - click: Object: 'Object Repository/Page_Procurement Management  Create/select_colorId' is clicked on

2017-09-28 19:02:39 - [MESSAGE][PASSED] - Object: 'Object Repository/Page_Procurement Management  Create/select_colorId' is clicked on

2017-09-28 19:02:39 - [TEST_STEP][FAILED] - click: Unable to click on object 'Object Repository/create material requisition/Page_Procurement Management  Create/i_glyphicon glyphicon-calendar' (Root cause: com.kms.katalon.core.webui.exception.WebElementNotFoundException: Web element with id: 'Object Repository/create material requisition/Page_Procurement Management  Create/i_glyphicon glyphicon-calendar' located by 'By.xpath: //i[count(. | id("accordiongroup-571-1203-panel")/div[@class="panel-body"]/div[@class="form-group ng-scope has-success"]/div[@class="col-md-6"]/p[@class="input-group"]/span[@class="input-group-btn"]/button[@class="btn btn-default"]/i[@class="glyphicon glyphicon-calendar"]) = count(id("accordiongroup-571-1203-panel")/div[@class="panel-body"]/div[@class="form-group ng-scope has-success"]/div[@class="col-md-6"]/p[@class="input-group"]/span[@class="input-group-btn"]/button[@class="btn btn-default"]/i[@class="glyphicon glyphicon-calendar"])]' not found)

2017-09-28 19:02:55 - [MESSAGE][FAILED] - Unable to click on object 'Object Repository/create material requisition/Page_Procurement Management  Create/i_glyphicon glyphicon-calendar' (Root cause: com.kms.katalon.core.webui.exception.WebElementNotFoundException: Web element with id: 'Object Repository/create material requisition/Page_Procurement Management  Create/i_glyphicon glyphicon-calendar' located by 'By.xpath: //i[count(. | id("accordiongroup-571-1203-panel")/div[@class="panel-body"]/div[@class="form-group ng-scope has-success"]/div[@class="col-md-6"]/p[@class="input-group"]/span[@class="input-group-btn"]/button[@class="btn btn-default"]/i[@class="glyphicon glyphicon-calendar"]) = count(id("accordiongroup-571-1203-panel")/div[@class="panel-body"]/div[@class="form-group ng-scope has-success"]/div[@class="col-md-6"]/p[@class="input-group"]/span[@class="input-group-btn"]/button[@class="btn btn-default"]/i[@class="glyphicon glyphicon-calendar"])]' not found)
[[ATTACHMENT|F:\\Katalon_project\\MaxReqMan\\Reports\\TestSuite-CreateMaterialRequisition\\20170928_190137\\1506603775262.png]]

2017-09-28 19:02:55 - [TEST_STEP][FAILED] - click: Unable to click on object 'Object Repository/create material requisition/Page_Procurement Management  Create/button_btn btn-default btn-sm' (Root cause: com.kms.katalon.core.webui.exception.WebElementNotFoundException: Web element with id: 'Object Repository/create material requisition/Page_Procurement Management  Create/button_btn btn-default btn-sm' located by 'By.xpath: //button[count(. | id("datepicker-626-3948-16")/button[@class="btn btn-default btn-sm"]) = count(id("datepicker-626-3948-16")/button[@class="btn btn-default btn-sm"])][count(. | //*[@type = 'button']) = count(//*[@type = 'button'])]' not found)

2017-09-28 19:03:11 - [MESSAGE][FAILED] - Unable to click on object 'Object Repository/create material requisition/Page_Procurement Management  Create/button_btn btn-default btn-sm' (Root cause: com.kms.katalon.core.webui.exception.WebElementNotFoundException: Web element with id: 'Object Repository/create material requisition/Page_Procurement Management  Create/button_btn btn-default btn-sm' located by 'By.xpath: //button[count(. | id("datepicker-626-3948-16")/button[@class="btn btn-default btn-sm"]) = count(id("datepicker-626-3948-16")/button[@class="btn btn-default btn-sm"])][count(. | //*[@type = 'button']) = count(//*[@type = 'button'])]' not found)
[[ATTACHMENT|F:\\Katalon_project\\MaxReqMan\\Reports\\TestSuite-CreateMaterialRequisition\\20170928_190137\\1506603790994.png]]

2017-09-28 19:03:11 - [TEST_STEP][FAILED] - check: Unable to check object 'Object Repository/create material requisition/Page_Procurement Management  Create/span_box' (Root cause: com.kms.katalon.core.webui.exception.WebElementNotFoundException: Web element with id: 'Object Repository/create material requisition/Page_Procurement Management  Create/span_box' located by 'By.xpath: //span[count(. | id("accordiongroup-571-1203-panel")/div[@class="panel-body"]/div[@class="form-group form-md-line-input ng-scope"]/div[@class="col-md-6"]/div[@class="md-radio-inline"]/div[@class="md-radio"]/label[1]/span[@class="box"]) = count(id("accordiongroup-571-1203-panel")/div[@class="panel-body"]/div[@class="form-group form-md-line-input ng-scope"]/div[@class="col-md-6"]/div[@class="md-radio-inline"]/div[@class="md-radio"]/label[1]/span[@class="box"])]' not found)

2017-09-28 19:03:27 - [MESSAGE][FAILED] - Unable to check object 'Object Repository/create material requisition/Page_Procurement Management  Create/span_box' (Root cause: com.kms.katalon.core.webui.exception.WebElementNotFoundException: Web element with id: 'Object Repository/create material requisition/Page_Procurement Management  Create/span_box' located by 'By.xpath: //span[count(. | id("accordiongroup-571-1203-panel")/div[@class="panel-body"]/div[@class="form-group form-md-line-input ng-scope"]/div[@class="col-md-6"]/div[@class="md-radio-inline"]/div[@class="md-radio"]/label[1]/span[@class="box"]) = count(id("accordiongroup-571-1203-panel")/div[@class="panel-body"]/div[@class="form-group form-md-line-input ng-scope"]/div[@class="col-md-6"]/div[@class="md-radio-inline"]/div[@class="md-radio"]/label[1]/span[@class="box"])]' not found)
[[ATTACHMENT|F:\\Katalon_project\\MaxReqMan\\Reports\\TestSuite-CreateMaterialRequisition\\20170928_190137\\1506603806822.png]]

2017-09-28 19:03:27 - [TEST_STEP][FAILED] - check: Unable to check object 'Object Repository/create material requisition/Page_Procurement Management  Create/span_check' (Root cause: com.kms.katalon.core.webui.exception.WebElementNotFoundException: Web element with id: 'Object Repository/create material requisition/Page_Procurement Management  Create/span_check' located by 'By.xpath: //span[count(. | id("accordiongroup-571-1203-panel")/div[@class="panel-body"]/div[@class="form-group form-md-line-input ng-scope"]/div[@class="col-md-6"]/div[@class="md-radio-inline"]/div[@class="md-radio"]/label[1]/span[@class="check"]) = count(id("accordiongroup-571-1203-panel")/div[@class="panel-body"]/div[@class="form-group form-md-line-input ng-scope"]/div[@class="col-md-6"]/div[@class="md-radio-inline"]/div[@class="md-radio"]/label[1]/span[@class="check"])]' not found)

2017-09-28 19:03:43 - [MESSAGE][FAILED] - Unable to check object 'Object Repository/create material requisition/Page_Procurement Management  Create/span_check' (Root cause: com.kms.katalon.core.webui.exception.WebElementNotFoundException: Web element with id: 'Object Repository/create material requisition/Page_Procurement Management  Create/span_check' located by 'By.xpath: //span[count(. | id("accordiongroup-571-1203-panel")/div[@class="panel-body"]/div[@class="form-group form-md-line-input ng-scope"]/div[@class="col-md-6"]/div[@class="md-radio-inline"]/div[@class="md-radio"]/label[1]/span[@class="check"]) = count(id("accordiongroup-571-1203-panel")/div[@class="panel-body"]/div[@class="form-group form-md-line-input ng-scope"]/div[@class="col-md-6"]/div[@class="md-radio-inline"]/div[@class="md-radio"]/label[1]/span[@class="check"])]' not found)
[[ATTACHMENT|F:\\Katalon_project\\MaxReqMan\\Reports\\TestSuite-CreateMaterialRequisition\\20170928_190137\\1506603822755.png]]

2017-09-28 19:03:43 - [TEST_STEP][FAILED] - check: Unable to check object 'Object Repository/create material requisition/Page_Procurement Management  Create/span_box' (Root cause: com.kms.katalon.core.webui.exception.WebElementNotFoundException: Web element with id: 'Object Repository/create material requisition/Page_Procurement Management  Create/span_box' located by 'By.xpath: //span[count(. | id("accordiongroup-571-1203-panel")/div[@class="panel-body"]/div[@class="form-group form-md-line-input ng-scope"]/div[@class="col-md-6"]/div[@class="md-radio-inline"]/div[@class="md-radio"]/label[1]/span[@class="box"]) = count(id("accordiongroup-571-1203-panel")/div[@class="panel-body"]/div[@class="form-group form-md-line-input ng-scope"]/div[@class="col-md-6"]/div[@class="md-radio-inline"]/div[@class="md-radio"]/label[1]/span[@class="box"])]' not found)

2017-09-28 19:03:59 - [MESSAGE][FAILED] - Unable to check object 'Object Repository/create material requisition/Page_Procurement Management  Create/span_box' (Root cause: com.kms.katalon.core.webui.exception.WebElementNotFoundException: Web element with id: 'Object Repository/create material requisition/Page_Procurement Management  Create/span_box' located by 'By.xpath: //span[count(. | id("accordiongroup-571-1203-panel")/div[@class="panel-body"]/div[@class="form-group form-md-line-input ng-scope"]/div[@class="col-md-6"]/div[@class="md-radio-inline"]/div[@class="md-radio"]/label[1]/span[@class="box"]) = count(id("accordiongroup-571-1203-panel")/div[@class="panel-body"]/div[@class="form-group form-md-line-input ng-scope"]/div[@class="col-md-6"]/div[@class="md-radio-inline"]/div[@class="md-radio"]/label[1]/span[@class="box"])]' not found)
[[ATTACHMENT|F:\\Katalon_project\\MaxReqMan\\Reports\\TestSuite-CreateMaterialRequisition\\20170928_190137\\1506603838805.png]]

2017-09-28 19:03:59 - [TEST_STEP][PASSED] - setText: Text 'mkGhost' is set on object 'Object Repository/Page_Procurement Management  Create/input_receiverNameTemp'

2017-09-28 19:03:59 - [MESSAGE][PASSED] - Text 'mkGhost' is set on object 'Object Repository/Page_Procurement Management  Create/input_receiverNameTemp'

2017-09-28 19:03:59 - [TEST_STEP][PASSED] - setText: Text '20no road mohakhali DOHS' is set on object 'Object Repository/Page_Procurement Management  Create/input_receivingAddress'

2017-09-28 19:03:59 - [MESSAGE][PASSED] - Text '20no road mohakhali DOHS' is set on object 'Object Repository/Page_Procurement Management  Create/input_receivingAddress'

2017-09-28 19:03:59 - [TEST_STEP][PASSED] - setText: Text '250' is set on object 'Object Repository/Page_Procurement Management  Create/input_quantity'

2017-09-28 19:03:59 - [MESSAGE][PASSED] - Text '250' is set on object 'Object Repository/Page_Procurement Management  Create/input_quantity'

2017-09-28 19:03:59 - [TEST_STEP][PASSED] - setText: Text 'Test Item' is set on object 'Object Repository/Page_Procurement Management  Create/input_itemDesc'

2017-09-28 19:04:00 - [MESSAGE][PASSED] - Text 'Test Item' is set on object 'Object Repository/Page_Procurement Management  Create/input_itemDesc'

2017-09-28 19:04:00 - [TEST_STEP][PASSED] - delay: Delayed 1 second(s)

2017-09-28 19:04:01 - [MESSAGE][PASSED] - Delayed 1 second(s)

2017-09-28 19:04:01 - [TEST_STEP][PASSED] - click: Object: 'Object Repository/Page_Procurement Management  Create/button_Add Item' is clicked on

2017-09-28 19:04:01 - [MESSAGE][PASSED] - Object: 'Object Repository/Page_Procurement Management  Create/button_Add Item' is clicked on

2017-09-28 19:04:01 - [TEST_STEP][PASSED] - delay: Delayed 1 second(s)

2017-09-28 19:04:02 - [MESSAGE][PASSED] - Delayed 1 second(s)

2017-09-28 19:04:02 - [TEST_STEP][PASSED] - click: Object: 'Object Repository/Page_Procurement Management  Create/button_Submit' is clicked on

2017-09-28 19:04:02 - [MESSAGE][PASSED] - Object: 'Object Repository/Page_Procurement Management  Create/button_Submit' is clicked on

2017-09-28 19:04:02 - [TEST_STEP][PASSED] - delay: Delayed 1 second(s)

2017-09-28 19:04:03 - [MESSAGE][PASSED] - Delayed 1 second(s)

2017-09-28 19:04:03 - [TEST_STEP][PASSED] - click: Object: 'Object Repository/Page_Procurement Management  Create/button_Cancel' is clicked on

2017-09-28 19:04:03 - [MESSAGE][PASSED] - Object: 'Object Repository/Page_Procurement Management  Create/button_Cancel' is clicked on

2017-09-28 19:04:03 - [TEST_STEP][PASSED] - delay: Delayed 1 second(s)

2017-09-28 19:04:04 - [MESSAGE][PASSED] - Delayed 1 second(s)

2017-09-28 19:04:04 - [TEST_STEP][PASSED] - click: Object: 'Object Repository/Page_Procurement Management  Create/button_Submit (1)' is clicked on

2017-09-28 19:04:04 - [MESSAGE][PASSED] - Object: 'Object Repository/Page_Procurement Management  Create/button_Submit (1)' is clicked on

2017-09-28 19:04:04 - [TEST_STEP][PASSED] - delay: Delayed 1 second(s)

2017-09-28 19:04:05 - [MESSAGE][PASSED] - Delayed 1 second(s)

2017-09-28 19:04:05 - [TEST_STEP][PASSED] - click: Object: 'Object Repository/Page_Procurement Management  Create/button_Submit_popUp' is clicked on

2017-09-28 19:04:05 - [MESSAGE][PASSED] - Object: 'Object Repository/Page_Procurement Management  Create/button_Submit_popUp' is clicked on

2017-09-28 19:04:05 - [TEST_STEP][PASSED] - takeScreenshot: Taking screenshot successfully

2017-09-28 19:04:05 - [MESSAGE][PASSED] - Taking screenshot successfully
[[ATTACHMENT|F:\\Katalon_project\\MaxReqMan\\Reports\\TestSuite-CreateMaterialRequisition\\20170928_190137\\1506603845608.png]]]]></system-out>
         <system-err><![CDATA[2017-09-28 19:01:57 - [TEST_CASE][FAILED] - Test Cases/CreateMaterialRequisition: Test Cases/CreateMaterialRequisition FAILED because (of) Unable to click on object 'Object Repository/Page_Procurement Management  Create/Click specification ID' (Root cause: org.openqa.selenium.WebDriverException: unknown error: Element is not clickable at point (1068, 977)
  (Session info: chrome=61.0.3163.100)
  (Driver info: chromedriver=2.31.488763 (092de99f48a300323ecf8c2a4e2e7cab51de5ba8),platform=Windows NT 10.0.15063 x86_64) (WARNING: The server did not provide any stacktrace information)
Command duration or timeout: 48 milliseconds
Build info: version: '2.53.0', revision: '35ae25b', time: '2016-03-15 17:00:58'
System info: host: 'DESKTOP-1QKO1SP', ip: '192.168.91.52', os.name: 'Windows 10', os.arch: 'amd64', os.version: '10.0', java.version: '1.8.0_102'
Driver info: com.kms.katalon.selenium.driver.CChromeDriver
Capabilities [{applicationCacheEnabled=false, rotatable=false, mobileEmulationEnabled=false, networkConnectionEnabled=false, chrome={chromedriverVersion=2.31.488763 (092de99f48a300323ecf8c2a4e2e7cab51de5ba8), userDataDir=C:\Users\mithu\AppData\Local\Temp\scoped_dir11844_1832}, takesHeapSnapshot=true, pageLoadStrategy=normal, databaseEnabled=false, handlesAlerts=true, hasTouchScreen=false, version=61.0.3163.100, platform=XP, browserConnectionEnabled=false, nativeEvents=true, acceptSslCerts=true, locationContextEnabled=true, webStorageEnabled=true, browserName=chrome, takesScreenshot=true, javascriptEnabled=true, cssSelectorsEnabled=true, setWindowRect=true, unexpectedAlertBehaviour=}]
Session ID: 2028313237d491aeb171d8b626482fed)]]></system-err>
      </testcase>
      <system-out><![CDATA[2017-09-28 19:01:38 - [TEST_SUITE][FAILED] - TestSuite-CreateMaterialRequisition: Test Cases/Login FAILED because (of) Text 'Select A Role' is not present on page]]></system-out>
      <system-err><![CDATA[2017-09-28 19:01:38 - [TEST_SUITE][FAILED] - TestSuite-CreateMaterialRequisition: Test Cases/Login FAILED because (of) Text 'Select A Role' is not present on page]]></system-err>
   </testsuite>
</testsuites>
