{"devicePlatform":"","logFolder":"F:\\Katalon_project\\MaxReqMan\\Reports\\SelectRole\\20170916_122836","runData":{"hostName":"mithu - DESKTOP-1QKO1SP","os":"Windows 10 64bit","katalonVersion":"4.8.0.2","browser":"Chrome 60.0.3112.113","hostAddress":"192.168.91.161","sessionId":"7bd8453541a913da6fc0d4b924ae159d","seleniumVersion":"2.53.0","proxyInformation":"ProxyInformation{proxyOption\u003dNO_PROXY, proxyServerType\u003dHTTP, password\u003d, proxyServerAddress\u003d, proxyServerPort\u003d0}","platform":"Windows 10"},"type":"TEST_SUITE","name":"SelectRole","id":"Test Suites/SelectRole","source":"","message":"Test Cases/SelectRole FAILED because (of) Unable to select option by value \u00272_60_4\u0027 of object \u0027Object Repository/Page_Procurement Management  Role S/select_input\u0027  using regular expression (Root cause: com.kms.katalon.core.webui.exception.WebElementNotFoundException: Web element with id: \u0027Object Repository/Page_Procurement Management  Role S/select_input\u0027 located by \u0027By.xpath: //select[count(. | //*[@id \u003d \u0027input\u0027]) \u003d count(//*[@id \u003d \u0027input\u0027])]\u0027 not found)","description":"","startTime":1505543317432,"endTime":1505543389123,"childRecords":[{"isOptional":false,"type":"TEST_CASE","name":"Test Cases/Login","id":"Test Cases/Login","source":"F:\\\\Katalon_project\\\\MaxReqManTest Cases\\\\Login.tc","message":"Test Cases/Login","description":"","startTime":1505543317695,"endTime":1505543332898,"childRecords":[{"testStatus":{"stackTrace":"","statusValue":"INFO"},"type":"MESSAGE","name":"","message":"Evaluating variables for test case","startTime":1505543317799,"endTime":0,"childRecords":[],"interuppted":false},{"index":1,"isIgnoredIfFailed":false,"type":"TEST_STEP","name":"openBrowser","message":"Browser is opened with url: \u0027\u0027","description":"","startTime":1505543318054,"endTime":1505543321096,"childRecords":[{"testStatus":{"stackTrace":"","statusValue":"PASSED"},"type":"MESSAGE","name":"","message":"Browser is opened with url: \u0027\u0027","startTime":1505543321096,"endTime":0,"childRecords":[],"interuppted":false}],"interuppted":false},{"index":2,"isIgnoredIfFailed":false,"type":"TEST_STEP","name":"maximizeWindow","message":"Current window maximized","description":"","startTime":1505543321096,"endTime":1505543322312,"childRecords":[{"testStatus":{"stackTrace":"","statusValue":"PASSED"},"type":"MESSAGE","name":"","message":"Current window maximized","startTime":1505543322310,"endTime":0,"childRecords":[],"interuppted":false}],"interuppted":false},{"index":3,"isIgnoredIfFailed":false,"type":"TEST_STEP","name":"navigateToUrl","message":"Navigate to \u0027http://beta-requisition.maxrailwaytrack.com/\u0027 successfully","description":"","startTime":1505543322312,"endTime":1505543332395,"childRecords":[{"testStatus":{"stackTrace":"","statusValue":"PASSED"},"type":"MESSAGE","name":"","message":"Navigate to \u0027http://beta-requisition.maxrailwaytrack.com/\u0027 successfully","startTime":1505543332394,"endTime":0,"childRecords":[],"interuppted":false}],"interuppted":false},{"index":4,"isIgnoredIfFailed":false,"type":"TEST_STEP","name":"setText","message":"Text \u0027fahadbillah@yahoo.com\u0027 is set on object \u0027Object Repository/Page_MaxGroup Login/input_username\u0027","description":"","startTime":1505543332396,"endTime":1505543332637,"childRecords":[{"testStatus":{"stackTrace":"","statusValue":"PASSED"},"type":"MESSAGE","name":"","message":"Text \u0027fahadbillah@yahoo.com\u0027 is set on object \u0027Object Repository/Page_MaxGroup Login/input_username\u0027","startTime":1505543332637,"endTime":0,"childRecords":[],"interuppted":false}],"interuppted":false},{"index":5,"isIgnoredIfFailed":false,"type":"TEST_STEP","name":"setText","message":"Text \u0027123\u0027 is set on object \u0027Object Repository/Page_MaxGroup Login/input_password\u0027","description":"","startTime":1505543332638,"endTime":1505543332758,"childRecords":[{"testStatus":{"stackTrace":"","statusValue":"PASSED"},"type":"MESSAGE","name":"","message":"Text \u0027123\u0027 is set on object \u0027Object Repository/Page_MaxGroup Login/input_password\u0027","startTime":1505543332758,"endTime":0,"childRecords":[],"interuppted":false}],"interuppted":false},{"index":6,"isIgnoredIfFailed":false,"type":"TEST_STEP","name":"click","message":"Object: \u0027Object Repository/Page_MaxGroup Login/button_Login\u0027 is clicked on","description":"","startTime":1505543332758,"endTime":1505543332897,"childRecords":[{"testStatus":{"stackTrace":"","statusValue":"PASSED"},"type":"MESSAGE","name":"","message":"Object: \u0027Object Repository/Page_MaxGroup Login/button_Login\u0027 is clicked on","startTime":1505543332896,"endTime":0,"childRecords":[],"interuppted":false}],"interuppted":false},{"testStatus":{"stackTrace":"","statusValue":"PASSED"},"type":"MESSAGE","name":"","message":"Test Cases/Login","startTime":1505543332897,"endTime":0,"childRecords":[],"interuppted":false}],"interuppted":false},{"isOptional":false,"type":"TEST_CASE","name":"Test Cases/SelectRole","id":"Test Cases/SelectRole","source":"F:\\\\Katalon_project\\\\MaxReqManTest Cases\\\\SelectRole.tc","message":"Test Cases/SelectRole FAILED because (of) Unable to select option by value \u00272_60_4\u0027 of object \u0027Object Repository/Page_Procurement Management  Role S/select_input\u0027  using regular expression (Root cause: com.kms.katalon.core.webui.exception.WebElementNotFoundException: Web element with id: \u0027Object Repository/Page_Procurement Management  Role S/select_input\u0027 located by \u0027By.xpath: //select[count(. | //*[@id \u003d \u0027input\u0027]) \u003d count(//*[@id \u003d \u0027input\u0027])]\u0027 not found)","description":"","startTime":1505543332951,"endTime":1505543388099,"childRecords":[{"testStatus":{"stackTrace":"","statusValue":"INFO"},"type":"MESSAGE","name":"","message":"Evaluating variables for test case","startTime":1505543332962,"endTime":0,"childRecords":[],"interuppted":false},{"index":1,"isIgnoredIfFailed":false,"type":"TEST_STEP","name":"delay","message":"Delayed 5 second(s)","description":"","startTime":1505543333139,"endTime":1505543338158,"childRecords":[{"testStatus":{"stackTrace":"","statusValue":"PASSED"},"type":"MESSAGE","name":"","message":"Delayed 5 second(s)","startTime":1505543338157,"endTime":0,"childRecords":[],"interuppted":false}],"interuppted":false},{"attachment":"1505543387647.png","index":2,"isIgnoredIfFailed":false,"type":"TEST_STEP","name":"selectOptionByValue","message":"Unable to select option by value \u00272_60_4\u0027 of object \u0027Object Repository/Page_Procurement Management  Role S/select_input\u0027  using regular expression (Root cause: com.kms.katalon.core.webui.exception.WebElementNotFoundException: Web element with id: \u0027Object Repository/Page_Procurement Management  Role S/select_input\u0027 located by \u0027By.xpath: //select[count(. | //*[@id \u003d \u0027input\u0027]) \u003d count(//*[@id \u003d \u0027input\u0027])]\u0027 not found)","description":"","startTime":1505543338159,"endTime":1505543388097,"childRecords":[{"testStatus":{"stackTrace":"","statusValue":"FAILED"},"attachment":"1505543387647.png","type":"MESSAGE","name":"","message":"Unable to select option by value \u00272_60_4\u0027 of object \u0027Object Repository/Page_Procurement Management  Role S/select_input\u0027  using regular expression (Root cause: com.kms.katalon.core.webui.exception.WebElementNotFoundException: Web element with id: \u0027Object Repository/Page_Procurement Management  Role S/select_input\u0027 located by \u0027By.xpath: //select[count(. | //*[@id \u003d \u0027input\u0027]) \u003d count(//*[@id \u003d \u0027input\u0027])]\u0027 not found)","startTime":1505543388096,"endTime":0,"childRecords":[],"interuppted":false}],"interuppted":false},{"testStatus":{"stackTrace":"","statusValue":"FAILED"},"type":"MESSAGE","name":"","message":"Test Cases/SelectRole FAILED because (of) Unable to select option by value \u00272_60_4\u0027 of object \u0027Object Repository/Page_Procurement Management  Role S/select_input\u0027  using regular expression (Root cause: com.kms.katalon.core.webui.exception.WebElementNotFoundException: Web element with id: \u0027Object Repository/Page_Procurement Management  Role S/select_input\u0027 located by \u0027By.xpath: //select[count(. | //*[@id \u003d \u0027input\u0027]) \u003d count(//*[@id \u003d \u0027input\u0027])]\u0027 not found)","startTime":1505543388098,"endTime":0,"childRecords":[],"interuppted":false}],"interuppted":false}],"interuppted":false}