<?xml version="1.0" encoding="UTF-8"?>
<testsuites name="TestSuite-CreateMaterialRequisition" time="90" tests="2" failures="1" errors="0">
   <testsuite name="TestSuite-CreateMaterialRequisition" tests="2" failures="1" errors="0" time="90" timestamp="2017-09-18 18:00:30" hostname="mithu - DESKTOP-1QKO1SP" id="Test Suites/TestSuite-CreateMaterialRequisition">
      <properties>
         <property name="deviceName" value=""/>
         <property name="devicePlatform" value=""/>
         <property name="logFolder" value="F:\\Katalon_project\\MaxReqMan\\Reports\\TestSuite-CreateMaterialRequisition\\20170918_180029"/>
         <property name="logFiles" value="F:\\Katalon_project\\MaxReqMan\\Reports\\TestSuite-CreateMaterialRequisition\\20170918_180029\\execution0.log"/>
         <property name="attachments" value="F:\\Katalon_project\\MaxReqMan\\Reports\\TestSuite-CreateMaterialRequisition\\20170918_180029\\1505736091234.png, F:\\Katalon_project\\MaxReqMan\\Reports\\TestSuite-CreateMaterialRequisition\\20170918_180029\\1505736093811.png, F:\\Katalon_project\\MaxReqMan\\Reports\\TestSuite-CreateMaterialRequisition\\20170918_180029\\1505736096386.png, F:\\Katalon_project\\MaxReqMan\\Reports\\TestSuite-CreateMaterialRequisition\\20170918_180029\\1505736117808.png"/>
         <property name="hostName" value="mithu - DESKTOP-1QKO1SP"/>
         <property name="os" value="Windows 10 64bit"/>
         <property name="katalonVersion" value="4.8.0.2"/>
         <property name="browser" value="Chrome 60.0.3112.113"/>
         <property name="hostAddress" value="192.168.91.161"/>
         <property name="sessionId" value="5af9b58845fb5f8b1b349159997c9770"/>
         <property name="seleniumVersion" value="2.53.0"/>
         <property name="proxyInformation" value="ProxyInformation{proxyOption=NO_PROXY, proxyServerType=HTTP, password=, proxyServerAddress=, proxyServerPort=0}"/>
         <property name="platform" value="Windows 10"/>
      </properties>
      <testcase name="Test Cases/Login" classname="Test Cases/Login" status="PASSED">
         <system-out><![CDATA[2017-09-18 18:00:31 - [TEST_CASE][PASSED] - Test Cases/Login: Test Cases/Login

2017-09-18 18:00:31 - [TEST_STEP][PASSED] - openBrowser: Browser is opened with url: ''

2017-09-18 18:00:34 - [MESSAGE][PASSED] - Browser is opened with url: ''

2017-09-18 18:00:34 - [TEST_STEP][PASSED] - maximizeWindow: Current window maximized

2017-09-18 18:00:35 - [MESSAGE][PASSED] - Current window maximized

2017-09-18 18:00:35 - [TEST_STEP][PASSED] - navigateToUrl: Navigate to 'http://beta-requisition.maxrailwaytrack.com/' successfully

2017-09-18 18:00:41 - [MESSAGE][PASSED] - Navigate to 'http://beta-requisition.maxrailwaytrack.com/' successfully

2017-09-18 18:00:41 - [TEST_STEP][PASSED] - setText: Text 'fahadbillah@yahoo.com' is set on object 'Object Repository/Page_MaxGroup Login/input_username'

2017-09-18 18:00:41 - [MESSAGE][PASSED] - Text 'fahadbillah@yahoo.com' is set on object 'Object Repository/Page_MaxGroup Login/input_username'

2017-09-18 18:00:41 - [TEST_STEP][PASSED] - setText: Text '123' is set on object 'Object Repository/Page_MaxGroup Login/input_password'

2017-09-18 18:00:41 - [MESSAGE][PASSED] - Text '123' is set on object 'Object Repository/Page_MaxGroup Login/input_password'

2017-09-18 18:00:41 - [TEST_STEP][PASSED] - click: Object: 'Object Repository/Page_MaxGroup Login/button_Login' is clicked on

2017-09-18 18:00:41 - [MESSAGE][PASSED] - Object: 'Object Repository/Page_MaxGroup Login/button_Login' is clicked on]]></system-out>
         <system-err><![CDATA[]]></system-err>
      </testcase>
      <testcase name="Test Cases/SelectRole" classname="Test Cases/SelectRole" status="PASSED">
         <system-out><![CDATA[2017-09-18 18:00:41 - [TEST_CASE][PASSED] - Test Cases/SelectRole: Test Cases/SelectRole

2017-09-18 18:00:42 - [TEST_STEP][PASSED] - delay: Delayed 5 second(s)

2017-09-18 18:00:47 - [MESSAGE][PASSED] - Delayed 5 second(s)

2017-09-18 18:00:47 - [TEST_STEP][PASSED] - click: Object: 'Object Repository/Page_Procurement Management  Role S/select_input' is clicked on

2017-09-18 18:00:47 - [MESSAGE][PASSED] - Object: 'Object Repository/Page_Procurement Management  Role S/select_input' is clicked on

2017-09-18 18:00:47 - [TEST_STEP][PASSED] - click: Object: 'Object Repository/Page_Procurement Management  Role S/option_Requester at CDA' is clicked on

2017-09-18 18:00:47 - [MESSAGE][PASSED] - Object: 'Object Repository/Page_Procurement Management  Role S/option_Requester at CDA' is clicked on

2017-09-18 18:00:47 - [TEST_STEP][PASSED] - click: Object: 'Object Repository/Page_Procurement Management  Role S/button_Enter' is clicked on

2017-09-18 18:00:47 - [MESSAGE][PASSED] - Object: 'Object Repository/Page_Procurement Management  Role S/button_Enter' is clicked on]]></system-out>
         <system-err><![CDATA[]]></system-err>
      </testcase>
      <testcase name="Test Cases/CreateMaterialRequisition" classname="Test Cases/CreateMaterialRequisition" status="FAILED">
         <failure type="FAILED" message="Unable to select option by value '{&quot;idSpecifications&quot;:&quot;4201&quot;,&quot;specificationName&quot;:&quot;Spec 2&quot;}' of object 'Object Repository/Page_Procurement Management  Create/select_specificationId'  using regular expression (Root cause: org.openqa.selenium.support.ui.UnexpectedTagNameException: Element should have been &quot;select&quot; but was &quot;option&quot;
Build info: version: '2.53.0', revision: '35ae25b', time: '2016-03-15 17:00:58'
System info: host: 'DESKTOP-1QKO1SP', ip: '192.168.91.161', os.name: 'Windows 10', os.arch: 'amd64', os.version: '10.0', java.version: '1.8.0_102'
Driver info: driver.version: unknown)"/>
         <system-out><![CDATA[2017-09-18 18:00:47 - [TEST_CASE][FAILED] - Test Cases/CreateMaterialRequisition: Test Cases/CreateMaterialRequisition FAILED because (of) Unable to select option by value '{"idSpecifications":"4201","specificationName":"Spec 2"}' of object 'Object Repository/Page_Procurement Management  Create/select_specificationId'  using regular expression (Root cause: org.openqa.selenium.support.ui.UnexpectedTagNameException: Element should have been "select" but was "option"
Build info: version: '2.53.0', revision: '35ae25b', time: '2016-03-15 17:00:58'
System info: host: 'DESKTOP-1QKO1SP', ip: '192.168.91.161', os.name: 'Windows 10', os.arch: 'amd64', os.version: '10.0', java.version: '1.8.0_102'
Driver info: driver.version: unknown)

2017-09-18 18:00:48 - [TEST_STEP][PASSED] - delay: Delayed 10 second(s)

2017-09-18 18:00:58 - [MESSAGE][PASSED] - Delayed 10 second(s)

2017-09-18 18:00:58 - [TEST_STEP][PASSED] - mouseOver: Object: 'Object Repository/create material requisition/span_Requisitions' is hovered

2017-09-18 18:00:58 - [MESSAGE][PASSED] - Object: 'Object Repository/create material requisition/span_Requisitions' is hovered

2017-09-18 18:00:58 - [TEST_STEP][PASSED] - delay: Delayed 2 second(s)

2017-09-18 18:01:00 - [MESSAGE][PASSED] - Delayed 2 second(s)

2017-09-18 18:01:00 - [TEST_STEP][PASSED] - mouseOver: Object: 'Object Repository/create material requisition/a_Create Requisition' is hovered

2017-09-18 18:01:00 - [MESSAGE][PASSED] - Object: 'Object Repository/create material requisition/a_Create Requisition' is hovered

2017-09-18 18:01:00 - [TEST_STEP][PASSED] - delay: Delayed 2 second(s)

2017-09-18 18:01:02 - [MESSAGE][PASSED] - Delayed 2 second(s)

2017-09-18 18:01:02 - [TEST_STEP][PASSED] - mouseOver: Object: 'Object Repository/create material requisition/a_Material Requisition' is hovered

2017-09-18 18:01:02 - [MESSAGE][PASSED] - Object: 'Object Repository/create material requisition/a_Material Requisition' is hovered

2017-09-18 18:01:02 - [TEST_STEP][PASSED] - delay: Delayed 2 second(s)

2017-09-18 18:01:04 - [MESSAGE][PASSED] - Delayed 2 second(s)

2017-09-18 18:01:04 - [TEST_STEP][PASSED] - click: Object: 'Object Repository/create material requisition/a_Material Requisition' is clicked on

2017-09-18 18:01:04 - [MESSAGE][PASSED] - Object: 'Object Repository/create material requisition/a_Material Requisition' is clicked on

2017-09-18 18:01:04 - [TEST_STEP][PASSED] - waitForPageLoad: Wait for page load successfully

2017-09-18 18:01:04 - [MESSAGE][PASSED] - Wait for page load successfully

2017-09-18 18:01:04 - [TEST_STEP][PASSED] - click: Object: 'Object Repository/Page_Procurement Management  Create/input_requisitionTitle' is clicked on

2017-09-18 18:01:06 - [MESSAGE][PASSED] - Object: 'Object Repository/Page_Procurement Management  Create/input_requisitionTitle' is clicked on

2017-09-18 18:01:06 - [TEST_STEP][PASSED] - setText: Text 'Material Requisition 1A' is set on object 'Object Repository/Page_Procurement Management  Create/input_requisitionTitle'

2017-09-18 18:01:07 - [MESSAGE][PASSED] - Text 'Material Requisition 1A' is set on object 'Object Repository/Page_Procurement Management  Create/input_requisitionTitle'

2017-09-18 18:01:07 - [TEST_STEP][PASSED] - click: Object: 'Object Repository/Page_Procurement Management  Create/requestTo' is clicked on

2017-09-18 18:01:07 - [MESSAGE][PASSED] - Object: 'Object Repository/Page_Procurement Management  Create/requestTo' is clicked on

2017-09-18 18:01:07 - [TEST_STEP][PASSED] - setText: Text 'Fahad Billah' is set on object 'Object Repository/Page_Procurement Management  Create/requestTo'

2017-09-18 18:01:07 - [MESSAGE][PASSED] - Text 'Fahad Billah' is set on object 'Object Repository/Page_Procurement Management  Create/requestTo'

2017-09-18 18:01:07 - [TEST_STEP][PASSED] - click: Object: 'Object Repository/Page_Procurement Management  Create/li_Fahad Billah (Local Boss)' is clicked on

2017-09-18 18:01:08 - [MESSAGE][PASSED] - Object: 'Object Repository/Page_Procurement Management  Create/li_Fahad Billah (Local Boss)' is clicked on

2017-09-18 18:01:08 - [TEST_STEP][PASSED] - click: Object: 'Object Repository/Page_Procurement Management  Create/input_receiverName' is clicked on

2017-09-18 18:01:08 - [MESSAGE][PASSED] - Object: 'Object Repository/Page_Procurement Management  Create/input_receiverName' is clicked on

2017-09-18 18:01:08 - [TEST_STEP][PASSED] - setText: Text 'Fahad Billah' is set on object 'Object Repository/Page_Procurement Management  Create/input_receiverName'

2017-09-18 18:01:09 - [MESSAGE][PASSED] - Text 'Fahad Billah' is set on object 'Object Repository/Page_Procurement Management  Create/input_receiverName'

2017-09-18 18:01:09 - [TEST_STEP][PASSED] - click: Object: 'Object Repository/Page_Procurement Management  Create/li_Fahad Billah' is clicked on

2017-09-18 18:01:09 - [MESSAGE][PASSED] - Object: 'Object Repository/Page_Procurement Management  Create/li_Fahad Billah' is clicked on

2017-09-18 18:01:09 - [TEST_STEP][PASSED] - delay: Delayed 2 second(s)

2017-09-18 18:01:11 - [MESSAGE][PASSED] - Delayed 2 second(s)

2017-09-18 18:01:11 - [TEST_STEP][PASSED] - setText: Text 'Mirhu khan' is set on object 'Object Repository/Page_Procurement Management  Create/input_originalRequesterName (2)'

2017-09-18 18:01:11 - [MESSAGE][PASSED] - Text 'Mirhu khan' is set on object 'Object Repository/Page_Procurement Management  Create/input_originalRequesterName (2)'

2017-09-18 18:01:11 - [TEST_STEP][PASSED] - setText: Text '01745677420' is set on object 'Object Repository/Page_Procurement Management  Create/input_originalRequesterPhone (1)'

2017-09-18 18:01:12 - [MESSAGE][PASSED] - Text '01745677420' is set on object 'Object Repository/Page_Procurement Management  Create/input_originalRequesterPhone (1)'

2017-09-18 18:01:12 - [TEST_STEP][PASSED] - setText: Text 'Test Team Qa-katalon' is set on object 'Object Repository/Page_Procurement Management  Create/textarea_remarks'

2017-09-18 18:01:12 - [MESSAGE][PASSED] - Text 'Test Team Qa-katalon' is set on object 'Object Repository/Page_Procurement Management  Create/textarea_remarks'

2017-09-18 18:01:12 - [TEST_STEP][PASSED] - delay: Delayed 1 second(s)

2017-09-18 18:01:13 - [MESSAGE][PASSED] - Delayed 1 second(s)

2017-09-18 18:01:13 - [TEST_STEP][PASSED] - click: Object: 'Object Repository/Page_Procurement Management  Create/span_Item Details' is clicked on

2017-09-18 18:01:13 - [MESSAGE][PASSED] - Object: 'Object Repository/Page_Procurement Management  Create/span_Item Details' is clicked on

2017-09-18 18:01:13 - [TEST_STEP][PASSED] - delay: Delayed 1 second(s)

2017-09-18 18:01:14 - [MESSAGE][PASSED] - Delayed 1 second(s)

2017-09-18 18:01:14 - [TEST_STEP][PASSED] - click: Object: 'Object Repository/Page_Procurement Management  Create/CostCenterName' is clicked on

2017-09-18 18:01:14 - [MESSAGE][PASSED] - Object: 'Object Repository/Page_Procurement Management  Create/CostCenterName' is clicked on

2017-09-18 18:01:14 - [TEST_STEP][PASSED] - waitForAngularLoad: Angular is ready.

2017-09-18 18:01:16 - [MESSAGE][PASSED] - Angular is ready.

2017-09-18 18:01:16 - [TEST_STEP][PASSED] - click: Object: 'Object Repository/Page_Procurement Management  Create/a_10100.12 Engineers  Employer' is clicked on

2017-09-18 18:01:16 - [MESSAGE][PASSED] - Object: 'Object Repository/Page_Procurement Management  Create/a_10100.12 Engineers  Employer' is clicked on

2017-09-18 18:01:16 - [TEST_STEP][PASSED] - delay: Delayed 1 second(s)

2017-09-18 18:01:17 - [MESSAGE][PASSED] - Delayed 1 second(s)

2017-09-18 18:01:17 - [TEST_STEP][PASSED] - click: Object: 'Object Repository/Page_Procurement Management  Create/button_OK' is clicked on

2017-09-18 18:01:17 - [MESSAGE][PASSED] - Object: 'Object Repository/Page_Procurement Management  Create/button_OK' is clicked on

2017-09-18 18:01:17 - [TEST_STEP][PASSED] - delay: Delayed 2 second(s)

2017-09-18 18:01:19 - [MESSAGE][PASSED] - Delayed 2 second(s)

2017-09-18 18:01:19 - [TEST_STEP][PASSED] - click: Object: 'Object Repository/Page_Procurement Management  Create/button_btn pull-right btn-defa' is clicked on

2017-09-18 18:01:19 - [MESSAGE][PASSED] - Object: 'Object Repository/Page_Procurement Management  Create/button_btn pull-right btn-defa' is clicked on

2017-09-18 18:01:19 - [TEST_STEP][PASSED] - waitForAngularLoad: Angular is ready.

2017-09-18 18:01:24 - [MESSAGE][PASSED] - Angular is ready.

2017-09-18 18:01:24 - [TEST_STEP][PASSED] - setText: Text 'acv' is set on object 'Object Repository/Page_Procurement Management  Create/input_form-control ng-untouche'

2017-09-18 18:01:24 - [MESSAGE][PASSED] - Text 'acv' is set on object 'Object Repository/Page_Procurement Management  Create/input_form-control ng-untouche'

2017-09-18 18:01:24 - [TEST_STEP][PASSED] - delay: Delayed 2 second(s)

2017-09-18 18:01:26 - [MESSAGE][PASSED] - Delayed 2 second(s)

2017-09-18 18:01:26 - [TEST_STEP][PASSED] - click: Object: 'Object Repository/Page_Procurement Management  Create/a_ACV Measuring Mould' is clicked on

2017-09-18 18:01:26 - [MESSAGE][PASSED] - Object: 'Object Repository/Page_Procurement Management  Create/a_ACV Measuring Mould' is clicked on

2017-09-18 18:01:26 - [TEST_STEP][PASSED] - delay: Delayed 2 second(s)

2017-09-18 18:01:28 - [MESSAGE][PASSED] - Delayed 2 second(s)

2017-09-18 18:01:28 - [TEST_STEP][PASSED] - click: Object: 'Object Repository/Page_Procurement Management  Create/button_OK' is clicked on

2017-09-18 18:01:28 - [MESSAGE][PASSED] - Object: 'Object Repository/Page_Procurement Management  Create/button_OK' is clicked on

2017-09-18 18:01:28 - [TEST_STEP][PASSED] - waitForAngularLoad: Angular is ready.

2017-09-18 18:01:30 - [MESSAGE][PASSED] - Angular is ready.

2017-09-18 18:01:30 - [TEST_STEP][PASSED] - click: Object: 'Object Repository/Page_Procurement Management  Create/Click specification ID' is clicked on

2017-09-18 18:01:30 - [MESSAGE][PASSED] - Object: 'Object Repository/Page_Procurement Management  Create/Click specification ID' is clicked on

2017-09-18 18:01:30 - [TEST_STEP][PASSED] - delay: Delayed 1 second(s)

2017-09-18 18:01:31 - [MESSAGE][PASSED] - Delayed 1 second(s)

2017-09-18 18:01:31 - [TEST_STEP][FAILED] - selectOptionByValue: Unable to select option by value '{"idSpecifications":"4201","specificationName":"Spec 2"}' of object 'Object Repository/Page_Procurement Management  Create/select_specificationId'  using regular expression (Root cause: org.openqa.selenium.support.ui.UnexpectedTagNameException: Element should have been "select" but was "option"
Build info: version: '2.53.0', revision: '35ae25b', time: '2016-03-15 17:00:58'
System info: host: 'DESKTOP-1QKO1SP', ip: '192.168.91.161', os.name: 'Windows 10', os.arch: 'amd64', os.version: '10.0', java.version: '1.8.0_102'
Driver info: driver.version: unknown)

2017-09-18 18:01:31 - [MESSAGE][FAILED] - Unable to select option by value '{"idSpecifications":"4201","specificationName":"Spec 2"}' of object 'Object Repository/Page_Procurement Management  Create/select_specificationId'  using regular expression (Root cause: org.openqa.selenium.support.ui.UnexpectedTagNameException: Element should have been "select" but was "option"
Build info: version: '2.53.0', revision: '35ae25b', time: '2016-03-15 17:00:58'
System info: host: 'DESKTOP-1QKO1SP', ip: '192.168.91.161', os.name: 'Windows 10', os.arch: 'amd64', os.version: '10.0', java.version: '1.8.0_102'
Driver info: driver.version: unknown)
[[ATTACHMENT|F:\\Katalon_project\\MaxReqMan\\Reports\\TestSuite-CreateMaterialRequisition\\20170918_180029\\1505736091234.png]]

2017-09-18 18:01:31 - [TEST_STEP][PASSED] - delay: Delayed 1 second(s)

2017-09-18 18:01:32 - [MESSAGE][PASSED] - Delayed 1 second(s)

2017-09-18 18:01:32 - [TEST_STEP][PASSED] - click: Object: 'Object Repository/Page_Procurement Management  Create/Click Size ID' is clicked on

2017-09-18 18:01:32 - [MESSAGE][PASSED] - Object: 'Object Repository/Page_Procurement Management  Create/Click Size ID' is clicked on

2017-09-18 18:01:32 - [TEST_STEP][PASSED] - delay: Delayed 1 second(s)

2017-09-18 18:01:33 - [MESSAGE][PASSED] - Delayed 1 second(s)

2017-09-18 18:01:33 - [TEST_STEP][FAILED] - selectOptionByValue: Unable to select option by value '{"idSize":"5849","sizeValue":"Size 2"}' of object 'Object Repository/Page_Procurement Management  Create/select_sizeId'  using regular expression (Root cause: org.openqa.selenium.support.ui.UnexpectedTagNameException: Element should have been "select" but was "option"
Build info: version: '2.53.0', revision: '35ae25b', time: '2016-03-15 17:00:58'
System info: host: 'DESKTOP-1QKO1SP', ip: '192.168.91.161', os.name: 'Windows 10', os.arch: 'amd64', os.version: '10.0', java.version: '1.8.0_102'
Driver info: driver.version: unknown)

2017-09-18 18:01:34 - [MESSAGE][FAILED] - Unable to select option by value '{"idSize":"5849","sizeValue":"Size 2"}' of object 'Object Repository/Page_Procurement Management  Create/select_sizeId'  using regular expression (Root cause: org.openqa.selenium.support.ui.UnexpectedTagNameException: Element should have been "select" but was "option"
Build info: version: '2.53.0', revision: '35ae25b', time: '2016-03-15 17:00:58'
System info: host: 'DESKTOP-1QKO1SP', ip: '192.168.91.161', os.name: 'Windows 10', os.arch: 'amd64', os.version: '10.0', java.version: '1.8.0_102'
Driver info: driver.version: unknown)
[[ATTACHMENT|F:\\Katalon_project\\MaxReqMan\\Reports\\TestSuite-CreateMaterialRequisition\\20170918_180029\\1505736093811.png]]

2017-09-18 18:01:34 - [TEST_STEP][PASSED] - delay: Delayed 1 second(s)

2017-09-18 18:01:35 - [MESSAGE][PASSED] - Delayed 1 second(s)

2017-09-18 18:01:35 - [TEST_STEP][PASSED] - click: Object: 'Object Repository/Page_Procurement Management  Create/click color Id' is clicked on

2017-09-18 18:01:35 - [MESSAGE][PASSED] - Object: 'Object Repository/Page_Procurement Management  Create/click color Id' is clicked on

2017-09-18 18:01:35 - [TEST_STEP][PASSED] - delay: Delayed 1 second(s)

2017-09-18 18:01:36 - [MESSAGE][PASSED] - Delayed 1 second(s)

2017-09-18 18:01:36 - [TEST_STEP][FAILED] - selectOptionByValue: Unable to select option by value '{"idColor":"219","colorName":"Color 2"}' of object 'Object Repository/Page_Procurement Management  Create/select_colorId'  using regular expression (Root cause: org.openqa.selenium.support.ui.UnexpectedTagNameException: Element should have been "select" but was "option"
Build info: version: '2.53.0', revision: '35ae25b', time: '2016-03-15 17:00:58'
System info: host: 'DESKTOP-1QKO1SP', ip: '192.168.91.161', os.name: 'Windows 10', os.arch: 'amd64', os.version: '10.0', java.version: '1.8.0_102'
Driver info: driver.version: unknown)

2017-09-18 18:01:36 - [MESSAGE][FAILED] - Unable to select option by value '{"idColor":"219","colorName":"Color 2"}' of object 'Object Repository/Page_Procurement Management  Create/select_colorId'  using regular expression (Root cause: org.openqa.selenium.support.ui.UnexpectedTagNameException: Element should have been "select" but was "option"
Build info: version: '2.53.0', revision: '35ae25b', time: '2016-03-15 17:00:58'
System info: host: 'DESKTOP-1QKO1SP', ip: '192.168.91.161', os.name: 'Windows 10', os.arch: 'amd64', os.version: '10.0', java.version: '1.8.0_102'
Driver info: driver.version: unknown)
[[ATTACHMENT|F:\\Katalon_project\\MaxReqMan\\Reports\\TestSuite-CreateMaterialRequisition\\20170918_180029\\1505736096386.png]]

2017-09-18 18:01:36 - [TEST_STEP][PASSED] - setText: Text 'mkGhost' is set on object 'Object Repository/Page_Procurement Management  Create/input_receiverNameTemp'

2017-09-18 18:01:37 - [MESSAGE][PASSED] - Text 'mkGhost' is set on object 'Object Repository/Page_Procurement Management  Create/input_receiverNameTemp'

2017-09-18 18:01:37 - [TEST_STEP][PASSED] - setText: Text '20no road mohakhali DOHS' is set on object 'Object Repository/Page_Procurement Management  Create/input_receivingAddress'

2017-09-18 18:01:37 - [MESSAGE][PASSED] - Text '20no road mohakhali DOHS' is set on object 'Object Repository/Page_Procurement Management  Create/input_receivingAddress'

2017-09-18 18:01:37 - [TEST_STEP][PASSED] - setText: Text '250' is set on object 'Object Repository/Page_Procurement Management  Create/input_quantity'

2017-09-18 18:01:37 - [MESSAGE][PASSED] - Text '250' is set on object 'Object Repository/Page_Procurement Management  Create/input_quantity'

2017-09-18 18:01:37 - [TEST_STEP][PASSED] - setText: Text 'Test Item' is set on object 'Object Repository/Page_Procurement Management  Create/input_itemDesc'

2017-09-18 18:01:37 - [MESSAGE][PASSED] - Text 'Test Item' is set on object 'Object Repository/Page_Procurement Management  Create/input_itemDesc'

2017-09-18 18:01:37 - [TEST_STEP][PASSED] - delay: Delayed 1 second(s)

2017-09-18 18:01:38 - [MESSAGE][PASSED] - Delayed 1 second(s)

2017-09-18 18:01:38 - [TEST_STEP][PASSED] - click: Object: 'Object Repository/Page_Procurement Management  Create/button_Add Item' is clicked on

2017-09-18 18:01:38 - [MESSAGE][PASSED] - Object: 'Object Repository/Page_Procurement Management  Create/button_Add Item' is clicked on

2017-09-18 18:01:38 - [TEST_STEP][PASSED] - delay: Delayed 1 second(s)

2017-09-18 18:01:39 - [MESSAGE][PASSED] - Delayed 1 second(s)

2017-09-18 18:01:39 - [TEST_STEP][PASSED] - click: Object: 'Object Repository/Page_Procurement Management  Create/button_Submit' is clicked on

2017-09-18 18:01:40 - [MESSAGE][PASSED] - Object: 'Object Repository/Page_Procurement Management  Create/button_Submit' is clicked on

2017-09-18 18:01:40 - [TEST_STEP][PASSED] - delay: Delayed 1 second(s)

2017-09-18 18:01:41 - [MESSAGE][PASSED] - Delayed 1 second(s)

2017-09-18 18:01:41 - [TEST_STEP][FAILED] - click: Unable to click on object 'Object Repository/Page_Procurement Management  Create/button_Cancel' (Root cause: com.kms.katalon.core.webui.exception.WebElementNotFoundException: Web element with id: 'Object Repository/Page_Procurement Management  Create/button_Cancel' located by 'By.xpath: //button[count(. | //*[contains(.,'Cancel')]) = count(//*[contains(.,'Cancel')])]' not found)

2017-09-18 18:01:58 - [MESSAGE][FAILED] - Unable to click on object 'Object Repository/Page_Procurement Management  Create/button_Cancel' (Root cause: com.kms.katalon.core.webui.exception.WebElementNotFoundException: Web element with id: 'Object Repository/Page_Procurement Management  Create/button_Cancel' located by 'By.xpath: //button[count(. | //*[contains(.,'Cancel')]) = count(//*[contains(.,'Cancel')])]' not found)
[[ATTACHMENT|F:\\Katalon_project\\MaxReqMan\\Reports\\TestSuite-CreateMaterialRequisition\\20170918_180029\\1505736117808.png]]

2017-09-18 18:01:58 - [TEST_STEP][PASSED] - delay: Delayed 1 second(s)

2017-09-18 18:01:59 - [MESSAGE][PASSED] - Delayed 1 second(s)

2017-09-18 18:01:59 - [TEST_STEP][PASSED] - click: Object: 'Object Repository/Page_Procurement Management  Create/button_Submit (1)' is clicked on

2017-09-18 18:01:59 - [MESSAGE][PASSED] - Object: 'Object Repository/Page_Procurement Management  Create/button_Submit (1)' is clicked on

2017-09-18 18:01:59 - [TEST_STEP][PASSED] - delay: Delayed 1 second(s)

2017-09-18 18:02:00 - [MESSAGE][PASSED] - Delayed 1 second(s)

2017-09-18 18:02:00 - [TEST_STEP][PASSED] - click: Object: 'Object Repository/Page_Procurement Management  Create/button_Submit (2)' is clicked on

2017-09-18 18:02:00 - [MESSAGE][PASSED] - Object: 'Object Repository/Page_Procurement Management  Create/button_Submit (2)' is clicked on]]></system-out>
         <system-err><![CDATA[2017-09-18 18:00:47 - [TEST_CASE][FAILED] - Test Cases/CreateMaterialRequisition: Test Cases/CreateMaterialRequisition FAILED because (of) Unable to select option by value '{"idSpecifications":"4201","specificationName":"Spec 2"}' of object 'Object Repository/Page_Procurement Management  Create/select_specificationId'  using regular expression (Root cause: org.openqa.selenium.support.ui.UnexpectedTagNameException: Element should have been "select" but was "option"
Build info: version: '2.53.0', revision: '35ae25b', time: '2016-03-15 17:00:58'
System info: host: 'DESKTOP-1QKO1SP', ip: '192.168.91.161', os.name: 'Windows 10', os.arch: 'amd64', os.version: '10.0', java.version: '1.8.0_102'
Driver info: driver.version: unknown)]]></system-err>
      </testcase>
      <system-out><![CDATA[2017-09-18 18:00:30 - [TEST_SUITE][FAILED] - TestSuite-CreateMaterialRequisition: Test Cases/CreateMaterialRequisition FAILED because (of) Unable to select option by value '{"idSpecifications":"4201","specificationName":"Spec 2"}' of object 'Object Repository/Page_Procurement Management  Create/select_specificationId'  using regular expression (Root cause: org.openqa.selenium.support.ui.UnexpectedTagNameException: Element should have been "select" but was "option"
Build info: version: '2.53.0', revision: '35ae25b', time: '2016-03-15 17:00:58'
System info: host: 'DESKTOP-1QKO1SP', ip: '192.168.91.161', os.name: 'Windows 10', os.arch: 'amd64', os.version: '10.0', java.version: '1.8.0_102'
Driver info: driver.version: unknown)]]></system-out>
      <system-err><![CDATA[2017-09-18 18:00:30 - [TEST_SUITE][FAILED] - TestSuite-CreateMaterialRequisition: Test Cases/CreateMaterialRequisition FAILED because (of) Unable to select option by value '{"idSpecifications":"4201","specificationName":"Spec 2"}' of object 'Object Repository/Page_Procurement Management  Create/select_specificationId'  using regular expression (Root cause: org.openqa.selenium.support.ui.UnexpectedTagNameException: Element should have been "select" but was "option"
Build info: version: '2.53.0', revision: '35ae25b', time: '2016-03-15 17:00:58'
System info: host: 'DESKTOP-1QKO1SP', ip: '192.168.91.161', os.name: 'Windows 10', os.arch: 'amd64', os.version: '10.0', java.version: '1.8.0_102'
Driver info: driver.version: unknown)]]></system-err>
   </testsuite>
</testsuites>
