{"devicePlatform":"","logFolder":"E:\\Katalon_Project\\KatalonStudio-RequisitionTest-master\\Reports\\TestSuite-CreateMaterialRequisition\\20171014_000357","runData":{"hostName":"Asus - DESKTOP-SQEFDD7","os":"Windows 10 64bit","katalonVersion":"4.8.0.2","browser":"JBrowser (headless)","hostAddress":"192.168.0.104","sessionId":"[Instance 1][Port 2607]","seleniumVersion":"2.53.0","proxyInformation":"ProxyInformation{proxyOption\u003dNO_PROXY, proxyServerType\u003dHTTP, password\u003d, proxyServerAddress\u003d, proxyServerPort\u003d0}","platform":"Windows 10"},"type":"TEST_SUITE","name":"TestSuite-CreateMaterialRequisition","id":"Test Suites/TestSuite-CreateMaterialRequisition","source":"","message":"Test Cases/Login FAILED because (of) Unable to verify text \u0027Select A Role\u0027 is present  (Root cause: org.openqa.selenium.NoSuchElementException: Element not found or does not exist.\nFor documentation on this error, please visit: http://seleniumhq.org/exceptions/no_such_element.html\nBuild info: version: \u00272.53.0\u0027, revision: \u002735ae25b\u0027, time: \u00272016-03-15 17:00:58\u0027\nSystem info: host: \u0027DESKTOP-SQEFDD7\u0027, ip: \u0027192.168.0.104\u0027, os.name: \u0027Windows 10\u0027, os.arch: \u0027amd64\u0027, os.version: \u002710.0\u0027, java.version: \u00271.8.0_102\u0027\nDriver info: driver.version: unknown\nFor documentation on this error, please visit: http://seleniumhq.org/exceptions/no_such_element.html\nBuild info: version: \u00272.53.0\u0027, revision: \u002735ae25b\u0027, time: \u00272016-03-15 17:00:58\u0027\nSystem info: host: \u0027DESKTOP-SQEFDD7\u0027, ip: \u0027192.168.0.104\u0027, os.name: \u0027Windows 10\u0027, os.arch: \u0027amd64\u0027, os.version: \u002710.0\u0027, java.version: \u00271.8.0_102\u0027\nDriver info: driver.version: JBrowserDriver)","description":"","startTime":1507917839502,"endTime":1507918569903,"childRecords":[{"isOptional":false,"type":"TEST_CASE","name":"Test Cases/Login","id":"Test Cases/Login","source":"E:\\\\Katalon_Project\\\\KatalonStudio-RequisitionTest-masterTest Cases\\\\Login.tc","message":"Test Cases/Login FAILED because (of) Unable to verify text \u0027Select A Role\u0027 is present  (Root cause: org.openqa.selenium.NoSuchElementException: Element not found or does not exist.\nFor documentation on this error, please visit: http://seleniumhq.org/exceptions/no_such_element.html\nBuild info: version: \u00272.53.0\u0027, revision: \u002735ae25b\u0027, time: \u00272016-03-15 17:00:58\u0027\nSystem info: host: \u0027DESKTOP-SQEFDD7\u0027, ip: \u0027192.168.0.104\u0027, os.name: \u0027Windows 10\u0027, os.arch: \u0027amd64\u0027, os.version: \u002710.0\u0027, java.version: \u00271.8.0_102\u0027\nDriver info: driver.version: unknown\nFor documentation on this error, please visit: http://seleniumhq.org/exceptions/no_such_element.html\nBuild info: version: \u00272.53.0\u0027, revision: \u002735ae25b\u0027, time: \u00272016-03-15 17:00:58\u0027\nSystem info: host: \u0027DESKTOP-SQEFDD7\u0027, ip: \u0027192.168.0.104\u0027, os.name: \u0027Windows 10\u0027, os.arch: \u0027amd64\u0027, os.version: \u002710.0\u0027, java.version: \u00271.8.0_102\u0027\nDriver info: driver.version: JBrowserDriver)","description":"","startTime":1507917839925,"endTime":1507917858375,"childRecords":[{"testStatus":{"stackTrace":"","statusValue":"INFO"},"type":"MESSAGE","name":"","message":"Evaluating variables for test case","startTime":1507917840089,"endTime":0,"childRecords":[],"interuppted":false},{"index":1,"isIgnoredIfFailed":false,"type":"TEST_STEP","name":"openBrowser","message":"Browser is opened with url: \u0027\u0027","description":"","startTime":1507917840610,"endTime":1507917845585,"childRecords":[{"testStatus":{"stackTrace":"","statusValue":"PASSED"},"type":"MESSAGE","name":"","message":"Browser is opened with url: \u0027\u0027","startTime":1507917845584,"endTime":0,"childRecords":[],"interuppted":false}],"interuppted":false},{"index":2,"isIgnoredIfFailed":false,"type":"TEST_STEP","name":"maximizeWindow","message":"Current window maximized","description":"","startTime":1507917845585,"endTime":1507917845800,"childRecords":[{"testStatus":{"stackTrace":"","statusValue":"PASSED"},"type":"MESSAGE","name":"","message":"Current window maximized","startTime":1507917845799,"endTime":0,"childRecords":[],"interuppted":false}],"interuppted":false},{"index":3,"isIgnoredIfFailed":false,"type":"TEST_STEP","name":"navigateToUrl","message":"Navigate to \u0027http://beta-requisition.maxrailwaytrack.com/\u0027 successfully","description":"","startTime":1507917845801,"endTime":1507917853369,"childRecords":[{"testStatus":{"stackTrace":"","statusValue":"PASSED"},"type":"MESSAGE","name":"","message":"Navigate to \u0027http://beta-requisition.maxrailwaytrack.com/\u0027 successfully","startTime":1507917853367,"endTime":0,"childRecords":[],"interuppted":false}],"interuppted":false},{"index":4,"isIgnoredIfFailed":false,"type":"TEST_STEP","name":"setText","message":"Text \u0027fahadbillah@yahoo.com\u0027 is set on object \u0027Object Repository/Page_MaxGroup Login/input_username\u0027","description":"","startTime":1507917853370,"endTime":1507917855552,"childRecords":[{"testStatus":{"stackTrace":"","statusValue":"PASSED"},"type":"MESSAGE","name":"","message":"Text \u0027fahadbillah@yahoo.com\u0027 is set on object \u0027Object Repository/Page_MaxGroup Login/input_username\u0027","startTime":1507917855550,"endTime":0,"childRecords":[],"interuppted":false}],"interuppted":false},{"index":5,"isIgnoredIfFailed":false,"type":"TEST_STEP","name":"setText","message":"Text \u0027123\u0027 is set on object \u0027Object Repository/Page_MaxGroup Login/input_password\u0027","description":"","startTime":1507917855555,"endTime":1507917856358,"childRecords":[{"testStatus":{"stackTrace":"","statusValue":"PASSED"},"type":"MESSAGE","name":"","message":"Text \u0027123\u0027 is set on object \u0027Object Repository/Page_MaxGroup Login/input_password\u0027","startTime":1507917856357,"endTime":0,"childRecords":[],"interuppted":false}],"interuppted":false},{"index":6,"isIgnoredIfFailed":false,"type":"TEST_STEP","name":"click","message":"Object: \u0027Object Repository/Page_MaxGroup Login/button_Login\u0027 is clicked on","description":"","startTime":1507917856359,"endTime":1507917856513,"childRecords":[{"testStatus":{"stackTrace":"","statusValue":"PASSED"},"type":"MESSAGE","name":"","message":"Object: \u0027Object Repository/Page_MaxGroup Login/button_Login\u0027 is clicked on","startTime":1507917856510,"endTime":0,"childRecords":[],"interuppted":false}],"interuppted":false},{"attachment":"1507917857708.png","index":7,"isIgnoredIfFailed":false,"type":"TEST_STEP","name":"verifyTextPresent","message":"Unable to verify text \u0027Select A Role\u0027 is present  (Root cause: org.openqa.selenium.NoSuchElementException: Element not found or does not exist.\nFor documentation on this error, please visit: http://seleniumhq.org/exceptions/no_such_element.html\nBuild info: version: \u00272.53.0\u0027, revision: \u002735ae25b\u0027, time: \u00272016-03-15 17:00:58\u0027\nSystem info: host: \u0027DESKTOP-SQEFDD7\u0027, ip: \u0027192.168.0.104\u0027, os.name: \u0027Windows 10\u0027, os.arch: \u0027amd64\u0027, os.version: \u002710.0\u0027, java.version: \u00271.8.0_102\u0027\nDriver info: driver.version: unknown\nFor documentation on this error, please visit: http://seleniumhq.org/exceptions/no_such_element.html\nBuild info: version: \u00272.53.0\u0027, revision: \u002735ae25b\u0027, time: \u00272016-03-15 17:00:58\u0027\nSystem info: host: \u0027DESKTOP-SQEFDD7\u0027, ip: \u0027192.168.0.104\u0027, os.name: \u0027Windows 10\u0027, os.arch: \u0027amd64\u0027, os.version: \u002710.0\u0027, java.version: \u00271.8.0_102\u0027\nDriver info: driver.version: JBrowserDriver)","description":"","startTime":1507917856514,"endTime":1507917858370,"childRecords":[{"testStatus":{"stackTrace":"","statusValue":"FAILED"},"attachment":"1507917857708.png","type":"MESSAGE","name":"","message":"Unable to verify text \u0027Select A Role\u0027 is present  (Root cause: org.openqa.selenium.NoSuchElementException: Element not found or does not exist.\nFor documentation on this error, please visit: http://seleniumhq.org/exceptions/no_such_element.html\nBuild info: version: \u00272.53.0\u0027, revision: \u002735ae25b\u0027, time: \u00272016-03-15 17:00:58\u0027\nSystem info: host: \u0027DESKTOP-SQEFDD7\u0027, ip: \u0027192.168.0.104\u0027, os.name: \u0027Windows 10\u0027, os.arch: \u0027amd64\u0027, os.version: \u002710.0\u0027, java.version: \u00271.8.0_102\u0027\nDriver info: driver.version: unknown\nFor documentation on this error, please visit: http://seleniumhq.org/exceptions/no_such_element.html\nBuild info: version: \u00272.53.0\u0027, revision: \u002735ae25b\u0027, time: \u00272016-03-15 17:00:58\u0027\nSystem info: host: \u0027DESKTOP-SQEFDD7\u0027, ip: \u0027192.168.0.104\u0027, os.name: \u0027Windows 10\u0027, os.arch: \u0027amd64\u0027, os.version: \u002710.0\u0027, java.version: \u00271.8.0_102\u0027\nDriver info: driver.version: JBrowserDriver)","startTime":1507917858369,"endTime":0,"childRecords":[],"interuppted":false}],"interuppted":false},{"testStatus":{"stackTrace":"","statusValue":"FAILED"},"type":"MESSAGE","name":"","message":"Test Cases/Login FAILED because (of) Unable to verify text \u0027Select A Role\u0027 is present  (Root cause: org.openqa.selenium.NoSuchElementException: Element not found or does not exist.\nFor documentation on this error, please visit: http://seleniumhq.org/exceptions/no_such_element.html\nBuild info: version: \u00272.53.0\u0027, revision: \u002735ae25b\u0027, time: \u00272016-03-15 17:00:58\u0027\nSystem info: host: \u0027DESKTOP-SQEFDD7\u0027, ip: \u0027192.168.0.104\u0027, os.name: \u0027Windows 10\u0027, os.arch: \u0027amd64\u0027, os.version: \u002710.0\u0027, java.version: \u00271.8.0_102\u0027\nDriver info: driver.version: unknown\nFor documentation on this error, please visit: http://seleniumhq.org/exceptions/no_such_element.html\nBuild info: version: \u00272.53.0\u0027, revision: \u002735ae25b\u0027, time: \u00272016-03-15 17:00:58\u0027\nSystem info: host: \u0027DESKTOP-SQEFDD7\u0027, ip: \u0027192.168.0.104\u0027, os.name: \u0027Windows 10\u0027, os.arch: \u0027amd64\u0027, os.version: \u002710.0\u0027, java.version: \u00271.8.0_102\u0027\nDriver info: driver.version: JBrowserDriver)","startTime":1507917858371,"endTime":0,"childRecords":[],"interuppted":false}],"interuppted":false},{"isOptional":false,"type":"TEST_CASE","name":"Test Cases/SelectRole","id":"Test Cases/SelectRole","source":"E:\\\\Katalon_Project\\\\KatalonStudio-RequisitionTest-masterTest Cases\\\\SelectRole.tc","message":"Test Cases/SelectRole FAILED because (of) Unable to click on object \u0027Object Repository/Page_Procurement Management  Role S/select_input\u0027 (Root cause: com.kms.katalon.core.webui.exception.WebElementNotFoundException: Web element with id: \u0027Object Repository/Page_Procurement Management  Role S/select_input\u0027 located by \u0027By.xpath: //*[@id\u003d\"input\"]\u0027 not found)","description":"","startTime":1507917858431,"endTime":1507917910052,"childRecords":[{"testStatus":{"stackTrace":"","statusValue":"INFO"},"type":"MESSAGE","name":"","message":"Evaluating variables for test case","startTime":1507917858513,"endTime":0,"childRecords":[],"interuppted":false},{"index":1,"isIgnoredIfFailed":false,"type":"TEST_STEP","name":"delay","message":"Delayed 5 second(s)","description":"","startTime":1507917858869,"endTime":1507917863901,"childRecords":[{"testStatus":{"stackTrace":"","statusValue":"PASSED"},"type":"MESSAGE","name":"","message":"Delayed 5 second(s)","startTime":1507917863899,"endTime":0,"childRecords":[],"interuppted":false}],"interuppted":false},{"attachment":"E:\\\\Katalon_Project\\\\KatalonStudio-RequisitionTest-master\\\\Reports\\\\TestSuite-CreateMaterialRequisition\\\\20171014_000357\\\\1507917863928.png","index":2,"isIgnoredIfFailed":false,"type":"TEST_STEP","name":"takeScreenshot","message":"Taking screenshot successfully","description":"","startTime":1507917863902,"endTime":1507917864119,"childRecords":[{"testStatus":{"stackTrace":"","statusValue":"PASSED"},"attachment":"E:\\\\Katalon_Project\\\\KatalonStudio-RequisitionTest-master\\\\Reports\\\\TestSuite-CreateMaterialRequisition\\\\20171014_000357\\\\1507917863928.png","type":"MESSAGE","name":"","message":"Taking screenshot successfully","startTime":1507917864118,"endTime":0,"childRecords":[],"interuppted":false}],"interuppted":false},{"attachment":"1507917879329.png","index":3,"isIgnoredIfFailed":false,"type":"TEST_STEP","name":"click","message":"Unable to click on object \u0027Object Repository/Page_Procurement Management  Role S/select_input\u0027 (Root cause: com.kms.katalon.core.webui.exception.WebElementNotFoundException: Web element with id: \u0027Object Repository/Page_Procurement Management  Role S/select_input\u0027 located by \u0027By.xpath: //*[@id\u003d\"input\"]\u0027 not found)","description":"","startTime":1507917864120,"endTime":1507917879459,"childRecords":[{"testStatus":{"stackTrace":"","statusValue":"FAILED"},"attachment":"1507917879329.png","type":"MESSAGE","name":"","message":"Unable to click on object \u0027Object Repository/Page_Procurement Management  Role S/select_input\u0027 (Root cause: com.kms.katalon.core.webui.exception.WebElementNotFoundException: Web element with id: \u0027Object Repository/Page_Procurement Management  Role S/select_input\u0027 located by \u0027By.xpath: //*[@id\u003d\"input\"]\u0027 not found)","startTime":1507917879458,"endTime":0,"childRecords":[],"interuppted":false}],"interuppted":false},{"attachment":"1507917894659.png","index":4,"isIgnoredIfFailed":false,"type":"TEST_STEP","name":"click","message":"Unable to click on object \u0027Object Repository/Page_Procurement Management  Role S/option_Requester at CDA\u0027 (Root cause: com.kms.katalon.core.webui.exception.WebElementNotFoundException: Web element with id: \u0027Object Repository/Page_Procurement Management  Role S/option_Requester at CDA\u0027 located by \u0027By.xpath: //option[contains(.,\u0027Requester at CDA\u0027)]\u0027 not found)","description":"","startTime":1507917879459,"endTime":1507917894758,"childRecords":[{"testStatus":{"stackTrace":"","statusValue":"FAILED"},"attachment":"1507917894659.png","type":"MESSAGE","name":"","message":"Unable to click on object \u0027Object Repository/Page_Procurement Management  Role S/option_Requester at CDA\u0027 (Root cause: com.kms.katalon.core.webui.exception.WebElementNotFoundException: Web element with id: \u0027Object Repository/Page_Procurement Management  Role S/option_Requester at CDA\u0027 located by \u0027By.xpath: //option[contains(.,\u0027Requester at CDA\u0027)]\u0027 not found)","startTime":1507917894757,"endTime":0,"childRecords":[],"interuppted":false}],"interuppted":false},{"attachment":"1507917909925.png","index":5,"isIgnoredIfFailed":false,"type":"TEST_STEP","name":"click","message":"Unable to click on object \u0027Object Repository/Page_Procurement Management  Role S/button_Enter\u0027 (Root cause: com.kms.katalon.core.webui.exception.WebElementNotFoundException: Web element with id: \u0027Object Repository/Page_Procurement Management  Role S/button_Enter\u0027 located by \u0027By.xpath: //button[count(. | //*[contains(.,\u0027Enter\u0027)]) \u003d count(//*[contains(.,\u0027Enter\u0027)])][count(. | //*[@type \u003d \u0027button\u0027]) \u003d count(//*[@type \u003d \u0027button\u0027])]\u0027 not found)","description":"","startTime":1507917894758,"endTime":1507917910050,"childRecords":[{"testStatus":{"stackTrace":"","statusValue":"FAILED"},"attachment":"1507917909925.png","type":"MESSAGE","name":"","message":"Unable to click on object \u0027Object Repository/Page_Procurement Management  Role S/button_Enter\u0027 (Root cause: com.kms.katalon.core.webui.exception.WebElementNotFoundException: Web element with id: \u0027Object Repository/Page_Procurement Management  Role S/button_Enter\u0027 located by \u0027By.xpath: //button[count(. | //*[contains(.,\u0027Enter\u0027)]) \u003d count(//*[contains(.,\u0027Enter\u0027)])][count(. | //*[@type \u003d \u0027button\u0027]) \u003d count(//*[@type \u003d \u0027button\u0027])]\u0027 not found)","startTime":1507917910050,"endTime":0,"childRecords":[],"interuppted":false}],"interuppted":false},{"testStatus":{"stackTrace":"","statusValue":"FAILED"},"type":"MESSAGE","name":"","message":"Test Cases/SelectRole FAILED because (of) Unable to click on object \u0027Object Repository/Page_Procurement Management  Role S/select_input\u0027 (Root cause: com.kms.katalon.core.webui.exception.WebElementNotFoundException: Web element with id: \u0027Object Repository/Page_Procurement Management  Role S/select_input\u0027 located by \u0027By.xpath: //*[@id\u003d\"input\"]\u0027 not found)","startTime":1507917910051,"endTime":0,"childRecords":[],"interuppted":false}],"interuppted":false},{"isOptional":false,"type":"TEST_CASE","name":"Test Cases/CreateMaterialRequisition","id":"Test Cases/CreateMaterialRequisition","source":"E:\\\\Katalon_Project\\\\KatalonStudio-RequisitionTest-masterTest Cases\\\\CreateMaterialRequisition.tc","message":"Test Cases/CreateMaterialRequisition FAILED because (of) Unable to move mouse over object \u0027Object Repository/create material requisition/span_Requisitions\u0027 (Root cause: com.kms.katalon.core.webui.exception.WebElementNotFoundException: Web element with id: \u0027Object Repository/create material requisition/span_Requisitions\u0027 located by \u0027By.xpath: //i[@class\u003d\u0027icon-docs\u0027]\u0027 not found)","description":"","startTime":1507917910105,"endTime":1507918569046,"childRecords":[{"testStatus":{"stackTrace":"","statusValue":"INFO"},"type":"MESSAGE","name":"","message":"Evaluating variables for test case","startTime":1507917910227,"endTime":0,"childRecords":[],"interuppted":false},{"index":1,"isIgnoredIfFailed":false,"type":"TEST_STEP","name":"delay","message":"Delayed 2 second(s)","description":"Delay 1 second","startTime":1507917910519,"endTime":1507917912524,"childRecords":[{"testStatus":{"stackTrace":"","statusValue":"PASSED"},"type":"MESSAGE","name":"","message":"Delayed 2 second(s)","startTime":1507917912523,"endTime":0,"childRecords":[],"interuppted":false}],"interuppted":false},{"attachment":"1507917927691.png","index":2,"isIgnoredIfFailed":false,"type":"TEST_STEP","name":"mouseOver","message":"Unable to move mouse over object \u0027Object Repository/create material requisition/span_Requisitions\u0027 (Root cause: com.kms.katalon.core.webui.exception.WebElementNotFoundException: Web element with id: \u0027Object Repository/create material requisition/span_Requisitions\u0027 located by \u0027By.xpath: //i[@class\u003d\u0027icon-docs\u0027]\u0027 not found)","description":"Mouse Hover On Requisition Menu","startTime":1507917912525,"endTime":1507917927798,"childRecords":[{"testStatus":{"stackTrace":"","statusValue":"FAILED"},"attachment":"1507917927691.png","type":"MESSAGE","name":"","message":"Unable to move mouse over object \u0027Object Repository/create material requisition/span_Requisitions\u0027 (Root cause: com.kms.katalon.core.webui.exception.WebElementNotFoundException: Web element with id: \u0027Object Repository/create material requisition/span_Requisitions\u0027 located by \u0027By.xpath: //i[@class\u003d\u0027icon-docs\u0027]\u0027 not found)","startTime":1507917927797,"endTime":0,"childRecords":[],"interuppted":false}],"interuppted":false},{"index":3,"isIgnoredIfFailed":false,"type":"TEST_STEP","name":"delay","message":"Delayed 2 second(s)","description":"","startTime":1507917927798,"endTime":1507917929802,"childRecords":[{"testStatus":{"stackTrace":"","statusValue":"PASSED"},"type":"MESSAGE","name":"","message":"Delayed 2 second(s)","startTime":1507917929799,"endTime":0,"childRecords":[],"interuppted":false}],"interuppted":false},{"attachment":"1507917944976.png","index":4,"isIgnoredIfFailed":false,"type":"TEST_STEP","name":"mouseOver","message":"Unable to move mouse over object \u0027Object Repository/create material requisition/a_Create Requisition\u0027 (Root cause: com.kms.katalon.core.webui.exception.WebElementNotFoundException: Web element with id: \u0027Object Repository/create material requisition/a_Create Requisition\u0027 located by \u0027By.xpath: //i[@class\u003d\u0027fa fa-plus-square\u0027]\u0027 not found)","description":"Mouse Hover On Create Requisition Sub Menu","startTime":1507917929803,"endTime":1507917945065,"childRecords":[{"testStatus":{"stackTrace":"","statusValue":"FAILED"},"attachment":"1507917944976.png","type":"MESSAGE","name":"","message":"Unable to move mouse over object \u0027Object Repository/create material requisition/a_Create Requisition\u0027 (Root cause: com.kms.katalon.core.webui.exception.WebElementNotFoundException: Web element with id: \u0027Object Repository/create material requisition/a_Create Requisition\u0027 located by \u0027By.xpath: //i[@class\u003d\u0027fa fa-plus-square\u0027]\u0027 not found)","startTime":1507917945065,"endTime":0,"childRecords":[],"interuppted":false}],"interuppted":false},{"index":5,"isIgnoredIfFailed":false,"type":"TEST_STEP","name":"delay","message":"Delayed 2 second(s)","description":"","startTime":1507917945066,"endTime":1507917947069,"childRecords":[{"testStatus":{"stackTrace":"","statusValue":"PASSED"},"type":"MESSAGE","name":"","message":"Delayed 2 second(s)","startTime":1507917947067,"endTime":0,"childRecords":[],"interuppted":false}],"interuppted":false},{"attachment":"1507917962232.png","index":6,"isIgnoredIfFailed":false,"type":"TEST_STEP","name":"mouseOver","message":"Unable to move mouse over object \u0027Object Repository/create material requisition/a_Material Requisition\u0027 (Root cause: com.kms.katalon.core.webui.exception.WebElementNotFoundException: Web element with id: \u0027Object Repository/create material requisition/a_Material Requisition\u0027 located by \u0027By.xpath: //a[@href\u003d\u0027#/requisition/material/create\u0027]\u0027 not found)","description":"Mouse Hover On Create Material Requisition Sub Sub-Menu","startTime":1507917947069,"endTime":1507917962359,"childRecords":[{"testStatus":{"stackTrace":"","statusValue":"FAILED"},"attachment":"1507917962232.png","type":"MESSAGE","name":"","message":"Unable to move mouse over object \u0027Object Repository/create material requisition/a_Material Requisition\u0027 (Root cause: com.kms.katalon.core.webui.exception.WebElementNotFoundException: Web element with id: \u0027Object Repository/create material requisition/a_Material Requisition\u0027 located by \u0027By.xpath: //a[@href\u003d\u0027#/requisition/material/create\u0027]\u0027 not found)","startTime":1507917962359,"endTime":0,"childRecords":[],"interuppted":false}],"interuppted":false},{"index":7,"isIgnoredIfFailed":false,"type":"TEST_STEP","name":"delay","message":"Delayed 2 second(s)","description":"","startTime":1507917962359,"endTime":1507917964364,"childRecords":[{"testStatus":{"stackTrace":"","statusValue":"PASSED"},"type":"MESSAGE","name":"","message":"Delayed 2 second(s)","startTime":1507917964361,"endTime":0,"childRecords":[],"interuppted":false}],"interuppted":false},{"attachment":"E:\\\\Katalon_Project\\\\KatalonStudio-RequisitionTest-master\\\\Reports\\\\TestSuite-CreateMaterialRequisition\\\\20171014_000357\\\\1507917964366.png","index":8,"isIgnoredIfFailed":false,"type":"TEST_STEP","name":"takeScreenshot","message":"Taking screenshot successfully","description":"","startTime":1507917964365,"endTime":1507917964491,"childRecords":[{"testStatus":{"stackTrace":"","statusValue":"PASSED"},"attachment":"E:\\\\Katalon_Project\\\\KatalonStudio-RequisitionTest-master\\\\Reports\\\\TestSuite-CreateMaterialRequisition\\\\20171014_000357\\\\1507917964366.png","type":"MESSAGE","name":"","message":"Taking screenshot successfully","startTime":1507917964491,"endTime":0,"childRecords":[],"interuppted":false}],"interuppted":false},{"attachment":"1507917979611.png","index":9,"isIgnoredIfFailed":false,"type":"TEST_STEP","name":"click","message":"Unable to click on object \u0027Object Repository/create material requisition/a_Material Requisition\u0027 (Root cause: com.kms.katalon.core.webui.exception.WebElementNotFoundException: Web element with id: \u0027Object Repository/create material requisition/a_Material Requisition\u0027 located by \u0027By.xpath: //a[@href\u003d\u0027#/requisition/material/create\u0027]\u0027 not found)","description":"Click On Create Material Requisition","startTime":1507917964492,"endTime":1507917979708,"childRecords":[{"testStatus":{"stackTrace":"","statusValue":"FAILED"},"attachment":"1507917979611.png","type":"MESSAGE","name":"","message":"Unable to click on object \u0027Object Repository/create material requisition/a_Material Requisition\u0027 (Root cause: com.kms.katalon.core.webui.exception.WebElementNotFoundException: Web element with id: \u0027Object Repository/create material requisition/a_Material Requisition\u0027 located by \u0027By.xpath: //a[@href\u003d\u0027#/requisition/material/create\u0027]\u0027 not found)","startTime":1507917979708,"endTime":0,"childRecords":[],"interuppted":false}],"interuppted":false},{"attachment":"1507917999958.png","index":10,"isIgnoredIfFailed":false,"type":"TEST_STEP","name":"waitForPageLoad","message":"Unable to wait for page load (Root cause: org.openqa.selenium.TimeoutException: Timed out after 20 seconds waiting for com.kms.katalon.core.webui.keyword.builtin.WaitForPageLoadKeyword$1@5118388b\nBuild info: version: \u00272.53.0\u0027, revision: \u002735ae25b\u0027, time: \u00272016-03-15 17:00:58\u0027\nSystem info: host: \u0027DESKTOP-SQEFDD7\u0027, ip: \u0027192.168.0.104\u0027, os.name: \u0027Windows 10\u0027, os.arch: \u0027amd64\u0027, os.version: \u002710.0\u0027, java.version: \u00271.8.0_102\u0027\nDriver info: com.kms.katalon.jbrowser.CJBrowserDriver\nCapabilities [{jbd.ajaxwait\u003d150, jbd.useragent\u003dtor, jbd.savemedia\u003dfalse, jbd.logtrace\u003dfalse, jbd.maxconnections\u003d300, jbd.cacheentries\u003d10000, jbd.quickrender\u003dfalse, platform\u003dANY, jbd.screenwidth\u003d1000, jbd.ignoredialogs\u003dtrue, jbd.javascript\u003dtrue, jbd.processes\u003d8, jbd.connecttimeout\u003d-1, jbd.screenheight\u003d600, jbd.logger\u003dcom.machinepublishers.jbrowserdriver, jbd.connectionreqtimeout\u003d-1, jbd.cache\u003dfalse, jbd.host\u003d127.0.0.1, browserName\u003djbrowserdriver, jbd.headscript\u003dObject.defineProperty(window, \u0027external\u0027, {value:{AddSearchProvider:function(){},IsSearchProviderInstalled:function(){},addSearchEngine:function(){}}});Object.defineProperty(window.external.AddSearchProvider, \u0027toString\u0027, {value:function(){return \u0027function AddSearchProvider() { [native code] }\u0027;}});Object.defineProperty(window.external.IsSearchProviderInstalled, \u0027toString\u0027, {value:function(){return \u0027function IsSearchProviderInstalled() { [native code] }\u0027;}});Object.defineProperty(window.external.addSearchEngine, \u0027toString\u0027, {value:function(){return \u0027function addSearchEngine() { [native code] }\u0027;}});Object.defineProperty(HTMLCanvasElement.prototype, \u0027toBlob\u0027, {value:function(){return undefined;}});Object.defineProperty(HTMLCanvasElement.prototype, \u0027toDataURL\u0027, {value:function(){return undefined;}});Object.defineProperty(CanvasRenderingContext2D.prototype, \u0027getImageData\u0027, {value:function(){return undefined;}});Object.defineProperty(CanvasRenderingContext2D.prototype, \u0027measureText\u0027, {value:function(){return undefined;}});Object.defineProperty(CanvasRenderingContext2D.prototype, \u0027isPointInPath\u0027, {value:function(){return undefined;}});Object.defineProperty(CanvasRenderingContext2D.prototype, \u0027isPointInStroke\u0027, {value:function(){return undefined;}});, jbd.headless\u003dtrue, jbd.cacheentrysize\u003d1000000, jbd.hostnameverification\u003dtrue, jbd.ajaxresourcetimeout\u003d2000, jbd.logwire\u003dfalse, version\u003d, jbd.timezone\u003dUTC, jbd.saveattachments\u003dfalse, jbd.javaexportmodules\u003dfalse, jbd.sockettimeout\u003d-1, jbd.maxrouteconnections\u003d8, jbd.logjavascript\u003dfalse, jbd.logwarnings\u003dtrue, jbd.logsmax\u003d1000, jbd.blockads\u003dfalse}]\nSession ID: [Instance 1][Port 2607])","description":"","startTime":1507917979709,"endTime":1507918000059,"childRecords":[{"testStatus":{"stackTrace":"","statusValue":"FAILED"},"attachment":"1507917999958.png","type":"MESSAGE","name":"","message":"Unable to wait for page load (Root cause: org.openqa.selenium.TimeoutException: Timed out after 20 seconds waiting for com.kms.katalon.core.webui.keyword.builtin.WaitForPageLoadKeyword$1@5118388b\nBuild info: version: \u00272.53.0\u0027, revision: \u002735ae25b\u0027, time: \u00272016-03-15 17:00:58\u0027\nSystem info: host: \u0027DESKTOP-SQEFDD7\u0027, ip: \u0027192.168.0.104\u0027, os.name: \u0027Windows 10\u0027, os.arch: \u0027amd64\u0027, os.version: \u002710.0\u0027, java.version: \u00271.8.0_102\u0027\nDriver info: com.kms.katalon.jbrowser.CJBrowserDriver\nCapabilities [{jbd.ajaxwait\u003d150, jbd.useragent\u003dtor, jbd.savemedia\u003dfalse, jbd.logtrace\u003dfalse, jbd.maxconnections\u003d300, jbd.cacheentries\u003d10000, jbd.quickrender\u003dfalse, platform\u003dANY, jbd.screenwidth\u003d1000, jbd.ignoredialogs\u003dtrue, jbd.javascript\u003dtrue, jbd.processes\u003d8, jbd.connecttimeout\u003d-1, jbd.screenheight\u003d600, jbd.logger\u003dcom.machinepublishers.jbrowserdriver, jbd.connectionreqtimeout\u003d-1, jbd.cache\u003dfalse, jbd.host\u003d127.0.0.1, browserName\u003djbrowserdriver, jbd.headscript\u003dObject.defineProperty(window, \u0027external\u0027, {value:{AddSearchProvider:function(){},IsSearchProviderInstalled:function(){},addSearchEngine:function(){}}});Object.defineProperty(window.external.AddSearchProvider, \u0027toString\u0027, {value:function(){return \u0027function AddSearchProvider() { [native code] }\u0027;}});Object.defineProperty(window.external.IsSearchProviderInstalled, \u0027toString\u0027, {value:function(){return \u0027function IsSearchProviderInstalled() { [native code] }\u0027;}});Object.defineProperty(window.external.addSearchEngine, \u0027toString\u0027, {value:function(){return \u0027function addSearchEngine() { [native code] }\u0027;}});Object.defineProperty(HTMLCanvasElement.prototype, \u0027toBlob\u0027, {value:function(){return undefined;}});Object.defineProperty(HTMLCanvasElement.prototype, \u0027toDataURL\u0027, {value:function(){return undefined;}});Object.defineProperty(CanvasRenderingContext2D.prototype, \u0027getImageData\u0027, {value:function(){return undefined;}});Object.defineProperty(CanvasRenderingContext2D.prototype, \u0027measureText\u0027, {value:function(){return undefined;}});Object.defineProperty(CanvasRenderingContext2D.prototype, \u0027isPointInPath\u0027, {value:function(){return undefined;}});Object.defineProperty(CanvasRenderingContext2D.prototype, \u0027isPointInStroke\u0027, {value:function(){return undefined;}});, jbd.headless\u003dtrue, jbd.cacheentrysize\u003d1000000, jbd.hostnameverification\u003dtrue, jbd.ajaxresourcetimeout\u003d2000, jbd.logwire\u003dfalse, version\u003d, jbd.timezone\u003dUTC, jbd.saveattachments\u003dfalse, jbd.javaexportmodules\u003dfalse, jbd.sockettimeout\u003d-1, jbd.maxrouteconnections\u003d8, jbd.logjavascript\u003dfalse, jbd.logwarnings\u003dtrue, jbd.logsmax\u003d1000, jbd.blockads\u003dfalse}]\nSession ID: [Instance 1][Port 2607])","startTime":1507918000058,"endTime":0,"childRecords":[],"interuppted":false}],"interuppted":false},{"attachment":"1507918015226.png","index":11,"isIgnoredIfFailed":false,"type":"TEST_STEP","name":"click","message":"Unable to click on object \u0027Object Repository/Page_Procurement Management  Create/input_requisitionTitle\u0027 (Root cause: com.kms.katalon.core.webui.exception.WebElementNotFoundException: Web element with id: \u0027Object Repository/Page_Procurement Management  Create/input_requisitionTitle\u0027 located by \u0027By.xpath: //input[count(. | //*[@name \u003d \u0027requisitionTitle\u0027]) \u003d count(//*[@name \u003d \u0027requisitionTitle\u0027])][count(. | //*[@type \u003d \u0027text\u0027]) \u003d count(//*[@type \u003d \u0027text\u0027])]\u0027 not found)","description":"","startTime":1507918000060,"endTime":1507918015327,"childRecords":[{"testStatus":{"stackTrace":"","statusValue":"FAILED"},"attachment":"1507918015226.png","type":"MESSAGE","name":"","message":"Unable to click on object \u0027Object Repository/Page_Procurement Management  Create/input_requisitionTitle\u0027 (Root cause: com.kms.katalon.core.webui.exception.WebElementNotFoundException: Web element with id: \u0027Object Repository/Page_Procurement Management  Create/input_requisitionTitle\u0027 located by \u0027By.xpath: //input[count(. | //*[@name \u003d \u0027requisitionTitle\u0027]) \u003d count(//*[@name \u003d \u0027requisitionTitle\u0027])][count(. | //*[@type \u003d \u0027text\u0027]) \u003d count(//*[@type \u003d \u0027text\u0027])]\u0027 not found)","startTime":1507918015326,"endTime":0,"childRecords":[],"interuppted":false}],"interuppted":false},{"attachment":"1507918030405.png","index":12,"isIgnoredIfFailed":false,"type":"TEST_STEP","name":"setText","message":"Unable to set text \u0027Material Requisition 1A\u0027 of object \u0027Object Repository/Page_Procurement Management  Create/input_requisitionTitle\u0027 (Root cause: com.kms.katalon.core.webui.exception.WebElementNotFoundException: Web element with id: \u0027Object Repository/Page_Procurement Management  Create/input_requisitionTitle\u0027 located by \u0027By.xpath: //input[count(. | //*[@name \u003d \u0027requisitionTitle\u0027]) \u003d count(//*[@name \u003d \u0027requisitionTitle\u0027])][count(. | //*[@type \u003d \u0027text\u0027]) \u003d count(//*[@type \u003d \u0027text\u0027])]\u0027 not found)","description":"Input Material Requisition Name","startTime":1507918015327,"endTime":1507918030504,"childRecords":[{"testStatus":{"stackTrace":"","statusValue":"FAILED"},"attachment":"1507918030405.png","type":"MESSAGE","name":"","message":"Unable to set text \u0027Material Requisition 1A\u0027 of object \u0027Object Repository/Page_Procurement Management  Create/input_requisitionTitle\u0027 (Root cause: com.kms.katalon.core.webui.exception.WebElementNotFoundException: Web element with id: \u0027Object Repository/Page_Procurement Management  Create/input_requisitionTitle\u0027 located by \u0027By.xpath: //input[count(. | //*[@name \u003d \u0027requisitionTitle\u0027]) \u003d count(//*[@name \u003d \u0027requisitionTitle\u0027])][count(. | //*[@type \u003d \u0027text\u0027]) \u003d count(//*[@type \u003d \u0027text\u0027])]\u0027 not found)","startTime":1507918030504,"endTime":0,"childRecords":[],"interuppted":false}],"interuppted":false},{"attachment":"1507918045653.png","index":13,"isIgnoredIfFailed":false,"type":"TEST_STEP","name":"click","message":"Unable to click on object \u0027Object Repository/Page_Procurement Management  Create/requestTo\u0027 (Root cause: com.kms.katalon.core.webui.exception.WebElementNotFoundException: Web element with id: \u0027Object Repository/Page_Procurement Management  Create/requestTo\u0027 located by \u0027By.xpath: //input[@name\u003d\u0027approverName\u0027]\u0027 not found)","description":"","startTime":1507918030505,"endTime":1507918045747,"childRecords":[{"testStatus":{"stackTrace":"","statusValue":"FAILED"},"attachment":"1507918045653.png","type":"MESSAGE","name":"","message":"Unable to click on object \u0027Object Repository/Page_Procurement Management  Create/requestTo\u0027 (Root cause: com.kms.katalon.core.webui.exception.WebElementNotFoundException: Web element with id: \u0027Object Repository/Page_Procurement Management  Create/requestTo\u0027 located by \u0027By.xpath: //input[@name\u003d\u0027approverName\u0027]\u0027 not found)","startTime":1507918045746,"endTime":0,"childRecords":[],"interuppted":false}],"interuppted":false},{"attachment":"1507918060873.png","index":14,"isIgnoredIfFailed":false,"type":"TEST_STEP","name":"setText","message":"Unable to set text \u0027Fahad Billah (Local Approver)\u0027 of object \u0027Object Repository/Page_Procurement Management  Create/requestTo\u0027 (Root cause: com.kms.katalon.core.webui.exception.WebElementNotFoundException: Web element with id: \u0027Object Repository/Page_Procurement Management  Create/requestTo\u0027 located by \u0027By.xpath: //input[@name\u003d\u0027approverName\u0027]\u0027 not found)","description":"Click Material Requisition Request To Field","startTime":1507918045747,"endTime":1507918061008,"childRecords":[{"testStatus":{"stackTrace":"","statusValue":"FAILED"},"attachment":"1507918060873.png","type":"MESSAGE","name":"","message":"Unable to set text \u0027Fahad Billah (Local Approver)\u0027 of object \u0027Object Repository/Page_Procurement Management  Create/requestTo\u0027 (Root cause: com.kms.katalon.core.webui.exception.WebElementNotFoundException: Web element with id: \u0027Object Repository/Page_Procurement Management  Create/requestTo\u0027 located by \u0027By.xpath: //input[@name\u003d\u0027approverName\u0027]\u0027 not found)","startTime":1507918061008,"endTime":0,"childRecords":[],"interuppted":false}],"interuppted":false},{"attachment":"1507918076100.png","index":15,"isIgnoredIfFailed":false,"type":"TEST_STEP","name":"click","message":"Unable to click on object \u0027Object Repository/Page_Procurement Management  Create/li_Fahad Billah (Local Boss)\u0027 (Root cause: com.kms.katalon.core.webui.exception.WebElementNotFoundException: Web element with id: \u0027Object Repository/Page_Procurement Management  Create/li_Fahad Billah (Local Boss)\u0027 located by \u0027By.xpath: //div/div[2]/div/ul/li[1]\u0027 not found)","description":"Select Material Requisition Request To Field","startTime":1507918061008,"endTime":1507918076209,"childRecords":[{"testStatus":{"stackTrace":"","statusValue":"FAILED"},"attachment":"1507918076100.png","type":"MESSAGE","name":"","message":"Unable to click on object \u0027Object Repository/Page_Procurement Management  Create/li_Fahad Billah (Local Boss)\u0027 (Root cause: com.kms.katalon.core.webui.exception.WebElementNotFoundException: Web element with id: \u0027Object Repository/Page_Procurement Management  Create/li_Fahad Billah (Local Boss)\u0027 located by \u0027By.xpath: //div/div[2]/div/ul/li[1]\u0027 not found)","startTime":1507918076208,"endTime":0,"childRecords":[],"interuppted":false}],"interuppted":false},{"attachment":"1507918091327.png","index":16,"isIgnoredIfFailed":false,"type":"TEST_STEP","name":"click","message":"Unable to click on object \u0027Object Repository/Page_Procurement Management  Create/input_receiverName\u0027 (Root cause: com.kms.katalon.core.webui.exception.WebElementNotFoundException: Web element with id: \u0027Object Repository/Page_Procurement Management  Create/input_receiverName\u0027 located by \u0027By.xpath: //input[count(. | //*[@name \u003d \u0027receiverName\u0027]) \u003d count(//*[@name \u003d \u0027receiverName\u0027])][count(. | //*[@type \u003d \u0027text\u0027]) \u003d count(//*[@type \u003d \u0027text\u0027])]\u0027 not found)","description":"","startTime":1507918076209,"endTime":1507918091430,"childRecords":[{"testStatus":{"stackTrace":"","statusValue":"FAILED"},"attachment":"1507918091327.png","type":"MESSAGE","name":"","message":"Unable to click on object \u0027Object Repository/Page_Procurement Management  Create/input_receiverName\u0027 (Root cause: com.kms.katalon.core.webui.exception.WebElementNotFoundException: Web element with id: \u0027Object Repository/Page_Procurement Management  Create/input_receiverName\u0027 located by \u0027By.xpath: //input[count(. | //*[@name \u003d \u0027receiverName\u0027]) \u003d count(//*[@name \u003d \u0027receiverName\u0027])][count(. | //*[@type \u003d \u0027text\u0027]) \u003d count(//*[@type \u003d \u0027text\u0027])]\u0027 not found)","startTime":1507918091429,"endTime":0,"childRecords":[],"interuppted":false}],"interuppted":false},{"attachment":"1507918106607.png","index":17,"isIgnoredIfFailed":false,"type":"TEST_STEP","name":"setText","message":"Unable to set text \u0027Fahad Billah\u0027 of object \u0027Object Repository/Page_Procurement Management  Create/input_receiverName\u0027 (Root cause: com.kms.katalon.core.webui.exception.WebElementNotFoundException: Web element with id: \u0027Object Repository/Page_Procurement Management  Create/input_receiverName\u0027 located by \u0027By.xpath: //input[count(. | //*[@name \u003d \u0027receiverName\u0027]) \u003d count(//*[@name \u003d \u0027receiverName\u0027])][count(. | //*[@type \u003d \u0027text\u0027]) \u003d count(//*[@type \u003d \u0027text\u0027])]\u0027 not found)","description":"Input Receiver Name","startTime":1507918091431,"endTime":1507918106715,"childRecords":[{"testStatus":{"stackTrace":"","statusValue":"FAILED"},"attachment":"1507918106607.png","type":"MESSAGE","name":"","message":"Unable to set text \u0027Fahad Billah\u0027 of object \u0027Object Repository/Page_Procurement Management  Create/input_receiverName\u0027 (Root cause: com.kms.katalon.core.webui.exception.WebElementNotFoundException: Web element with id: \u0027Object Repository/Page_Procurement Management  Create/input_receiverName\u0027 located by \u0027By.xpath: //input[count(. | //*[@name \u003d \u0027receiverName\u0027]) \u003d count(//*[@name \u003d \u0027receiverName\u0027])][count(. | //*[@type \u003d \u0027text\u0027]) \u003d count(//*[@type \u003d \u0027text\u0027])]\u0027 not found)","startTime":1507918106715,"endTime":0,"childRecords":[],"interuppted":false}],"interuppted":false},{"attachment":"1507918121837.png","index":18,"isIgnoredIfFailed":false,"type":"TEST_STEP","name":"click","message":"Unable to click on object \u0027Object Repository/Page_Procurement Management  Create/li_Fahad Billah\u0027 (Root cause: com.kms.katalon.core.webui.exception.WebElementNotFoundException: Web element with id: \u0027Object Repository/Page_Procurement Management  Create/li_Fahad Billah\u0027 located by \u0027By.xpath: //div/div[3]/div/ul/li\u0027 not found)","description":"Select Receiver","startTime":1507918106716,"endTime":1507918121969,"childRecords":[{"testStatus":{"stackTrace":"","statusValue":"FAILED"},"attachment":"1507918121837.png","type":"MESSAGE","name":"","message":"Unable to click on object \u0027Object Repository/Page_Procurement Management  Create/li_Fahad Billah\u0027 (Root cause: com.kms.katalon.core.webui.exception.WebElementNotFoundException: Web element with id: \u0027Object Repository/Page_Procurement Management  Create/li_Fahad Billah\u0027 located by \u0027By.xpath: //div/div[3]/div/ul/li\u0027 not found)","startTime":1507918121968,"endTime":0,"childRecords":[],"interuppted":false}],"interuppted":false},{"index":19,"isIgnoredIfFailed":false,"type":"TEST_STEP","name":"delay","message":"Delayed 2 second(s)","description":"","startTime":1507918121969,"endTime":1507918123972,"childRecords":[{"testStatus":{"stackTrace":"","statusValue":"PASSED"},"type":"MESSAGE","name":"","message":"Delayed 2 second(s)","startTime":1507918123971,"endTime":0,"childRecords":[],"interuppted":false}],"interuppted":false},{"attachment":"1507918139039.png","index":20,"isIgnoredIfFailed":false,"type":"TEST_STEP","name":"setText","message":"Unable to set text \u0027Mamun Rasid\u0027 of object \u0027Object Repository/Page_Procurement Management  Create/input_originalRequesterName (2)\u0027 (Root cause: com.kms.katalon.core.webui.exception.WebElementNotFoundException: Web element with id: \u0027Object Repository/Page_Procurement Management  Create/input_originalRequesterName (2)\u0027 located by \u0027By.xpath: //input[count(. | //*[@name \u003d \u0027originalRequesterName\u0027]) \u003d count(//*[@name \u003d \u0027originalRequesterName\u0027])][count(. | //*[@type \u003d \u0027text\u0027]) \u003d count(//*[@type \u003d \u0027text\u0027])]\u0027 not found)","description":"Input orginal Requester","startTime":1507918123972,"endTime":1507918139168,"childRecords":[{"testStatus":{"stackTrace":"","statusValue":"FAILED"},"attachment":"1507918139039.png","type":"MESSAGE","name":"","message":"Unable to set text \u0027Mamun Rasid\u0027 of object \u0027Object Repository/Page_Procurement Management  Create/input_originalRequesterName (2)\u0027 (Root cause: com.kms.katalon.core.webui.exception.WebElementNotFoundException: Web element with id: \u0027Object Repository/Page_Procurement Management  Create/input_originalRequesterName (2)\u0027 located by \u0027By.xpath: //input[count(. | //*[@name \u003d \u0027originalRequesterName\u0027]) \u003d count(//*[@name \u003d \u0027originalRequesterName\u0027])][count(. | //*[@type \u003d \u0027text\u0027]) \u003d count(//*[@type \u003d \u0027text\u0027])]\u0027 not found)","startTime":1507918139168,"endTime":0,"childRecords":[],"interuppted":false}],"interuppted":false},{"attachment":"1507918154273.png","index":21,"isIgnoredIfFailed":false,"type":"TEST_STEP","name":"setText","message":"Unable to set text \u002701745677420\u0027 of object \u0027Object Repository/Page_Procurement Management  Create/input_originalRequesterPhone (1)\u0027 (Root cause: com.kms.katalon.core.webui.exception.WebElementNotFoundException: Web element with id: \u0027Object Repository/Page_Procurement Management  Create/input_originalRequesterPhone (1)\u0027 located by \u0027By.xpath: //input[count(. | //*[@name \u003d \u0027originalRequesterPhone\u0027]) \u003d count(//*[@name \u003d \u0027originalRequesterPhone\u0027])][count(. | //*[@type \u003d \u0027text\u0027]) \u003d count(//*[@type \u003d \u0027text\u0027])]\u0027 not found)","description":"Input Phone Number","startTime":1507918139169,"endTime":1507918154373,"childRecords":[{"testStatus":{"stackTrace":"","statusValue":"FAILED"},"attachment":"1507918154273.png","type":"MESSAGE","name":"","message":"Unable to set text \u002701745677420\u0027 of object \u0027Object Repository/Page_Procurement Management  Create/input_originalRequesterPhone (1)\u0027 (Root cause: com.kms.katalon.core.webui.exception.WebElementNotFoundException: Web element with id: \u0027Object Repository/Page_Procurement Management  Create/input_originalRequesterPhone (1)\u0027 located by \u0027By.xpath: //input[count(. | //*[@name \u003d \u0027originalRequesterPhone\u0027]) \u003d count(//*[@name \u003d \u0027originalRequesterPhone\u0027])][count(. | //*[@type \u003d \u0027text\u0027]) \u003d count(//*[@type \u003d \u0027text\u0027])]\u0027 not found)","startTime":1507918154373,"endTime":0,"childRecords":[],"interuppted":false}],"interuppted":false},{"attachment":"1507918169452.png","index":22,"isIgnoredIfFailed":false,"type":"TEST_STEP","name":"setText","message":"Unable to set text \u0027Test Team Qa-katalon\u0027 of object \u0027Object Repository/Page_Procurement Management  Create/textarea_remarks\u0027 (Root cause: com.kms.katalon.core.webui.exception.WebElementNotFoundException: Web element with id: \u0027Object Repository/Page_Procurement Management  Create/textarea_remarks\u0027 located by \u0027By.xpath: //textarea[count(. | //*[@id \u003d \u0027remarks\u0027]) \u003d count(//*[@id \u003d \u0027remarks\u0027])]\u0027 not found)","description":"Input Remarks","startTime":1507918154373,"endTime":1507918169581,"childRecords":[{"testStatus":{"stackTrace":"","statusValue":"FAILED"},"attachment":"1507918169452.png","type":"MESSAGE","name":"","message":"Unable to set text \u0027Test Team Qa-katalon\u0027 of object \u0027Object Repository/Page_Procurement Management  Create/textarea_remarks\u0027 (Root cause: com.kms.katalon.core.webui.exception.WebElementNotFoundException: Web element with id: \u0027Object Repository/Page_Procurement Management  Create/textarea_remarks\u0027 located by \u0027By.xpath: //textarea[count(. | //*[@id \u003d \u0027remarks\u0027]) \u003d count(//*[@id \u003d \u0027remarks\u0027])]\u0027 not found)","startTime":1507918169580,"endTime":0,"childRecords":[],"interuppted":false}],"interuppted":false},{"index":23,"isIgnoredIfFailed":false,"type":"TEST_STEP","name":"delay","message":"Delayed 1 second(s)","description":"","startTime":1507918169581,"endTime":1507918170584,"childRecords":[{"testStatus":{"stackTrace":"","statusValue":"PASSED"},"type":"MESSAGE","name":"","message":"Delayed 1 second(s)","startTime":1507918170583,"endTime":0,"childRecords":[],"interuppted":false}],"interuppted":false},{"attachment":"1507918185650.png","index":24,"isIgnoredIfFailed":false,"type":"TEST_STEP","name":"click","message":"Unable to click on object \u0027Object Repository/Page_Procurement Management  Create/span_Item Details\u0027 (Root cause: com.kms.katalon.core.webui.exception.WebElementNotFoundException: Web element with id: \u0027Object Repository/Page_Procurement Management  Create/span_Item Details\u0027 located by \u0027By.xpath: //span[count(. | //*[contains(.,\u0027Item Details\u0027)]) \u003d count(//*[contains(.,\u0027Item Details\u0027)])]\u0027 not found)","description":"Click On Item Details","startTime":1507918170584,"endTime":1507918185747,"childRecords":[{"testStatus":{"stackTrace":"","statusValue":"FAILED"},"attachment":"1507918185650.png","type":"MESSAGE","name":"","message":"Unable to click on object \u0027Object Repository/Page_Procurement Management  Create/span_Item Details\u0027 (Root cause: com.kms.katalon.core.webui.exception.WebElementNotFoundException: Web element with id: \u0027Object Repository/Page_Procurement Management  Create/span_Item Details\u0027 located by \u0027By.xpath: //span[count(. | //*[contains(.,\u0027Item Details\u0027)]) \u003d count(//*[contains(.,\u0027Item Details\u0027)])]\u0027 not found)","startTime":1507918185746,"endTime":0,"childRecords":[],"interuppted":false}],"interuppted":false},{"index":25,"isIgnoredIfFailed":false,"type":"TEST_STEP","name":"delay","message":"Delayed 1 second(s)","description":"","startTime":1507918185747,"endTime":1507918186750,"childRecords":[{"testStatus":{"stackTrace":"","statusValue":"PASSED"},"type":"MESSAGE","name":"","message":"Delayed 1 second(s)","startTime":1507918186749,"endTime":0,"childRecords":[],"interuppted":false}],"interuppted":false},{"attachment":"1507918201846.png","index":26,"isIgnoredIfFailed":false,"type":"TEST_STEP","name":"click","message":"Unable to click on object \u0027Object Repository/Page_Procurement Management  Create/CostCenterName\u0027 (Root cause: com.kms.katalon.core.webui.exception.WebElementNotFoundException: Web element with id: \u0027Object Repository/Page_Procurement Management  Create/CostCenterName\u0027 located by \u0027By.xpath: //input[@name\u003d\u0027ccName\u0027]\u0027 not found)","description":"Click CC Filed","startTime":1507918186752,"endTime":1507918201984,"childRecords":[{"testStatus":{"stackTrace":"","statusValue":"FAILED"},"attachment":"1507918201846.png","type":"MESSAGE","name":"","message":"Unable to click on object \u0027Object Repository/Page_Procurement Management  Create/CostCenterName\u0027 (Root cause: com.kms.katalon.core.webui.exception.WebElementNotFoundException: Web element with id: \u0027Object Repository/Page_Procurement Management  Create/CostCenterName\u0027 located by \u0027By.xpath: //input[@name\u003d\u0027ccName\u0027]\u0027 not found)","startTime":1507918201984,"endTime":0,"childRecords":[],"interuppted":false}],"interuppted":false},{"attachment":"1507918202015.png","index":27,"isIgnoredIfFailed":false,"type":"TEST_STEP","name":"waitForAngularLoad","message":"Unable to wait for Angular to load. (Root cause: org.openqa.selenium.NoSuchElementException: Element not found or does not exist.\nFor documentation on this error, please visit: http://seleniumhq.org/exceptions/no_such_element.html\nBuild info: version: \u00272.53.0\u0027, revision: \u002735ae25b\u0027, time: \u00272016-03-15 17:00:58\u0027\nSystem info: host: \u0027DESKTOP-SQEFDD7\u0027, ip: \u0027192.168.0.104\u0027, os.name: \u0027Windows 10\u0027, os.arch: \u0027amd64\u0027, os.version: \u002710.0\u0027, java.version: \u00271.8.0_102\u0027\nDriver info: driver.version: unknown\nFor documentation on this error, please visit: http://seleniumhq.org/exceptions/no_such_element.html\nBuild info: version: \u00272.53.0\u0027, revision: \u002735ae25b\u0027, time: \u00272016-03-15 17:00:58\u0027\nSystem info: host: \u0027DESKTOP-SQEFDD7\u0027, ip: \u0027192.168.0.104\u0027, os.name: \u0027Windows 10\u0027, os.arch: \u0027amd64\u0027, os.version: \u002710.0\u0027, java.version: \u00271.8.0_102\u0027\nDriver info: driver.version: JBrowserDriver)","description":"","startTime":1507918201985,"endTime":1507918202163,"childRecords":[{"testStatus":{"stackTrace":"","statusValue":"FAILED"},"attachment":"1507918202015.png","type":"MESSAGE","name":"","message":"Unable to wait for Angular to load. (Root cause: org.openqa.selenium.NoSuchElementException: Element not found or does not exist.\nFor documentation on this error, please visit: http://seleniumhq.org/exceptions/no_such_element.html\nBuild info: version: \u00272.53.0\u0027, revision: \u002735ae25b\u0027, time: \u00272016-03-15 17:00:58\u0027\nSystem info: host: \u0027DESKTOP-SQEFDD7\u0027, ip: \u0027192.168.0.104\u0027, os.name: \u0027Windows 10\u0027, os.arch: \u0027amd64\u0027, os.version: \u002710.0\u0027, java.version: \u00271.8.0_102\u0027\nDriver info: driver.version: unknown\nFor documentation on this error, please visit: http://seleniumhq.org/exceptions/no_such_element.html\nBuild info: version: \u00272.53.0\u0027, revision: \u002735ae25b\u0027, time: \u00272016-03-15 17:00:58\u0027\nSystem info: host: \u0027DESKTOP-SQEFDD7\u0027, ip: \u0027192.168.0.104\u0027, os.name: \u0027Windows 10\u0027, os.arch: \u0027amd64\u0027, os.version: \u002710.0\u0027, java.version: \u00271.8.0_102\u0027\nDriver info: driver.version: JBrowserDriver)","startTime":1507918202163,"endTime":0,"childRecords":[],"interuppted":false}],"interuppted":false},{"attachment":"1507918217230.png","index":28,"isIgnoredIfFailed":false,"type":"TEST_STEP","name":"click","message":"Unable to click on object \u0027Object Repository/Page_Procurement Management  Create/a_10100.12 Engineers  Employer\u0027 (Root cause: com.kms.katalon.core.webui.exception.WebElementNotFoundException: Web element with id: \u0027Object Repository/Page_Procurement Management  Create/a_10100.12 Engineers  Employer\u0027 located by \u0027By.xpath: //a[count(. | //*[@href \u003d \u0027#\u0027]) \u003d count(//*[@href \u003d \u0027#\u0027])][count(. | //*[@id \u003d \u0027176_anchor\u0027]) \u003d count(//*[@id \u003d \u0027176_anchor\u0027])][count(. | //*[contains(.,\u002710100.12 Engineers \u0026 Employers Office\u0027)]) \u003d count(//*[contains(.,\u002710100.12 Engineers \u0026 Employers Office\u0027)])]\u0027 not found)","description":"Select CC Name","startTime":1507918202164,"endTime":1507918217328,"childRecords":[{"testStatus":{"stackTrace":"","statusValue":"FAILED"},"attachment":"1507918217230.png","type":"MESSAGE","name":"","message":"Unable to click on object \u0027Object Repository/Page_Procurement Management  Create/a_10100.12 Engineers  Employer\u0027 (Root cause: com.kms.katalon.core.webui.exception.WebElementNotFoundException: Web element with id: \u0027Object Repository/Page_Procurement Management  Create/a_10100.12 Engineers  Employer\u0027 located by \u0027By.xpath: //a[count(. | //*[@href \u003d \u0027#\u0027]) \u003d count(//*[@href \u003d \u0027#\u0027])][count(. | //*[@id \u003d \u0027176_anchor\u0027]) \u003d count(//*[@id \u003d \u0027176_anchor\u0027])][count(. | //*[contains(.,\u002710100.12 Engineers \u0026 Employers Office\u0027)]) \u003d count(//*[contains(.,\u002710100.12 Engineers \u0026 Employers Office\u0027)])]\u0027 not found)","startTime":1507918217327,"endTime":0,"childRecords":[],"interuppted":false}],"interuppted":false},{"index":29,"isIgnoredIfFailed":false,"type":"TEST_STEP","name":"delay","message":"Delayed 1 second(s)","description":"","startTime":1507918217328,"endTime":1507918218330,"childRecords":[{"testStatus":{"stackTrace":"","statusValue":"PASSED"},"type":"MESSAGE","name":"","message":"Delayed 1 second(s)","startTime":1507918218329,"endTime":0,"childRecords":[],"interuppted":false}],"interuppted":false},{"attachment":"1507918233461.png","index":30,"isIgnoredIfFailed":false,"type":"TEST_STEP","name":"click","message":"Unable to click on object \u0027Object Repository/Page_Procurement Management  Create/button_OK\u0027 (Root cause: com.kms.katalon.core.webui.exception.WebElementNotFoundException: Web element with id: \u0027Object Repository/Page_Procurement Management  Create/button_OK\u0027 located by \u0027By.xpath: //button[count(. | //*[contains(.,\u0027OK\u0027)]) \u003d count(//*[contains(.,\u0027OK\u0027)])][count(. | //*[@type \u003d \u0027button\u0027]) \u003d count(//*[@type \u003d \u0027button\u0027])]\u0027 not found)","description":"Click OK Button","startTime":1507918218331,"endTime":1507918233589,"childRecords":[{"testStatus":{"stackTrace":"","statusValue":"FAILED"},"attachment":"1507918233461.png","type":"MESSAGE","name":"","message":"Unable to click on object \u0027Object Repository/Page_Procurement Management  Create/button_OK\u0027 (Root cause: com.kms.katalon.core.webui.exception.WebElementNotFoundException: Web element with id: \u0027Object Repository/Page_Procurement Management  Create/button_OK\u0027 located by \u0027By.xpath: //button[count(. | //*[contains(.,\u0027OK\u0027)]) \u003d count(//*[contains(.,\u0027OK\u0027)])][count(. | //*[@type \u003d \u0027button\u0027]) \u003d count(//*[@type \u003d \u0027button\u0027])]\u0027 not found)","startTime":1507918233589,"endTime":0,"childRecords":[],"interuppted":false}],"interuppted":false},{"index":31,"isIgnoredIfFailed":false,"type":"TEST_STEP","name":"delay","message":"Delayed 2 second(s)","description":"","startTime":1507918233590,"endTime":1507918235591,"childRecords":[{"testStatus":{"stackTrace":"","statusValue":"PASSED"},"type":"MESSAGE","name":"","message":"Delayed 2 second(s)","startTime":1507918235590,"endTime":0,"childRecords":[],"interuppted":false}],"interuppted":false},{"attachment":"1507918250721.png","index":32,"isIgnoredIfFailed":false,"type":"TEST_STEP","name":"click","message":"Unable to click on object \u0027Object Repository/Page_Procurement Management  Create/button_btn pull-right btn-defa\u0027 (Root cause: com.kms.katalon.core.webui.exception.WebElementNotFoundException: Web element with id: \u0027Object Repository/Page_Procurement Management  Create/button_btn pull-right btn-defa\u0027 located by \u0027By.xpath: //input[@name\u003d\u0027itemName\u0027]\u0027 not found)","description":"Click Item Field","startTime":1507918235591,"endTime":1507918250912,"childRecords":[{"testStatus":{"stackTrace":"","statusValue":"FAILED"},"attachment":"1507918250721.png","type":"MESSAGE","name":"","message":"Unable to click on object \u0027Object Repository/Page_Procurement Management  Create/button_btn pull-right btn-defa\u0027 (Root cause: com.kms.katalon.core.webui.exception.WebElementNotFoundException: Web element with id: \u0027Object Repository/Page_Procurement Management  Create/button_btn pull-right btn-defa\u0027 located by \u0027By.xpath: //input[@name\u003d\u0027itemName\u0027]\u0027 not found)","startTime":1507918250912,"endTime":0,"childRecords":[],"interuppted":false}],"interuppted":false},{"attachment":"1507918250921.png","index":33,"isIgnoredIfFailed":false,"type":"TEST_STEP","name":"waitForAngularLoad","message":"Unable to wait for Angular to load. (Root cause: org.openqa.selenium.NoSuchElementException: Element not found or does not exist.\nFor documentation on this error, please visit: http://seleniumhq.org/exceptions/no_such_element.html\nBuild info: version: \u00272.53.0\u0027, revision: \u002735ae25b\u0027, time: \u00272016-03-15 17:00:58\u0027\nSystem info: host: \u0027DESKTOP-SQEFDD7\u0027, ip: \u0027192.168.0.104\u0027, os.name: \u0027Windows 10\u0027, os.arch: \u0027amd64\u0027, os.version: \u002710.0\u0027, java.version: \u00271.8.0_102\u0027\nDriver info: driver.version: unknown\nFor documentation on this error, please visit: http://seleniumhq.org/exceptions/no_such_element.html\nBuild info: version: \u00272.53.0\u0027, revision: \u002735ae25b\u0027, time: \u00272016-03-15 17:00:58\u0027\nSystem info: host: \u0027DESKTOP-SQEFDD7\u0027, ip: \u0027192.168.0.104\u0027, os.name: \u0027Windows 10\u0027, os.arch: \u0027amd64\u0027, os.version: \u002710.0\u0027, java.version: \u00271.8.0_102\u0027\nDriver info: driver.version: JBrowserDriver)","description":"","startTime":1507918250913,"endTime":1507918251079,"childRecords":[{"testStatus":{"stackTrace":"","statusValue":"FAILED"},"attachment":"1507918250921.png","type":"MESSAGE","name":"","message":"Unable to wait for Angular to load. (Root cause: org.openqa.selenium.NoSuchElementException: Element not found or does not exist.\nFor documentation on this error, please visit: http://seleniumhq.org/exceptions/no_such_element.html\nBuild info: version: \u00272.53.0\u0027, revision: \u002735ae25b\u0027, time: \u00272016-03-15 17:00:58\u0027\nSystem info: host: \u0027DESKTOP-SQEFDD7\u0027, ip: \u0027192.168.0.104\u0027, os.name: \u0027Windows 10\u0027, os.arch: \u0027amd64\u0027, os.version: \u002710.0\u0027, java.version: \u00271.8.0_102\u0027\nDriver info: driver.version: unknown\nFor documentation on this error, please visit: http://seleniumhq.org/exceptions/no_such_element.html\nBuild info: version: \u00272.53.0\u0027, revision: \u002735ae25b\u0027, time: \u00272016-03-15 17:00:58\u0027\nSystem info: host: \u0027DESKTOP-SQEFDD7\u0027, ip: \u0027192.168.0.104\u0027, os.name: \u0027Windows 10\u0027, os.arch: \u0027amd64\u0027, os.version: \u002710.0\u0027, java.version: \u00271.8.0_102\u0027\nDriver info: driver.version: JBrowserDriver)","startTime":1507918251078,"endTime":0,"childRecords":[],"interuppted":false}],"interuppted":false},{"attachment":"1507918266147.png","index":34,"isIgnoredIfFailed":false,"type":"TEST_STEP","name":"setText","message":"Unable to set text \u0027acv\u0027 of object \u0027Object Repository/Page_Procurement Management  Create/input_form-control ng-untouche\u0027 (Root cause: com.kms.katalon.core.webui.exception.WebElementNotFoundException: Web element with id: \u0027Object Repository/Page_Procurement Management  Create/input_form-control ng-untouche\u0027 located by \u0027By.xpath: //input[@ng-keyup\u003d\u0027treeSearch()\u0027]\u0027 not found)","description":"Search Item","startTime":1507918251079,"endTime":1507918266245,"childRecords":[{"testStatus":{"stackTrace":"","statusValue":"FAILED"},"attachment":"1507918266147.png","type":"MESSAGE","name":"","message":"Unable to set text \u0027acv\u0027 of object \u0027Object Repository/Page_Procurement Management  Create/input_form-control ng-untouche\u0027 (Root cause: com.kms.katalon.core.webui.exception.WebElementNotFoundException: Web element with id: \u0027Object Repository/Page_Procurement Management  Create/input_form-control ng-untouche\u0027 located by \u0027By.xpath: //input[@ng-keyup\u003d\u0027treeSearch()\u0027]\u0027 not found)","startTime":1507918266245,"endTime":0,"childRecords":[],"interuppted":false}],"interuppted":false},{"index":35,"isIgnoredIfFailed":false,"type":"TEST_STEP","name":"delay","message":"Delayed 2 second(s)","description":"","startTime":1507918266246,"endTime":1507918268247,"childRecords":[{"testStatus":{"stackTrace":"","statusValue":"PASSED"},"type":"MESSAGE","name":"","message":"Delayed 2 second(s)","startTime":1507918268247,"endTime":0,"childRecords":[],"interuppted":false}],"interuppted":false},{"attachment":"1507918283353.png","index":36,"isIgnoredIfFailed":false,"type":"TEST_STEP","name":"click","message":"Unable to click on object \u0027Object Repository/Page_Procurement Management  Create/a_ACV Measuring Mould\u0027 (Root cause: com.kms.katalon.core.webui.exception.WebElementNotFoundException: Web element with id: \u0027Object Repository/Page_Procurement Management  Create/a_ACV Measuring Mould\u0027 located by \u0027By.xpath: //a[@id\u003d\u00272670_anchor\u0027]\u0027 not found)","description":"Selet Item","startTime":1507918268247,"endTime":1507918283471,"childRecords":[{"testStatus":{"stackTrace":"","statusValue":"FAILED"},"attachment":"1507918283353.png","type":"MESSAGE","name":"","message":"Unable to click on object \u0027Object Repository/Page_Procurement Management  Create/a_ACV Measuring Mould\u0027 (Root cause: com.kms.katalon.core.webui.exception.WebElementNotFoundException: Web element with id: \u0027Object Repository/Page_Procurement Management  Create/a_ACV Measuring Mould\u0027 located by \u0027By.xpath: //a[@id\u003d\u00272670_anchor\u0027]\u0027 not found)","startTime":1507918283471,"endTime":0,"childRecords":[],"interuppted":false}],"interuppted":false},{"index":37,"isIgnoredIfFailed":false,"type":"TEST_STEP","name":"delay","message":"Delayed 2 second(s)","description":"","startTime":1507918283472,"endTime":1507918285473,"childRecords":[{"testStatus":{"stackTrace":"","statusValue":"PASSED"},"type":"MESSAGE","name":"","message":"Delayed 2 second(s)","startTime":1507918285472,"endTime":0,"childRecords":[],"interuppted":false}],"interuppted":false},{"attachment":"1507918300533.png","index":38,"isIgnoredIfFailed":false,"type":"TEST_STEP","name":"click","message":"Unable to click on object \u0027Object Repository/Page_Procurement Management  Create/button_OK\u0027 (Root cause: com.kms.katalon.core.webui.exception.WebElementNotFoundException: Web element with id: \u0027Object Repository/Page_Procurement Management  Create/button_OK\u0027 located by \u0027By.xpath: //button[count(. | //*[contains(.,\u0027OK\u0027)]) \u003d count(//*[contains(.,\u0027OK\u0027)])][count(. | //*[@type \u003d \u0027button\u0027]) \u003d count(//*[@type \u003d \u0027button\u0027])]\u0027 not found)","description":"Click Ok button","startTime":1507918285473,"endTime":1507918300626,"childRecords":[{"testStatus":{"stackTrace":"","statusValue":"FAILED"},"attachment":"1507918300533.png","type":"MESSAGE","name":"","message":"Unable to click on object \u0027Object Repository/Page_Procurement Management  Create/button_OK\u0027 (Root cause: com.kms.katalon.core.webui.exception.WebElementNotFoundException: Web element with id: \u0027Object Repository/Page_Procurement Management  Create/button_OK\u0027 located by \u0027By.xpath: //button[count(. | //*[contains(.,\u0027OK\u0027)]) \u003d count(//*[contains(.,\u0027OK\u0027)])][count(. | //*[@type \u003d \u0027button\u0027]) \u003d count(//*[@type \u003d \u0027button\u0027])]\u0027 not found)","startTime":1507918300625,"endTime":0,"childRecords":[],"interuppted":false}],"interuppted":false},{"attachment":"1507918300629.png","index":39,"isIgnoredIfFailed":false,"type":"TEST_STEP","name":"waitForAngularLoad","message":"Unable to wait for Angular to load. (Root cause: org.openqa.selenium.NoSuchElementException: Element not found or does not exist.\nFor documentation on this error, please visit: http://seleniumhq.org/exceptions/no_such_element.html\nBuild info: version: \u00272.53.0\u0027, revision: \u002735ae25b\u0027, time: \u00272016-03-15 17:00:58\u0027\nSystem info: host: \u0027DESKTOP-SQEFDD7\u0027, ip: \u0027192.168.0.104\u0027, os.name: \u0027Windows 10\u0027, os.arch: \u0027amd64\u0027, os.version: \u002710.0\u0027, java.version: \u00271.8.0_102\u0027\nDriver info: driver.version: unknown\nFor documentation on this error, please visit: http://seleniumhq.org/exceptions/no_such_element.html\nBuild info: version: \u00272.53.0\u0027, revision: \u002735ae25b\u0027, time: \u00272016-03-15 17:00:58\u0027\nSystem info: host: \u0027DESKTOP-SQEFDD7\u0027, ip: \u0027192.168.0.104\u0027, os.name: \u0027Windows 10\u0027, os.arch: \u0027amd64\u0027, os.version: \u002710.0\u0027, java.version: \u00271.8.0_102\u0027\nDriver info: driver.version: JBrowserDriver)","description":"","startTime":1507918300626,"endTime":1507918300747,"childRecords":[{"testStatus":{"stackTrace":"","statusValue":"FAILED"},"attachment":"1507918300629.png","type":"MESSAGE","name":"","message":"Unable to wait for Angular to load. (Root cause: org.openqa.selenium.NoSuchElementException: Element not found or does not exist.\nFor documentation on this error, please visit: http://seleniumhq.org/exceptions/no_such_element.html\nBuild info: version: \u00272.53.0\u0027, revision: \u002735ae25b\u0027, time: \u00272016-03-15 17:00:58\u0027\nSystem info: host: \u0027DESKTOP-SQEFDD7\u0027, ip: \u0027192.168.0.104\u0027, os.name: \u0027Windows 10\u0027, os.arch: \u0027amd64\u0027, os.version: \u002710.0\u0027, java.version: \u00271.8.0_102\u0027\nDriver info: driver.version: unknown\nFor documentation on this error, please visit: http://seleniumhq.org/exceptions/no_such_element.html\nBuild info: version: \u00272.53.0\u0027, revision: \u002735ae25b\u0027, time: \u00272016-03-15 17:00:58\u0027\nSystem info: host: \u0027DESKTOP-SQEFDD7\u0027, ip: \u0027192.168.0.104\u0027, os.name: \u0027Windows 10\u0027, os.arch: \u0027amd64\u0027, os.version: \u002710.0\u0027, java.version: \u00271.8.0_102\u0027\nDriver info: driver.version: JBrowserDriver)","startTime":1507918300747,"endTime":0,"childRecords":[],"interuppted":false}],"interuppted":false},{"attachment":"1507918315822.png","index":40,"isIgnoredIfFailed":false,"type":"TEST_STEP","name":"click","message":"Unable to click on object \u0027Object Repository/Page_Procurement Management  Create/Click specification ID\u0027 (Root cause: com.kms.katalon.core.webui.exception.WebElementNotFoundException: Web element with id: \u0027Object Repository/Page_Procurement Management  Create/Click specification ID\u0027 located by \u0027By.xpath: //select[@name\u003d\u0027specificationId\u0027]\u0027 not found)","description":"","startTime":1507918300748,"endTime":1507918315936,"childRecords":[{"testStatus":{"stackTrace":"","statusValue":"FAILED"},"attachment":"1507918315822.png","type":"MESSAGE","name":"","message":"Unable to click on object \u0027Object Repository/Page_Procurement Management  Create/Click specification ID\u0027 (Root cause: com.kms.katalon.core.webui.exception.WebElementNotFoundException: Web element with id: \u0027Object Repository/Page_Procurement Management  Create/Click specification ID\u0027 located by \u0027By.xpath: //select[@name\u003d\u0027specificationId\u0027]\u0027 not found)","startTime":1507918315935,"endTime":0,"childRecords":[],"interuppted":false}],"interuppted":false},{"index":41,"isIgnoredIfFailed":false,"type":"TEST_STEP","name":"delay","message":"Delayed 1 second(s)","description":"","startTime":1507918315936,"endTime":1507918316937,"childRecords":[{"testStatus":{"stackTrace":"","statusValue":"PASSED"},"type":"MESSAGE","name":"","message":"Delayed 1 second(s)","startTime":1507918316936,"endTime":0,"childRecords":[],"interuppted":false}],"interuppted":false},{"attachment":"1507918332025.png","index":42,"isIgnoredIfFailed":false,"type":"TEST_STEP","name":"click","message":"Unable to click on object \u0027Object Repository/Page_Procurement Management  Create/select_specificationId\u0027 (Root cause: com.kms.katalon.core.webui.exception.WebElementNotFoundException: Web element with id: \u0027Object Repository/Page_Procurement Management  Create/select_specificationId\u0027 located by \u0027By.xpath: //option[contains(.,\u0027Spec 2\u0027)]\u0027 not found)","description":"Select Item Specification \\\"Spec 2\\\"","startTime":1507918316937,"endTime":1507918332123,"childRecords":[{"testStatus":{"stackTrace":"","statusValue":"FAILED"},"attachment":"1507918332025.png","type":"MESSAGE","name":"","message":"Unable to click on object \u0027Object Repository/Page_Procurement Management  Create/select_specificationId\u0027 (Root cause: com.kms.katalon.core.webui.exception.WebElementNotFoundException: Web element with id: \u0027Object Repository/Page_Procurement Management  Create/select_specificationId\u0027 located by \u0027By.xpath: //option[contains(.,\u0027Spec 2\u0027)]\u0027 not found)","startTime":1507918332122,"endTime":0,"childRecords":[],"interuppted":false}],"interuppted":false},{"index":43,"isIgnoredIfFailed":false,"type":"TEST_STEP","name":"delay","message":"Delayed 1 second(s)","description":"","startTime":1507918332123,"endTime":1507918333124,"childRecords":[{"testStatus":{"stackTrace":"","statusValue":"PASSED"},"type":"MESSAGE","name":"","message":"Delayed 1 second(s)","startTime":1507918333124,"endTime":0,"childRecords":[],"interuppted":false}],"interuppted":false},{"attachment":"1507918348206.png","index":44,"isIgnoredIfFailed":false,"type":"TEST_STEP","name":"click","message":"Unable to click on object \u0027Object Repository/Page_Procurement Management  Create/Click Size ID\u0027 (Root cause: com.kms.katalon.core.webui.exception.WebElementNotFoundException: Web element with id: \u0027Object Repository/Page_Procurement Management  Create/Click Size ID\u0027 located by \u0027By.xpath: //select[@name\u003d\u0027sizeId\u0027]\u0027 not found)","description":"","startTime":1507918333125,"endTime":1507918348323,"childRecords":[{"testStatus":{"stackTrace":"","statusValue":"FAILED"},"attachment":"1507918348206.png","type":"MESSAGE","name":"","message":"Unable to click on object \u0027Object Repository/Page_Procurement Management  Create/Click Size ID\u0027 (Root cause: com.kms.katalon.core.webui.exception.WebElementNotFoundException: Web element with id: \u0027Object Repository/Page_Procurement Management  Create/Click Size ID\u0027 located by \u0027By.xpath: //select[@name\u003d\u0027sizeId\u0027]\u0027 not found)","startTime":1507918348323,"endTime":0,"childRecords":[],"interuppted":false}],"interuppted":false},{"index":45,"isIgnoredIfFailed":false,"type":"TEST_STEP","name":"delay","message":"Delayed 1 second(s)","description":"","startTime":1507918348324,"endTime":1507918349326,"childRecords":[{"testStatus":{"stackTrace":"","statusValue":"PASSED"},"type":"MESSAGE","name":"","message":"Delayed 1 second(s)","startTime":1507918349325,"endTime":0,"childRecords":[],"interuppted":false}],"interuppted":false},{"attachment":"1507918364395.png","index":46,"isIgnoredIfFailed":false,"type":"TEST_STEP","name":"click","message":"Unable to click on object \u0027Object Repository/Page_Procurement Management  Create/select_sizeId\u0027 (Root cause: com.kms.katalon.core.webui.exception.WebElementNotFoundException: Web element with id: \u0027Object Repository/Page_Procurement Management  Create/select_sizeId\u0027 located by \u0027By.xpath: //option[contains(.,\u0027Size 2\u0027)]\u0027 not found)","description":"Select Item Size \\\"Size 2\\\"","startTime":1507918349326,"endTime":1507918364499,"childRecords":[{"testStatus":{"stackTrace":"","statusValue":"FAILED"},"attachment":"1507918364395.png","type":"MESSAGE","name":"","message":"Unable to click on object \u0027Object Repository/Page_Procurement Management  Create/select_sizeId\u0027 (Root cause: com.kms.katalon.core.webui.exception.WebElementNotFoundException: Web element with id: \u0027Object Repository/Page_Procurement Management  Create/select_sizeId\u0027 located by \u0027By.xpath: //option[contains(.,\u0027Size 2\u0027)]\u0027 not found)","startTime":1507918364498,"endTime":0,"childRecords":[],"interuppted":false}],"interuppted":false},{"index":47,"isIgnoredIfFailed":false,"type":"TEST_STEP","name":"delay","message":"Delayed 1 second(s)","description":"","startTime":1507918364499,"endTime":1507918365500,"childRecords":[{"testStatus":{"stackTrace":"","statusValue":"PASSED"},"type":"MESSAGE","name":"","message":"Delayed 1 second(s)","startTime":1507918365500,"endTime":0,"childRecords":[],"interuppted":false}],"interuppted":false},{"attachment":"1507918380574.png","index":48,"isIgnoredIfFailed":false,"type":"TEST_STEP","name":"click","message":"Unable to click on object \u0027Object Repository/Page_Procurement Management  Create/click color Id\u0027 (Root cause: com.kms.katalon.core.webui.exception.WebElementNotFoundException: Web element with id: \u0027Object Repository/Page_Procurement Management  Create/click color Id\u0027 located by \u0027By.xpath: //select[@name\u003d\u0027colorId\u0027]\u0027 not found)","description":"","startTime":1507918365501,"endTime":1507918380686,"childRecords":[{"testStatus":{"stackTrace":"","statusValue":"FAILED"},"attachment":"1507918380574.png","type":"MESSAGE","name":"","message":"Unable to click on object \u0027Object Repository/Page_Procurement Management  Create/click color Id\u0027 (Root cause: com.kms.katalon.core.webui.exception.WebElementNotFoundException: Web element with id: \u0027Object Repository/Page_Procurement Management  Create/click color Id\u0027 located by \u0027By.xpath: //select[@name\u003d\u0027colorId\u0027]\u0027 not found)","startTime":1507918380686,"endTime":0,"childRecords":[],"interuppted":false}],"interuppted":false},{"index":49,"isIgnoredIfFailed":false,"type":"TEST_STEP","name":"delay","message":"Delayed 1 second(s)","description":"","startTime":1507918380686,"endTime":1507918381690,"childRecords":[{"testStatus":{"stackTrace":"","statusValue":"PASSED"},"type":"MESSAGE","name":"","message":"Delayed 1 second(s)","startTime":1507918381688,"endTime":0,"childRecords":[],"interuppted":false}],"interuppted":false},{"attachment":"1507918396766.png","index":50,"isIgnoredIfFailed":false,"type":"TEST_STEP","name":"click","message":"Unable to click on object \u0027Object Repository/Page_Procurement Management  Create/select_colorId\u0027 (Root cause: com.kms.katalon.core.webui.exception.WebElementNotFoundException: Web element with id: \u0027Object Repository/Page_Procurement Management  Create/select_colorId\u0027 located by \u0027By.xpath: //option[contains(.,\u0027Color 1\u0027)]\u0027 not found)","description":"Select item Color \\\"Color 1\\\"","startTime":1507918381691,"endTime":1507918396874,"childRecords":[{"testStatus":{"stackTrace":"","statusValue":"FAILED"},"attachment":"1507918396766.png","type":"MESSAGE","name":"","message":"Unable to click on object \u0027Object Repository/Page_Procurement Management  Create/select_colorId\u0027 (Root cause: com.kms.katalon.core.webui.exception.WebElementNotFoundException: Web element with id: \u0027Object Repository/Page_Procurement Management  Create/select_colorId\u0027 located by \u0027By.xpath: //option[contains(.,\u0027Color 1\u0027)]\u0027 not found)","startTime":1507918396872,"endTime":0,"childRecords":[],"interuppted":false}],"interuppted":false},{"attachment":"1507918411952.png","index":51,"isIgnoredIfFailed":false,"type":"TEST_STEP","name":"click","message":"Unable to click on object \u0027Object Repository/create material requisition/Page_Procurement Management  Create/i_glyphicon glyphicon-calendar\u0027 (Root cause: com.kms.katalon.core.webui.exception.WebElementNotFoundException: Web element with id: \u0027Object Repository/create material requisition/Page_Procurement Management  Create/i_glyphicon glyphicon-calendar\u0027 located by \u0027By.xpath: //button[@ng-click\u003d\u0027open1()\u0027]\u0027 not found)","description":"","startTime":1507918396874,"endTime":1507918412058,"childRecords":[{"testStatus":{"stackTrace":"","statusValue":"FAILED"},"attachment":"1507918411952.png","type":"MESSAGE","name":"","message":"Unable to click on object \u0027Object Repository/create material requisition/Page_Procurement Management  Create/i_glyphicon glyphicon-calendar\u0027 (Root cause: com.kms.katalon.core.webui.exception.WebElementNotFoundException: Web element with id: \u0027Object Repository/create material requisition/Page_Procurement Management  Create/i_glyphicon glyphicon-calendar\u0027 located by \u0027By.xpath: //button[@ng-click\u003d\u0027open1()\u0027]\u0027 not found)","startTime":1507918412058,"endTime":0,"childRecords":[],"interuppted":false}],"interuppted":false},{"attachment":"1507918427133.png","index":52,"isIgnoredIfFailed":false,"type":"TEST_STEP","name":"click","message":"Unable to click on object \u0027Object Repository/create material requisition/Page_Procurement Management  Create/button_btn btn-default btn-sm\u0027 (Root cause: com.kms.katalon.core.webui.exception.WebElementNotFoundException: Web element with id: \u0027Object Repository/create material requisition/Page_Procurement Management  Create/button_btn btn-default btn-sm\u0027 located by \u0027By.xpath: //button[count(. | id(\"datepicker-626-3948-16\")/button[@class\u003d\"btn btn-default btn-sm\"]) \u003d count(id(\"datepicker-626-3948-16\")/button[@class\u003d\"btn btn-default btn-sm\"])][count(. | //*[@type \u003d \u0027button\u0027]) \u003d count(//*[@type \u003d \u0027button\u0027])]\u0027 not found)","description":"","startTime":1507918412058,"endTime":1507918427240,"childRecords":[{"testStatus":{"stackTrace":"","statusValue":"FAILED"},"attachment":"1507918427133.png","type":"MESSAGE","name":"","message":"Unable to click on object \u0027Object Repository/create material requisition/Page_Procurement Management  Create/button_btn btn-default btn-sm\u0027 (Root cause: com.kms.katalon.core.webui.exception.WebElementNotFoundException: Web element with id: \u0027Object Repository/create material requisition/Page_Procurement Management  Create/button_btn btn-default btn-sm\u0027 located by \u0027By.xpath: //button[count(. | id(\"datepicker-626-3948-16\")/button[@class\u003d\"btn btn-default btn-sm\"]) \u003d count(id(\"datepicker-626-3948-16\")/button[@class\u003d\"btn btn-default btn-sm\"])][count(. | //*[@type \u003d \u0027button\u0027]) \u003d count(//*[@type \u003d \u0027button\u0027])]\u0027 not found)","startTime":1507918427238,"endTime":0,"childRecords":[],"interuppted":false}],"interuppted":false},{"attachment":"1507918442320.png","index":53,"isIgnoredIfFailed":false,"type":"TEST_STEP","name":"setText","message":"Unable to set text \u0027mkGhost\u0027 of object \u0027Object Repository/Page_Procurement Management  Create/input_receiverNameTemp\u0027 (Root cause: com.kms.katalon.core.webui.exception.WebElementNotFoundException: Web element with id: \u0027Object Repository/Page_Procurement Management  Create/input_receiverNameTemp\u0027 located by \u0027By.xpath: //input[count(. | //*[@name \u003d \u0027receiverNameTemp\u0027]) \u003d count(//*[@name \u003d \u0027receiverNameTemp\u0027])][count(. | //*[@type \u003d \u0027text\u0027]) \u003d count(//*[@type \u003d \u0027text\u0027])]\u0027 not found)","description":"Input Receiver Name","startTime":1507918427240,"endTime":1507918442431,"childRecords":[{"testStatus":{"stackTrace":"","statusValue":"FAILED"},"attachment":"1507918442320.png","type":"MESSAGE","name":"","message":"Unable to set text \u0027mkGhost\u0027 of object \u0027Object Repository/Page_Procurement Management  Create/input_receiverNameTemp\u0027 (Root cause: com.kms.katalon.core.webui.exception.WebElementNotFoundException: Web element with id: \u0027Object Repository/Page_Procurement Management  Create/input_receiverNameTemp\u0027 located by \u0027By.xpath: //input[count(. | //*[@name \u003d \u0027receiverNameTemp\u0027]) \u003d count(//*[@name \u003d \u0027receiverNameTemp\u0027])][count(. | //*[@type \u003d \u0027text\u0027]) \u003d count(//*[@type \u003d \u0027text\u0027])]\u0027 not found)","startTime":1507918442430,"endTime":0,"childRecords":[],"interuppted":false}],"interuppted":false},{"attachment":"1507918457505.png","index":54,"isIgnoredIfFailed":false,"type":"TEST_STEP","name":"setText","message":"Unable to set text \u002720no road mohakhali DOHS\u0027 of object \u0027Object Repository/Page_Procurement Management  Create/input_receivingAddress\u0027 (Root cause: com.kms.katalon.core.webui.exception.WebElementNotFoundException: Web element with id: \u0027Object Repository/Page_Procurement Management  Create/input_receivingAddress\u0027 located by \u0027By.xpath: //input[count(. | //*[@name \u003d \u0027receivingAddress\u0027]) \u003d count(//*[@name \u003d \u0027receivingAddress\u0027])][count(. | //*[@type \u003d \u0027text\u0027]) \u003d count(//*[@type \u003d \u0027text\u0027])]\u0027 not found)","description":"Input Receiver Address","startTime":1507918442431,"endTime":1507918457606,"childRecords":[{"testStatus":{"stackTrace":"","statusValue":"FAILED"},"attachment":"1507918457505.png","type":"MESSAGE","name":"","message":"Unable to set text \u002720no road mohakhali DOHS\u0027 of object \u0027Object Repository/Page_Procurement Management  Create/input_receivingAddress\u0027 (Root cause: com.kms.katalon.core.webui.exception.WebElementNotFoundException: Web element with id: \u0027Object Repository/Page_Procurement Management  Create/input_receivingAddress\u0027 located by \u0027By.xpath: //input[count(. | //*[@name \u003d \u0027receivingAddress\u0027]) \u003d count(//*[@name \u003d \u0027receivingAddress\u0027])][count(. | //*[@type \u003d \u0027text\u0027]) \u003d count(//*[@type \u003d \u0027text\u0027])]\u0027 not found)","startTime":1507918457605,"endTime":0,"childRecords":[],"interuppted":false}],"interuppted":false},{"attachment":"1507918472682.png","index":55,"isIgnoredIfFailed":false,"type":"TEST_STEP","name":"setText","message":"Unable to set text \u0027250\u0027 of object \u0027Object Repository/Page_Procurement Management  Create/input_quantity\u0027 (Root cause: com.kms.katalon.core.webui.exception.WebElementNotFoundException: Web element with id: \u0027Object Repository/Page_Procurement Management  Create/input_quantity\u0027 located by \u0027By.xpath: //input[count(. | //*[@name \u003d \u0027quantity\u0027]) \u003d count(//*[@name \u003d \u0027quantity\u0027])][count(. | //*[@type \u003d \u0027number\u0027]) \u003d count(//*[@type \u003d \u0027number\u0027])]\u0027 not found)","description":"Input Item Qty","startTime":1507918457606,"endTime":1507918472791,"childRecords":[{"testStatus":{"stackTrace":"","statusValue":"FAILED"},"attachment":"1507918472682.png","type":"MESSAGE","name":"","message":"Unable to set text \u0027250\u0027 of object \u0027Object Repository/Page_Procurement Management  Create/input_quantity\u0027 (Root cause: com.kms.katalon.core.webui.exception.WebElementNotFoundException: Web element with id: \u0027Object Repository/Page_Procurement Management  Create/input_quantity\u0027 located by \u0027By.xpath: //input[count(. | //*[@name \u003d \u0027quantity\u0027]) \u003d count(//*[@name \u003d \u0027quantity\u0027])][count(. | //*[@type \u003d \u0027number\u0027]) \u003d count(//*[@type \u003d \u0027number\u0027])]\u0027 not found)","startTime":1507918472790,"endTime":0,"childRecords":[],"interuppted":false}],"interuppted":false},{"attachment":"1507918487858.png","index":56,"isIgnoredIfFailed":false,"type":"TEST_STEP","name":"setText","message":"Unable to set text \u0027Test Item\u0027 of object \u0027Object Repository/Page_Procurement Management  Create/input_itemDesc\u0027 (Root cause: com.kms.katalon.core.webui.exception.WebElementNotFoundException: Web element with id: \u0027Object Repository/Page_Procurement Management  Create/input_itemDesc\u0027 located by \u0027By.xpath: //input[count(. | //*[@name \u003d \u0027itemDesc\u0027]) \u003d count(//*[@name \u003d \u0027itemDesc\u0027])][count(. | //*[@type \u003d \u0027text\u0027]) \u003d count(//*[@type \u003d \u0027text\u0027])]\u0027 not found)","description":"Input Item Description","startTime":1507918472791,"endTime":1507918487959,"childRecords":[{"testStatus":{"stackTrace":"","statusValue":"FAILED"},"attachment":"1507918487858.png","type":"MESSAGE","name":"","message":"Unable to set text \u0027Test Item\u0027 of object \u0027Object Repository/Page_Procurement Management  Create/input_itemDesc\u0027 (Root cause: com.kms.katalon.core.webui.exception.WebElementNotFoundException: Web element with id: \u0027Object Repository/Page_Procurement Management  Create/input_itemDesc\u0027 located by \u0027By.xpath: //input[count(. | //*[@name \u003d \u0027itemDesc\u0027]) \u003d count(//*[@name \u003d \u0027itemDesc\u0027])][count(. | //*[@type \u003d \u0027text\u0027]) \u003d count(//*[@type \u003d \u0027text\u0027])]\u0027 not found)","startTime":1507918487958,"endTime":0,"childRecords":[],"interuppted":false}],"interuppted":false},{"index":57,"isIgnoredIfFailed":false,"type":"TEST_STEP","name":"delay","message":"Delayed 1 second(s)","description":"","startTime":1507918487960,"endTime":1507918488965,"childRecords":[{"testStatus":{"stackTrace":"","statusValue":"PASSED"},"type":"MESSAGE","name":"","message":"Delayed 1 second(s)","startTime":1507918488962,"endTime":0,"childRecords":[],"interuppted":false}],"interuppted":false},{"attachment":"1507918504053.png","index":58,"isIgnoredIfFailed":false,"type":"TEST_STEP","name":"click","message":"Unable to click on object \u0027Object Repository/Page_Procurement Management  Create/button_Add Item\u0027 (Root cause: com.kms.katalon.core.webui.exception.WebElementNotFoundException: Web element with id: \u0027Object Repository/Page_Procurement Management  Create/button_Add Item\u0027 located by \u0027By.xpath: //button[count(. | //*[contains(.,\u0027Add Item\u0027)]) \u003d count(//*[contains(.,\u0027Add Item\u0027)])][count(. | //*[@type \u003d \u0027button\u0027]) \u003d count(//*[@type \u003d \u0027button\u0027])]\u0027 not found)","description":"Click Add Item Button","startTime":1507918488965,"endTime":1507918504162,"childRecords":[{"testStatus":{"stackTrace":"","statusValue":"FAILED"},"attachment":"1507918504053.png","type":"MESSAGE","name":"","message":"Unable to click on object \u0027Object Repository/Page_Procurement Management  Create/button_Add Item\u0027 (Root cause: com.kms.katalon.core.webui.exception.WebElementNotFoundException: Web element with id: \u0027Object Repository/Page_Procurement Management  Create/button_Add Item\u0027 located by \u0027By.xpath: //button[count(. | //*[contains(.,\u0027Add Item\u0027)]) \u003d count(//*[contains(.,\u0027Add Item\u0027)])][count(. | //*[@type \u003d \u0027button\u0027]) \u003d count(//*[@type \u003d \u0027button\u0027])]\u0027 not found)","startTime":1507918504162,"endTime":0,"childRecords":[],"interuppted":false}],"interuppted":false},{"index":59,"isIgnoredIfFailed":false,"type":"TEST_STEP","name":"delay","message":"Delayed 1 second(s)","description":"","startTime":1507918504162,"endTime":1507918505164,"childRecords":[{"testStatus":{"stackTrace":"","statusValue":"PASSED"},"type":"MESSAGE","name":"","message":"Delayed 1 second(s)","startTime":1507918505164,"endTime":0,"childRecords":[],"interuppted":false}],"interuppted":false},{"attachment":"1507918520228.png","index":60,"isIgnoredIfFailed":false,"type":"TEST_STEP","name":"click","message":"Unable to click on object \u0027Object Repository/Page_Procurement Management  Create/button_Submit\u0027 (Root cause: com.kms.katalon.core.webui.exception.WebElementNotFoundException: Web element with id: \u0027Object Repository/Page_Procurement Management  Create/button_Submit\u0027 located by \u0027By.xpath: //button[count(. | //*[contains(.,\u0027Submit\u0027)]) \u003d count(//*[contains(.,\u0027Submit\u0027)])][count(. | //*[@type \u003d \u0027submit\u0027]) \u003d count(//*[@type \u003d \u0027submit\u0027])]\u0027 not found)","description":"Click Submit Button","startTime":1507918505164,"endTime":1507918520333,"childRecords":[{"testStatus":{"stackTrace":"","statusValue":"FAILED"},"attachment":"1507918520228.png","type":"MESSAGE","name":"","message":"Unable to click on object \u0027Object Repository/Page_Procurement Management  Create/button_Submit\u0027 (Root cause: com.kms.katalon.core.webui.exception.WebElementNotFoundException: Web element with id: \u0027Object Repository/Page_Procurement Management  Create/button_Submit\u0027 located by \u0027By.xpath: //button[count(. | //*[contains(.,\u0027Submit\u0027)]) \u003d count(//*[contains(.,\u0027Submit\u0027)])][count(. | //*[@type \u003d \u0027submit\u0027]) \u003d count(//*[@type \u003d \u0027submit\u0027])]\u0027 not found)","startTime":1507918520333,"endTime":0,"childRecords":[],"interuppted":false}],"interuppted":false},{"index":61,"isIgnoredIfFailed":false,"type":"TEST_STEP","name":"delay","message":"Delayed 1 second(s)","description":"","startTime":1507918520333,"endTime":1507918521335,"childRecords":[{"testStatus":{"stackTrace":"","statusValue":"PASSED"},"type":"MESSAGE","name":"","message":"Delayed 1 second(s)","startTime":1507918521334,"endTime":0,"childRecords":[],"interuppted":false}],"interuppted":false},{"attachment":"1507918536395.png","index":62,"isIgnoredIfFailed":false,"type":"TEST_STEP","name":"click","message":"Unable to click on object \u0027Object Repository/Page_Procurement Management  Create/button_Cancel\u0027 (Root cause: com.kms.katalon.core.webui.exception.WebElementNotFoundException: Web element with id: \u0027Object Repository/Page_Procurement Management  Create/button_Cancel\u0027 located by \u0027By.xpath: //button[count(. | //*[contains(.,\u0027Cancel\u0027)]) \u003d count(//*[contains(.,\u0027Cancel\u0027)])]\u0027 not found)","description":"Click Cancel PopUp Button","startTime":1507918521335,"endTime":1507918536505,"childRecords":[{"testStatus":{"stackTrace":"","statusValue":"FAILED"},"attachment":"1507918536395.png","type":"MESSAGE","name":"","message":"Unable to click on object \u0027Object Repository/Page_Procurement Management  Create/button_Cancel\u0027 (Root cause: com.kms.katalon.core.webui.exception.WebElementNotFoundException: Web element with id: \u0027Object Repository/Page_Procurement Management  Create/button_Cancel\u0027 located by \u0027By.xpath: //button[count(. | //*[contains(.,\u0027Cancel\u0027)]) \u003d count(//*[contains(.,\u0027Cancel\u0027)])]\u0027 not found)","startTime":1507918536504,"endTime":0,"childRecords":[],"interuppted":false}],"interuppted":false},{"index":63,"isIgnoredIfFailed":false,"type":"TEST_STEP","name":"delay","message":"Delayed 1 second(s)","description":"","startTime":1507918536505,"endTime":1507918537507,"childRecords":[{"testStatus":{"stackTrace":"","statusValue":"PASSED"},"type":"MESSAGE","name":"","message":"Delayed 1 second(s)","startTime":1507918537507,"endTime":0,"childRecords":[],"interuppted":false}],"interuppted":false},{"attachment":"1507918552572.png","index":64,"isIgnoredIfFailed":false,"type":"TEST_STEP","name":"click","message":"Unable to click on object \u0027Object Repository/Page_Procurement Management  Create/button_Submit (1)\u0027 (Root cause: com.kms.katalon.core.webui.exception.WebElementNotFoundException: Web element with id: \u0027Object Repository/Page_Procurement Management  Create/button_Submit (1)\u0027 located by \u0027By.xpath: //button[count(. | //*[contains(.,\u0027Submit\u0027)]) \u003d count(//*[contains(.,\u0027Submit\u0027)])][count(. | //*[@type \u003d \u0027submit\u0027]) \u003d count(//*[@type \u003d \u0027submit\u0027])]\u0027 not found)","description":"Click Submit Button","startTime":1507918537507,"endTime":1507918552677,"childRecords":[{"testStatus":{"stackTrace":"","statusValue":"FAILED"},"attachment":"1507918552572.png","type":"MESSAGE","name":"","message":"Unable to click on object \u0027Object Repository/Page_Procurement Management  Create/button_Submit (1)\u0027 (Root cause: com.kms.katalon.core.webui.exception.WebElementNotFoundException: Web element with id: \u0027Object Repository/Page_Procurement Management  Create/button_Submit (1)\u0027 located by \u0027By.xpath: //button[count(. | //*[contains(.,\u0027Submit\u0027)]) \u003d count(//*[contains(.,\u0027Submit\u0027)])][count(. | //*[@type \u003d \u0027submit\u0027]) \u003d count(//*[@type \u003d \u0027submit\u0027])]\u0027 not found)","startTime":1507918552676,"endTime":0,"childRecords":[],"interuppted":false}],"interuppted":false},{"index":65,"isIgnoredIfFailed":false,"type":"TEST_STEP","name":"delay","message":"Delayed 1 second(s)","description":"","startTime":1507918552677,"endTime":1507918553678,"childRecords":[{"testStatus":{"stackTrace":"","statusValue":"PASSED"},"type":"MESSAGE","name":"","message":"Delayed 1 second(s)","startTime":1507918553678,"endTime":0,"childRecords":[],"interuppted":false}],"interuppted":false},{"attachment":"1507918568749.png","index":66,"isIgnoredIfFailed":false,"type":"TEST_STEP","name":"click","message":"Unable to click on object \u0027Object Repository/Page_Procurement Management  Create/button_Submit_popUp\u0027 (Root cause: com.kms.katalon.core.webui.exception.WebElementNotFoundException: Web element with id: \u0027Object Repository/Page_Procurement Management  Create/button_Submit_popUp\u0027 located by \u0027By.xpath: //button[@class\u003d\u0027confirm btn btn-lg btn-primary\u0027]\u0027 not found)","description":"Click Ok Button PopUp","startTime":1507918553679,"endTime":1507918568896,"childRecords":[{"testStatus":{"stackTrace":"","statusValue":"FAILED"},"attachment":"1507918568749.png","type":"MESSAGE","name":"","message":"Unable to click on object \u0027Object Repository/Page_Procurement Management  Create/button_Submit_popUp\u0027 (Root cause: com.kms.katalon.core.webui.exception.WebElementNotFoundException: Web element with id: \u0027Object Repository/Page_Procurement Management  Create/button_Submit_popUp\u0027 located by \u0027By.xpath: //button[@class\u003d\u0027confirm btn btn-lg btn-primary\u0027]\u0027 not found)","startTime":1507918568896,"endTime":0,"childRecords":[],"interuppted":false}],"interuppted":false},{"attachment":"E:\\\\Katalon_Project\\\\KatalonStudio-RequisitionTest-master\\\\Reports\\\\TestSuite-CreateMaterialRequisition\\\\20171014_000357\\\\1507918568897.png","index":67,"isIgnoredIfFailed":false,"type":"TEST_STEP","name":"takeScreenshot","message":"Taking screenshot successfully","description":"","startTime":1507918568897,"endTime":1507918569045,"childRecords":[{"testStatus":{"stackTrace":"","statusValue":"PASSED"},"attachment":"E:\\\\Katalon_Project\\\\KatalonStudio-RequisitionTest-master\\\\Reports\\\\TestSuite-CreateMaterialRequisition\\\\20171014_000357\\\\1507918568897.png","type":"MESSAGE","name":"","message":"Taking screenshot successfully","startTime":1507918569045,"endTime":0,"childRecords":[],"interuppted":false}],"interuppted":false},{"testStatus":{"stackTrace":"","statusValue":"FAILED"},"type":"MESSAGE","name":"","message":"Test Cases/CreateMaterialRequisition FAILED because (of) Unable to move mouse over object \u0027Object Repository/create material requisition/span_Requisitions\u0027 (Root cause: com.kms.katalon.core.webui.exception.WebElementNotFoundException: Web element with id: \u0027Object Repository/create material requisition/span_Requisitions\u0027 located by \u0027By.xpath: //i[@class\u003d\u0027icon-docs\u0027]\u0027 not found)","startTime":1507918569046,"endTime":0,"childRecords":[],"interuppted":false}],"interuppted":false}],"interuppted":false}