<?xml version="1.0" encoding="UTF-8"?>
<testsuites name="SelectRole" time="151" tests="2" failures="1" errors="0">
   <testsuite name="SelectRole" tests="2" failures="1" errors="0" time="151" timestamp="2017-09-17 14:50:13" hostname="mithu - DESKTOP-1QKO1SP" id="Test Suites/SelectRole">
      <properties>
         <property name="deviceName" value=""/>
         <property name="devicePlatform" value=""/>
         <property name="logFolder" value="F:\\Katalon_project\\MaxReqMan\\Reports\\SelectRole\\20170917_145012"/>
         <property name="logFiles" value="F:\\Katalon_project\\MaxReqMan\\Reports\\SelectRole\\20170917_145012\\execution0.log"/>
         <property name="attachments" value="F:\\Katalon_project\\MaxReqMan\\Reports\\SelectRole\\20170917_145012\\1505638260409.png, F:\\Katalon_project\\MaxReqMan\\Reports\\SelectRole\\20170917_145012\\1505638279761.png, F:\\Katalon_project\\MaxReqMan\\Reports\\SelectRole\\20170917_145012\\1505638296790.png, F:\\Katalon_project\\MaxReqMan\\Reports\\SelectRole\\20170917_145012\\1505638312924.png, F:\\Katalon_project\\MaxReqMan\\Reports\\SelectRole\\20170917_145012\\1505638328894.png, F:\\Katalon_project\\MaxReqMan\\Reports\\SelectRole\\20170917_145012\\1505638344743.png, F:\\Katalon_project\\MaxReqMan\\Reports\\SelectRole\\20170917_145012\\1505638346376.png, F:\\Katalon_project\\MaxReqMan\\Reports\\SelectRole\\20170917_145012\\1505638363398.png"/>
         <property name="hostName" value="mithu - DESKTOP-1QKO1SP"/>
         <property name="os" value="Windows 10 64bit"/>
         <property name="katalonVersion" value="4.8.0.2"/>
         <property name="browser" value="Chrome 60.0.3112.113"/>
         <property name="hostAddress" value="192.168.91.161"/>
         <property name="sessionId" value="757fd66dfa1308dbb5d772d96d0d9210"/>
         <property name="seleniumVersion" value="2.53.0"/>
         <property name="proxyInformation" value="ProxyInformation{proxyOption=NO_PROXY, proxyServerType=HTTP, password=, proxyServerAddress=, proxyServerPort=0}"/>
         <property name="platform" value="Windows 10"/>
      </properties>
      <testcase name="Test Cases/Login" classname="Test Cases/Login" status="PASSED">
         <system-out><![CDATA[2017-09-17 14:50:13 - [TEST_CASE][PASSED] - Test Cases/Login: Test Cases/Login

2017-09-17 14:50:14 - [TEST_STEP][PASSED] - openBrowser: Browser is opened with url: ''

2017-09-17 14:50:17 - [MESSAGE][PASSED] - Browser is opened with url: ''

2017-09-17 14:50:17 - [TEST_STEP][PASSED] - maximizeWindow: Current window maximized

2017-09-17 14:50:18 - [MESSAGE][PASSED] - Current window maximized

2017-09-17 14:50:18 - [TEST_STEP][PASSED] - navigateToUrl: Navigate to 'http://beta-requisition.maxrailwaytrack.com/' successfully

2017-09-17 14:50:23 - [MESSAGE][PASSED] - Navigate to 'http://beta-requisition.maxrailwaytrack.com/' successfully

2017-09-17 14:50:23 - [TEST_STEP][PASSED] - setText: Text 'fahadbillah@yahoo.com' is set on object 'Object Repository/Page_MaxGroup Login/input_username'

2017-09-17 14:50:23 - [MESSAGE][PASSED] - Text 'fahadbillah@yahoo.com' is set on object 'Object Repository/Page_MaxGroup Login/input_username'

2017-09-17 14:50:23 - [TEST_STEP][PASSED] - setText: Text '123' is set on object 'Object Repository/Page_MaxGroup Login/input_password'

2017-09-17 14:50:23 - [MESSAGE][PASSED] - Text '123' is set on object 'Object Repository/Page_MaxGroup Login/input_password'

2017-09-17 14:50:23 - [TEST_STEP][PASSED] - click: Object: 'Object Repository/Page_MaxGroup Login/button_Login' is clicked on

2017-09-17 14:50:23 - [MESSAGE][PASSED] - Object: 'Object Repository/Page_MaxGroup Login/button_Login' is clicked on]]></system-out>
         <system-err><![CDATA[]]></system-err>
      </testcase>
      <testcase name="Test Cases/SelectRole" classname="Test Cases/SelectRole" status="PASSED">
         <system-out><![CDATA[2017-09-17 14:50:23 - [TEST_CASE][PASSED] - Test Cases/SelectRole: Test Cases/SelectRole

2017-09-17 14:50:24 - [TEST_STEP][PASSED] - delay: Delayed 5 second(s)

2017-09-17 14:50:29 - [MESSAGE][PASSED] - Delayed 5 second(s)

2017-09-17 14:50:29 - [TEST_STEP][PASSED] - click: Object: 'Object Repository/Page_Procurement Management  Role S/select_input' is clicked on

2017-09-17 14:50:29 - [MESSAGE][PASSED] - Object: 'Object Repository/Page_Procurement Management  Role S/select_input' is clicked on

2017-09-17 14:50:29 - [TEST_STEP][PASSED] - click: Object: 'Object Repository/Page_Procurement Management  Role S/option_Requester at CDA' is clicked on

2017-09-17 14:50:29 - [MESSAGE][PASSED] - Object: 'Object Repository/Page_Procurement Management  Role S/option_Requester at CDA' is clicked on

2017-09-17 14:50:29 - [TEST_STEP][PASSED] - click: Object: 'Object Repository/Page_Procurement Management  Role S/button_Enter' is clicked on

2017-09-17 14:50:29 - [MESSAGE][PASSED] - Object: 'Object Repository/Page_Procurement Management  Role S/button_Enter' is clicked on]]></system-out>
         <system-err><![CDATA[]]></system-err>
      </testcase>
      <testcase name="Test Cases/CreateMaterialRequisition" classname="Test Cases/CreateMaterialRequisition" status="FAILED">
         <failure type="FAILED" message="Unable to set text 'acv' of object 'Object Repository/Page_Procurement Management  Create/input_form-control ng-untouche' (Root cause: org.openqa.selenium.InvalidElementStateException: invalid element state: Element is not currently interactable and may not be manipulated
  (Session info: chrome=60.0.3112.113)
  (Driver info: chromedriver=2.31.488763 (092de99f48a300323ecf8c2a4e2e7cab51de5ba8),platform=Windows NT 10.0.15063 x86_64) (WARNING: The server did not provide any stacktrace information)
Command duration or timeout: 29 milliseconds
Build info: version: '2.53.0', revision: '35ae25b', time: '2016-03-15 17:00:58'
System info: host: 'DESKTOP-1QKO1SP', ip: '192.168.91.161', os.name: 'Windows 10', os.arch: 'amd64', os.version: '10.0', java.version: '1.8.0_102'
Driver info: com.kms.katalon.selenium.driver.CChromeDriver
Capabilities [{applicationCacheEnabled=false, rotatable=false, mobileEmulationEnabled=false, networkConnectionEnabled=false, chrome={chromedriverVersion=2.31.488763 (092de99f48a300323ecf8c2a4e2e7cab51de5ba8), userDataDir=C:\Users\mithu\AppData\Local\Temp\scoped_dir632_24245}, takesHeapSnapshot=true, pageLoadStrategy=normal, databaseEnabled=false, handlesAlerts=true, hasTouchScreen=false, version=60.0.3112.113, platform=XP, browserConnectionEnabled=false, nativeEvents=true, acceptSslCerts=true, locationContextEnabled=true, webStorageEnabled=true, browserName=chrome, takesScreenshot=true, javascriptEnabled=true, cssSelectorsEnabled=true, setWindowRect=true, unexpectedAlertBehaviour=}]
Session ID: 757fd66dfa1308dbb5d772d96d0d9210)"/>
         <system-out><![CDATA[2017-09-17 14:50:29 - [TEST_CASE][FAILED] - Test Cases/CreateMaterialRequisition: Test Cases/CreateMaterialRequisition FAILED because (of) Unable to set text 'acv' of object 'Object Repository/Page_Procurement Management  Create/input_form-control ng-untouche' (Root cause: org.openqa.selenium.InvalidElementStateException: invalid element state: Element is not currently interactable and may not be manipulated
  (Session info: chrome=60.0.3112.113)
  (Driver info: chromedriver=2.31.488763 (092de99f48a300323ecf8c2a4e2e7cab51de5ba8),platform=Windows NT 10.0.15063 x86_64) (WARNING: The server did not provide any stacktrace information)
Command duration or timeout: 29 milliseconds
Build info: version: '2.53.0', revision: '35ae25b', time: '2016-03-15 17:00:58'
System info: host: 'DESKTOP-1QKO1SP', ip: '192.168.91.161', os.name: 'Windows 10', os.arch: 'amd64', os.version: '10.0', java.version: '1.8.0_102'
Driver info: com.kms.katalon.selenium.driver.CChromeDriver
Capabilities [{applicationCacheEnabled=false, rotatable=false, mobileEmulationEnabled=false, networkConnectionEnabled=false, chrome={chromedriverVersion=2.31.488763 (092de99f48a300323ecf8c2a4e2e7cab51de5ba8), userDataDir=C:\Users\mithu\AppData\Local\Temp\scoped_dir632_24245}, takesHeapSnapshot=true, pageLoadStrategy=normal, databaseEnabled=false, handlesAlerts=true, hasTouchScreen=false, version=60.0.3112.113, platform=XP, browserConnectionEnabled=false, nativeEvents=true, acceptSslCerts=true, locationContextEnabled=true, webStorageEnabled=true, browserName=chrome, takesScreenshot=true, javascriptEnabled=true, cssSelectorsEnabled=true, setWindowRect=true, unexpectedAlertBehaviour=}]
Session ID: 757fd66dfa1308dbb5d772d96d0d9210)

2017-09-17 14:50:29 - [TEST_STEP][PASSED] - delay: Delayed 10 second(s)

2017-09-17 14:50:39 - [MESSAGE][PASSED] - Delayed 10 second(s)

2017-09-17 14:50:39 - [TEST_STEP][PASSED] - mouseOver: Object: 'Object Repository/create material requisition/span_Requisitions' is hovered

2017-09-17 14:50:39 - [MESSAGE][PASSED] - Object: 'Object Repository/create material requisition/span_Requisitions' is hovered

2017-09-17 14:50:39 - [TEST_STEP][PASSED] - delay: Delayed 2 second(s)

2017-09-17 14:50:41 - [MESSAGE][PASSED] - Delayed 2 second(s)

2017-09-17 14:50:41 - [TEST_STEP][PASSED] - mouseOver: Object: 'Object Repository/create material requisition/a_Create Requisition' is hovered

2017-09-17 14:50:41 - [MESSAGE][PASSED] - Object: 'Object Repository/create material requisition/a_Create Requisition' is hovered

2017-09-17 14:50:41 - [TEST_STEP][PASSED] - delay: Delayed 2 second(s)

2017-09-17 14:50:43 - [MESSAGE][PASSED] - Delayed 2 second(s)

2017-09-17 14:50:43 - [TEST_STEP][PASSED] - mouseOver: Object: 'Object Repository/create material requisition/a_Material Requisition' is hovered

2017-09-17 14:50:44 - [MESSAGE][PASSED] - Object: 'Object Repository/create material requisition/a_Material Requisition' is hovered

2017-09-17 14:50:44 - [TEST_STEP][PASSED] - delay: Delayed 2 second(s)

2017-09-17 14:50:46 - [MESSAGE][PASSED] - Delayed 2 second(s)

2017-09-17 14:50:46 - [TEST_STEP][PASSED] - click: Object: 'Object Repository/create material requisition/a_Material Requisition' is clicked on

2017-09-17 14:50:46 - [MESSAGE][PASSED] - Object: 'Object Repository/create material requisition/a_Material Requisition' is clicked on

2017-09-17 14:50:46 - [TEST_STEP][PASSED] - waitForPageLoad: Wait for page load successfully

2017-09-17 14:50:46 - [MESSAGE][PASSED] - Wait for page load successfully

2017-09-17 14:50:46 - [TEST_STEP][PASSED] - click: Object: 'Object Repository/Page_Procurement Management  Create/input_requisitionTitle' is clicked on

2017-09-17 14:50:47 - [MESSAGE][PASSED] - Object: 'Object Repository/Page_Procurement Management  Create/input_requisitionTitle' is clicked on

2017-09-17 14:50:47 - [TEST_STEP][PASSED] - setText: Text 'Material Requisition 1A' is set on object 'Object Repository/Page_Procurement Management  Create/input_requisitionTitle'

2017-09-17 14:50:48 - [MESSAGE][PASSED] - Text 'Material Requisition 1A' is set on object 'Object Repository/Page_Procurement Management  Create/input_requisitionTitle'

2017-09-17 14:50:48 - [TEST_STEP][PASSED] - click: Object: 'Object Repository/Page_Procurement Management  Create/requestTo' is clicked on

2017-09-17 14:50:48 - [MESSAGE][PASSED] - Object: 'Object Repository/Page_Procurement Management  Create/requestTo' is clicked on

2017-09-17 14:50:48 - [TEST_STEP][PASSED] - setText: Text 'Fahad Billah' is set on object 'Object Repository/Page_Procurement Management  Create/requestTo'

2017-09-17 14:50:48 - [MESSAGE][PASSED] - Text 'Fahad Billah' is set on object 'Object Repository/Page_Procurement Management  Create/requestTo'

2017-09-17 14:50:48 - [TEST_STEP][PASSED] - click: Object: 'Object Repository/Page_Procurement Management  Create/li_Fahad Billah (Local Boss)' is clicked on

2017-09-17 14:50:50 - [MESSAGE][PASSED] - Object: 'Object Repository/Page_Procurement Management  Create/li_Fahad Billah (Local Boss)' is clicked on

2017-09-17 14:50:50 - [TEST_STEP][PASSED] - click: Object: 'Object Repository/Page_Procurement Management  Create/input_receiverName' is clicked on

2017-09-17 14:50:50 - [MESSAGE][PASSED] - Object: 'Object Repository/Page_Procurement Management  Create/input_receiverName' is clicked on

2017-09-17 14:50:50 - [TEST_STEP][PASSED] - setText: Text 'Fahad Billah' is set on object 'Object Repository/Page_Procurement Management  Create/input_receiverName'

2017-09-17 14:50:50 - [MESSAGE][PASSED] - Text 'Fahad Billah' is set on object 'Object Repository/Page_Procurement Management  Create/input_receiverName'

2017-09-17 14:50:50 - [TEST_STEP][PASSED] - click: Object: 'Object Repository/Page_Procurement Management  Create/li_Fahad Billah' is clicked on

2017-09-17 14:50:50 - [MESSAGE][PASSED] - Object: 'Object Repository/Page_Procurement Management  Create/li_Fahad Billah' is clicked on

2017-09-17 14:50:50 - [TEST_STEP][PASSED] - delay: Delayed 2 second(s)

2017-09-17 14:50:52 - [MESSAGE][PASSED] - Delayed 2 second(s)

2017-09-17 14:50:52 - [TEST_STEP][PASSED] - setText: Text 'Mirhu khan' is set on object 'Object Repository/Page_Procurement Management  Create/input_originalRequesterName (2)'

2017-09-17 14:50:52 - [MESSAGE][PASSED] - Text 'Mirhu khan' is set on object 'Object Repository/Page_Procurement Management  Create/input_originalRequesterName (2)'

2017-09-17 14:50:52 - [TEST_STEP][PASSED] - setText: Text '01745677420' is set on object 'Object Repository/Page_Procurement Management  Create/input_originalRequesterPhone (1)'

2017-09-17 14:50:53 - [MESSAGE][PASSED] - Text '01745677420' is set on object 'Object Repository/Page_Procurement Management  Create/input_originalRequesterPhone (1)'

2017-09-17 14:50:53 - [TEST_STEP][PASSED] - setText: Text 'Test Team Qa-katalon' is set on object 'Object Repository/Page_Procurement Management  Create/textarea_remarks'

2017-09-17 14:50:53 - [MESSAGE][PASSED] - Text 'Test Team Qa-katalon' is set on object 'Object Repository/Page_Procurement Management  Create/textarea_remarks'

2017-09-17 14:50:53 - [TEST_STEP][PASSED] - delay: Delayed 1 second(s)

2017-09-17 14:50:54 - [MESSAGE][PASSED] - Delayed 1 second(s)

2017-09-17 14:50:54 - [TEST_STEP][PASSED] - click: Object: 'Object Repository/Page_Procurement Management  Create/span_Item Details' is clicked on

2017-09-17 14:50:54 - [MESSAGE][PASSED] - Object: 'Object Repository/Page_Procurement Management  Create/span_Item Details' is clicked on

2017-09-17 14:50:54 - [TEST_STEP][PASSED] - delay: Delayed 1 second(s)

2017-09-17 14:50:55 - [MESSAGE][PASSED] - Delayed 1 second(s)

2017-09-17 14:50:55 - [TEST_STEP][PASSED] - click: Object: 'Object Repository/Page_Procurement Management  Create/CostCenterName' is clicked on

2017-09-17 14:50:55 - [MESSAGE][PASSED] - Object: 'Object Repository/Page_Procurement Management  Create/CostCenterName' is clicked on

2017-09-17 14:50:55 - [TEST_STEP][PASSED] - waitForAngularLoad: Angular is ready.

2017-09-17 14:50:56 - [MESSAGE][PASSED] - Angular is ready.

2017-09-17 14:50:56 - [TEST_STEP][PASSED] - click: Object: 'Object Repository/Page_Procurement Management  Create/a_10100.12 Engineers  Employer' is clicked on

2017-09-17 14:50:57 - [MESSAGE][PASSED] - Object: 'Object Repository/Page_Procurement Management  Create/a_10100.12 Engineers  Employer' is clicked on

2017-09-17 14:50:57 - [TEST_STEP][PASSED] - delay: Delayed 1 second(s)

2017-09-17 14:50:58 - [MESSAGE][PASSED] - Delayed 1 second(s)

2017-09-17 14:50:58 - [TEST_STEP][PASSED] - click: Object: 'Object Repository/Page_Procurement Management  Create/button_OK' is clicked on

2017-09-17 14:50:58 - [MESSAGE][PASSED] - Object: 'Object Repository/Page_Procurement Management  Create/button_OK' is clicked on

2017-09-17 14:50:58 - [TEST_STEP][PASSED] - delay: Delayed 2 second(s)

2017-09-17 14:51:00 - [MESSAGE][PASSED] - Delayed 2 second(s)

2017-09-17 14:51:00 - [TEST_STEP][PASSED] - click: Object: 'Object Repository/Page_Procurement Management  Create/button_btn pull-right btn-defa' is clicked on

2017-09-17 14:51:00 - [MESSAGE][PASSED] - Object: 'Object Repository/Page_Procurement Management  Create/button_btn pull-right btn-defa' is clicked on

2017-09-17 14:51:00 - [TEST_STEP][PASSED] - waitForAngularLoad: Angular is ready.

2017-09-17 14:51:00 - [MESSAGE][PASSED] - Angular is ready.

2017-09-17 14:51:00 - [TEST_STEP][FAILED] - setText: Unable to set text 'acv' of object 'Object Repository/Page_Procurement Management  Create/input_form-control ng-untouche' (Root cause: org.openqa.selenium.InvalidElementStateException: invalid element state: Element is not currently interactable and may not be manipulated
  (Session info: chrome=60.0.3112.113)
  (Driver info: chromedriver=2.31.488763 (092de99f48a300323ecf8c2a4e2e7cab51de5ba8),platform=Windows NT 10.0.15063 x86_64) (WARNING: The server did not provide any stacktrace information)
Command duration or timeout: 29 milliseconds
Build info: version: '2.53.0', revision: '35ae25b', time: '2016-03-15 17:00:58'
System info: host: 'DESKTOP-1QKO1SP', ip: '192.168.91.161', os.name: 'Windows 10', os.arch: 'amd64', os.version: '10.0', java.version: '1.8.0_102'
Driver info: com.kms.katalon.selenium.driver.CChromeDriver
Capabilities [{applicationCacheEnabled=false, rotatable=false, mobileEmulationEnabled=false, networkConnectionEnabled=false, chrome={chromedriverVersion=2.31.488763 (092de99f48a300323ecf8c2a4e2e7cab51de5ba8), userDataDir=C:\Users\mithu\AppData\Local\Temp\scoped_dir632_24245}, takesHeapSnapshot=true, pageLoadStrategy=normal, databaseEnabled=false, handlesAlerts=true, hasTouchScreen=false, version=60.0.3112.113, platform=XP, browserConnectionEnabled=false, nativeEvents=true, acceptSslCerts=true, locationContextEnabled=true, webStorageEnabled=true, browserName=chrome, takesScreenshot=true, javascriptEnabled=true, cssSelectorsEnabled=true, setWindowRect=true, unexpectedAlertBehaviour=}]
Session ID: 757fd66dfa1308dbb5d772d96d0d9210)

2017-09-17 14:51:00 - [MESSAGE][FAILED] - Unable to set text 'acv' of object 'Object Repository/Page_Procurement Management  Create/input_form-control ng-untouche' (Root cause: org.openqa.selenium.InvalidElementStateException: invalid element state: Element is not currently interactable and may not be manipulated
  (Session info: chrome=60.0.3112.113)
  (Driver info: chromedriver=2.31.488763 (092de99f48a300323ecf8c2a4e2e7cab51de5ba8),platform=Windows NT 10.0.15063 x86_64) (WARNING: The server did not provide any stacktrace information)
Command duration or timeout: 29 milliseconds
Build info: version: '2.53.0', revision: '35ae25b', time: '2016-03-15 17:00:58'
System info: host: 'DESKTOP-1QKO1SP', ip: '192.168.91.161', os.name: 'Windows 10', os.arch: 'amd64', os.version: '10.0', java.version: '1.8.0_102'
Driver info: com.kms.katalon.selenium.driver.CChromeDriver
Capabilities [{applicationCacheEnabled=false, rotatable=false, mobileEmulationEnabled=false, networkConnectionEnabled=false, chrome={chromedriverVersion=2.31.488763 (092de99f48a300323ecf8c2a4e2e7cab51de5ba8), userDataDir=C:\Users\mithu\AppData\Local\Temp\scoped_dir632_24245}, takesHeapSnapshot=true, pageLoadStrategy=normal, databaseEnabled=false, handlesAlerts=true, hasTouchScreen=false, version=60.0.3112.113, platform=XP, browserConnectionEnabled=false, nativeEvents=true, acceptSslCerts=true, locationContextEnabled=true, webStorageEnabled=true, browserName=chrome, takesScreenshot=true, javascriptEnabled=true, cssSelectorsEnabled=true, setWindowRect=true, unexpectedAlertBehaviour=}]
Session ID: 757fd66dfa1308dbb5d772d96d0d9210)
[[ATTACHMENT|F:\\Katalon_project\\MaxReqMan\\Reports\\SelectRole\\20170917_145012\\1505638260409.png]]

2017-09-17 14:51:00 - [TEST_STEP][PASSED] - delay: Delayed 2 second(s)

2017-09-17 14:51:02 - [MESSAGE][PASSED] - Delayed 2 second(s)

2017-09-17 14:51:02 - [TEST_STEP][FAILED] - click: Unable to click on object 'Object Repository/Page_Procurement Management  Create/a_ACV Measuring Mould' (Root cause: com.kms.katalon.core.webui.exception.WebElementNotFoundException: Web element with id: 'Object Repository/Page_Procurement Management  Create/a_ACV Measuring Mould' located by 'By.xpath: //a[count(. | //*[@href = '#']) = count(//*[@href = '#'])][count(. | //*[@id = '2670_anchor']) = count(//*[@id = '2670_anchor'])][count(. | //*[contains(.,'ACV Measuring Mould')]) = count(//*[contains(.,'ACV Measuring Mould')])]' not found)

2017-09-17 14:51:20 - [MESSAGE][FAILED] - Unable to click on object 'Object Repository/Page_Procurement Management  Create/a_ACV Measuring Mould' (Root cause: com.kms.katalon.core.webui.exception.WebElementNotFoundException: Web element with id: 'Object Repository/Page_Procurement Management  Create/a_ACV Measuring Mould' located by 'By.xpath: //a[count(. | //*[@href = '#']) = count(//*[@href = '#'])][count(. | //*[@id = '2670_anchor']) = count(//*[@id = '2670_anchor'])][count(. | //*[contains(.,'ACV Measuring Mould')]) = count(//*[contains(.,'ACV Measuring Mould')])]' not found)
[[ATTACHMENT|F:\\Katalon_project\\MaxReqMan\\Reports\\SelectRole\\20170917_145012\\1505638279761.png]]

2017-09-17 14:51:20 - [TEST_STEP][FAILED] - click: Unable to click on object 'Object Repository/Page_Procurement Management  Create/button_OK' (Root cause: com.kms.katalon.core.webui.exception.WebElementNotFoundException: Web element with id: 'Object Repository/Page_Procurement Management  Create/button_OK' located by 'By.xpath: //button[count(. | //*[contains(.,'OK')]) = count(//*[contains(.,'OK')])][count(. | //*[@type = 'button']) = count(//*[@type = 'button'])]' not found)

2017-09-17 14:51:37 - [MESSAGE][FAILED] - Unable to click on object 'Object Repository/Page_Procurement Management  Create/button_OK' (Root cause: com.kms.katalon.core.webui.exception.WebElementNotFoundException: Web element with id: 'Object Repository/Page_Procurement Management  Create/button_OK' located by 'By.xpath: //button[count(. | //*[contains(.,'OK')]) = count(//*[contains(.,'OK')])][count(. | //*[@type = 'button']) = count(//*[@type = 'button'])]' not found)
[[ATTACHMENT|F:\\Katalon_project\\MaxReqMan\\Reports\\SelectRole\\20170917_145012\\1505638296790.png]]

2017-09-17 14:51:37 - [TEST_STEP][PASSED] - waitForAngularLoad: Angular is ready.

2017-09-17 14:51:37 - [MESSAGE][PASSED] - Angular is ready.

2017-09-17 14:51:37 - [TEST_STEP][FAILED] - selectOptionByValue: Unable to select option by value '{"idSpecifications":"4201","specificationName":"Spec 2"}' of object 'Object Repository/Page_Procurement Management  Create/select_specificationId'  using regular expression (Root cause: com.kms.katalon.core.webui.exception.WebElementNotFoundException: Web element with id: 'Object Repository/Page_Procurement Management  Create/select_specificationId' located by 'By.xpath: //select[count(. | //*[@name = 'specificationId']) = count(//*[@name = 'specificationId'])]' not found)

2017-09-17 14:51:53 - [MESSAGE][FAILED] - Unable to select option by value '{"idSpecifications":"4201","specificationName":"Spec 2"}' of object 'Object Repository/Page_Procurement Management  Create/select_specificationId'  using regular expression (Root cause: com.kms.katalon.core.webui.exception.WebElementNotFoundException: Web element with id: 'Object Repository/Page_Procurement Management  Create/select_specificationId' located by 'By.xpath: //select[count(. | //*[@name = 'specificationId']) = count(//*[@name = 'specificationId'])]' not found)
[[ATTACHMENT|F:\\Katalon_project\\MaxReqMan\\Reports\\SelectRole\\20170917_145012\\1505638312924.png]]

2017-09-17 14:51:53 - [TEST_STEP][FAILED] - selectOptionByValue: Unable to select option by value '{"idSize":"5849","sizeValue":"Size 2"}' of object 'Object Repository/Page_Procurement Management  Create/select_sizeId'  using regular expression (Root cause: com.kms.katalon.core.webui.exception.WebElementNotFoundException: Web element with id: 'Object Repository/Page_Procurement Management  Create/select_sizeId' located by 'By.xpath: //select[count(. | //*[@name = 'sizeId']) = count(//*[@name = 'sizeId'])]' not found)

2017-09-17 14:52:09 - [MESSAGE][FAILED] - Unable to select option by value '{"idSize":"5849","sizeValue":"Size 2"}' of object 'Object Repository/Page_Procurement Management  Create/select_sizeId'  using regular expression (Root cause: com.kms.katalon.core.webui.exception.WebElementNotFoundException: Web element with id: 'Object Repository/Page_Procurement Management  Create/select_sizeId' located by 'By.xpath: //select[count(. | //*[@name = 'sizeId']) = count(//*[@name = 'sizeId'])]' not found)
[[ATTACHMENT|F:\\Katalon_project\\MaxReqMan\\Reports\\SelectRole\\20170917_145012\\1505638328894.png]]

2017-09-17 14:52:09 - [TEST_STEP][FAILED] - selectOptionByValue: Unable to select option by value '{"idColor":"219","colorName":"Color 2"}' of object 'Object Repository/Page_Procurement Management  Create/select_colorId'  using regular expression (Root cause: com.kms.katalon.core.webui.exception.WebElementNotFoundException: Web element with id: 'Object Repository/Page_Procurement Management  Create/select_colorId' located by 'By.xpath: //select[count(. | //*[@name = 'colorId']) = count(//*[@name = 'colorId'])]' not found)

2017-09-17 14:52:25 - [MESSAGE][FAILED] - Unable to select option by value '{"idColor":"219","colorName":"Color 2"}' of object 'Object Repository/Page_Procurement Management  Create/select_colorId'  using regular expression (Root cause: com.kms.katalon.core.webui.exception.WebElementNotFoundException: Web element with id: 'Object Repository/Page_Procurement Management  Create/select_colorId' located by 'By.xpath: //select[count(. | //*[@name = 'colorId']) = count(//*[@name = 'colorId'])]' not found)
[[ATTACHMENT|F:\\Katalon_project\\MaxReqMan\\Reports\\SelectRole\\20170917_145012\\1505638344743.png]]

2017-09-17 14:52:25 - [TEST_STEP][PASSED] - click: Object: 'Object Repository/Page_Procurement Management  Create/button_btn btn-default' is clicked on

2017-09-17 14:52:25 - [MESSAGE][PASSED] - Object: 'Object Repository/Page_Procurement Management  Create/button_btn btn-default' is clicked on

2017-09-17 14:52:25 - [TEST_STEP][PASSED] - click: Object: 'Object Repository/Page_Procurement Management  Create/button_btn btn-default btn-sm' is clicked on

2017-09-17 14:52:25 - [MESSAGE][PASSED] - Object: 'Object Repository/Page_Procurement Management  Create/button_btn btn-default btn-sm' is clicked on

2017-09-17 14:52:25 - [TEST_STEP][PASSED] - setText: Text 'mkghodt' is set on object 'Object Repository/Page_Procurement Management  Create/input_receiverNameTemp'

2017-09-17 14:52:25 - [MESSAGE][PASSED] - Text 'mkghodt' is set on object 'Object Repository/Page_Procurement Management  Create/input_receiverNameTemp'

2017-09-17 14:52:25 - [TEST_STEP][PASSED] - setText: Text '20no road mohakhali DOHS' is set on object 'Object Repository/Page_Procurement Management  Create/input_receivingAddress'

2017-09-17 14:52:25 - [MESSAGE][PASSED] - Text '20no road mohakhali DOHS' is set on object 'Object Repository/Page_Procurement Management  Create/input_receivingAddress'

2017-09-17 14:52:25 - [TEST_STEP][PASSED] - setText: Text '250' is set on object 'Object Repository/Page_Procurement Management  Create/input_quantity'

2017-09-17 14:52:25 - [MESSAGE][PASSED] - Text '250' is set on object 'Object Repository/Page_Procurement Management  Create/input_quantity'

2017-09-17 14:52:25 - [TEST_STEP][PASSED] - setText: Text 'Test Item' is set on object 'Object Repository/Page_Procurement Management  Create/input_itemDesc'

2017-09-17 14:52:26 - [MESSAGE][PASSED] - Text 'Test Item' is set on object 'Object Repository/Page_Procurement Management  Create/input_itemDesc'

2017-09-17 14:52:26 - [TEST_STEP][PASSED] - click: Object: 'Object Repository/Page_Procurement Management  Create/button_Add Item' is clicked on

2017-09-17 14:52:26 - [MESSAGE][PASSED] - Object: 'Object Repository/Page_Procurement Management  Create/button_Add Item' is clicked on

2017-09-17 14:52:26 - [TEST_STEP][FAILED] - click: Unable to click on object 'Object Repository/Page_Procurement Management  Create/button_Submit' (Root cause: org.openqa.selenium.WebDriverException: unknown error: Element <button type="submit" formnovalidate="formnovalidate" style="width:100%" class="btn btn-lg  btn-outline green-haze" ng-click="createMaterialRequisition()">...</button> is not clickable at point (797, 912). Other element would receive the click: <form class="form-horizontal ng-invalid ng-invalid-required ng-valid-date ng-valid-min ng-valid-max ng-dirty ng-valid-parse ng-valid-number" name="createMaterialRequisitionForm" role="form" autocomplete="off">...</form>
  (Session info: chrome=60.0.3112.113)
  (Driver info: chromedriver=2.31.488763 (092de99f48a300323ecf8c2a4e2e7cab51de5ba8),platform=Windows NT 10.0.15063 x86_64) (WARNING: The server did not provide any stacktrace information)
Command duration or timeout: 65 milliseconds
Build info: version: '2.53.0', revision: '35ae25b', time: '2016-03-15 17:00:58'
System info: host: 'DESKTOP-1QKO1SP', ip: '192.168.91.161', os.name: 'Windows 10', os.arch: 'amd64', os.version: '10.0', java.version: '1.8.0_102'
Driver info: com.kms.katalon.selenium.driver.CChromeDriver
Capabilities [{applicationCacheEnabled=false, rotatable=false, mobileEmulationEnabled=false, networkConnectionEnabled=false, chrome={chromedriverVersion=2.31.488763 (092de99f48a300323ecf8c2a4e2e7cab51de5ba8), userDataDir=C:\Users\mithu\AppData\Local\Temp\scoped_dir632_24245}, takesHeapSnapshot=true, pageLoadStrategy=normal, databaseEnabled=false, handlesAlerts=true, hasTouchScreen=false, version=60.0.3112.113, platform=XP, browserConnectionEnabled=false, nativeEvents=true, acceptSslCerts=true, locationContextEnabled=true, webStorageEnabled=true, browserName=chrome, takesScreenshot=true, javascriptEnabled=true, cssSelectorsEnabled=true, setWindowRect=true, unexpectedAlertBehaviour=}]
Session ID: 757fd66dfa1308dbb5d772d96d0d9210)

2017-09-17 14:52:26 - [MESSAGE][FAILED] - Unable to click on object 'Object Repository/Page_Procurement Management  Create/button_Submit' (Root cause: org.openqa.selenium.WebDriverException: unknown error: Element <button type="submit" formnovalidate="formnovalidate" style="width:100%" class="btn btn-lg  btn-outline green-haze" ng-click="createMaterialRequisition()">...</button> is not clickable at point (797, 912). Other element would receive the click: <form class="form-horizontal ng-invalid ng-invalid-required ng-valid-date ng-valid-min ng-valid-max ng-dirty ng-valid-parse ng-valid-number" name="createMaterialRequisitionForm" role="form" autocomplete="off">...</form>
  (Session info: chrome=60.0.3112.113)
  (Driver info: chromedriver=2.31.488763 (092de99f48a300323ecf8c2a4e2e7cab51de5ba8),platform=Windows NT 10.0.15063 x86_64) (WARNING: The server did not provide any stacktrace information)
Command duration or timeout: 65 milliseconds
Build info: version: '2.53.0', revision: '35ae25b', time: '2016-03-15 17:00:58'
System info: host: 'DESKTOP-1QKO1SP', ip: '192.168.91.161', os.name: 'Windows 10', os.arch: 'amd64', os.version: '10.0', java.version: '1.8.0_102'
Driver info: com.kms.katalon.selenium.driver.CChromeDriver
Capabilities [{applicationCacheEnabled=false, rotatable=false, mobileEmulationEnabled=false, networkConnectionEnabled=false, chrome={chromedriverVersion=2.31.488763 (092de99f48a300323ecf8c2a4e2e7cab51de5ba8), userDataDir=C:\Users\mithu\AppData\Local\Temp\scoped_dir632_24245}, takesHeapSnapshot=true, pageLoadStrategy=normal, databaseEnabled=false, handlesAlerts=true, hasTouchScreen=false, version=60.0.3112.113, platform=XP, browserConnectionEnabled=false, nativeEvents=true, acceptSslCerts=true, locationContextEnabled=true, webStorageEnabled=true, browserName=chrome, takesScreenshot=true, javascriptEnabled=true, cssSelectorsEnabled=true, setWindowRect=true, unexpectedAlertBehaviour=}]
Session ID: 757fd66dfa1308dbb5d772d96d0d9210)
[[ATTACHMENT|F:\\Katalon_project\\MaxReqMan\\Reports\\SelectRole\\20170917_145012\\1505638346376.png]]

2017-09-17 14:52:26 - [TEST_STEP][FAILED] - click: Unable to click on object 'Object Repository/Page_Procurement Management  Create/button_Cancel' (Root cause: com.kms.katalon.core.webui.exception.WebElementNotFoundException: Web element with id: 'Object Repository/Page_Procurement Management  Create/button_Cancel' located by 'By.xpath: //button[count(. | //*[contains(.,'Cancel')]) = count(//*[contains(.,'Cancel')])]' not found)

2017-09-17 14:52:43 - [MESSAGE][FAILED] - Unable to click on object 'Object Repository/Page_Procurement Management  Create/button_Cancel' (Root cause: com.kms.katalon.core.webui.exception.WebElementNotFoundException: Web element with id: 'Object Repository/Page_Procurement Management  Create/button_Cancel' located by 'By.xpath: //button[count(. | //*[contains(.,'Cancel')]) = count(//*[contains(.,'Cancel')])]' not found)
[[ATTACHMENT|F:\\Katalon_project\\MaxReqMan\\Reports\\SelectRole\\20170917_145012\\1505638363398.png]]

2017-09-17 14:52:43 - [TEST_STEP][PASSED] - click: Object: 'Object Repository/Page_Procurement Management  Create/button_Submit (1)' is clicked on

2017-09-17 14:52:43 - [MESSAGE][PASSED] - Object: 'Object Repository/Page_Procurement Management  Create/button_Submit (1)' is clicked on

2017-09-17 14:52:43 - [TEST_STEP][PASSED] - click: Object: 'Object Repository/Page_Procurement Management  Create/button_Submit (2)' is clicked on

2017-09-17 14:52:43 - [MESSAGE][PASSED] - Object: 'Object Repository/Page_Procurement Management  Create/button_Submit (2)' is clicked on]]></system-out>
         <system-err><![CDATA[2017-09-17 14:50:29 - [TEST_CASE][FAILED] - Test Cases/CreateMaterialRequisition: Test Cases/CreateMaterialRequisition FAILED because (of) Unable to set text 'acv' of object 'Object Repository/Page_Procurement Management  Create/input_form-control ng-untouche' (Root cause: org.openqa.selenium.InvalidElementStateException: invalid element state: Element is not currently interactable and may not be manipulated
  (Session info: chrome=60.0.3112.113)
  (Driver info: chromedriver=2.31.488763 (092de99f48a300323ecf8c2a4e2e7cab51de5ba8),platform=Windows NT 10.0.15063 x86_64) (WARNING: The server did not provide any stacktrace information)
Command duration or timeout: 29 milliseconds
Build info: version: '2.53.0', revision: '35ae25b', time: '2016-03-15 17:00:58'
System info: host: 'DESKTOP-1QKO1SP', ip: '192.168.91.161', os.name: 'Windows 10', os.arch: 'amd64', os.version: '10.0', java.version: '1.8.0_102'
Driver info: com.kms.katalon.selenium.driver.CChromeDriver
Capabilities [{applicationCacheEnabled=false, rotatable=false, mobileEmulationEnabled=false, networkConnectionEnabled=false, chrome={chromedriverVersion=2.31.488763 (092de99f48a300323ecf8c2a4e2e7cab51de5ba8), userDataDir=C:\Users\mithu\AppData\Local\Temp\scoped_dir632_24245}, takesHeapSnapshot=true, pageLoadStrategy=normal, databaseEnabled=false, handlesAlerts=true, hasTouchScreen=false, version=60.0.3112.113, platform=XP, browserConnectionEnabled=false, nativeEvents=true, acceptSslCerts=true, locationContextEnabled=true, webStorageEnabled=true, browserName=chrome, takesScreenshot=true, javascriptEnabled=true, cssSelectorsEnabled=true, setWindowRect=true, unexpectedAlertBehaviour=}]
Session ID: 757fd66dfa1308dbb5d772d96d0d9210)]]></system-err>
      </testcase>
      <system-out><![CDATA[2017-09-17 14:50:13 - [TEST_SUITE][FAILED] - SelectRole: Test Cases/CreateMaterialRequisition FAILED because (of) Unable to set text 'acv' of object 'Object Repository/Page_Procurement Management  Create/input_form-control ng-untouche' (Root cause: org.openqa.selenium.InvalidElementStateException: invalid element state: Element is not currently interactable and may not be manipulated
  (Session info: chrome=60.0.3112.113)
  (Driver info: chromedriver=2.31.488763 (092de99f48a300323ecf8c2a4e2e7cab51de5ba8),platform=Windows NT 10.0.15063 x86_64) (WARNING: The server did not provide any stacktrace information)
Command duration or timeout: 29 milliseconds
Build info: version: '2.53.0', revision: '35ae25b', time: '2016-03-15 17:00:58'
System info: host: 'DESKTOP-1QKO1SP', ip: '192.168.91.161', os.name: 'Windows 10', os.arch: 'amd64', os.version: '10.0', java.version: '1.8.0_102'
Driver info: com.kms.katalon.selenium.driver.CChromeDriver
Capabilities [{applicationCacheEnabled=false, rotatable=false, mobileEmulationEnabled=false, networkConnectionEnabled=false, chrome={chromedriverVersion=2.31.488763 (092de99f48a300323ecf8c2a4e2e7cab51de5ba8), userDataDir=C:\Users\mithu\AppData\Local\Temp\scoped_dir632_24245}, takesHeapSnapshot=true, pageLoadStrategy=normal, databaseEnabled=false, handlesAlerts=true, hasTouchScreen=false, version=60.0.3112.113, platform=XP, browserConnectionEnabled=false, nativeEvents=true, acceptSslCerts=true, locationContextEnabled=true, webStorageEnabled=true, browserName=chrome, takesScreenshot=true, javascriptEnabled=true, cssSelectorsEnabled=true, setWindowRect=true, unexpectedAlertBehaviour=}]
Session ID: 757fd66dfa1308dbb5d772d96d0d9210)]]></system-out>
      <system-err><![CDATA[2017-09-17 14:50:13 - [TEST_SUITE][FAILED] - SelectRole: Test Cases/CreateMaterialRequisition FAILED because (of) Unable to set text 'acv' of object 'Object Repository/Page_Procurement Management  Create/input_form-control ng-untouche' (Root cause: org.openqa.selenium.InvalidElementStateException: invalid element state: Element is not currently interactable and may not be manipulated
  (Session info: chrome=60.0.3112.113)
  (Driver info: chromedriver=2.31.488763 (092de99f48a300323ecf8c2a4e2e7cab51de5ba8),platform=Windows NT 10.0.15063 x86_64) (WARNING: The server did not provide any stacktrace information)
Command duration or timeout: 29 milliseconds
Build info: version: '2.53.0', revision: '35ae25b', time: '2016-03-15 17:00:58'
System info: host: 'DESKTOP-1QKO1SP', ip: '192.168.91.161', os.name: 'Windows 10', os.arch: 'amd64', os.version: '10.0', java.version: '1.8.0_102'
Driver info: com.kms.katalon.selenium.driver.CChromeDriver
Capabilities [{applicationCacheEnabled=false, rotatable=false, mobileEmulationEnabled=false, networkConnectionEnabled=false, chrome={chromedriverVersion=2.31.488763 (092de99f48a300323ecf8c2a4e2e7cab51de5ba8), userDataDir=C:\Users\mithu\AppData\Local\Temp\scoped_dir632_24245}, takesHeapSnapshot=true, pageLoadStrategy=normal, databaseEnabled=false, handlesAlerts=true, hasTouchScreen=false, version=60.0.3112.113, platform=XP, browserConnectionEnabled=false, nativeEvents=true, acceptSslCerts=true, locationContextEnabled=true, webStorageEnabled=true, browserName=chrome, takesScreenshot=true, javascriptEnabled=true, cssSelectorsEnabled=true, setWindowRect=true, unexpectedAlertBehaviour=}]
Session ID: 757fd66dfa1308dbb5d772d96d0d9210)]]></system-err>
   </testsuite>
</testsuites>
