<?xml version="1.0" encoding="UTF-8"?>
<testsuites name="SelectRole" time="28" tests="2" failures="1" errors="0">
   <testsuite name="SelectRole" tests="2" failures="1" errors="0" time="28" timestamp="2017-09-16 15:24:34" hostname="mithu - DESKTOP-1QKO1SP" id="Test Suites/SelectRole">
      <properties>
         <property name="deviceName" value=""/>
         <property name="devicePlatform" value=""/>
         <property name="logFolder" value="F:\\Katalon_project\\MaxReqMan\\Reports\\SelectRole\\20170916_152433"/>
         <property name="logFiles" value="F:\\Katalon_project\\MaxReqMan\\Reports\\SelectRole\\20170916_152433\\execution0.log"/>
         <property name="attachments" value="F:\\Katalon_project\\MaxReqMan\\Reports\\SelectRole\\20170916_152433\\1505553901609.png"/>
         <property name="hostName" value="mithu - DESKTOP-1QKO1SP"/>
         <property name="os" value="Windows 10 64bit"/>
         <property name="katalonVersion" value="4.8.0.2"/>
         <property name="browser" value="Chrome 60.0.3112.113"/>
         <property name="hostAddress" value="192.168.91.161"/>
         <property name="sessionId" value="e780774846bbf6474bafc3df387c6f24"/>
         <property name="seleniumVersion" value="2.53.0"/>
         <property name="proxyInformation" value="ProxyInformation{proxyOption=NO_PROXY, proxyServerType=HTTP, password=, proxyServerAddress=, proxyServerPort=0}"/>
         <property name="platform" value="Windows 10"/>
      </properties>
      <testcase name="Test Cases/Login" classname="Test Cases/Login" status="PASSED">
         <system-out><![CDATA[2017-09-16 15:24:35 - [TEST_CASE][PASSED] - Test Cases/Login: Test Cases/Login

2017-09-16 15:24:35 - [TEST_STEP][PASSED] - openBrowser: Browser is opened with url: ''

2017-09-16 15:24:38 - [MESSAGE][PASSED] - Browser is opened with url: ''

2017-09-16 15:24:38 - [TEST_STEP][PASSED] - maximizeWindow: Current window maximized

2017-09-16 15:24:39 - [MESSAGE][PASSED] - Current window maximized

2017-09-16 15:24:39 - [TEST_STEP][PASSED] - navigateToUrl: Navigate to 'http://beta-requisition.maxrailwaytrack.com/' successfully

2017-09-16 15:24:42 - [MESSAGE][PASSED] - Navigate to 'http://beta-requisition.maxrailwaytrack.com/' successfully

2017-09-16 15:24:42 - [TEST_STEP][PASSED] - setText: Text 'fahadbillah@yahoo.com' is set on object 'Object Repository/Page_MaxGroup Login/input_username'

2017-09-16 15:24:43 - [MESSAGE][PASSED] - Text 'fahadbillah@yahoo.com' is set on object 'Object Repository/Page_MaxGroup Login/input_username'

2017-09-16 15:24:43 - [TEST_STEP][PASSED] - setText: Text '123' is set on object 'Object Repository/Page_MaxGroup Login/input_password'

2017-09-16 15:24:43 - [MESSAGE][PASSED] - Text '123' is set on object 'Object Repository/Page_MaxGroup Login/input_password'

2017-09-16 15:24:43 - [TEST_STEP][PASSED] - click: Object: 'Object Repository/Page_MaxGroup Login/button_Login' is clicked on

2017-09-16 15:24:43 - [MESSAGE][PASSED] - Object: 'Object Repository/Page_MaxGroup Login/button_Login' is clicked on]]></system-out>
         <system-err><![CDATA[]]></system-err>
      </testcase>
      <testcase name="Test Cases/SelectRole" classname="Test Cases/SelectRole" status="PASSED">
         <system-out><![CDATA[2017-09-16 15:24:43 - [TEST_CASE][PASSED] - Test Cases/SelectRole: Test Cases/SelectRole

2017-09-16 15:24:43 - [TEST_STEP][PASSED] - delay: Delayed 5 second(s)

2017-09-16 15:24:48 - [MESSAGE][PASSED] - Delayed 5 second(s)

2017-09-16 15:24:48 - [TEST_STEP][PASSED] - selectOptionByValue: All options with value '2_60_4' are selected in object 'Object Repository/Page_Procurement Management  Role S/select_input'  using regular expression

2017-09-16 15:24:49 - [MESSAGE][PASSED] - All options with value '2_60_4' are selected in object 'Object Repository/Page_Procurement Management  Role S/select_input'  using regular expression

2017-09-16 15:24:49 - [TEST_STEP][PASSED] - click: Object: 'Object Repository/Page_Procurement Management  Role S/button_Enter' is clicked on

2017-09-16 15:24:49 - [MESSAGE][PASSED] - Object: 'Object Repository/Page_Procurement Management  Role S/button_Enter' is clicked on]]></system-out>
         <system-err><![CDATA[]]></system-err>
      </testcase>
      <testcase name="Test Cases/CreateMaterialRequisition" classname="Test Cases/CreateMaterialRequisition" status="FAILED">
         <failure type="FAILED" message="Unable to set text (Root cause: java.lang.IllegalArgumentException: Object is null)"/>
         <system-out><![CDATA[2017-09-16 15:24:49 - [TEST_CASE][FAILED] - Test Cases/CreateMaterialRequisition: Test Cases/CreateMaterialRequisition FAILED because (of) Unable to set text (Root cause: java.lang.IllegalArgumentException: Object is null)

2017-09-16 15:24:49 - [TEST_STEP][PASSED] - delay: Delayed 10 second(s)

2017-09-16 15:24:59 - [MESSAGE][PASSED] - Delayed 10 second(s)

2017-09-16 15:24:59 - [TEST_STEP][PASSED] - mouseOver: Object: 'Object Repository/Create Material Requisition/span_Requisitions' is hovered

2017-09-16 15:24:59 - [MESSAGE][PASSED] - Object: 'Object Repository/Create Material Requisition/span_Requisitions' is hovered

2017-09-16 15:24:59 - [TEST_STEP][PASSED] - mouseOver: Object: 'Object Repository/Create Material Requisition/a_Create Requisition' is hovered

2017-09-16 15:24:59 - [MESSAGE][PASSED] - Object: 'Object Repository/Create Material Requisition/a_Create Requisition' is hovered

2017-09-16 15:24:59 - [TEST_STEP][PASSED] - click: Object: 'Object Repository/Create Material Requisition/a_Material Requisition' is clicked on

2017-09-16 15:24:59 - [MESSAGE][PASSED] - Object: 'Object Repository/Create Material Requisition/a_Material Requisition' is clicked on

2017-09-16 15:24:59 - [TEST_STEP][PASSED] - waitForPageLoad: Wait for page load successfully

2017-09-16 15:24:59 - [MESSAGE][PASSED] - Wait for page load successfully

2017-09-16 15:24:59 - [TEST_STEP][PASSED] - click: Object: 'Object Repository/Page_Procurement Management  Create/input_requisitionTitle' is clicked on

2017-09-16 15:25:01 - [MESSAGE][PASSED] - Object: 'Object Repository/Page_Procurement Management  Create/input_requisitionTitle' is clicked on

2017-09-16 15:25:01 - [TEST_STEP][FAILED] - setText: Unable to set text (Root cause: java.lang.IllegalArgumentException: Object is null)

2017-09-16 15:25:01 - [MESSAGE][WARNING] - Test object id is null

2017-09-16 15:25:01 - [MESSAGE][WARNING] - Test object with id 'Object Repository/' does not exist

2017-09-16 15:25:02 - [MESSAGE][FAILED] - Unable to set text (Root cause: java.lang.IllegalArgumentException: Object is null)
[[ATTACHMENT|F:\\Katalon_project\\MaxReqMan\\Reports\\SelectRole\\20170916_152433\\1505553901609.png]]]]></system-out>
         <system-err><![CDATA[2017-09-16 15:24:49 - [TEST_CASE][FAILED] - Test Cases/CreateMaterialRequisition: Test Cases/CreateMaterialRequisition FAILED because (of) Unable to set text (Root cause: java.lang.IllegalArgumentException: Object is null)]]></system-err>
      </testcase>
      <system-out><![CDATA[2017-09-16 15:24:34 - [TEST_SUITE][FAILED] - SelectRole: Test Cases/CreateMaterialRequisition FAILED because (of) Unable to set text (Root cause: java.lang.IllegalArgumentException: Object is null)]]></system-out>
      <system-err><![CDATA[2017-09-16 15:24:34 - [TEST_SUITE][FAILED] - SelectRole: Test Cases/CreateMaterialRequisition FAILED because (of) Unable to set text (Root cause: java.lang.IllegalArgumentException: Object is null)]]></system-err>
   </testsuite>
</testsuites>
