<?xml version="1.0" encoding="UTF-8"?>
<testsuites name="SelectRole" time="35" tests="1" failures="2" errors="0">
   <testsuite name="SelectRole" tests="1" failures="2" errors="0" time="35" timestamp="2017-09-16 15:33:32" hostname="mithu - DESKTOP-1QKO1SP" id="Test Suites/SelectRole">
      <properties>
         <property name="deviceName" value=""/>
         <property name="devicePlatform" value=""/>
         <property name="logFolder" value="F:\\Katalon_project\\MaxReqMan\\Reports\\SelectRole\\20170916_153330"/>
         <property name="logFiles" value="F:\\Katalon_project\\MaxReqMan\\Reports\\SelectRole\\20170916_153330\\execution0.log"/>
         <property name="attachments" value="F:\\Katalon_project\\MaxReqMan\\Reports\\SelectRole\\20170916_153330\\1505554425675.png"/>
         <property name="hostName" value="mithu - DESKTOP-1QKO1SP"/>
         <property name="os" value="Windows 10 64bit"/>
         <property name="katalonVersion" value="4.8.0.2"/>
         <property name="browser" value="Chrome 60.0.3112.113"/>
         <property name="hostAddress" value="192.168.91.161"/>
         <property name="sessionId" value="50e4e8ce0ed6d7a7aea951df58d71a49"/>
         <property name="seleniumVersion" value="2.53.0"/>
         <property name="proxyInformation" value="ProxyInformation{proxyOption=NO_PROXY, proxyServerType=HTTP, password=, proxyServerAddress=, proxyServerPort=0}"/>
         <property name="platform" value="Windows 10"/>
      </properties>
      <testcase name="Test Cases/Login" classname="Test Cases/Login" status="PASSED">
         <system-out><![CDATA[2017-09-16 15:33:32 - [TEST_CASE][PASSED] - Test Cases/Login: Test Cases/Login

2017-09-16 15:33:32 - [TEST_STEP][PASSED] - openBrowser: Browser is opened with url: ''

2017-09-16 15:33:35 - [MESSAGE][PASSED] - Browser is opened with url: ''

2017-09-16 15:33:35 - [TEST_STEP][PASSED] - maximizeWindow: Current window maximized

2017-09-16 15:33:36 - [MESSAGE][PASSED] - Current window maximized

2017-09-16 15:33:36 - [TEST_STEP][PASSED] - navigateToUrl: Navigate to 'http://beta-requisition.maxrailwaytrack.com/' successfully

2017-09-16 15:33:39 - [MESSAGE][PASSED] - Navigate to 'http://beta-requisition.maxrailwaytrack.com/' successfully

2017-09-16 15:33:39 - [TEST_STEP][PASSED] - setText: Text 'fahadbillah@yahoo.com' is set on object 'Object Repository/Page_MaxGroup Login/input_username'

2017-09-16 15:33:39 - [MESSAGE][PASSED] - Text 'fahadbillah@yahoo.com' is set on object 'Object Repository/Page_MaxGroup Login/input_username'

2017-09-16 15:33:39 - [TEST_STEP][PASSED] - setText: Text '123' is set on object 'Object Repository/Page_MaxGroup Login/input_password'

2017-09-16 15:33:40 - [MESSAGE][PASSED] - Text '123' is set on object 'Object Repository/Page_MaxGroup Login/input_password'

2017-09-16 15:33:40 - [TEST_STEP][PASSED] - click: Object: 'Object Repository/Page_MaxGroup Login/button_Login' is clicked on

2017-09-16 15:33:40 - [MESSAGE][PASSED] - Object: 'Object Repository/Page_MaxGroup Login/button_Login' is clicked on]]></system-out>
         <system-err><![CDATA[]]></system-err>
      </testcase>
      <testcase name="Test Cases/SelectRole" classname="Test Cases/SelectRole" status="FAILED">
         <failure type="FAILED" message="Unable to select option by value '2_60_4' of object 'Object Repository/Page_Procurement Management  Role S/select_input'  using regular expression (Root cause: No option matched.)"/>
         <system-out><![CDATA[2017-09-16 15:33:40 - [TEST_CASE][FAILED] - Test Cases/SelectRole: Test Cases/SelectRole FAILED because (of) Unable to select option by value '2_60_4' of object 'Object Repository/Page_Procurement Management  Role S/select_input'  using regular expression (Root cause: No option matched.)

2017-09-16 15:33:40 - [TEST_STEP][PASSED] - delay: Delayed 5 second(s)

2017-09-16 15:33:45 - [MESSAGE][PASSED] - Delayed 5 second(s)

2017-09-16 15:33:45 - [TEST_STEP][FAILED] - selectOptionByValue: Unable to select option by value '2_60_4' of object 'Object Repository/Page_Procurement Management  Role S/select_input'  using regular expression (Root cause: No option matched.)

2017-09-16 15:33:45 - [MESSAGE][FAILED] - No option matched.

2017-09-16 15:33:46 - [MESSAGE][FAILED] - Unable to select option by value '2_60_4' of object 'Object Repository/Page_Procurement Management  Role S/select_input'  using regular expression (Root cause: No option matched.)
[[ATTACHMENT|F:\\Katalon_project\\MaxReqMan\\Reports\\SelectRole\\20170916_153330\\1505554425675.png]]]]></system-out>
         <system-err><![CDATA[2017-09-16 15:33:40 - [TEST_CASE][FAILED] - Test Cases/SelectRole: Test Cases/SelectRole FAILED because (of) Unable to select option by value '2_60_4' of object 'Object Repository/Page_Procurement Management  Role S/select_input'  using regular expression (Root cause: No option matched.)]]></system-err>
      </testcase>
      <testcase name="Test Cases/CreateMaterialRequisition" classname="Test Cases/CreateMaterialRequisition" status="FAILED">
         <failure type="FAILED" message="Unable to move mouse over object 'Object Repository/Create Material Requisition/a_Create Requisition' (Root cause: java.lang.NullPointerException)"/>
         <system-out><![CDATA[2017-09-16 15:33:46 - [TEST_CASE][FAILED] - Test Cases/CreateMaterialRequisition: Test Cases/CreateMaterialRequisition FAILED because (of) Unable to move mouse over object 'Object Repository/Create Material Requisition/a_Create Requisition' (Root cause: java.lang.NullPointerException)

2017-09-16 15:33:46 - [TEST_STEP][PASSED] - delay: Delayed 10 second(s)

2017-09-16 15:33:56 - [MESSAGE][PASSED] - Delayed 10 second(s)

2017-09-16 15:33:56 - [TEST_STEP][PASSED] - mouseOver: Object: 'Object Repository/Create Material Requisition/span_Requisitions' is hovered

2017-09-16 15:33:56 - [MESSAGE][PASSED] - Object: 'Object Repository/Create Material Requisition/span_Requisitions' is hovered

2017-09-16 15:33:56 - [TEST_STEP][FAILED] - mouseOver: Unable to move mouse over object 'Object Repository/Create Material Requisition/a_Create Requisition' (Root cause: java.lang.NullPointerException)

2017-09-16 15:34:06 - [MESSAGE][WARNING] - Cannot take screenshot

2017-09-16 15:34:06 - [MESSAGE][FAILED] - Unable to move mouse over object 'Object Repository/Create Material Requisition/a_Create Requisition' (Root cause: java.lang.NullPointerException)]]></system-out>
         <system-err><![CDATA[2017-09-16 15:33:46 - [TEST_CASE][FAILED] - Test Cases/CreateMaterialRequisition: Test Cases/CreateMaterialRequisition FAILED because (of) Unable to move mouse over object 'Object Repository/Create Material Requisition/a_Create Requisition' (Root cause: java.lang.NullPointerException)]]></system-err>
      </testcase>
      <system-out><![CDATA[2017-09-16 15:33:32 - [TEST_SUITE][FAILED] - SelectRole: Test Cases/SelectRole FAILED because (of) Unable to select option by value '2_60_4' of object 'Object Repository/Page_Procurement Management  Role S/select_input'  using regular expression (Root cause: No option matched.)]]></system-out>
      <system-err><![CDATA[2017-09-16 15:33:32 - [TEST_SUITE][FAILED] - SelectRole: Test Cases/SelectRole FAILED because (of) Unable to select option by value '2_60_4' of object 'Object Repository/Page_Procurement Management  Role S/select_input'  using regular expression (Root cause: No option matched.)]]></system-err>
   </testsuite>
</testsuites>
