<?xml version="1.0" encoding="UTF-8"?>
<testsuites name="TestSuite-CreateMaterialRequisition" time="153" tests="2" failures="1" errors="0">
   <testsuite name="TestSuite-CreateMaterialRequisition" tests="2" failures="1" errors="0" time="153" timestamp="2017-10-14 00:50:06" hostname="Asus - DESKTOP-SQEFDD7" id="Test Suites/TestSuite-CreateMaterialRequisition">
      <properties>
         <property name="deviceName" value=""/>
         <property name="devicePlatform" value=""/>
         <property name="logFolder" value="E:\\Katalon_Project\\KatalonStudio-RequisitionTest-master\\Reports\\TestSuite-CreateMaterialRequisition\\20171014_005005"/>
         <property name="logFiles" value="E:\\Katalon_Project\\KatalonStudio-RequisitionTest-master\\Reports\\TestSuite-CreateMaterialRequisition\\20171014_005005\\execution0.log"/>
         <property name="attachments" value="E:\\Katalon_Project\\KatalonStudio-RequisitionTest-master\\Reports\\TestSuite-CreateMaterialRequisition\\20171014_005005\\1507920622684.png, E:\\Katalon_Project\\KatalonStudio-RequisitionTest-master\\Reports\\TestSuite-CreateMaterialRequisition\\20171014_005005\\1507920680000.png, E:\\Katalon_Project\\KatalonStudio-RequisitionTest-master\\Reports\\TestSuite-CreateMaterialRequisition\\20171014_005005\\1507920734584.png, E:\\Katalon_Project\\KatalonStudio-RequisitionTest-master\\Reports\\TestSuite-CreateMaterialRequisition\\20171014_005005\\1507920738429.png, E:\\Katalon_Project\\KatalonStudio-RequisitionTest-master\\Reports\\TestSuite-CreateMaterialRequisition\\20171014_005005\\1507920755901.png, E:\\Katalon_Project\\KatalonStudio-RequisitionTest-master\\Reports\\TestSuite-CreateMaterialRequisition\\20171014_005005\\1507920758471.png"/>
         <property name="hostName" value="Asus - DESKTOP-SQEFDD7"/>
         <property name="os" value="Windows 10 64bit"/>
         <property name="katalonVersion" value="4.8.0.2"/>
         <property name="browser" value="Chrome 61.0.3163.100"/>
         <property name="hostAddress" value="192.168.0.104"/>
         <property name="sessionId" value="5d25d224df7f08184194d3cb1f8769b0"/>
         <property name="seleniumVersion" value="2.53.0"/>
         <property name="proxyInformation" value="ProxyInformation{proxyOption=NO_PROXY, proxyServerType=HTTP, password=, proxyServerAddress=, proxyServerPort=0}"/>
         <property name="platform" value="Windows 10"/>
      </properties>
      <testcase name="Test Cases/Login" classname="Test Cases/Login" status="PASSED">
         <system-out><![CDATA[2017-10-14 00:50:07 - [TEST_CASE][PASSED] - Test Cases/Login: Test Cases/Login

2017-10-14 00:50:07 - [TEST_STEP][PASSED] - openBrowser: Browser is opened with url: ''

2017-10-14 00:50:10 - [MESSAGE][PASSED] - Browser is opened with url: ''

2017-10-14 00:50:10 - [TEST_STEP][PASSED] - maximizeWindow: Current window maximized

2017-10-14 00:50:11 - [MESSAGE][PASSED] - Current window maximized

2017-10-14 00:50:11 - [TEST_STEP][PASSED] - navigateToUrl: Navigate to 'http://beta-requisition.maxrailwaytrack.com/' successfully

2017-10-14 00:50:16 - [MESSAGE][PASSED] - Navigate to 'http://beta-requisition.maxrailwaytrack.com/' successfully

2017-10-14 00:50:16 - [TEST_STEP][PASSED] - setText: Text 'fahadbillah@yahoo.com' is set on object 'Object Repository/Page_MaxGroup Login/input_username'

2017-10-14 00:50:16 - [MESSAGE][PASSED] - Text 'fahadbillah@yahoo.com' is set on object 'Object Repository/Page_MaxGroup Login/input_username'

2017-10-14 00:50:16 - [TEST_STEP][PASSED] - setText: Text '123' is set on object 'Object Repository/Page_MaxGroup Login/input_password'

2017-10-14 00:50:16 - [MESSAGE][PASSED] - Text '123' is set on object 'Object Repository/Page_MaxGroup Login/input_password'

2017-10-14 00:50:16 - [TEST_STEP][PASSED] - click: Object: 'Object Repository/Page_MaxGroup Login/button_Login' is clicked on

2017-10-14 00:50:17 - [MESSAGE][PASSED] - Object: 'Object Repository/Page_MaxGroup Login/button_Login' is clicked on]]></system-out>
         <system-err><![CDATA[]]></system-err>
      </testcase>
      <testcase name="Test Cases/SelectRole" classname="Test Cases/SelectRole" status="PASSED">
         <system-out><![CDATA[2017-10-14 00:50:17 - [TEST_CASE][PASSED] - Test Cases/SelectRole: Test Cases/SelectRole

2017-10-14 00:50:17 - [TEST_STEP][PASSED] - delay: Delayed 5 second(s)

2017-10-14 00:50:22 - [MESSAGE][PASSED] - Delayed 5 second(s)

2017-10-14 00:50:22 - [TEST_STEP][PASSED] - takeScreenshot: Taking screenshot successfully

2017-10-14 00:51:09 - [MESSAGE][PASSED] - Taking screenshot successfully
[[ATTACHMENT|E:\\Katalon_Project\\KatalonStudio-RequisitionTest-master\\Reports\\TestSuite-CreateMaterialRequisition\\20171014_005005\\1507920622684.png]]

2017-10-14 00:51:09 - [TEST_STEP][PASSED] - click: Object: 'Object Repository/Page_Procurement Management  Role S/select_input' is clicked on

2017-10-14 00:51:10 - [MESSAGE][PASSED] - Object: 'Object Repository/Page_Procurement Management  Role S/select_input' is clicked on

2017-10-14 00:51:10 - [TEST_STEP][PASSED] - click: Object: 'Object Repository/Page_Procurement Management  Role S/option_Requester at CDA' is clicked on

2017-10-14 00:51:11 - [MESSAGE][PASSED] - Object: 'Object Repository/Page_Procurement Management  Role S/option_Requester at CDA' is clicked on

2017-10-14 00:51:11 - [TEST_STEP][PASSED] - click: Object: 'Object Repository/Page_Procurement Management  Role S/button_Enter' is clicked on

2017-10-14 00:51:11 - [MESSAGE][PASSED] - Object: 'Object Repository/Page_Procurement Management  Role S/button_Enter' is clicked on]]></system-out>
         <system-err><![CDATA[]]></system-err>
      </testcase>
      <testcase name="Test Cases/CreateMaterialRequisition" classname="Test Cases/CreateMaterialRequisition" status="FAILED">
         <failure type="FAILED" message="Unable to click on object 'Object Repository/create material requisition/Page_Procurement Management  Create/button_btn btn-default btn-sm' (Root cause: com.kms.katalon.core.webui.exception.WebElementNotFoundException: Web element with id: 'Object Repository/create material requisition/Page_Procurement Management  Create/button_btn btn-default btn-sm' located by 'By.xpath: //button[count(. | id(&quot;datepicker-626-3948-16&quot;)/button[@class=&quot;btn btn-default btn-sm&quot;]) = count(id(&quot;datepicker-626-3948-16&quot;)/button[@class=&quot;btn btn-default btn-sm&quot;])][count(. | //*[@type = 'button']) = count(//*[@type = 'button'])]' not found)"/>
         <system-out><![CDATA[2017-10-14 00:51:11 - [TEST_CASE][FAILED] - Test Cases/CreateMaterialRequisition: Test Cases/CreateMaterialRequisition FAILED because (of) Unable to click on object 'Object Repository/create material requisition/Page_Procurement Management  Create/button_btn btn-default btn-sm' (Root cause: com.kms.katalon.core.webui.exception.WebElementNotFoundException: Web element with id: 'Object Repository/create material requisition/Page_Procurement Management  Create/button_btn btn-default btn-sm' located by 'By.xpath: //button[count(. | id("datepicker-626-3948-16")/button[@class="btn btn-default btn-sm"]) = count(id("datepicker-626-3948-16")/button[@class="btn btn-default btn-sm"])][count(. | //*[@type = 'button']) = count(//*[@type = 'button'])]' not found)

2017-10-14 00:51:11 - [TEST_STEP][PASSED] - delay: Delayed 2 second(s)

2017-10-14 00:51:13 - [MESSAGE][PASSED] - Delayed 2 second(s)

2017-10-14 00:51:13 - [TEST_STEP][PASSED] - mouseOver: Object: 'Object Repository/create material requisition/span_Requisitions' is hovered

2017-10-14 00:51:13 - [MESSAGE][PASSED] - Object: 'Object Repository/create material requisition/span_Requisitions' is hovered

2017-10-14 00:51:13 - [TEST_STEP][PASSED] - delay: Delayed 2 second(s)

2017-10-14 00:51:15 - [MESSAGE][PASSED] - Delayed 2 second(s)

2017-10-14 00:51:15 - [TEST_STEP][PASSED] - mouseOver: Object: 'Object Repository/create material requisition/a_Create Requisition' is hovered

2017-10-14 00:51:15 - [MESSAGE][PASSED] - Object: 'Object Repository/create material requisition/a_Create Requisition' is hovered

2017-10-14 00:51:15 - [TEST_STEP][PASSED] - delay: Delayed 2 second(s)

2017-10-14 00:51:17 - [MESSAGE][PASSED] - Delayed 2 second(s)

2017-10-14 00:51:17 - [TEST_STEP][PASSED] - mouseOver: Object: 'Object Repository/create material requisition/a_Material Requisition' is hovered

2017-10-14 00:51:17 - [MESSAGE][PASSED] - Object: 'Object Repository/create material requisition/a_Material Requisition' is hovered

2017-10-14 00:51:17 - [TEST_STEP][PASSED] - delay: Delayed 2 second(s)

2017-10-14 00:51:19 - [MESSAGE][PASSED] - Delayed 2 second(s)

2017-10-14 00:51:19 - [TEST_STEP][PASSED] - takeScreenshot: Taking screenshot successfully

2017-10-14 00:51:20 - [MESSAGE][PASSED] - Taking screenshot successfully
[[ATTACHMENT|E:\\Katalon_Project\\KatalonStudio-RequisitionTest-master\\Reports\\TestSuite-CreateMaterialRequisition\\20171014_005005\\1507920680000.png]]

2017-10-14 00:51:20 - [TEST_STEP][PASSED] - click: Object: 'Object Repository/create material requisition/a_Material Requisition' is clicked on

2017-10-14 00:51:20 - [MESSAGE][PASSED] - Object: 'Object Repository/create material requisition/a_Material Requisition' is clicked on

2017-10-14 00:51:20 - [TEST_STEP][PASSED] - waitForPageLoad: Wait for page load successfully

2017-10-14 00:51:20 - [MESSAGE][PASSED] - Wait for page load successfully

2017-10-14 00:51:20 - [TEST_STEP][PASSED] - click: Object: 'Object Repository/Page_Procurement Management  Create/input_requisitionTitle' is clicked on

2017-10-14 00:51:22 - [MESSAGE][PASSED] - Object: 'Object Repository/Page_Procurement Management  Create/input_requisitionTitle' is clicked on

2017-10-14 00:51:22 - [TEST_STEP][PASSED] - setText: Text 'Material Requisition 1A' is set on object 'Object Repository/Page_Procurement Management  Create/input_requisitionTitle'

2017-10-14 00:51:22 - [MESSAGE][PASSED] - Text 'Material Requisition 1A' is set on object 'Object Repository/Page_Procurement Management  Create/input_requisitionTitle'

2017-10-14 00:51:22 - [TEST_STEP][PASSED] - click: Object: 'Object Repository/Page_Procurement Management  Create/requestTo' is clicked on

2017-10-14 00:51:22 - [MESSAGE][PASSED] - Object: 'Object Repository/Page_Procurement Management  Create/requestTo' is clicked on

2017-10-14 00:51:22 - [TEST_STEP][PASSED] - setText: Text 'Fahad Billah (Local Approver)' is set on object 'Object Repository/Page_Procurement Management  Create/requestTo'

2017-10-14 00:51:23 - [MESSAGE][PASSED] - Text 'Fahad Billah (Local Approver)' is set on object 'Object Repository/Page_Procurement Management  Create/requestTo'

2017-10-14 00:51:23 - [TEST_STEP][PASSED] - click: Object: 'Object Repository/Page_Procurement Management  Create/li_Fahad Billah (Local Boss)' is clicked on

2017-10-14 00:51:24 - [MESSAGE][PASSED] - Object: 'Object Repository/Page_Procurement Management  Create/li_Fahad Billah (Local Boss)' is clicked on

2017-10-14 00:51:24 - [TEST_STEP][PASSED] - click: Object: 'Object Repository/Page_Procurement Management  Create/input_receiverName' is clicked on

2017-10-14 00:51:24 - [MESSAGE][PASSED] - Object: 'Object Repository/Page_Procurement Management  Create/input_receiverName' is clicked on

2017-10-14 00:51:24 - [TEST_STEP][PASSED] - setText: Text 'Fahad Billah' is set on object 'Object Repository/Page_Procurement Management  Create/input_receiverName'

2017-10-14 00:51:24 - [MESSAGE][PASSED] - Text 'Fahad Billah' is set on object 'Object Repository/Page_Procurement Management  Create/input_receiverName'

2017-10-14 00:51:24 - [TEST_STEP][PASSED] - click: Object: 'Object Repository/Page_Procurement Management  Create/li_Fahad Billah' is clicked on

2017-10-14 00:51:25 - [MESSAGE][PASSED] - Object: 'Object Repository/Page_Procurement Management  Create/li_Fahad Billah' is clicked on

2017-10-14 00:51:25 - [TEST_STEP][PASSED] - delay: Delayed 2 second(s)

2017-10-14 00:51:27 - [MESSAGE][PASSED] - Delayed 2 second(s)

2017-10-14 00:51:27 - [TEST_STEP][PASSED] - setText: Text 'Mamun Rasid' is set on object 'Object Repository/Page_Procurement Management  Create/input_originalRequesterName (2)'

2017-10-14 00:51:28 - [MESSAGE][PASSED] - Text 'Mamun Rasid' is set on object 'Object Repository/Page_Procurement Management  Create/input_originalRequesterName (2)'

2017-10-14 00:51:28 - [TEST_STEP][PASSED] - setText: Text '01745677420' is set on object 'Object Repository/Page_Procurement Management  Create/input_originalRequesterPhone (1)'

2017-10-14 00:51:28 - [MESSAGE][PASSED] - Text '01745677420' is set on object 'Object Repository/Page_Procurement Management  Create/input_originalRequesterPhone (1)'

2017-10-14 00:51:28 - [TEST_STEP][PASSED] - setText: Text 'Test Team Qa-katalon' is set on object 'Object Repository/Page_Procurement Management  Create/textarea_remarks'

2017-10-14 00:51:28 - [MESSAGE][PASSED] - Text 'Test Team Qa-katalon' is set on object 'Object Repository/Page_Procurement Management  Create/textarea_remarks'

2017-10-14 00:51:28 - [TEST_STEP][PASSED] - delay: Delayed 1 second(s)

2017-10-14 00:51:29 - [MESSAGE][PASSED] - Delayed 1 second(s)

2017-10-14 00:51:29 - [TEST_STEP][PASSED] - click: Object: 'Object Repository/Page_Procurement Management  Create/span_Item Details' is clicked on

2017-10-14 00:51:29 - [MESSAGE][PASSED] - Object: 'Object Repository/Page_Procurement Management  Create/span_Item Details' is clicked on

2017-10-14 00:51:29 - [TEST_STEP][PASSED] - delay: Delayed 1 second(s)

2017-10-14 00:51:30 - [MESSAGE][PASSED] - Delayed 1 second(s)

2017-10-14 00:51:30 - [TEST_STEP][PASSED] - scrollToElement: Scroll to object 'Object Repository/Page_Procurement Management  Create/span_Item Details' successfully

2017-10-14 00:51:31 - [MESSAGE][PASSED] - Scroll to object 'Object Repository/Page_Procurement Management  Create/span_Item Details' successfully

2017-10-14 00:51:31 - [TEST_STEP][PASSED] - click: Object: 'Object Repository/Page_Procurement Management  Create/CostCenterName' is clicked on

2017-10-14 00:51:31 - [MESSAGE][PASSED] - Object: 'Object Repository/Page_Procurement Management  Create/CostCenterName' is clicked on

2017-10-14 00:51:31 - [TEST_STEP][PASSED] - waitForAngularLoad: Angular is ready.

2017-10-14 00:51:32 - [MESSAGE][PASSED] - Angular is ready.

2017-10-14 00:51:32 - [TEST_STEP][PASSED] - click: Object: 'Object Repository/Page_Procurement Management  Create/a_10100.12 Engineers  Employer' is clicked on

2017-10-14 00:51:32 - [MESSAGE][PASSED] - Object: 'Object Repository/Page_Procurement Management  Create/a_10100.12 Engineers  Employer' is clicked on

2017-10-14 00:51:32 - [TEST_STEP][PASSED] - delay: Delayed 1 second(s)

2017-10-14 00:51:33 - [MESSAGE][PASSED] - Delayed 1 second(s)

2017-10-14 00:51:33 - [TEST_STEP][PASSED] - click: Object: 'Object Repository/Page_Procurement Management  Create/button_OK' is clicked on

2017-10-14 00:51:33 - [MESSAGE][PASSED] - Object: 'Object Repository/Page_Procurement Management  Create/button_OK' is clicked on

2017-10-14 00:51:33 - [TEST_STEP][PASSED] - delay: Delayed 2 second(s)

2017-10-14 00:51:35 - [MESSAGE][PASSED] - Delayed 2 second(s)

2017-10-14 00:51:35 - [TEST_STEP][PASSED] - click: Object: 'Object Repository/Page_Procurement Management  Create/button_btn pull-right btn-defa' is clicked on

2017-10-14 00:51:35 - [MESSAGE][PASSED] - Object: 'Object Repository/Page_Procurement Management  Create/button_btn pull-right btn-defa' is clicked on

2017-10-14 00:51:35 - [TEST_STEP][PASSED] - waitForAngularLoad: Angular is ready.

2017-10-14 00:51:47 - [MESSAGE][PASSED] - Angular is ready.

2017-10-14 00:51:47 - [TEST_STEP][PASSED] - setText: Text 'acv' is set on object 'Object Repository/Page_Procurement Management  Create/input_form-control ng-untouche'

2017-10-14 00:51:47 - [MESSAGE][PASSED] - Text 'acv' is set on object 'Object Repository/Page_Procurement Management  Create/input_form-control ng-untouche'

2017-10-14 00:51:47 - [TEST_STEP][PASSED] - delay: Delayed 2 second(s)

2017-10-14 00:51:49 - [MESSAGE][PASSED] - Delayed 2 second(s)

2017-10-14 00:51:49 - [TEST_STEP][PASSED] - click: Object: 'Object Repository/Page_Procurement Management  Create/a_ACV Measuring Mould' is clicked on

2017-10-14 00:51:50 - [MESSAGE][PASSED] - Object: 'Object Repository/Page_Procurement Management  Create/a_ACV Measuring Mould' is clicked on

2017-10-14 00:51:50 - [TEST_STEP][PASSED] - delay: Delayed 2 second(s)

2017-10-14 00:51:52 - [MESSAGE][PASSED] - Delayed 2 second(s)

2017-10-14 00:51:52 - [TEST_STEP][PASSED] - click: Object: 'Object Repository/Page_Procurement Management  Create/button_OK' is clicked on

2017-10-14 00:51:52 - [MESSAGE][PASSED] - Object: 'Object Repository/Page_Procurement Management  Create/button_OK' is clicked on

2017-10-14 00:51:52 - [TEST_STEP][PASSED] - waitForAngularLoad: Angular is ready.

2017-10-14 00:51:53 - [MESSAGE][PASSED] - Angular is ready.

2017-10-14 00:51:53 - [TEST_STEP][PASSED] - click: Object: 'Object Repository/Page_Procurement Management  Create/Click specification ID' is clicked on

2017-10-14 00:51:53 - [MESSAGE][PASSED] - Object: 'Object Repository/Page_Procurement Management  Create/Click specification ID' is clicked on

2017-10-14 00:51:53 - [TEST_STEP][PASSED] - delay: Delayed 1 second(s)

2017-10-14 00:51:54 - [MESSAGE][PASSED] - Delayed 1 second(s)

2017-10-14 00:51:54 - [TEST_STEP][PASSED] - click: Object: 'Object Repository/Page_Procurement Management  Create/select_specificationId' is clicked on

2017-10-14 00:51:54 - [MESSAGE][PASSED] - Object: 'Object Repository/Page_Procurement Management  Create/select_specificationId' is clicked on

2017-10-14 00:51:54 - [TEST_STEP][PASSED] - delay: Delayed 1 second(s)

2017-10-14 00:51:55 - [MESSAGE][PASSED] - Delayed 1 second(s)

2017-10-14 00:51:55 - [TEST_STEP][PASSED] - click: Object: 'Object Repository/Page_Procurement Management  Create/Click Size ID' is clicked on

2017-10-14 00:51:55 - [MESSAGE][PASSED] - Object: 'Object Repository/Page_Procurement Management  Create/Click Size ID' is clicked on

2017-10-14 00:51:55 - [TEST_STEP][PASSED] - delay: Delayed 1 second(s)

2017-10-14 00:51:56 - [MESSAGE][PASSED] - Delayed 1 second(s)

2017-10-14 00:51:56 - [TEST_STEP][PASSED] - click: Object: 'Object Repository/Page_Procurement Management  Create/select_sizeId' is clicked on

2017-10-14 00:51:56 - [MESSAGE][PASSED] - Object: 'Object Repository/Page_Procurement Management  Create/select_sizeId' is clicked on

2017-10-14 00:51:56 - [TEST_STEP][PASSED] - delay: Delayed 1 second(s)

2017-10-14 00:51:57 - [MESSAGE][PASSED] - Delayed 1 second(s)

2017-10-14 00:51:57 - [TEST_STEP][PASSED] - click: Object: 'Object Repository/Page_Procurement Management  Create/click color Id' is clicked on

2017-10-14 00:51:57 - [MESSAGE][PASSED] - Object: 'Object Repository/Page_Procurement Management  Create/click color Id' is clicked on

2017-10-14 00:51:57 - [TEST_STEP][PASSED] - delay: Delayed 1 second(s)

2017-10-14 00:51:58 - [MESSAGE][PASSED] - Delayed 1 second(s)

2017-10-14 00:51:58 - [TEST_STEP][PASSED] - click: Object: 'Object Repository/Page_Procurement Management  Create/select_colorId' is clicked on

2017-10-14 00:51:58 - [MESSAGE][PASSED] - Object: 'Object Repository/Page_Procurement Management  Create/select_colorId' is clicked on

2017-10-14 00:51:58 - [TEST_STEP][PASSED] - click: Object: 'Object Repository/create material requisition/Page_Procurement Management  Create/i_glyphicon glyphicon-calendar' is clicked on

2017-10-14 00:51:59 - [MESSAGE][PASSED] - Object: 'Object Repository/create material requisition/Page_Procurement Management  Create/i_glyphicon glyphicon-calendar' is clicked on

2017-10-14 00:51:59 - [TEST_STEP][FAILED] - click: Unable to click on object 'Object Repository/create material requisition/Page_Procurement Management  Create/button_btn btn-default btn-sm' (Root cause: com.kms.katalon.core.webui.exception.WebElementNotFoundException: Web element with id: 'Object Repository/create material requisition/Page_Procurement Management  Create/button_btn btn-default btn-sm' located by 'By.xpath: //button[count(. | id("datepicker-626-3948-16")/button[@class="btn btn-default btn-sm"]) = count(id("datepicker-626-3948-16")/button[@class="btn btn-default btn-sm"])][count(. | //*[@type = 'button']) = count(//*[@type = 'button'])]' not found)

2017-10-14 00:52:14 - [MESSAGE][FAILED] - Unable to click on object 'Object Repository/create material requisition/Page_Procurement Management  Create/button_btn btn-default btn-sm' (Root cause: com.kms.katalon.core.webui.exception.WebElementNotFoundException: Web element with id: 'Object Repository/create material requisition/Page_Procurement Management  Create/button_btn btn-default btn-sm' located by 'By.xpath: //button[count(. | id("datepicker-626-3948-16")/button[@class="btn btn-default btn-sm"]) = count(id("datepicker-626-3948-16")/button[@class="btn btn-default btn-sm"])][count(. | //*[@type = 'button']) = count(//*[@type = 'button'])]' not found)
[[ATTACHMENT|E:\\Katalon_Project\\KatalonStudio-RequisitionTest-master\\Reports\\TestSuite-CreateMaterialRequisition\\20171014_005005\\1507920734584.png]]

2017-10-14 00:52:14 - [TEST_STEP][PASSED] - setText: Text 'mkGhost' is set on object 'Object Repository/Page_Procurement Management  Create/input_receiverNameTemp'

2017-10-14 00:52:15 - [MESSAGE][PASSED] - Text 'mkGhost' is set on object 'Object Repository/Page_Procurement Management  Create/input_receiverNameTemp'

2017-10-14 00:52:15 - [TEST_STEP][PASSED] - setText: Text '20no road mohakhali DOHS' is set on object 'Object Repository/Page_Procurement Management  Create/input_receivingAddress'

2017-10-14 00:52:15 - [MESSAGE][PASSED] - Text '20no road mohakhali DOHS' is set on object 'Object Repository/Page_Procurement Management  Create/input_receivingAddress'

2017-10-14 00:52:15 - [TEST_STEP][PASSED] - setText: Text '250' is set on object 'Object Repository/Page_Procurement Management  Create/input_quantity'

2017-10-14 00:52:15 - [MESSAGE][PASSED] - Text '250' is set on object 'Object Repository/Page_Procurement Management  Create/input_quantity'

2017-10-14 00:52:15 - [TEST_STEP][PASSED] - setText: Text 'Test Item' is set on object 'Object Repository/Page_Procurement Management  Create/input_itemDesc'

2017-10-14 00:52:16 - [MESSAGE][PASSED] - Text 'Test Item' is set on object 'Object Repository/Page_Procurement Management  Create/input_itemDesc'

2017-10-14 00:52:16 - [TEST_STEP][PASSED] - delay: Delayed 1 second(s)

2017-10-14 00:52:17 - [MESSAGE][PASSED] - Delayed 1 second(s)

2017-10-14 00:52:17 - [TEST_STEP][PASSED] - click: Object: 'Object Repository/Page_Procurement Management  Create/button_Add Item' is clicked on

2017-10-14 00:52:17 - [MESSAGE][PASSED] - Object: 'Object Repository/Page_Procurement Management  Create/button_Add Item' is clicked on

2017-10-14 00:52:17 - [TEST_STEP][PASSED] - delay: Delayed 1 second(s)

2017-10-14 00:52:18 - [MESSAGE][PASSED] - Delayed 1 second(s)

2017-10-14 00:52:18 - [TEST_STEP][FAILED] - click: Unable to click on object 'Object Repository/Page_Procurement Management  Create/button_Submit' (Root cause: org.openqa.selenium.WebDriverException: unknown error: Element is not clickable at point (670, 763)
  (Session info: chrome=61.0.3163.100)
  (Driver info: chromedriver=2.31.488763 (092de99f48a300323ecf8c2a4e2e7cab51de5ba8),platform=Windows NT 10.0.15063 x86_64) (WARNING: The server did not provide any stacktrace information)
Command duration or timeout: 47 milliseconds
Build info: version: '2.53.0', revision: '35ae25b', time: '2016-03-15 17:00:58'
System info: host: 'DESKTOP-SQEFDD7', ip: '192.168.0.104', os.name: 'Windows 10', os.arch: 'amd64', os.version: '10.0', java.version: '1.8.0_102'
Driver info: com.kms.katalon.selenium.driver.CChromeDriver
Capabilities [{applicationCacheEnabled=false, rotatable=false, mobileEmulationEnabled=false, networkConnectionEnabled=false, chrome={chromedriverVersion=2.31.488763 (092de99f48a300323ecf8c2a4e2e7cab51de5ba8), userDataDir=C:\Users\Asus\AppData\Local\Temp\scoped_dir10500_21512}, takesHeapSnapshot=true, pageLoadStrategy=normal, databaseEnabled=false, handlesAlerts=true, hasTouchScreen=false, version=61.0.3163.100, platform=XP, browserConnectionEnabled=false, nativeEvents=true, acceptSslCerts=true, locationContextEnabled=true, webStorageEnabled=true, browserName=chrome, takesScreenshot=true, javascriptEnabled=true, cssSelectorsEnabled=true, setWindowRect=true, unexpectedAlertBehaviour=}]
Session ID: 5d25d224df7f08184194d3cb1f8769b0)

2017-10-14 00:52:18 - [MESSAGE][FAILED] - Unable to click on object 'Object Repository/Page_Procurement Management  Create/button_Submit' (Root cause: org.openqa.selenium.WebDriverException: unknown error: Element is not clickable at point (670, 763)
  (Session info: chrome=61.0.3163.100)
  (Driver info: chromedriver=2.31.488763 (092de99f48a300323ecf8c2a4e2e7cab51de5ba8),platform=Windows NT 10.0.15063 x86_64) (WARNING: The server did not provide any stacktrace information)
Command duration or timeout: 47 milliseconds
Build info: version: '2.53.0', revision: '35ae25b', time: '2016-03-15 17:00:58'
System info: host: 'DESKTOP-SQEFDD7', ip: '192.168.0.104', os.name: 'Windows 10', os.arch: 'amd64', os.version: '10.0', java.version: '1.8.0_102'
Driver info: com.kms.katalon.selenium.driver.CChromeDriver
Capabilities [{applicationCacheEnabled=false, rotatable=false, mobileEmulationEnabled=false, networkConnectionEnabled=false, chrome={chromedriverVersion=2.31.488763 (092de99f48a300323ecf8c2a4e2e7cab51de5ba8), userDataDir=C:\Users\Asus\AppData\Local\Temp\scoped_dir10500_21512}, takesHeapSnapshot=true, pageLoadStrategy=normal, databaseEnabled=false, handlesAlerts=true, hasTouchScreen=false, version=61.0.3163.100, platform=XP, browserConnectionEnabled=false, nativeEvents=true, acceptSslCerts=true, locationContextEnabled=true, webStorageEnabled=true, browserName=chrome, takesScreenshot=true, javascriptEnabled=true, cssSelectorsEnabled=true, setWindowRect=true, unexpectedAlertBehaviour=}]
Session ID: 5d25d224df7f08184194d3cb1f8769b0)
[[ATTACHMENT|E:\\Katalon_Project\\KatalonStudio-RequisitionTest-master\\Reports\\TestSuite-CreateMaterialRequisition\\20171014_005005\\1507920738429.png]]

2017-10-14 00:52:18 - [TEST_STEP][PASSED] - delay: Delayed 1 second(s)

2017-10-14 00:52:19 - [MESSAGE][PASSED] - Delayed 1 second(s)

2017-10-14 00:52:19 - [TEST_STEP][FAILED] - click: Unable to click on object 'Object Repository/Page_Procurement Management  Create/button_Cancel' (Root cause: com.kms.katalon.core.webui.exception.WebElementNotFoundException: Web element with id: 'Object Repository/Page_Procurement Management  Create/button_Cancel' located by 'By.xpath: //button[count(. | //*[contains(.,'Cancel')]) = count(//*[contains(.,'Cancel')])]' not found)

2017-10-14 00:52:36 - [MESSAGE][FAILED] - Unable to click on object 'Object Repository/Page_Procurement Management  Create/button_Cancel' (Root cause: com.kms.katalon.core.webui.exception.WebElementNotFoundException: Web element with id: 'Object Repository/Page_Procurement Management  Create/button_Cancel' located by 'By.xpath: //button[count(. | //*[contains(.,'Cancel')]) = count(//*[contains(.,'Cancel')])]' not found)
[[ATTACHMENT|E:\\Katalon_Project\\KatalonStudio-RequisitionTest-master\\Reports\\TestSuite-CreateMaterialRequisition\\20171014_005005\\1507920755901.png]]

2017-10-14 00:52:36 - [TEST_STEP][PASSED] - delay: Delayed 1 second(s)

2017-10-14 00:52:37 - [MESSAGE][PASSED] - Delayed 1 second(s)

2017-10-14 00:52:37 - [TEST_STEP][PASSED] - click: Object: 'Object Repository/Page_Procurement Management  Create/button_Submit (1)' is clicked on

2017-10-14 00:52:37 - [MESSAGE][PASSED] - Object: 'Object Repository/Page_Procurement Management  Create/button_Submit (1)' is clicked on

2017-10-14 00:52:37 - [TEST_STEP][PASSED] - delay: Delayed 1 second(s)

2017-10-14 00:52:38 - [MESSAGE][PASSED] - Delayed 1 second(s)

2017-10-14 00:52:38 - [TEST_STEP][PASSED] - click: Object: 'Object Repository/Page_Procurement Management  Create/button_Submit_popUp' is clicked on

2017-10-14 00:52:38 - [MESSAGE][PASSED] - Object: 'Object Repository/Page_Procurement Management  Create/button_Submit_popUp' is clicked on

2017-10-14 00:52:38 - [TEST_STEP][PASSED] - takeScreenshot: Taking screenshot successfully

2017-10-14 00:52:38 - [MESSAGE][PASSED] - Taking screenshot successfully
[[ATTACHMENT|E:\\Katalon_Project\\KatalonStudio-RequisitionTest-master\\Reports\\TestSuite-CreateMaterialRequisition\\20171014_005005\\1507920758471.png]]]]></system-out>
         <system-err><![CDATA[2017-10-14 00:51:11 - [TEST_CASE][FAILED] - Test Cases/CreateMaterialRequisition: Test Cases/CreateMaterialRequisition FAILED because (of) Unable to click on object 'Object Repository/create material requisition/Page_Procurement Management  Create/button_btn btn-default btn-sm' (Root cause: com.kms.katalon.core.webui.exception.WebElementNotFoundException: Web element with id: 'Object Repository/create material requisition/Page_Procurement Management  Create/button_btn btn-default btn-sm' located by 'By.xpath: //button[count(. | id("datepicker-626-3948-16")/button[@class="btn btn-default btn-sm"]) = count(id("datepicker-626-3948-16")/button[@class="btn btn-default btn-sm"])][count(. | //*[@type = 'button']) = count(//*[@type = 'button'])]' not found)]]></system-err>
      </testcase>
      <system-out><![CDATA[2017-10-14 00:50:06 - [TEST_SUITE][FAILED] - TestSuite-CreateMaterialRequisition: Test Cases/CreateMaterialRequisition FAILED because (of) Unable to click on object 'Object Repository/create material requisition/Page_Procurement Management  Create/button_btn btn-default btn-sm' (Root cause: com.kms.katalon.core.webui.exception.WebElementNotFoundException: Web element with id: 'Object Repository/create material requisition/Page_Procurement Management  Create/button_btn btn-default btn-sm' located by 'By.xpath: //button[count(. | id("datepicker-626-3948-16")/button[@class="btn btn-default btn-sm"]) = count(id("datepicker-626-3948-16")/button[@class="btn btn-default btn-sm"])][count(. | //*[@type = 'button']) = count(//*[@type = 'button'])]' not found)]]></system-out>
      <system-err><![CDATA[2017-10-14 00:50:06 - [TEST_SUITE][FAILED] - TestSuite-CreateMaterialRequisition: Test Cases/CreateMaterialRequisition FAILED because (of) Unable to click on object 'Object Repository/create material requisition/Page_Procurement Management  Create/button_btn btn-default btn-sm' (Root cause: com.kms.katalon.core.webui.exception.WebElementNotFoundException: Web element with id: 'Object Repository/create material requisition/Page_Procurement Management  Create/button_btn btn-default btn-sm' located by 'By.xpath: //button[count(. | id("datepicker-626-3948-16")/button[@class="btn btn-default btn-sm"]) = count(id("datepicker-626-3948-16")/button[@class="btn btn-default btn-sm"])][count(. | //*[@type = 'button']) = count(//*[@type = 'button'])]' not found)]]></system-err>
   </testsuite>
</testsuites>
