<?xml version="1.0" encoding="UTF-8"?>
<testsuites name="TestSuite-CreateMaterialRequisition" time="316" tests="2" failures="1" errors="0">
   <testsuite name="TestSuite-CreateMaterialRequisition" tests="2" failures="1" errors="0" time="316" timestamp="2017-10-18 00:57:28" hostname="Asus - DESKTOP-SQEFDD7" id="Test Suites/TestSuite-CreateMaterialRequisition">
      <properties>
         <property name="deviceName" value=""/>
         <property name="devicePlatform" value=""/>
         <property name="logFolder" value="E:\\Katalon_Project\\KatalonStudio-RequisitionTest-master\\Reports\\TestSuite-CreateMaterialRequisition\\20171018_005725"/>
         <property name="logFiles" value="E:\\Katalon_Project\\KatalonStudio-RequisitionTest-master\\Reports\\TestSuite-CreateMaterialRequisition\\20171018_005725\\execution0.log"/>
         <property name="attachments" value="E:\\Katalon_Project\\KatalonStudio-RequisitionTest-master\\Reports\\TestSuite-CreateMaterialRequisition\\20171018_005725\\1508266664872.png, E:\\Katalon_Project\\KatalonStudio-RequisitionTest-master\\Reports\\TestSuite-CreateMaterialRequisition\\20171018_005725\\1508266675949.png, E:\\Katalon_Project\\KatalonStudio-RequisitionTest-master\\Reports\\TestSuite-CreateMaterialRequisition\\20171018_005725\\1508266716941.png, E:\\Katalon_Project\\KatalonStudio-RequisitionTest-master\\Reports\\TestSuite-CreateMaterialRequisition\\20171018_005725\\1508266725653.png, E:\\Katalon_Project\\KatalonStudio-RequisitionTest-master\\Reports\\TestSuite-CreateMaterialRequisition\\20171018_005725\\1508266726019.png, E:\\Katalon_Project\\KatalonStudio-RequisitionTest-master\\Reports\\TestSuite-CreateMaterialRequisition\\20171018_005725\\1508266726922.png, E:\\Katalon_Project\\KatalonStudio-RequisitionTest-master\\Reports\\TestSuite-CreateMaterialRequisition\\20171018_005725\\1508266727408.png, E:\\Katalon_Project\\KatalonStudio-RequisitionTest-master\\Reports\\TestSuite-CreateMaterialRequisition\\20171018_005725\\1508266743228.png, E:\\Katalon_Project\\KatalonStudio-RequisitionTest-master\\Reports\\TestSuite-CreateMaterialRequisition\\20171018_005725\\1508266743689.png, E:\\Katalon_Project\\KatalonStudio-RequisitionTest-master\\Reports\\TestSuite-CreateMaterialRequisition\\20171018_005725\\1508266759561.png, E:\\Katalon_Project\\KatalonStudio-RequisitionTest-master\\Reports\\TestSuite-CreateMaterialRequisition\\20171018_005725\\1508266764117.png, E:\\Katalon_Project\\KatalonStudio-RequisitionTest-master\\Reports\\TestSuite-CreateMaterialRequisition\\20171018_005725\\1508266765744.png, E:\\Katalon_Project\\KatalonStudio-RequisitionTest-master\\Reports\\TestSuite-CreateMaterialRequisition\\20171018_005725\\1508266782622.png, E:\\Katalon_Project\\KatalonStudio-RequisitionTest-master\\Reports\\TestSuite-CreateMaterialRequisition\\20171018_005725\\1508266800157.png, E:\\Katalon_Project\\KatalonStudio-RequisitionTest-master\\Reports\\TestSuite-CreateMaterialRequisition\\20171018_005725\\1508266802554.png, E:\\Katalon_Project\\KatalonStudio-RequisitionTest-master\\Reports\\TestSuite-CreateMaterialRequisition\\20171018_005725\\1508266818285.png, E:\\Katalon_Project\\KatalonStudio-RequisitionTest-master\\Reports\\TestSuite-CreateMaterialRequisition\\20171018_005725\\1508266836073.png, E:\\Katalon_Project\\KatalonStudio-RequisitionTest-master\\Reports\\TestSuite-CreateMaterialRequisition\\20171018_005725\\1508266854546.png, E:\\Katalon_Project\\KatalonStudio-RequisitionTest-master\\Reports\\TestSuite-CreateMaterialRequisition\\20171018_005725\\1508266870200.png, E:\\Katalon_Project\\KatalonStudio-RequisitionTest-master\\Reports\\TestSuite-CreateMaterialRequisition\\20171018_005725\\1508266886826.png, E:\\Katalon_Project\\KatalonStudio-RequisitionTest-master\\Reports\\TestSuite-CreateMaterialRequisition\\20171018_005725\\1508266903519.png, E:\\Katalon_Project\\KatalonStudio-RequisitionTest-master\\Reports\\TestSuite-CreateMaterialRequisition\\20171018_005725\\1508266920220.png, E:\\Katalon_Project\\KatalonStudio-RequisitionTest-master\\Reports\\TestSuite-CreateMaterialRequisition\\20171018_005725\\1508266936883.png, E:\\Katalon_Project\\KatalonStudio-RequisitionTest-master\\Reports\\TestSuite-CreateMaterialRequisition\\20171018_005725\\1508266953512.png, E:\\Katalon_Project\\KatalonStudio-RequisitionTest-master\\Reports\\TestSuite-CreateMaterialRequisition\\20171018_005725\\1508266956333.png, E:\\Katalon_Project\\KatalonStudio-RequisitionTest-master\\Reports\\TestSuite-CreateMaterialRequisition\\20171018_005725\\1508266957882.png, E:\\Katalon_Project\\KatalonStudio-RequisitionTest-master\\Reports\\TestSuite-CreateMaterialRequisition\\20171018_005725\\1508266959360.png, E:\\Katalon_Project\\KatalonStudio-RequisitionTest-master\\Reports\\TestSuite-CreateMaterialRequisition\\20171018_005725\\1508266960823.png, E:\\Katalon_Project\\KatalonStudio-RequisitionTest-master\\Reports\\TestSuite-CreateMaterialRequisition\\20171018_005725\\1508266962638.png"/>
         <property name="hostName" value="Asus - DESKTOP-SQEFDD7"/>
         <property name="os" value="Windows 10 64bit"/>
         <property name="katalonVersion" value="4.8.0.2"/>
         <property name="browser" value="Chrome 61.0.3163.100"/>
         <property name="hostAddress" value="192.168.0.100"/>
         <property name="sessionId" value="da781d9e58020929146b4a52693d01f0"/>
         <property name="seleniumVersion" value="2.53.0"/>
         <property name="proxyInformation" value="ProxyInformation{proxyOption=NO_PROXY, proxyServerType=HTTP, password=, proxyServerAddress=, proxyServerPort=0}"/>
         <property name="platform" value="Windows 10"/>
      </properties>
      <testcase name="Test Cases/Login" classname="Test Cases/Login" status="PASSED">
         <system-out><![CDATA[2017-10-18 00:57:28 - [TEST_CASE][PASSED] - Test Cases/Login: Test Cases/Login

2017-10-18 00:57:29 - [TEST_STEP][PASSED] - openBrowser: Browser is opened with url: ''

2017-10-18 00:57:31 - [MESSAGE][PASSED] - Browser is opened with url: ''

2017-10-18 00:57:31 - [TEST_STEP][PASSED] - maximizeWindow: Current window maximized

2017-10-18 00:57:33 - [MESSAGE][PASSED] - Current window maximized

2017-10-18 00:57:33 - [TEST_STEP][PASSED] - navigateToUrl: Navigate to 'http://beta-requisition.maxrailwaytrack.com/' successfully

2017-10-18 00:57:38 - [MESSAGE][PASSED] - Navigate to 'http://beta-requisition.maxrailwaytrack.com/' successfully

2017-10-18 00:57:38 - [TEST_STEP][PASSED] - setText: Text 'fahadbillah@yahoo.com' is set on object 'Object Repository/Page_MaxGroup Login/input_username'

2017-10-18 00:57:39 - [MESSAGE][PASSED] - Text 'fahadbillah@yahoo.com' is set on object 'Object Repository/Page_MaxGroup Login/input_username'

2017-10-18 00:57:39 - [TEST_STEP][PASSED] - setText: Text '123' is set on object 'Object Repository/Page_MaxGroup Login/input_password'

2017-10-18 00:57:39 - [MESSAGE][PASSED] - Text '123' is set on object 'Object Repository/Page_MaxGroup Login/input_password'

2017-10-18 00:57:39 - [TEST_STEP][PASSED] - click: Object: 'Object Repository/Page_MaxGroup Login/button_Login' is clicked on

2017-10-18 00:57:39 - [MESSAGE][PASSED] - Object: 'Object Repository/Page_MaxGroup Login/button_Login' is clicked on]]></system-out>
         <system-err><![CDATA[]]></system-err>
      </testcase>
      <testcase name="Test Cases/SelectRole" classname="Test Cases/SelectRole" status="PASSED">
         <system-out><![CDATA[2017-10-18 00:57:39 - [TEST_CASE][PASSED] - Test Cases/SelectRole: Test Cases/SelectRole

2017-10-18 00:57:39 - [TEST_STEP][PASSED] - delay: Delayed 5 second(s)

2017-10-18 00:57:44 - [MESSAGE][PASSED] - Delayed 5 second(s)

2017-10-18 00:57:44 - [TEST_STEP][PASSED] - takeScreenshot: Taking screenshot successfully

2017-10-18 00:57:45 - [MESSAGE][PASSED] - Taking screenshot successfully
[[ATTACHMENT|E:\\Katalon_Project\\KatalonStudio-RequisitionTest-master\\Reports\\TestSuite-CreateMaterialRequisition\\20171018_005725\\1508266664872.png]]

2017-10-18 00:57:45 - [TEST_STEP][PASSED] - click: Object: 'Object Repository/Page_Procurement Management  Role S/select_input' is clicked on

2017-10-18 00:57:45 - [MESSAGE][PASSED] - Object: 'Object Repository/Page_Procurement Management  Role S/select_input' is clicked on

2017-10-18 00:57:45 - [TEST_STEP][PASSED] - click: Object: 'Object Repository/Page_Procurement Management  Role S/option_Requester at CDA' is clicked on

2017-10-18 00:57:45 - [MESSAGE][PASSED] - Object: 'Object Repository/Page_Procurement Management  Role S/option_Requester at CDA' is clicked on

2017-10-18 00:57:45 - [TEST_STEP][PASSED] - click: Object: 'Object Repository/Page_Procurement Management  Role S/button_Enter' is clicked on

2017-10-18 00:57:45 - [MESSAGE][PASSED] - Object: 'Object Repository/Page_Procurement Management  Role S/button_Enter' is clicked on]]></system-out>
         <system-err><![CDATA[]]></system-err>
      </testcase>
      <testcase name="Test Cases/CreateMaterialRequisition" classname="Test Cases/CreateMaterialRequisition" status="FAILED">
         <failure type="FAILED" message="Text 'Requisition Created Successfully' is not present on page "/>
         <system-out><![CDATA[2017-10-18 00:57:46 - [TEST_CASE][FAILED] - Test Cases/CreateMaterialRequisition: Test Cases/CreateMaterialRequisition FAILED because (of) Text 'Requisition Created Successfully' is not present on page 

2017-10-18 00:57:46 - [TEST_STEP][PASSED] - waitForPageLoad: Wait for page load successfully

2017-10-18 00:57:46 - [MESSAGE][PASSED] - Wait for page load successfully

2017-10-18 00:57:46 - [TEST_STEP][FAILED] - Statement - For ([row = 1, row <= com.kms.katalon.core.testdata.TestDataFactory.findTestData(createMaterialRequisitionData/createMrInfo).getRowNumbers(), (row++)]): Unable to click on object 'Object Repository/Page_Procurement Management  Create (1)/ok_btn' (Root cause: org.openqa.selenium.ElementNotVisibleException: element not visible
  (Session info: chrome=61.0.3163.100)
  (Driver info: chromedriver=2.31.488763 (092de99f48a300323ecf8c2a4e2e7cab51de5ba8),platform=Windows NT 10.0.15063 x86_64) (WARNING: The server did not provide any stacktrace information)
Command duration or timeout: 45 milliseconds
Build info: version: '2.53.0', revision: '35ae25b', time: '2016-03-15 17:00:58'
System info: host: 'DESKTOP-SQEFDD7', ip: '192.168.0.100', os.name: 'Windows 10', os.arch: 'amd64', os.version: '10.0', java.version: '1.8.0_102'
Driver info: com.kms.katalon.selenium.driver.CChromeDriver
Capabilities [{applicationCacheEnabled=false, rotatable=false, mobileEmulationEnabled=false, networkConnectionEnabled=false, chrome={chromedriverVersion=2.31.488763 (092de99f48a300323ecf8c2a4e2e7cab51de5ba8), userDataDir=C:\Users\Asus\AppData\Local\Temp\scoped_dir13392_7036}, takesHeapSnapshot=true, pageLoadStrategy=normal, databaseEnabled=false, handlesAlerts=true, hasTouchScreen=false, version=61.0.3163.100, platform=XP, browserConnectionEnabled=false, nativeEvents=true, acceptSslCerts=true, locationContextEnabled=true, webStorageEnabled=true, browserName=chrome, takesScreenshot=true, javascriptEnabled=true, cssSelectorsEnabled=true, setWindowRect=true, unexpectedAlertBehaviour=}]
Session ID: da781d9e58020929146b4a52693d01f0)

2017-10-18 00:57:47 - [TEST_STEP][PASSED] - delay: Delayed 2 second(s)

2017-10-18 00:57:49 - [MESSAGE][PASSED] - Delayed 2 second(s)

2017-10-18 00:57:49 - [TEST_STEP][PASSED] - mouseOver: Object: 'Object Repository/create material requisition/span_Requisitions' is hovered

2017-10-18 00:57:49 - [MESSAGE][PASSED] - Object: 'Object Repository/create material requisition/span_Requisitions' is hovered

2017-10-18 00:57:49 - [TEST_STEP][PASSED] - delay: Delayed 2 second(s)

2017-10-18 00:57:51 - [MESSAGE][PASSED] - Delayed 2 second(s)

2017-10-18 00:57:51 - [TEST_STEP][PASSED] - mouseOver: Object: 'Object Repository/create material requisition/a_Create Requisition' is hovered

2017-10-18 00:57:51 - [MESSAGE][PASSED] - Object: 'Object Repository/create material requisition/a_Create Requisition' is hovered

2017-10-18 00:57:51 - [TEST_STEP][PASSED] - delay: Delayed 2 second(s)

2017-10-18 00:57:53 - [MESSAGE][PASSED] - Delayed 2 second(s)

2017-10-18 00:57:53 - [TEST_STEP][PASSED] - mouseOver: Object: 'Object Repository/create material requisition/a_Material Requisition' is hovered

2017-10-18 00:57:53 - [MESSAGE][PASSED] - Object: 'Object Repository/create material requisition/a_Material Requisition' is hovered

2017-10-18 00:57:53 - [TEST_STEP][PASSED] - delay: Delayed 2 second(s)

2017-10-18 00:57:55 - [MESSAGE][PASSED] - Delayed 2 second(s)

2017-10-18 00:57:55 - [TEST_STEP][PASSED] - takeScreenshot: Taking screenshot successfully

2017-10-18 00:57:56 - [MESSAGE][PASSED] - Taking screenshot successfully
[[ATTACHMENT|E:\\Katalon_Project\\KatalonStudio-RequisitionTest-master\\Reports\\TestSuite-CreateMaterialRequisition\\20171018_005725\\1508266675949.png]]

2017-10-18 00:57:56 - [TEST_STEP][PASSED] - click: Object: 'Object Repository/create material requisition/a_Material Requisition' is clicked on

2017-10-18 00:57:56 - [MESSAGE][PASSED] - Object: 'Object Repository/create material requisition/a_Material Requisition' is clicked on

2017-10-18 00:57:56 - [TEST_STEP][PASSED] - setText: Text 'QA Team-Test-1' is set on object 'Object Repository/Page_Procurement Management  Create/input_requisitionTitle'

2017-10-18 00:57:58 - [MESSAGE][PASSED] - Text 'QA Team-Test-1' is set on object 'Object Repository/Page_Procurement Management  Create/input_requisitionTitle'

2017-10-18 00:57:58 - [TEST_STEP][PASSED] - click: Object: 'Object Repository/Page_Procurement Management  Create/requestTo' is clicked on

2017-10-18 00:57:58 - [MESSAGE][PASSED] - Object: 'Object Repository/Page_Procurement Management  Create/requestTo' is clicked on

2017-10-18 00:57:58 - [TEST_STEP][PASSED] - setText: Text 'Fahad Billah (Local Approver)' is set on object 'Object Repository/Page_Procurement Management  Create/requestTo'

2017-10-18 00:57:59 - [MESSAGE][PASSED] - Text 'Fahad Billah (Local Approver)' is set on object 'Object Repository/Page_Procurement Management  Create/requestTo'

2017-10-18 00:57:59 - [TEST_STEP][PASSED] - click: Object: 'Object Repository/Page_Procurement Management  Create/selectRequestTo_1stOption' is clicked on

2017-10-18 00:58:00 - [MESSAGE][PASSED] - Object: 'Object Repository/Page_Procurement Management  Create/selectRequestTo_1stOption' is clicked on

2017-10-18 00:58:00 - [TEST_STEP][PASSED] - setText: Text 'Fahad Billah' is set on object 'Object Repository/Page_Procurement Management  Create/input_receiverName'

2017-10-18 00:58:00 - [MESSAGE][PASSED] - Text 'Fahad Billah' is set on object 'Object Repository/Page_Procurement Management  Create/input_receiverName'

2017-10-18 00:58:00 - [TEST_STEP][PASSED] - click: Object: 'Object Repository/Page_Procurement Management  Create/li_Fahad Billah' is clicked on

2017-10-18 00:58:01 - [MESSAGE][PASSED] - Object: 'Object Repository/Page_Procurement Management  Create/li_Fahad Billah' is clicked on

2017-10-18 00:58:01 - [TEST_STEP][PASSED] - delay: Delayed 2 second(s)

2017-10-18 00:58:03 - [MESSAGE][PASSED] - Delayed 2 second(s)

2017-10-18 00:58:03 - [TEST_STEP][PASSED] - setText: Text 'Mkghost' is set on object 'Object Repository/Page_Procurement Management  Create/input_originalRequesterName (2)'

2017-10-18 00:58:04 - [MESSAGE][PASSED] - Text 'Mkghost' is set on object 'Object Repository/Page_Procurement Management  Create/input_originalRequesterName (2)'

2017-10-18 00:58:04 - [TEST_STEP][PASSED] - setText: Text '1966662645' is set on object 'Object Repository/Page_Procurement Management  Create/input_originalRequesterPhone (1)'

2017-10-18 00:58:04 - [MESSAGE][PASSED] - Text '1966662645' is set on object 'Object Repository/Page_Procurement Management  Create/input_originalRequesterPhone (1)'

2017-10-18 00:58:04 - [TEST_STEP][PASSED] - setText: Text 'Qa Team test 1' is set on object 'Object Repository/Page_Procurement Management  Create/textarea_remarks'

2017-10-18 00:58:04 - [MESSAGE][PASSED] - Text 'Qa Team test 1' is set on object 'Object Repository/Page_Procurement Management  Create/textarea_remarks'

2017-10-18 00:58:04 - [TEST_STEP][PASSED] - delay: Delayed 1 second(s)

2017-10-18 00:58:05 - [MESSAGE][PASSED] - Delayed 1 second(s)

2017-10-18 00:58:05 - [TEST_STEP][PASSED] - click: Object: 'Object Repository/Page_Procurement Management  Create/span_Item Details' is clicked on

2017-10-18 00:58:05 - [MESSAGE][PASSED] - Object: 'Object Repository/Page_Procurement Management  Create/span_Item Details' is clicked on

2017-10-18 00:58:05 - [TEST_STEP][PASSED] - delay: Delayed 1 second(s)

2017-10-18 00:58:06 - [MESSAGE][PASSED] - Delayed 1 second(s)

2017-10-18 00:58:06 - [TEST_STEP][PASSED] - scrollToElement: Scroll to object 'Object Repository/Page_Procurement Management  Create/span_Item Details' successfully

2017-10-18 00:58:07 - [MESSAGE][PASSED] - Scroll to object 'Object Repository/Page_Procurement Management  Create/span_Item Details' successfully

2017-10-18 00:58:07 - [TEST_STEP][PASSED] - click: Object: 'Object Repository/Page_Procurement Management  Create/CostCenterName' is clicked on

2017-10-18 00:58:07 - [MESSAGE][PASSED] - Object: 'Object Repository/Page_Procurement Management  Create/CostCenterName' is clicked on

2017-10-18 00:58:07 - [TEST_STEP][PASSED] - waitForAngularLoad: Angular is ready.

2017-10-18 00:58:08 - [MESSAGE][PASSED] - Angular is ready.

2017-10-18 00:58:08 - [TEST_STEP][PASSED] - click: Object: 'Object Repository/Page_Procurement Management  Create/a_10100.12 Engineers  Employer' is clicked on

2017-10-18 00:58:08 - [MESSAGE][PASSED] - Object: 'Object Repository/Page_Procurement Management  Create/a_10100.12 Engineers  Employer' is clicked on

2017-10-18 00:58:08 - [TEST_STEP][PASSED] - delay: Delayed 1 second(s)

2017-10-18 00:58:09 - [MESSAGE][PASSED] - Delayed 1 second(s)

2017-10-18 00:58:09 - [TEST_STEP][PASSED] - click: Object: 'Object Repository/Page_Procurement Management  Create/button_OK' is clicked on

2017-10-18 00:58:09 - [MESSAGE][PASSED] - Object: 'Object Repository/Page_Procurement Management  Create/button_OK' is clicked on

2017-10-18 00:58:09 - [TEST_STEP][PASSED] - delay: Delayed 2 second(s)

2017-10-18 00:58:11 - [MESSAGE][PASSED] - Delayed 2 second(s)

2017-10-18 00:58:11 - [TEST_STEP][PASSED] - click: Object: 'Object Repository/Page_Procurement Management  Create/button_btn pull-right btn-defa' is clicked on

2017-10-18 00:58:12 - [MESSAGE][PASSED] - Object: 'Object Repository/Page_Procurement Management  Create/button_btn pull-right btn-defa' is clicked on

2017-10-18 00:58:12 - [TEST_STEP][PASSED] - waitForAngularLoad: Angular is ready.

2017-10-18 00:58:18 - [MESSAGE][PASSED] - Angular is ready.

2017-10-18 00:58:18 - [TEST_STEP][PASSED] - setText: Text 'acv' is set on object 'Object Repository/Page_Procurement Management  Create/input_form-control ng-untouche'

2017-10-18 00:58:18 - [MESSAGE][PASSED] - Text 'acv' is set on object 'Object Repository/Page_Procurement Management  Create/input_form-control ng-untouche'

2017-10-18 00:58:18 - [TEST_STEP][PASSED] - delay: Delayed 2 second(s)

2017-10-18 00:58:20 - [MESSAGE][PASSED] - Delayed 2 second(s)

2017-10-18 00:58:20 - [TEST_STEP][PASSED] - click: Object: 'Object Repository/Page_Procurement Management  Create/a_ACV Measuring Mould' is clicked on

2017-10-18 00:58:20 - [MESSAGE][PASSED] - Object: 'Object Repository/Page_Procurement Management  Create/a_ACV Measuring Mould' is clicked on

2017-10-18 00:58:20 - [TEST_STEP][PASSED] - delay: Delayed 2 second(s)

2017-10-18 00:58:22 - [MESSAGE][PASSED] - Delayed 2 second(s)

2017-10-18 00:58:22 - [TEST_STEP][PASSED] - click: Object: 'Object Repository/Page_Procurement Management  Create/button_OK' is clicked on

2017-10-18 00:58:22 - [MESSAGE][PASSED] - Object: 'Object Repository/Page_Procurement Management  Create/button_OK' is clicked on

2017-10-18 00:58:22 - [TEST_STEP][PASSED] - waitForAngularLoad: Angular is ready.

2017-10-18 00:58:23 - [MESSAGE][PASSED] - Angular is ready.

2017-10-18 00:58:23 - [TEST_STEP][PASSED] - click: Object: 'Object Repository/Page_Procurement Management  Create/Click specification ID' is clicked on

2017-10-18 00:58:24 - [MESSAGE][PASSED] - Object: 'Object Repository/Page_Procurement Management  Create/Click specification ID' is clicked on

2017-10-18 00:58:24 - [TEST_STEP][PASSED] - delay: Delayed 1 second(s)

2017-10-18 00:58:25 - [MESSAGE][PASSED] - Delayed 1 second(s)

2017-10-18 00:58:25 - [TEST_STEP][PASSED] - click: Object: 'Object Repository/Page_Procurement Management  Create/select_specificationId' is clicked on

2017-10-18 00:58:25 - [MESSAGE][PASSED] - Object: 'Object Repository/Page_Procurement Management  Create/select_specificationId' is clicked on

2017-10-18 00:58:25 - [TEST_STEP][PASSED] - delay: Delayed 1 second(s)

2017-10-18 00:58:26 - [MESSAGE][PASSED] - Delayed 1 second(s)

2017-10-18 00:58:26 - [TEST_STEP][PASSED] - click: Object: 'Object Repository/Page_Procurement Management  Create/Click Size ID' is clicked on

2017-10-18 00:58:26 - [MESSAGE][PASSED] - Object: 'Object Repository/Page_Procurement Management  Create/Click Size ID' is clicked on

2017-10-18 00:58:26 - [TEST_STEP][PASSED] - delay: Delayed 1 second(s)

2017-10-18 00:58:27 - [MESSAGE][PASSED] - Delayed 1 second(s)

2017-10-18 00:58:27 - [TEST_STEP][PASSED] - click: Object: 'Object Repository/Page_Procurement Management  Create/select_sizeId' is clicked on

2017-10-18 00:58:27 - [MESSAGE][PASSED] - Object: 'Object Repository/Page_Procurement Management  Create/select_sizeId' is clicked on

2017-10-18 00:58:27 - [TEST_STEP][PASSED] - delay: Delayed 1 second(s)

2017-10-18 00:58:28 - [MESSAGE][PASSED] - Delayed 1 second(s)

2017-10-18 00:58:28 - [TEST_STEP][PASSED] - click: Object: 'Object Repository/Page_Procurement Management  Create/click color Id' is clicked on

2017-10-18 00:58:28 - [MESSAGE][PASSED] - Object: 'Object Repository/Page_Procurement Management  Create/click color Id' is clicked on

2017-10-18 00:58:28 - [TEST_STEP][PASSED] - delay: Delayed 1 second(s)

2017-10-18 00:58:29 - [MESSAGE][PASSED] - Delayed 1 second(s)

2017-10-18 00:58:29 - [TEST_STEP][PASSED] - click: Object: 'Object Repository/Page_Procurement Management  Create/select_colorId' is clicked on

2017-10-18 00:58:29 - [MESSAGE][PASSED] - Object: 'Object Repository/Page_Procurement Management  Create/select_colorId' is clicked on

2017-10-18 00:58:29 - [TEST_STEP][PASSED] - setText: Text 'mkGhost' is set on object 'Object Repository/Page_Procurement Management  Create/input_receiverNameTemp'

2017-10-18 00:58:29 - [MESSAGE][PASSED] - Text 'mkGhost' is set on object 'Object Repository/Page_Procurement Management  Create/input_receiverNameTemp'

2017-10-18 00:58:29 - [TEST_STEP][PASSED] - setText: Text '20no road mohakhali DOHS' is set on object 'Object Repository/Page_Procurement Management  Create/input_receivingAddress'

2017-10-18 00:58:30 - [MESSAGE][PASSED] - Text '20no road mohakhali DOHS' is set on object 'Object Repository/Page_Procurement Management  Create/input_receivingAddress'

2017-10-18 00:58:30 - [TEST_STEP][PASSED] - setText: Text '250' is set on object 'Object Repository/Page_Procurement Management  Create/input_quantity'

2017-10-18 00:58:30 - [MESSAGE][PASSED] - Text '250' is set on object 'Object Repository/Page_Procurement Management  Create/input_quantity'

2017-10-18 00:58:30 - [TEST_STEP][PASSED] - setText: Text 'Test Item' is set on object 'Object Repository/Page_Procurement Management  Create/input_itemDesc'

2017-10-18 00:58:30 - [MESSAGE][PASSED] - Text 'Test Item' is set on object 'Object Repository/Page_Procurement Management  Create/input_itemDesc'

2017-10-18 00:58:30 - [TEST_STEP][PASSED] - delay: Delayed 1 second(s)

2017-10-18 00:58:31 - [MESSAGE][PASSED] - Delayed 1 second(s)

2017-10-18 00:58:31 - [TEST_STEP][PASSED] - click: Object: 'Object Repository/Page_Procurement Management  Create/button_Add Item' is clicked on

2017-10-18 00:58:32 - [MESSAGE][PASSED] - Object: 'Object Repository/Page_Procurement Management  Create/button_Add Item' is clicked on

2017-10-18 00:58:32 - [TEST_STEP][PASSED] - delay: Delayed 1 second(s)

2017-10-18 00:58:33 - [MESSAGE][PASSED] - Delayed 1 second(s)

2017-10-18 00:58:33 - [TEST_STEP][PASSED] - scrollToElement: Scroll to object 'Object Repository/Page_Procurement Management  Create/button_Submit' successfully

2017-10-18 00:58:33 - [MESSAGE][PASSED] - Scroll to object 'Object Repository/Page_Procurement Management  Create/button_Submit' successfully

2017-10-18 00:58:33 - [TEST_STEP][PASSED] - click: Object: 'Object Repository/Page_Procurement Management  Create/button_Submit' is clicked on

2017-10-18 00:58:33 - [MESSAGE][PASSED] - Object: 'Object Repository/Page_Procurement Management  Create/button_Submit' is clicked on

2017-10-18 00:58:33 - [TEST_STEP][PASSED] - delay: Delayed 1 second(s)

2017-10-18 00:58:34 - [MESSAGE][PASSED] - Delayed 1 second(s)

2017-10-18 00:58:34 - [TEST_STEP][PASSED] - click: Object: 'Object Repository/Page_Procurement Management  Create/button_Cancel' is clicked on

2017-10-18 00:58:34 - [MESSAGE][PASSED] - Object: 'Object Repository/Page_Procurement Management  Create/button_Cancel' is clicked on

2017-10-18 00:58:34 - [TEST_STEP][PASSED] - delay: Delayed 1 second(s)

2017-10-18 00:58:35 - [MESSAGE][PASSED] - Delayed 1 second(s)

2017-10-18 00:58:35 - [TEST_STEP][PASSED] - click: Object: 'Object Repository/Page_Procurement Management  Create/button_Submit (1)' is clicked on

2017-10-18 00:58:35 - [MESSAGE][PASSED] - Object: 'Object Repository/Page_Procurement Management  Create/button_Submit (1)' is clicked on

2017-10-18 00:58:35 - [TEST_STEP][PASSED] - delay: Delayed 1 second(s)

2017-10-18 00:58:36 - [MESSAGE][PASSED] - Delayed 1 second(s)

2017-10-18 00:58:36 - [TEST_STEP][PASSED] - click: Object: 'Object Repository/Page_Procurement Management  Create/button_Submit_popUp' is clicked on

2017-10-18 00:58:36 - [MESSAGE][PASSED] - Object: 'Object Repository/Page_Procurement Management  Create/button_Submit_popUp' is clicked on

2017-10-18 00:58:36 - [TEST_STEP][FAILED] - verifyTextPresent: Text 'Requisition Created Successfully' is not present on page 

2017-10-18 00:58:36 - [MESSAGE][FAILED] - Text 'Requisition Created Successfully' is not present on page 

2017-10-18 00:58:36 - [TEST_STEP][FAILED] - click: Unable to click on object 'Object Repository/Page_Procurement Management  Create (1)/ok_btn' (Root cause: org.openqa.selenium.WebDriverException: unknown error: Element <button class="confirm btn btn-lg btn-primary" tabindex="1" style="display: inline-block;" disabled="">...</button> is not clickable at point (780, 457). Other element would receive the click: <div></div>
  (Session info: chrome=61.0.3163.100)
  (Driver info: chromedriver=2.31.488763 (092de99f48a300323ecf8c2a4e2e7cab51de5ba8),platform=Windows NT 10.0.15063 x86_64) (WARNING: The server did not provide any stacktrace information)
Command duration or timeout: 39 milliseconds
Build info: version: '2.53.0', revision: '35ae25b', time: '2016-03-15 17:00:58'
System info: host: 'DESKTOP-SQEFDD7', ip: '192.168.0.100', os.name: 'Windows 10', os.arch: 'amd64', os.version: '10.0', java.version: '1.8.0_102'
Driver info: com.kms.katalon.selenium.driver.CChromeDriver
Capabilities [{applicationCacheEnabled=false, rotatable=false, mobileEmulationEnabled=false, networkConnectionEnabled=false, chrome={chromedriverVersion=2.31.488763 (092de99f48a300323ecf8c2a4e2e7cab51de5ba8), userDataDir=C:\Users\Asus\AppData\Local\Temp\scoped_dir13392_7036}, takesHeapSnapshot=true, pageLoadStrategy=normal, databaseEnabled=false, handlesAlerts=true, hasTouchScreen=false, version=61.0.3163.100, platform=XP, browserConnectionEnabled=false, nativeEvents=true, acceptSslCerts=true, locationContextEnabled=true, webStorageEnabled=true, browserName=chrome, takesScreenshot=true, javascriptEnabled=true, cssSelectorsEnabled=true, setWindowRect=true, unexpectedAlertBehaviour=}]
Session ID: da781d9e58020929146b4a52693d01f0)

2017-10-18 00:58:37 - [MESSAGE][FAILED] - Unable to click on object 'Object Repository/Page_Procurement Management  Create (1)/ok_btn' (Root cause: org.openqa.selenium.WebDriverException: unknown error: Element <button class="confirm btn btn-lg btn-primary" tabindex="1" style="display: inline-block;" disabled="">...</button> is not clickable at point (780, 457). Other element would receive the click: <div></div>
  (Session info: chrome=61.0.3163.100)
  (Driver info: chromedriver=2.31.488763 (092de99f48a300323ecf8c2a4e2e7cab51de5ba8),platform=Windows NT 10.0.15063 x86_64) (WARNING: The server did not provide any stacktrace information)
Command duration or timeout: 39 milliseconds
Build info: version: '2.53.0', revision: '35ae25b', time: '2016-03-15 17:00:58'
System info: host: 'DESKTOP-SQEFDD7', ip: '192.168.0.100', os.name: 'Windows 10', os.arch: 'amd64', os.version: '10.0', java.version: '1.8.0_102'
Driver info: com.kms.katalon.selenium.driver.CChromeDriver
Capabilities [{applicationCacheEnabled=false, rotatable=false, mobileEmulationEnabled=false, networkConnectionEnabled=false, chrome={chromedriverVersion=2.31.488763 (092de99f48a300323ecf8c2a4e2e7cab51de5ba8), userDataDir=C:\Users\Asus\AppData\Local\Temp\scoped_dir13392_7036}, takesHeapSnapshot=true, pageLoadStrategy=normal, databaseEnabled=false, handlesAlerts=true, hasTouchScreen=false, version=61.0.3163.100, platform=XP, browserConnectionEnabled=false, nativeEvents=true, acceptSslCerts=true, locationContextEnabled=true, webStorageEnabled=true, browserName=chrome, takesScreenshot=true, javascriptEnabled=true, cssSelectorsEnabled=true, setWindowRect=true, unexpectedAlertBehaviour=}]
Session ID: da781d9e58020929146b4a52693d01f0)
[[ATTACHMENT|E:\\Katalon_Project\\KatalonStudio-RequisitionTest-master\\Reports\\TestSuite-CreateMaterialRequisition\\20171018_005725\\1508266716941.png]]

2017-10-18 00:58:37 - [TEST_STEP][PASSED] - delay: Delayed 2 second(s)

2017-10-18 00:58:39 - [MESSAGE][PASSED] - Delayed 2 second(s)

2017-10-18 00:58:39 - [TEST_STEP][PASSED] - mouseOver: Object: 'Object Repository/create material requisition/span_Requisitions' is hovered

2017-10-18 00:58:39 - [MESSAGE][PASSED] - Object: 'Object Repository/create material requisition/span_Requisitions' is hovered

2017-10-18 00:58:39 - [TEST_STEP][PASSED] - delay: Delayed 2 second(s)

2017-10-18 00:58:41 - [MESSAGE][PASSED] - Delayed 2 second(s)

2017-10-18 00:58:41 - [TEST_STEP][PASSED] - mouseOver: Object: 'Object Repository/create material requisition/a_Create Requisition' is hovered

2017-10-18 00:58:41 - [MESSAGE][PASSED] - Object: 'Object Repository/create material requisition/a_Create Requisition' is hovered

2017-10-18 00:58:41 - [TEST_STEP][PASSED] - delay: Delayed 2 second(s)

2017-10-18 00:58:43 - [MESSAGE][PASSED] - Delayed 2 second(s)

2017-10-18 00:58:43 - [TEST_STEP][PASSED] - mouseOver: Object: 'Object Repository/create material requisition/a_Material Requisition' is hovered

2017-10-18 00:58:43 - [MESSAGE][PASSED] - Object: 'Object Repository/create material requisition/a_Material Requisition' is hovered

2017-10-18 00:58:43 - [TEST_STEP][PASSED] - delay: Delayed 2 second(s)

2017-10-18 00:58:45 - [MESSAGE][PASSED] - Delayed 2 second(s)

2017-10-18 00:58:45 - [TEST_STEP][PASSED] - takeScreenshot: Taking screenshot successfully

2017-10-18 00:58:45 - [MESSAGE][PASSED] - Taking screenshot successfully
[[ATTACHMENT|E:\\Katalon_Project\\KatalonStudio-RequisitionTest-master\\Reports\\TestSuite-CreateMaterialRequisition\\20171018_005725\\1508266725653.png]]

2017-10-18 00:58:45 - [TEST_STEP][FAILED] - click: Unable to click on object 'Object Repository/create material requisition/a_Material Requisition' (Root cause: org.openqa.selenium.ElementNotVisibleException: element not visible
  (Session info: chrome=61.0.3163.100)
  (Driver info: chromedriver=2.31.488763 (092de99f48a300323ecf8c2a4e2e7cab51de5ba8),platform=Windows NT 10.0.15063 x86_64) (WARNING: The server did not provide any stacktrace information)
Command duration or timeout: 29 milliseconds
Build info: version: '2.53.0', revision: '35ae25b', time: '2016-03-15 17:00:58'
System info: host: 'DESKTOP-SQEFDD7', ip: '192.168.0.100', os.name: 'Windows 10', os.arch: 'amd64', os.version: '10.0', java.version: '1.8.0_102'
Driver info: com.kms.katalon.selenium.driver.CChromeDriver
Capabilities [{applicationCacheEnabled=false, rotatable=false, mobileEmulationEnabled=false, networkConnectionEnabled=false, chrome={chromedriverVersion=2.31.488763 (092de99f48a300323ecf8c2a4e2e7cab51de5ba8), userDataDir=C:\Users\Asus\AppData\Local\Temp\scoped_dir13392_7036}, takesHeapSnapshot=true, pageLoadStrategy=normal, databaseEnabled=false, handlesAlerts=true, hasTouchScreen=false, version=61.0.3163.100, platform=XP, browserConnectionEnabled=false, nativeEvents=true, acceptSslCerts=true, locationContextEnabled=true, webStorageEnabled=true, browserName=chrome, takesScreenshot=true, javascriptEnabled=true, cssSelectorsEnabled=true, setWindowRect=true, unexpectedAlertBehaviour=}]
Session ID: da781d9e58020929146b4a52693d01f0)

2017-10-18 00:58:46 - [MESSAGE][FAILED] - Unable to click on object 'Object Repository/create material requisition/a_Material Requisition' (Root cause: org.openqa.selenium.ElementNotVisibleException: element not visible
  (Session info: chrome=61.0.3163.100)
  (Driver info: chromedriver=2.31.488763 (092de99f48a300323ecf8c2a4e2e7cab51de5ba8),platform=Windows NT 10.0.15063 x86_64) (WARNING: The server did not provide any stacktrace information)
Command duration or timeout: 29 milliseconds
Build info: version: '2.53.0', revision: '35ae25b', time: '2016-03-15 17:00:58'
System info: host: 'DESKTOP-SQEFDD7', ip: '192.168.0.100', os.name: 'Windows 10', os.arch: 'amd64', os.version: '10.0', java.version: '1.8.0_102'
Driver info: com.kms.katalon.selenium.driver.CChromeDriver
Capabilities [{applicationCacheEnabled=false, rotatable=false, mobileEmulationEnabled=false, networkConnectionEnabled=false, chrome={chromedriverVersion=2.31.488763 (092de99f48a300323ecf8c2a4e2e7cab51de5ba8), userDataDir=C:\Users\Asus\AppData\Local\Temp\scoped_dir13392_7036}, takesHeapSnapshot=true, pageLoadStrategy=normal, databaseEnabled=false, handlesAlerts=true, hasTouchScreen=false, version=61.0.3163.100, platform=XP, browserConnectionEnabled=false, nativeEvents=true, acceptSslCerts=true, locationContextEnabled=true, webStorageEnabled=true, browserName=chrome, takesScreenshot=true, javascriptEnabled=true, cssSelectorsEnabled=true, setWindowRect=true, unexpectedAlertBehaviour=}]
Session ID: da781d9e58020929146b4a52693d01f0)
[[ATTACHMENT|E:\\Katalon_Project\\KatalonStudio-RequisitionTest-master\\Reports\\TestSuite-CreateMaterialRequisition\\20171018_005725\\1508266726019.png]]

2017-10-18 00:58:46 - [TEST_STEP][PASSED] - setText: Text 'QA Team-Test-2' is set on object 'Object Repository/Page_Procurement Management  Create/input_requisitionTitle'

2017-10-18 00:58:46 - [MESSAGE][PASSED] - Text 'QA Team-Test-2' is set on object 'Object Repository/Page_Procurement Management  Create/input_requisitionTitle'

2017-10-18 00:58:46 - [TEST_STEP][FAILED] - click: Unable to click on object 'Object Repository/Page_Procurement Management  Create/requestTo' (Root cause: org.openqa.selenium.WebDriverException: unknown error: Element <input type="text" name="approverName" ng-click="getApprovers(materialRequisitionDetails.approverName)" ng-keyup="getApprovers(materialRequisitionDetails.approverName)" ng-model="materialRequisitionDetails.approverName" class="form-control ng-not-empty ng-dirty ng-valid-parse ng-valid ng-valid-required ng-touched" placehoder="Approver Name" ng-readonly="createMaterialRequisitionForm.approverId.$modelValue != &quot;&quot; &amp;&amp; createMaterialRequisitionForm.approverName.$touched" required="" readonly="readonly"> is not clickable at point (876, 303). Other element would receive the click: <div class="sweet-alert showSweetAlert visible " tabindex="-1" data-custom-class="" data-has-cancel-button="false" data-has-confirm-button="true" data-allow-outside-click="false" data-has-done-function="true" data-animation="pop" data-timer="null" style="display: block; margin-top: -151px;">...</div>
  (Session info: chrome=61.0.3163.100)
  (Driver info: chromedriver=2.31.488763 (092de99f48a300323ecf8c2a4e2e7cab51de5ba8),platform=Windows NT 10.0.15063 x86_64) (WARNING: The server did not provide any stacktrace information)
Command duration or timeout: 84 milliseconds
Build info: version: '2.53.0', revision: '35ae25b', time: '2016-03-15 17:00:58'
System info: host: 'DESKTOP-SQEFDD7', ip: '192.168.0.100', os.name: 'Windows 10', os.arch: 'amd64', os.version: '10.0', java.version: '1.8.0_102'
Driver info: com.kms.katalon.selenium.driver.CChromeDriver
Capabilities [{applicationCacheEnabled=false, rotatable=false, mobileEmulationEnabled=false, networkConnectionEnabled=false, chrome={chromedriverVersion=2.31.488763 (092de99f48a300323ecf8c2a4e2e7cab51de5ba8), userDataDir=C:\Users\Asus\AppData\Local\Temp\scoped_dir13392_7036}, takesHeapSnapshot=true, pageLoadStrategy=normal, databaseEnabled=false, handlesAlerts=true, hasTouchScreen=false, version=61.0.3163.100, platform=XP, browserConnectionEnabled=false, nativeEvents=true, acceptSslCerts=true, locationContextEnabled=true, webStorageEnabled=true, browserName=chrome, takesScreenshot=true, javascriptEnabled=true, cssSelectorsEnabled=true, setWindowRect=true, unexpectedAlertBehaviour=}]
Session ID: da781d9e58020929146b4a52693d01f0)

2017-10-18 00:58:47 - [MESSAGE][FAILED] - Unable to click on object 'Object Repository/Page_Procurement Management  Create/requestTo' (Root cause: org.openqa.selenium.WebDriverException: unknown error: Element <input type="text" name="approverName" ng-click="getApprovers(materialRequisitionDetails.approverName)" ng-keyup="getApprovers(materialRequisitionDetails.approverName)" ng-model="materialRequisitionDetails.approverName" class="form-control ng-not-empty ng-dirty ng-valid-parse ng-valid ng-valid-required ng-touched" placehoder="Approver Name" ng-readonly="createMaterialRequisitionForm.approverId.$modelValue != &quot;&quot; &amp;&amp; createMaterialRequisitionForm.approverName.$touched" required="" readonly="readonly"> is not clickable at point (876, 303). Other element would receive the click: <div class="sweet-alert showSweetAlert visible " tabindex="-1" data-custom-class="" data-has-cancel-button="false" data-has-confirm-button="true" data-allow-outside-click="false" data-has-done-function="true" data-animation="pop" data-timer="null" style="display: block; margin-top: -151px;">...</div>
  (Session info: chrome=61.0.3163.100)
  (Driver info: chromedriver=2.31.488763 (092de99f48a300323ecf8c2a4e2e7cab51de5ba8),platform=Windows NT 10.0.15063 x86_64) (WARNING: The server did not provide any stacktrace information)
Command duration or timeout: 84 milliseconds
Build info: version: '2.53.0', revision: '35ae25b', time: '2016-03-15 17:00:58'
System info: host: 'DESKTOP-SQEFDD7', ip: '192.168.0.100', os.name: 'Windows 10', os.arch: 'amd64', os.version: '10.0', java.version: '1.8.0_102'
Driver info: com.kms.katalon.selenium.driver.CChromeDriver
Capabilities [{applicationCacheEnabled=false, rotatable=false, mobileEmulationEnabled=false, networkConnectionEnabled=false, chrome={chromedriverVersion=2.31.488763 (092de99f48a300323ecf8c2a4e2e7cab51de5ba8), userDataDir=C:\Users\Asus\AppData\Local\Temp\scoped_dir13392_7036}, takesHeapSnapshot=true, pageLoadStrategy=normal, databaseEnabled=false, handlesAlerts=true, hasTouchScreen=false, version=61.0.3163.100, platform=XP, browserConnectionEnabled=false, nativeEvents=true, acceptSslCerts=true, locationContextEnabled=true, webStorageEnabled=true, browserName=chrome, takesScreenshot=true, javascriptEnabled=true, cssSelectorsEnabled=true, setWindowRect=true, unexpectedAlertBehaviour=}]
Session ID: da781d9e58020929146b4a52693d01f0)
[[ATTACHMENT|E:\\Katalon_Project\\KatalonStudio-RequisitionTest-master\\Reports\\TestSuite-CreateMaterialRequisition\\20171018_005725\\1508266726922.png]]

2017-10-18 00:58:47 - [TEST_STEP][FAILED] - setText: Unable to set text 'Fahad Billah (central Approver)' of object 'Object Repository/Page_Procurement Management  Create/requestTo' (Root cause: org.openqa.selenium.InvalidElementStateException: invalid element state: Element must be user-editable in order to clear it.
  (Session info: chrome=61.0.3163.100)
  (Driver info: chromedriver=2.31.488763 (092de99f48a300323ecf8c2a4e2e7cab51de5ba8),platform=Windows NT 10.0.15063 x86_64) (WARNING: The server did not provide any stacktrace information)
Command duration or timeout: 34 milliseconds
Build info: version: '2.53.0', revision: '35ae25b', time: '2016-03-15 17:00:58'
System info: host: 'DESKTOP-SQEFDD7', ip: '192.168.0.100', os.name: 'Windows 10', os.arch: 'amd64', os.version: '10.0', java.version: '1.8.0_102'
Driver info: com.kms.katalon.selenium.driver.CChromeDriver
Capabilities [{applicationCacheEnabled=false, rotatable=false, mobileEmulationEnabled=false, networkConnectionEnabled=false, chrome={chromedriverVersion=2.31.488763 (092de99f48a300323ecf8c2a4e2e7cab51de5ba8), userDataDir=C:\Users\Asus\AppData\Local\Temp\scoped_dir13392_7036}, takesHeapSnapshot=true, pageLoadStrategy=normal, databaseEnabled=false, handlesAlerts=true, hasTouchScreen=false, version=61.0.3163.100, platform=XP, browserConnectionEnabled=false, nativeEvents=true, acceptSslCerts=true, locationContextEnabled=true, webStorageEnabled=true, browserName=chrome, takesScreenshot=true, javascriptEnabled=true, cssSelectorsEnabled=true, setWindowRect=true, unexpectedAlertBehaviour=}]
Session ID: da781d9e58020929146b4a52693d01f0)

2017-10-18 00:58:47 - [MESSAGE][FAILED] - Unable to set text 'Fahad Billah (central Approver)' of object 'Object Repository/Page_Procurement Management  Create/requestTo' (Root cause: org.openqa.selenium.InvalidElementStateException: invalid element state: Element must be user-editable in order to clear it.
  (Session info: chrome=61.0.3163.100)
  (Driver info: chromedriver=2.31.488763 (092de99f48a300323ecf8c2a4e2e7cab51de5ba8),platform=Windows NT 10.0.15063 x86_64) (WARNING: The server did not provide any stacktrace information)
Command duration or timeout: 34 milliseconds
Build info: version: '2.53.0', revision: '35ae25b', time: '2016-03-15 17:00:58'
System info: host: 'DESKTOP-SQEFDD7', ip: '192.168.0.100', os.name: 'Windows 10', os.arch: 'amd64', os.version: '10.0', java.version: '1.8.0_102'
Driver info: com.kms.katalon.selenium.driver.CChromeDriver
Capabilities [{applicationCacheEnabled=false, rotatable=false, mobileEmulationEnabled=false, networkConnectionEnabled=false, chrome={chromedriverVersion=2.31.488763 (092de99f48a300323ecf8c2a4e2e7cab51de5ba8), userDataDir=C:\Users\Asus\AppData\Local\Temp\scoped_dir13392_7036}, takesHeapSnapshot=true, pageLoadStrategy=normal, databaseEnabled=false, handlesAlerts=true, hasTouchScreen=false, version=61.0.3163.100, platform=XP, browserConnectionEnabled=false, nativeEvents=true, acceptSslCerts=true, locationContextEnabled=true, webStorageEnabled=true, browserName=chrome, takesScreenshot=true, javascriptEnabled=true, cssSelectorsEnabled=true, setWindowRect=true, unexpectedAlertBehaviour=}]
Session ID: da781d9e58020929146b4a52693d01f0)
[[ATTACHMENT|E:\\Katalon_Project\\KatalonStudio-RequisitionTest-master\\Reports\\TestSuite-CreateMaterialRequisition\\20171018_005725\\1508266727408.png]]

2017-10-18 00:58:47 - [TEST_STEP][FAILED] - click: Unable to click on object 'Object Repository/Page_Procurement Management  Create/selectRequestTo_1stOption' (Root cause: com.kms.katalon.core.webui.exception.WebElementNotFoundException: Web element with id: 'Object Repository/Page_Procurement Management  Create/selectRequestTo_1stOption' located by 'By.xpath: //div/div[2]/div/ul/li[1]' not found)

2017-10-18 00:59:03 - [MESSAGE][FAILED] - Unable to click on object 'Object Repository/Page_Procurement Management  Create/selectRequestTo_1stOption' (Root cause: com.kms.katalon.core.webui.exception.WebElementNotFoundException: Web element with id: 'Object Repository/Page_Procurement Management  Create/selectRequestTo_1stOption' located by 'By.xpath: //div/div[2]/div/ul/li[1]' not found)
[[ATTACHMENT|E:\\Katalon_Project\\KatalonStudio-RequisitionTest-master\\Reports\\TestSuite-CreateMaterialRequisition\\20171018_005725\\1508266743228.png]]

2017-10-18 00:59:03 - [TEST_STEP][FAILED] - setText: Unable to set text 'Nazmul Hasan' of object 'Object Repository/Page_Procurement Management  Create/input_receiverName' (Root cause: org.openqa.selenium.InvalidElementStateException: invalid element state: Element must be user-editable in order to clear it.
  (Session info: chrome=61.0.3163.100)
  (Driver info: chromedriver=2.31.488763 (092de99f48a300323ecf8c2a4e2e7cab51de5ba8),platform=Windows NT 10.0.15063 x86_64) (WARNING: The server did not provide any stacktrace information)
Command duration or timeout: 64 milliseconds
Build info: version: '2.53.0', revision: '35ae25b', time: '2016-03-15 17:00:58'
System info: host: 'DESKTOP-SQEFDD7', ip: '192.168.0.100', os.name: 'Windows 10', os.arch: 'amd64', os.version: '10.0', java.version: '1.8.0_102'
Driver info: com.kms.katalon.selenium.driver.CChromeDriver
Capabilities [{applicationCacheEnabled=false, rotatable=false, mobileEmulationEnabled=false, networkConnectionEnabled=false, chrome={chromedriverVersion=2.31.488763 (092de99f48a300323ecf8c2a4e2e7cab51de5ba8), userDataDir=C:\Users\Asus\AppData\Local\Temp\scoped_dir13392_7036}, takesHeapSnapshot=true, pageLoadStrategy=normal, databaseEnabled=false, handlesAlerts=true, hasTouchScreen=false, version=61.0.3163.100, platform=XP, browserConnectionEnabled=false, nativeEvents=true, acceptSslCerts=true, locationContextEnabled=true, webStorageEnabled=true, browserName=chrome, takesScreenshot=true, javascriptEnabled=true, cssSelectorsEnabled=true, setWindowRect=true, unexpectedAlertBehaviour=}]
Session ID: da781d9e58020929146b4a52693d01f0)

2017-10-18 00:59:04 - [MESSAGE][FAILED] - Unable to set text 'Nazmul Hasan' of object 'Object Repository/Page_Procurement Management  Create/input_receiverName' (Root cause: org.openqa.selenium.InvalidElementStateException: invalid element state: Element must be user-editable in order to clear it.
  (Session info: chrome=61.0.3163.100)
  (Driver info: chromedriver=2.31.488763 (092de99f48a300323ecf8c2a4e2e7cab51de5ba8),platform=Windows NT 10.0.15063 x86_64) (WARNING: The server did not provide any stacktrace information)
Command duration or timeout: 64 milliseconds
Build info: version: '2.53.0', revision: '35ae25b', time: '2016-03-15 17:00:58'
System info: host: 'DESKTOP-SQEFDD7', ip: '192.168.0.100', os.name: 'Windows 10', os.arch: 'amd64', os.version: '10.0', java.version: '1.8.0_102'
Driver info: com.kms.katalon.selenium.driver.CChromeDriver
Capabilities [{applicationCacheEnabled=false, rotatable=false, mobileEmulationEnabled=false, networkConnectionEnabled=false, chrome={chromedriverVersion=2.31.488763 (092de99f48a300323ecf8c2a4e2e7cab51de5ba8), userDataDir=C:\Users\Asus\AppData\Local\Temp\scoped_dir13392_7036}, takesHeapSnapshot=true, pageLoadStrategy=normal, databaseEnabled=false, handlesAlerts=true, hasTouchScreen=false, version=61.0.3163.100, platform=XP, browserConnectionEnabled=false, nativeEvents=true, acceptSslCerts=true, locationContextEnabled=true, webStorageEnabled=true, browserName=chrome, takesScreenshot=true, javascriptEnabled=true, cssSelectorsEnabled=true, setWindowRect=true, unexpectedAlertBehaviour=}]
Session ID: da781d9e58020929146b4a52693d01f0)
[[ATTACHMENT|E:\\Katalon_Project\\KatalonStudio-RequisitionTest-master\\Reports\\TestSuite-CreateMaterialRequisition\\20171018_005725\\1508266743689.png]]

2017-10-18 00:59:04 - [TEST_STEP][FAILED] - click: Unable to click on object 'Object Repository/Page_Procurement Management  Create/li_Fahad Billah' (Root cause: com.kms.katalon.core.webui.exception.WebElementNotFoundException: Web element with id: 'Object Repository/Page_Procurement Management  Create/li_Fahad Billah' located by 'By.xpath: //div/div[3]/div/ul/li' not found)

2017-10-18 00:59:19 - [MESSAGE][FAILED] - Unable to click on object 'Object Repository/Page_Procurement Management  Create/li_Fahad Billah' (Root cause: com.kms.katalon.core.webui.exception.WebElementNotFoundException: Web element with id: 'Object Repository/Page_Procurement Management  Create/li_Fahad Billah' located by 'By.xpath: //div/div[3]/div/ul/li' not found)
[[ATTACHMENT|E:\\Katalon_Project\\KatalonStudio-RequisitionTest-master\\Reports\\TestSuite-CreateMaterialRequisition\\20171018_005725\\1508266759561.png]]

2017-10-18 00:59:19 - [TEST_STEP][PASSED] - delay: Delayed 2 second(s)

2017-10-18 00:59:21 - [MESSAGE][PASSED] - Delayed 2 second(s)

2017-10-18 00:59:21 - [TEST_STEP][PASSED] - setText: Text 'Mithu Khan' is set on object 'Object Repository/Page_Procurement Management  Create/input_originalRequesterName (2)'

2017-10-18 00:59:22 - [MESSAGE][PASSED] - Text 'Mithu Khan' is set on object 'Object Repository/Page_Procurement Management  Create/input_originalRequesterName (2)'

2017-10-18 00:59:22 - [TEST_STEP][PASSED] - setText: Text '283291045' is set on object 'Object Repository/Page_Procurement Management  Create/input_originalRequesterPhone (1)'

2017-10-18 00:59:22 - [MESSAGE][PASSED] - Text '283291045' is set on object 'Object Repository/Page_Procurement Management  Create/input_originalRequesterPhone (1)'

2017-10-18 00:59:22 - [TEST_STEP][PASSED] - setText: Text 'Qa Team test 2' is set on object 'Object Repository/Page_Procurement Management  Create/textarea_remarks'

2017-10-18 00:59:22 - [MESSAGE][PASSED] - Text 'Qa Team test 2' is set on object 'Object Repository/Page_Procurement Management  Create/textarea_remarks'

2017-10-18 00:59:22 - [TEST_STEP][PASSED] - delay: Delayed 1 second(s)

2017-10-18 00:59:23 - [MESSAGE][PASSED] - Delayed 1 second(s)

2017-10-18 00:59:23 - [TEST_STEP][FAILED] - click: Unable to click on object 'Object Repository/Page_Procurement Management  Create/span_Item Details' (Root cause: org.openqa.selenium.WebDriverException: unknown error: Element <span uib-accordion-header="" ng-class="{'text-muted': isDisabled}" class="ng-binding">...</span> is not clickable at point (329, 719). Other element would receive the click: <div class="sweet-overlay" tabindex="-1" style="opacity: 1.09; display: block;"></div>
  (Session info: chrome=61.0.3163.100)
  (Driver info: chromedriver=2.31.488763 (092de99f48a300323ecf8c2a4e2e7cab51de5ba8),platform=Windows NT 10.0.15063 x86_64) (WARNING: The server did not provide any stacktrace information)
Command duration or timeout: 65 milliseconds
Build info: version: '2.53.0', revision: '35ae25b', time: '2016-03-15 17:00:58'
System info: host: 'DESKTOP-SQEFDD7', ip: '192.168.0.100', os.name: 'Windows 10', os.arch: 'amd64', os.version: '10.0', java.version: '1.8.0_102'
Driver info: com.kms.katalon.selenium.driver.CChromeDriver
Capabilities [{applicationCacheEnabled=false, rotatable=false, mobileEmulationEnabled=false, networkConnectionEnabled=false, chrome={chromedriverVersion=2.31.488763 (092de99f48a300323ecf8c2a4e2e7cab51de5ba8), userDataDir=C:\Users\Asus\AppData\Local\Temp\scoped_dir13392_7036}, takesHeapSnapshot=true, pageLoadStrategy=normal, databaseEnabled=false, handlesAlerts=true, hasTouchScreen=false, version=61.0.3163.100, platform=XP, browserConnectionEnabled=false, nativeEvents=true, acceptSslCerts=true, locationContextEnabled=true, webStorageEnabled=true, browserName=chrome, takesScreenshot=true, javascriptEnabled=true, cssSelectorsEnabled=true, setWindowRect=true, unexpectedAlertBehaviour=}]
Session ID: da781d9e58020929146b4a52693d01f0)

2017-10-18 00:59:24 - [MESSAGE][FAILED] - Unable to click on object 'Object Repository/Page_Procurement Management  Create/span_Item Details' (Root cause: org.openqa.selenium.WebDriverException: unknown error: Element <span uib-accordion-header="" ng-class="{'text-muted': isDisabled}" class="ng-binding">...</span> is not clickable at point (329, 719). Other element would receive the click: <div class="sweet-overlay" tabindex="-1" style="opacity: 1.09; display: block;"></div>
  (Session info: chrome=61.0.3163.100)
  (Driver info: chromedriver=2.31.488763 (092de99f48a300323ecf8c2a4e2e7cab51de5ba8),platform=Windows NT 10.0.15063 x86_64) (WARNING: The server did not provide any stacktrace information)
Command duration or timeout: 65 milliseconds
Build info: version: '2.53.0', revision: '35ae25b', time: '2016-03-15 17:00:58'
System info: host: 'DESKTOP-SQEFDD7', ip: '192.168.0.100', os.name: 'Windows 10', os.arch: 'amd64', os.version: '10.0', java.version: '1.8.0_102'
Driver info: com.kms.katalon.selenium.driver.CChromeDriver
Capabilities [{applicationCacheEnabled=false, rotatable=false, mobileEmulationEnabled=false, networkConnectionEnabled=false, chrome={chromedriverVersion=2.31.488763 (092de99f48a300323ecf8c2a4e2e7cab51de5ba8), userDataDir=C:\Users\Asus\AppData\Local\Temp\scoped_dir13392_7036}, takesHeapSnapshot=true, pageLoadStrategy=normal, databaseEnabled=false, handlesAlerts=true, hasTouchScreen=false, version=61.0.3163.100, platform=XP, browserConnectionEnabled=false, nativeEvents=true, acceptSslCerts=true, locationContextEnabled=true, webStorageEnabled=true, browserName=chrome, takesScreenshot=true, javascriptEnabled=true, cssSelectorsEnabled=true, setWindowRect=true, unexpectedAlertBehaviour=}]
Session ID: da781d9e58020929146b4a52693d01f0)
[[ATTACHMENT|E:\\Katalon_Project\\KatalonStudio-RequisitionTest-master\\Reports\\TestSuite-CreateMaterialRequisition\\20171018_005725\\1508266764117.png]]

2017-10-18 00:59:24 - [TEST_STEP][PASSED] - delay: Delayed 1 second(s)

2017-10-18 00:59:25 - [MESSAGE][PASSED] - Delayed 1 second(s)

2017-10-18 00:59:25 - [TEST_STEP][PASSED] - scrollToElement: Scroll to object 'Object Repository/Page_Procurement Management  Create/span_Item Details' successfully

2017-10-18 00:59:25 - [MESSAGE][PASSED] - Scroll to object 'Object Repository/Page_Procurement Management  Create/span_Item Details' successfully

2017-10-18 00:59:25 - [TEST_STEP][FAILED] - click: Unable to click on object 'Object Repository/Page_Procurement Management  Create/CostCenterName' (Root cause: org.openqa.selenium.WebDriverException: unknown error: Element <input type="text" name="ccName" ng-model="itemTempDetails.ccName" ng-click="openCc('lg')" class="form-control ng-pristine ng-valid ng-touched ng-not-empty" ng-readonly="true" readonly="readonly"> is not clickable at point (856, 63). Other element would receive the click: <div class="sweet-overlay" tabindex="-1" style="opacity: 1.09; display: block;"></div>
  (Session info: chrome=61.0.3163.100)
  (Driver info: chromedriver=2.31.488763 (092de99f48a300323ecf8c2a4e2e7cab51de5ba8),platform=Windows NT 10.0.15063 x86_64) (WARNING: The server did not provide any stacktrace information)
Command duration or timeout: 65 milliseconds
Build info: version: '2.53.0', revision: '35ae25b', time: '2016-03-15 17:00:58'
System info: host: 'DESKTOP-SQEFDD7', ip: '192.168.0.100', os.name: 'Windows 10', os.arch: 'amd64', os.version: '10.0', java.version: '1.8.0_102'
Driver info: com.kms.katalon.selenium.driver.CChromeDriver
Capabilities [{applicationCacheEnabled=false, rotatable=false, mobileEmulationEnabled=false, networkConnectionEnabled=false, chrome={chromedriverVersion=2.31.488763 (092de99f48a300323ecf8c2a4e2e7cab51de5ba8), userDataDir=C:\Users\Asus\AppData\Local\Temp\scoped_dir13392_7036}, takesHeapSnapshot=true, pageLoadStrategy=normal, databaseEnabled=false, handlesAlerts=true, hasTouchScreen=false, version=61.0.3163.100, platform=XP, browserConnectionEnabled=false, nativeEvents=true, acceptSslCerts=true, locationContextEnabled=true, webStorageEnabled=true, browserName=chrome, takesScreenshot=true, javascriptEnabled=true, cssSelectorsEnabled=true, setWindowRect=true, unexpectedAlertBehaviour=}]
Session ID: da781d9e58020929146b4a52693d01f0)

2017-10-18 00:59:26 - [MESSAGE][FAILED] - Unable to click on object 'Object Repository/Page_Procurement Management  Create/CostCenterName' (Root cause: org.openqa.selenium.WebDriverException: unknown error: Element <input type="text" name="ccName" ng-model="itemTempDetails.ccName" ng-click="openCc('lg')" class="form-control ng-pristine ng-valid ng-touched ng-not-empty" ng-readonly="true" readonly="readonly"> is not clickable at point (856, 63). Other element would receive the click: <div class="sweet-overlay" tabindex="-1" style="opacity: 1.09; display: block;"></div>
  (Session info: chrome=61.0.3163.100)
  (Driver info: chromedriver=2.31.488763 (092de99f48a300323ecf8c2a4e2e7cab51de5ba8),platform=Windows NT 10.0.15063 x86_64) (WARNING: The server did not provide any stacktrace information)
Command duration or timeout: 65 milliseconds
Build info: version: '2.53.0', revision: '35ae25b', time: '2016-03-15 17:00:58'
System info: host: 'DESKTOP-SQEFDD7', ip: '192.168.0.100', os.name: 'Windows 10', os.arch: 'amd64', os.version: '10.0', java.version: '1.8.0_102'
Driver info: com.kms.katalon.selenium.driver.CChromeDriver
Capabilities [{applicationCacheEnabled=false, rotatable=false, mobileEmulationEnabled=false, networkConnectionEnabled=false, chrome={chromedriverVersion=2.31.488763 (092de99f48a300323ecf8c2a4e2e7cab51de5ba8), userDataDir=C:\Users\Asus\AppData\Local\Temp\scoped_dir13392_7036}, takesHeapSnapshot=true, pageLoadStrategy=normal, databaseEnabled=false, handlesAlerts=true, hasTouchScreen=false, version=61.0.3163.100, platform=XP, browserConnectionEnabled=false, nativeEvents=true, acceptSslCerts=true, locationContextEnabled=true, webStorageEnabled=true, browserName=chrome, takesScreenshot=true, javascriptEnabled=true, cssSelectorsEnabled=true, setWindowRect=true, unexpectedAlertBehaviour=}]
Session ID: da781d9e58020929146b4a52693d01f0)
[[ATTACHMENT|E:\\Katalon_Project\\KatalonStudio-RequisitionTest-master\\Reports\\TestSuite-CreateMaterialRequisition\\20171018_005725\\1508266765744.png]]

2017-10-18 00:59:26 - [TEST_STEP][PASSED] - waitForAngularLoad: Angular is ready.

2017-10-18 00:59:26 - [MESSAGE][PASSED] - Angular is ready.

2017-10-18 00:59:26 - [TEST_STEP][FAILED] - click: Unable to click on object 'Object Repository/Page_Procurement Management  Create/a_10100.12 Engineers  Employer' (Root cause: com.kms.katalon.core.webui.exception.WebElementNotFoundException: Web element with id: 'Object Repository/Page_Procurement Management  Create/a_10100.12 Engineers  Employer' located by 'By.xpath: //a[count(. | //*[@href = '#']) = count(//*[@href = '#'])][count(. | //*[@id = '176_anchor']) = count(//*[@id = '176_anchor'])][count(. | //*[contains(.,'10100.12 Engineers & Employers Office')]) = count(//*[contains(.,'10100.12 Engineers & Employers Office')])]' not found)

2017-10-18 00:59:42 - [MESSAGE][FAILED] - Unable to click on object 'Object Repository/Page_Procurement Management  Create/a_10100.12 Engineers  Employer' (Root cause: com.kms.katalon.core.webui.exception.WebElementNotFoundException: Web element with id: 'Object Repository/Page_Procurement Management  Create/a_10100.12 Engineers  Employer' located by 'By.xpath: //a[count(. | //*[@href = '#']) = count(//*[@href = '#'])][count(. | //*[@id = '176_anchor']) = count(//*[@id = '176_anchor'])][count(. | //*[contains(.,'10100.12 Engineers & Employers Office')]) = count(//*[contains(.,'10100.12 Engineers & Employers Office')])]' not found)
[[ATTACHMENT|E:\\Katalon_Project\\KatalonStudio-RequisitionTest-master\\Reports\\TestSuite-CreateMaterialRequisition\\20171018_005725\\1508266782622.png]]

2017-10-18 00:59:42 - [TEST_STEP][PASSED] - delay: Delayed 1 second(s)

2017-10-18 00:59:43 - [MESSAGE][PASSED] - Delayed 1 second(s)

2017-10-18 00:59:43 - [TEST_STEP][FAILED] - click: Unable to click on object 'Object Repository/Page_Procurement Management  Create/button_OK' (Root cause: com.kms.katalon.core.webui.exception.WebElementNotFoundException: Web element with id: 'Object Repository/Page_Procurement Management  Create/button_OK' located by 'By.xpath: //button[count(. | //*[contains(.,'OK')]) = count(//*[contains(.,'OK')])][count(. | //*[@type = 'button']) = count(//*[@type = 'button'])]' not found)

2017-10-18 01:00:00 - [MESSAGE][FAILED] - Unable to click on object 'Object Repository/Page_Procurement Management  Create/button_OK' (Root cause: com.kms.katalon.core.webui.exception.WebElementNotFoundException: Web element with id: 'Object Repository/Page_Procurement Management  Create/button_OK' located by 'By.xpath: //button[count(. | //*[contains(.,'OK')]) = count(//*[contains(.,'OK')])][count(. | //*[@type = 'button']) = count(//*[@type = 'button'])]' not found)
[[ATTACHMENT|E:\\Katalon_Project\\KatalonStudio-RequisitionTest-master\\Reports\\TestSuite-CreateMaterialRequisition\\20171018_005725\\1508266800157.png]]

2017-10-18 01:00:00 - [TEST_STEP][PASSED] - delay: Delayed 2 second(s)

2017-10-18 01:00:02 - [MESSAGE][PASSED] - Delayed 2 second(s)

2017-10-18 01:00:02 - [TEST_STEP][FAILED] - click: Unable to click on object 'Object Repository/Page_Procurement Management  Create/button_btn pull-right btn-defa' (Root cause: org.openqa.selenium.WebDriverException: unknown error: Element <input type="text" name="itemName" ng-model="itemTempDetails.itemSelectedName" ng-click="openItem('lg')" class="form-control ng-pristine ng-valid ng-touched ng-empty" ng-readonly="true" readonly="readonly"> is not clickable at point (857, 132). Other element would receive the click: <div class="sweet-overlay" tabindex="-1" style="opacity: 1.09; display: block;"></div>
  (Session info: chrome=61.0.3163.100)
  (Driver info: chromedriver=2.31.488763 (092de99f48a300323ecf8c2a4e2e7cab51de5ba8),platform=Windows NT 10.0.15063 x86_64) (WARNING: The server did not provide any stacktrace information)
Command duration or timeout: 54 milliseconds
Build info: version: '2.53.0', revision: '35ae25b', time: '2016-03-15 17:00:58'
System info: host: 'DESKTOP-SQEFDD7', ip: '192.168.0.100', os.name: 'Windows 10', os.arch: 'amd64', os.version: '10.0', java.version: '1.8.0_102'
Driver info: com.kms.katalon.selenium.driver.CChromeDriver
Capabilities [{applicationCacheEnabled=false, rotatable=false, mobileEmulationEnabled=false, networkConnectionEnabled=false, chrome={chromedriverVersion=2.31.488763 (092de99f48a300323ecf8c2a4e2e7cab51de5ba8), userDataDir=C:\Users\Asus\AppData\Local\Temp\scoped_dir13392_7036}, takesHeapSnapshot=true, pageLoadStrategy=normal, databaseEnabled=false, handlesAlerts=true, hasTouchScreen=false, version=61.0.3163.100, platform=XP, browserConnectionEnabled=false, nativeEvents=true, acceptSslCerts=true, locationContextEnabled=true, webStorageEnabled=true, browserName=chrome, takesScreenshot=true, javascriptEnabled=true, cssSelectorsEnabled=true, setWindowRect=true, unexpectedAlertBehaviour=}]
Session ID: da781d9e58020929146b4a52693d01f0)

2017-10-18 01:00:02 - [MESSAGE][FAILED] - Unable to click on object 'Object Repository/Page_Procurement Management  Create/button_btn pull-right btn-defa' (Root cause: org.openqa.selenium.WebDriverException: unknown error: Element <input type="text" name="itemName" ng-model="itemTempDetails.itemSelectedName" ng-click="openItem('lg')" class="form-control ng-pristine ng-valid ng-touched ng-empty" ng-readonly="true" readonly="readonly"> is not clickable at point (857, 132). Other element would receive the click: <div class="sweet-overlay" tabindex="-1" style="opacity: 1.09; display: block;"></div>
  (Session info: chrome=61.0.3163.100)
  (Driver info: chromedriver=2.31.488763 (092de99f48a300323ecf8c2a4e2e7cab51de5ba8),platform=Windows NT 10.0.15063 x86_64) (WARNING: The server did not provide any stacktrace information)
Command duration or timeout: 54 milliseconds
Build info: version: '2.53.0', revision: '35ae25b', time: '2016-03-15 17:00:58'
System info: host: 'DESKTOP-SQEFDD7', ip: '192.168.0.100', os.name: 'Windows 10', os.arch: 'amd64', os.version: '10.0', java.version: '1.8.0_102'
Driver info: com.kms.katalon.selenium.driver.CChromeDriver
Capabilities [{applicationCacheEnabled=false, rotatable=false, mobileEmulationEnabled=false, networkConnectionEnabled=false, chrome={chromedriverVersion=2.31.488763 (092de99f48a300323ecf8c2a4e2e7cab51de5ba8), userDataDir=C:\Users\Asus\AppData\Local\Temp\scoped_dir13392_7036}, takesHeapSnapshot=true, pageLoadStrategy=normal, databaseEnabled=false, handlesAlerts=true, hasTouchScreen=false, version=61.0.3163.100, platform=XP, browserConnectionEnabled=false, nativeEvents=true, acceptSslCerts=true, locationContextEnabled=true, webStorageEnabled=true, browserName=chrome, takesScreenshot=true, javascriptEnabled=true, cssSelectorsEnabled=true, setWindowRect=true, unexpectedAlertBehaviour=}]
Session ID: da781d9e58020929146b4a52693d01f0)
[[ATTACHMENT|E:\\Katalon_Project\\KatalonStudio-RequisitionTest-master\\Reports\\TestSuite-CreateMaterialRequisition\\20171018_005725\\1508266802554.png]]

2017-10-18 01:00:02 - [TEST_STEP][PASSED] - waitForAngularLoad: Angular is ready.

2017-10-18 01:00:02 - [MESSAGE][PASSED] - Angular is ready.

2017-10-18 01:00:02 - [TEST_STEP][FAILED] - setText: Unable to set text 'acv' of object 'Object Repository/Page_Procurement Management  Create/input_form-control ng-untouche' (Root cause: com.kms.katalon.core.webui.exception.WebElementNotFoundException: Web element with id: 'Object Repository/Page_Procurement Management  Create/input_form-control ng-untouche' located by 'By.xpath: //input[@ng-keyup='treeSearch()']' not found)

2017-10-18 01:00:18 - [MESSAGE][FAILED] - Unable to set text 'acv' of object 'Object Repository/Page_Procurement Management  Create/input_form-control ng-untouche' (Root cause: com.kms.katalon.core.webui.exception.WebElementNotFoundException: Web element with id: 'Object Repository/Page_Procurement Management  Create/input_form-control ng-untouche' located by 'By.xpath: //input[@ng-keyup='treeSearch()']' not found)
[[ATTACHMENT|E:\\Katalon_Project\\KatalonStudio-RequisitionTest-master\\Reports\\TestSuite-CreateMaterialRequisition\\20171018_005725\\1508266818285.png]]

2017-10-18 01:00:18 - [TEST_STEP][PASSED] - delay: Delayed 2 second(s)

2017-10-18 01:00:20 - [MESSAGE][PASSED] - Delayed 2 second(s)

2017-10-18 01:00:20 - [TEST_STEP][FAILED] - click: Unable to click on object 'Object Repository/Page_Procurement Management  Create/a_ACV Measuring Mould' (Root cause: com.kms.katalon.core.webui.exception.WebElementNotFoundException: Web element with id: 'Object Repository/Page_Procurement Management  Create/a_ACV Measuring Mould' located by 'By.xpath: //a[@id='2670_anchor']' not found)

2017-10-18 01:00:36 - [MESSAGE][FAILED] - Unable to click on object 'Object Repository/Page_Procurement Management  Create/a_ACV Measuring Mould' (Root cause: com.kms.katalon.core.webui.exception.WebElementNotFoundException: Web element with id: 'Object Repository/Page_Procurement Management  Create/a_ACV Measuring Mould' located by 'By.xpath: //a[@id='2670_anchor']' not found)
[[ATTACHMENT|E:\\Katalon_Project\\KatalonStudio-RequisitionTest-master\\Reports\\TestSuite-CreateMaterialRequisition\\20171018_005725\\1508266836073.png]]

2017-10-18 01:00:36 - [TEST_STEP][PASSED] - delay: Delayed 2 second(s)

2017-10-18 01:00:38 - [MESSAGE][PASSED] - Delayed 2 second(s)

2017-10-18 01:00:38 - [TEST_STEP][FAILED] - click: Unable to click on object 'Object Repository/Page_Procurement Management  Create/button_OK' (Root cause: com.kms.katalon.core.webui.exception.WebElementNotFoundException: Web element with id: 'Object Repository/Page_Procurement Management  Create/button_OK' located by 'By.xpath: //button[count(. | //*[contains(.,'OK')]) = count(//*[contains(.,'OK')])][count(. | //*[@type = 'button']) = count(//*[@type = 'button'])]' not found)

2017-10-18 01:00:54 - [MESSAGE][FAILED] - Unable to click on object 'Object Repository/Page_Procurement Management  Create/button_OK' (Root cause: com.kms.katalon.core.webui.exception.WebElementNotFoundException: Web element with id: 'Object Repository/Page_Procurement Management  Create/button_OK' located by 'By.xpath: //button[count(. | //*[contains(.,'OK')]) = count(//*[contains(.,'OK')])][count(. | //*[@type = 'button']) = count(//*[@type = 'button'])]' not found)
[[ATTACHMENT|E:\\Katalon_Project\\KatalonStudio-RequisitionTest-master\\Reports\\TestSuite-CreateMaterialRequisition\\20171018_005725\\1508266854546.png]]

2017-10-18 01:00:54 - [TEST_STEP][PASSED] - waitForAngularLoad: Angular is ready.

2017-10-18 01:00:54 - [MESSAGE][PASSED] - Angular is ready.

2017-10-18 01:00:54 - [TEST_STEP][FAILED] - click: Unable to click on object 'Object Repository/Page_Procurement Management  Create/Click specification ID' (Root cause: com.kms.katalon.core.webui.exception.WebElementNotFoundException: Web element with id: 'Object Repository/Page_Procurement Management  Create/Click specification ID' located by 'By.xpath: //select[@name='specificationId']' not found)

2017-10-18 01:01:10 - [MESSAGE][FAILED] - Unable to click on object 'Object Repository/Page_Procurement Management  Create/Click specification ID' (Root cause: com.kms.katalon.core.webui.exception.WebElementNotFoundException: Web element with id: 'Object Repository/Page_Procurement Management  Create/Click specification ID' located by 'By.xpath: //select[@name='specificationId']' not found)
[[ATTACHMENT|E:\\Katalon_Project\\KatalonStudio-RequisitionTest-master\\Reports\\TestSuite-CreateMaterialRequisition\\20171018_005725\\1508266870200.png]]

2017-10-18 01:01:10 - [TEST_STEP][PASSED] - delay: Delayed 1 second(s)

2017-10-18 01:01:11 - [MESSAGE][PASSED] - Delayed 1 second(s)

2017-10-18 01:01:11 - [TEST_STEP][FAILED] - click: Unable to click on object 'Object Repository/Page_Procurement Management  Create/select_specificationId' (Root cause: com.kms.katalon.core.webui.exception.WebElementNotFoundException: Web element with id: 'Object Repository/Page_Procurement Management  Create/select_specificationId' located by 'By.xpath: //option[contains(.,'Spec 2')]' not found)

2017-10-18 01:01:27 - [MESSAGE][FAILED] - Unable to click on object 'Object Repository/Page_Procurement Management  Create/select_specificationId' (Root cause: com.kms.katalon.core.webui.exception.WebElementNotFoundException: Web element with id: 'Object Repository/Page_Procurement Management  Create/select_specificationId' located by 'By.xpath: //option[contains(.,'Spec 2')]' not found)
[[ATTACHMENT|E:\\Katalon_Project\\KatalonStudio-RequisitionTest-master\\Reports\\TestSuite-CreateMaterialRequisition\\20171018_005725\\1508266886826.png]]

2017-10-18 01:01:27 - [TEST_STEP][PASSED] - delay: Delayed 1 second(s)

2017-10-18 01:01:28 - [MESSAGE][PASSED] - Delayed 1 second(s)

2017-10-18 01:01:28 - [TEST_STEP][FAILED] - click: Unable to click on object 'Object Repository/Page_Procurement Management  Create/Click Size ID' (Root cause: com.kms.katalon.core.webui.exception.WebElementNotFoundException: Web element with id: 'Object Repository/Page_Procurement Management  Create/Click Size ID' located by 'By.xpath: //select[@name='sizeId']' not found)

2017-10-18 01:01:43 - [MESSAGE][FAILED] - Unable to click on object 'Object Repository/Page_Procurement Management  Create/Click Size ID' (Root cause: com.kms.katalon.core.webui.exception.WebElementNotFoundException: Web element with id: 'Object Repository/Page_Procurement Management  Create/Click Size ID' located by 'By.xpath: //select[@name='sizeId']' not found)
[[ATTACHMENT|E:\\Katalon_Project\\KatalonStudio-RequisitionTest-master\\Reports\\TestSuite-CreateMaterialRequisition\\20171018_005725\\1508266903519.png]]

2017-10-18 01:01:43 - [TEST_STEP][PASSED] - delay: Delayed 1 second(s)

2017-10-18 01:01:44 - [MESSAGE][PASSED] - Delayed 1 second(s)

2017-10-18 01:01:44 - [TEST_STEP][FAILED] - click: Unable to click on object 'Object Repository/Page_Procurement Management  Create/select_sizeId' (Root cause: com.kms.katalon.core.webui.exception.WebElementNotFoundException: Web element with id: 'Object Repository/Page_Procurement Management  Create/select_sizeId' located by 'By.xpath: //option[contains(.,'Size 2')]' not found)

2017-10-18 01:02:00 - [MESSAGE][FAILED] - Unable to click on object 'Object Repository/Page_Procurement Management  Create/select_sizeId' (Root cause: com.kms.katalon.core.webui.exception.WebElementNotFoundException: Web element with id: 'Object Repository/Page_Procurement Management  Create/select_sizeId' located by 'By.xpath: //option[contains(.,'Size 2')]' not found)
[[ATTACHMENT|E:\\Katalon_Project\\KatalonStudio-RequisitionTest-master\\Reports\\TestSuite-CreateMaterialRequisition\\20171018_005725\\1508266920220.png]]

2017-10-18 01:02:00 - [TEST_STEP][PASSED] - delay: Delayed 1 second(s)

2017-10-18 01:02:01 - [MESSAGE][PASSED] - Delayed 1 second(s)

2017-10-18 01:02:01 - [TEST_STEP][FAILED] - click: Unable to click on object 'Object Repository/Page_Procurement Management  Create/click color Id' (Root cause: com.kms.katalon.core.webui.exception.WebElementNotFoundException: Web element with id: 'Object Repository/Page_Procurement Management  Create/click color Id' located by 'By.xpath: //select[@name='colorId']' not found)

2017-10-18 01:02:17 - [MESSAGE][FAILED] - Unable to click on object 'Object Repository/Page_Procurement Management  Create/click color Id' (Root cause: com.kms.katalon.core.webui.exception.WebElementNotFoundException: Web element with id: 'Object Repository/Page_Procurement Management  Create/click color Id' located by 'By.xpath: //select[@name='colorId']' not found)
[[ATTACHMENT|E:\\Katalon_Project\\KatalonStudio-RequisitionTest-master\\Reports\\TestSuite-CreateMaterialRequisition\\20171018_005725\\1508266936883.png]]

2017-10-18 01:02:17 - [TEST_STEP][PASSED] - delay: Delayed 1 second(s)

2017-10-18 01:02:18 - [MESSAGE][PASSED] - Delayed 1 second(s)

2017-10-18 01:02:18 - [TEST_STEP][FAILED] - click: Unable to click on object 'Object Repository/Page_Procurement Management  Create/select_colorId' (Root cause: com.kms.katalon.core.webui.exception.WebElementNotFoundException: Web element with id: 'Object Repository/Page_Procurement Management  Create/select_colorId' located by 'By.xpath: //option[contains(.,'Color 1')]' not found)

2017-10-18 01:02:33 - [MESSAGE][FAILED] - Unable to click on object 'Object Repository/Page_Procurement Management  Create/select_colorId' (Root cause: com.kms.katalon.core.webui.exception.WebElementNotFoundException: Web element with id: 'Object Repository/Page_Procurement Management  Create/select_colorId' located by 'By.xpath: //option[contains(.,'Color 1')]' not found)
[[ATTACHMENT|E:\\Katalon_Project\\KatalonStudio-RequisitionTest-master\\Reports\\TestSuite-CreateMaterialRequisition\\20171018_005725\\1508266953512.png]]

2017-10-18 01:02:33 - [TEST_STEP][PASSED] - setText: Text 'mkGhost' is set on object 'Object Repository/Page_Procurement Management  Create/input_receiverNameTemp'

2017-10-18 01:02:34 - [MESSAGE][PASSED] - Text 'mkGhost' is set on object 'Object Repository/Page_Procurement Management  Create/input_receiverNameTemp'

2017-10-18 01:02:34 - [TEST_STEP][PASSED] - setText: Text '20no road mohakhali DOHS' is set on object 'Object Repository/Page_Procurement Management  Create/input_receivingAddress'

2017-10-18 01:02:34 - [MESSAGE][PASSED] - Text '20no road mohakhali DOHS' is set on object 'Object Repository/Page_Procurement Management  Create/input_receivingAddress'

2017-10-18 01:02:34 - [TEST_STEP][PASSED] - setText: Text '250' is set on object 'Object Repository/Page_Procurement Management  Create/input_quantity'

2017-10-18 01:02:34 - [MESSAGE][PASSED] - Text '250' is set on object 'Object Repository/Page_Procurement Management  Create/input_quantity'

2017-10-18 01:02:34 - [TEST_STEP][PASSED] - setText: Text 'Test Item' is set on object 'Object Repository/Page_Procurement Management  Create/input_itemDesc'

2017-10-18 01:02:35 - [MESSAGE][PASSED] - Text 'Test Item' is set on object 'Object Repository/Page_Procurement Management  Create/input_itemDesc'

2017-10-18 01:02:35 - [TEST_STEP][PASSED] - delay: Delayed 1 second(s)

2017-10-18 01:02:36 - [MESSAGE][PASSED] - Delayed 1 second(s)

2017-10-18 01:02:36 - [TEST_STEP][FAILED] - click: Unable to click on object 'Object Repository/Page_Procurement Management  Create/button_Add Item' (Root cause: org.openqa.selenium.WebDriverException: unknown error: Element <button type="button" ng-click="addMaterialRequisitionDetails()" ng-disabled="specSizeColorLoader" class="btn btn-outline pull-right btn-sm blue-ebonyclay">...</button> is not clickable at point (1127, 455). Other element would receive the click: <div class="sweet-overlay" tabindex="-1" style="opacity: 1.09; display: block;"></div>
  (Session info: chrome=61.0.3163.100)
  (Driver info: chromedriver=2.31.488763 (092de99f48a300323ecf8c2a4e2e7cab51de5ba8),platform=Windows NT 10.0.15063 x86_64) (WARNING: The server did not provide any stacktrace information)
Command duration or timeout: 63 milliseconds
Build info: version: '2.53.0', revision: '35ae25b', time: '2016-03-15 17:00:58'
System info: host: 'DESKTOP-SQEFDD7', ip: '192.168.0.100', os.name: 'Windows 10', os.arch: 'amd64', os.version: '10.0', java.version: '1.8.0_102'
Driver info: com.kms.katalon.selenium.driver.CChromeDriver
Capabilities [{applicationCacheEnabled=false, rotatable=false, mobileEmulationEnabled=false, networkConnectionEnabled=false, chrome={chromedriverVersion=2.31.488763 (092de99f48a300323ecf8c2a4e2e7cab51de5ba8), userDataDir=C:\Users\Asus\AppData\Local\Temp\scoped_dir13392_7036}, takesHeapSnapshot=true, pageLoadStrategy=normal, databaseEnabled=false, handlesAlerts=true, hasTouchScreen=false, version=61.0.3163.100, platform=XP, browserConnectionEnabled=false, nativeEvents=true, acceptSslCerts=true, locationContextEnabled=true, webStorageEnabled=true, browserName=chrome, takesScreenshot=true, javascriptEnabled=true, cssSelectorsEnabled=true, setWindowRect=true, unexpectedAlertBehaviour=}]
Session ID: da781d9e58020929146b4a52693d01f0)

2017-10-18 01:02:36 - [MESSAGE][FAILED] - Unable to click on object 'Object Repository/Page_Procurement Management  Create/button_Add Item' (Root cause: org.openqa.selenium.WebDriverException: unknown error: Element <button type="button" ng-click="addMaterialRequisitionDetails()" ng-disabled="specSizeColorLoader" class="btn btn-outline pull-right btn-sm blue-ebonyclay">...</button> is not clickable at point (1127, 455). Other element would receive the click: <div class="sweet-overlay" tabindex="-1" style="opacity: 1.09; display: block;"></div>
  (Session info: chrome=61.0.3163.100)
  (Driver info: chromedriver=2.31.488763 (092de99f48a300323ecf8c2a4e2e7cab51de5ba8),platform=Windows NT 10.0.15063 x86_64) (WARNING: The server did not provide any stacktrace information)
Command duration or timeout: 63 milliseconds
Build info: version: '2.53.0', revision: '35ae25b', time: '2016-03-15 17:00:58'
System info: host: 'DESKTOP-SQEFDD7', ip: '192.168.0.100', os.name: 'Windows 10', os.arch: 'amd64', os.version: '10.0', java.version: '1.8.0_102'
Driver info: com.kms.katalon.selenium.driver.CChromeDriver
Capabilities [{applicationCacheEnabled=false, rotatable=false, mobileEmulationEnabled=false, networkConnectionEnabled=false, chrome={chromedriverVersion=2.31.488763 (092de99f48a300323ecf8c2a4e2e7cab51de5ba8), userDataDir=C:\Users\Asus\AppData\Local\Temp\scoped_dir13392_7036}, takesHeapSnapshot=true, pageLoadStrategy=normal, databaseEnabled=false, handlesAlerts=true, hasTouchScreen=false, version=61.0.3163.100, platform=XP, browserConnectionEnabled=false, nativeEvents=true, acceptSslCerts=true, locationContextEnabled=true, webStorageEnabled=true, browserName=chrome, takesScreenshot=true, javascriptEnabled=true, cssSelectorsEnabled=true, setWindowRect=true, unexpectedAlertBehaviour=}]
Session ID: da781d9e58020929146b4a52693d01f0)
[[ATTACHMENT|E:\\Katalon_Project\\KatalonStudio-RequisitionTest-master\\Reports\\TestSuite-CreateMaterialRequisition\\20171018_005725\\1508266956333.png]]

2017-10-18 01:02:36 - [TEST_STEP][PASSED] - delay: Delayed 1 second(s)

2017-10-18 01:02:37 - [MESSAGE][PASSED] - Delayed 1 second(s)

2017-10-18 01:02:37 - [TEST_STEP][PASSED] - scrollToElement: Scroll to object 'Object Repository/Page_Procurement Management  Create/button_Submit' successfully

2017-10-18 01:02:37 - [MESSAGE][PASSED] - Scroll to object 'Object Repository/Page_Procurement Management  Create/button_Submit' successfully

2017-10-18 01:02:37 - [TEST_STEP][FAILED] - click: Unable to click on object 'Object Repository/Page_Procurement Management  Create/button_Submit' (Root cause: org.openqa.selenium.WebDriverException: unknown error: Element <button type="submit" formnovalidate="formnovalidate" style="width:100%" class="btn btn-lg  btn-outline green-haze" ng-click="createMaterialRequisition()">...</button> is not clickable at point (670, 612). Other element would receive the click: <div class="sweet-overlay" tabindex="-1" style="opacity: 1.09; display: block;"></div>
  (Session info: chrome=61.0.3163.100)
  (Driver info: chromedriver=2.31.488763 (092de99f48a300323ecf8c2a4e2e7cab51de5ba8),platform=Windows NT 10.0.15063 x86_64) (WARNING: The server did not provide any stacktrace information)
Command duration or timeout: 70 milliseconds
Build info: version: '2.53.0', revision: '35ae25b', time: '2016-03-15 17:00:58'
System info: host: 'DESKTOP-SQEFDD7', ip: '192.168.0.100', os.name: 'Windows 10', os.arch: 'amd64', os.version: '10.0', java.version: '1.8.0_102'
Driver info: com.kms.katalon.selenium.driver.CChromeDriver
Capabilities [{applicationCacheEnabled=false, rotatable=false, mobileEmulationEnabled=false, networkConnectionEnabled=false, chrome={chromedriverVersion=2.31.488763 (092de99f48a300323ecf8c2a4e2e7cab51de5ba8), userDataDir=C:\Users\Asus\AppData\Local\Temp\scoped_dir13392_7036}, takesHeapSnapshot=true, pageLoadStrategy=normal, databaseEnabled=false, handlesAlerts=true, hasTouchScreen=false, version=61.0.3163.100, platform=XP, browserConnectionEnabled=false, nativeEvents=true, acceptSslCerts=true, locationContextEnabled=true, webStorageEnabled=true, browserName=chrome, takesScreenshot=true, javascriptEnabled=true, cssSelectorsEnabled=true, setWindowRect=true, unexpectedAlertBehaviour=}]
Session ID: da781d9e58020929146b4a52693d01f0)

2017-10-18 01:02:38 - [MESSAGE][FAILED] - Unable to click on object 'Object Repository/Page_Procurement Management  Create/button_Submit' (Root cause: org.openqa.selenium.WebDriverException: unknown error: Element <button type="submit" formnovalidate="formnovalidate" style="width:100%" class="btn btn-lg  btn-outline green-haze" ng-click="createMaterialRequisition()">...</button> is not clickable at point (670, 612). Other element would receive the click: <div class="sweet-overlay" tabindex="-1" style="opacity: 1.09; display: block;"></div>
  (Session info: chrome=61.0.3163.100)
  (Driver info: chromedriver=2.31.488763 (092de99f48a300323ecf8c2a4e2e7cab51de5ba8),platform=Windows NT 10.0.15063 x86_64) (WARNING: The server did not provide any stacktrace information)
Command duration or timeout: 70 milliseconds
Build info: version: '2.53.0', revision: '35ae25b', time: '2016-03-15 17:00:58'
System info: host: 'DESKTOP-SQEFDD7', ip: '192.168.0.100', os.name: 'Windows 10', os.arch: 'amd64', os.version: '10.0', java.version: '1.8.0_102'
Driver info: com.kms.katalon.selenium.driver.CChromeDriver
Capabilities [{applicationCacheEnabled=false, rotatable=false, mobileEmulationEnabled=false, networkConnectionEnabled=false, chrome={chromedriverVersion=2.31.488763 (092de99f48a300323ecf8c2a4e2e7cab51de5ba8), userDataDir=C:\Users\Asus\AppData\Local\Temp\scoped_dir13392_7036}, takesHeapSnapshot=true, pageLoadStrategy=normal, databaseEnabled=false, handlesAlerts=true, hasTouchScreen=false, version=61.0.3163.100, platform=XP, browserConnectionEnabled=false, nativeEvents=true, acceptSslCerts=true, locationContextEnabled=true, webStorageEnabled=true, browserName=chrome, takesScreenshot=true, javascriptEnabled=true, cssSelectorsEnabled=true, setWindowRect=true, unexpectedAlertBehaviour=}]
Session ID: da781d9e58020929146b4a52693d01f0)
[[ATTACHMENT|E:\\Katalon_Project\\KatalonStudio-RequisitionTest-master\\Reports\\TestSuite-CreateMaterialRequisition\\20171018_005725\\1508266957882.png]]

2017-10-18 01:02:38 - [TEST_STEP][PASSED] - delay: Delayed 1 second(s)

2017-10-18 01:02:39 - [MESSAGE][PASSED] - Delayed 1 second(s)

2017-10-18 01:02:39 - [TEST_STEP][FAILED] - click: Unable to click on object 'Object Repository/Page_Procurement Management  Create/button_Cancel' (Root cause: org.openqa.selenium.ElementNotVisibleException: element not visible
  (Session info: chrome=61.0.3163.100)
  (Driver info: chromedriver=2.31.488763 (092de99f48a300323ecf8c2a4e2e7cab51de5ba8),platform=Windows NT 10.0.15063 x86_64) (WARNING: The server did not provide any stacktrace information)
Command duration or timeout: 25 milliseconds
Build info: version: '2.53.0', revision: '35ae25b', time: '2016-03-15 17:00:58'
System info: host: 'DESKTOP-SQEFDD7', ip: '192.168.0.100', os.name: 'Windows 10', os.arch: 'amd64', os.version: '10.0', java.version: '1.8.0_102'
Driver info: com.kms.katalon.selenium.driver.CChromeDriver
Capabilities [{applicationCacheEnabled=false, rotatable=false, mobileEmulationEnabled=false, networkConnectionEnabled=false, chrome={chromedriverVersion=2.31.488763 (092de99f48a300323ecf8c2a4e2e7cab51de5ba8), userDataDir=C:\Users\Asus\AppData\Local\Temp\scoped_dir13392_7036}, takesHeapSnapshot=true, pageLoadStrategy=normal, databaseEnabled=false, handlesAlerts=true, hasTouchScreen=false, version=61.0.3163.100, platform=XP, browserConnectionEnabled=false, nativeEvents=true, acceptSslCerts=true, locationContextEnabled=true, webStorageEnabled=true, browserName=chrome, takesScreenshot=true, javascriptEnabled=true, cssSelectorsEnabled=true, setWindowRect=true, unexpectedAlertBehaviour=}]
Session ID: da781d9e58020929146b4a52693d01f0)

2017-10-18 01:02:39 - [MESSAGE][FAILED] - Unable to click on object 'Object Repository/Page_Procurement Management  Create/button_Cancel' (Root cause: org.openqa.selenium.ElementNotVisibleException: element not visible
  (Session info: chrome=61.0.3163.100)
  (Driver info: chromedriver=2.31.488763 (092de99f48a300323ecf8c2a4e2e7cab51de5ba8),platform=Windows NT 10.0.15063 x86_64) (WARNING: The server did not provide any stacktrace information)
Command duration or timeout: 25 milliseconds
Build info: version: '2.53.0', revision: '35ae25b', time: '2016-03-15 17:00:58'
System info: host: 'DESKTOP-SQEFDD7', ip: '192.168.0.100', os.name: 'Windows 10', os.arch: 'amd64', os.version: '10.0', java.version: '1.8.0_102'
Driver info: com.kms.katalon.selenium.driver.CChromeDriver
Capabilities [{applicationCacheEnabled=false, rotatable=false, mobileEmulationEnabled=false, networkConnectionEnabled=false, chrome={chromedriverVersion=2.31.488763 (092de99f48a300323ecf8c2a4e2e7cab51de5ba8), userDataDir=C:\Users\Asus\AppData\Local\Temp\scoped_dir13392_7036}, takesHeapSnapshot=true, pageLoadStrategy=normal, databaseEnabled=false, handlesAlerts=true, hasTouchScreen=false, version=61.0.3163.100, platform=XP, browserConnectionEnabled=false, nativeEvents=true, acceptSslCerts=true, locationContextEnabled=true, webStorageEnabled=true, browserName=chrome, takesScreenshot=true, javascriptEnabled=true, cssSelectorsEnabled=true, setWindowRect=true, unexpectedAlertBehaviour=}]
Session ID: da781d9e58020929146b4a52693d01f0)
[[ATTACHMENT|E:\\Katalon_Project\\KatalonStudio-RequisitionTest-master\\Reports\\TestSuite-CreateMaterialRequisition\\20171018_005725\\1508266959360.png]]

2017-10-18 01:02:39 - [TEST_STEP][PASSED] - delay: Delayed 1 second(s)

2017-10-18 01:02:40 - [MESSAGE][PASSED] - Delayed 1 second(s)

2017-10-18 01:02:40 - [TEST_STEP][FAILED] - click: Unable to click on object 'Object Repository/Page_Procurement Management  Create/button_Submit (1)' (Root cause: org.openqa.selenium.WebDriverException: unknown error: Element <button type="submit" formnovalidate="formnovalidate" style="width:100%" class="btn btn-lg  btn-outline green-haze" ng-click="createMaterialRequisition()">...</button> is not clickable at point (670, 612). Other element would receive the click: <div class="sweet-overlay" tabindex="-1" style="opacity: 1.09; display: block;"></div>
  (Session info: chrome=61.0.3163.100)
  (Driver info: chromedriver=2.31.488763 (092de99f48a300323ecf8c2a4e2e7cab51de5ba8),platform=Windows NT 10.0.15063 x86_64) (WARNING: The server did not provide any stacktrace information)
Command duration or timeout: 32 milliseconds
Build info: version: '2.53.0', revision: '35ae25b', time: '2016-03-15 17:00:58'
System info: host: 'DESKTOP-SQEFDD7', ip: '192.168.0.100', os.name: 'Windows 10', os.arch: 'amd64', os.version: '10.0', java.version: '1.8.0_102'
Driver info: com.kms.katalon.selenium.driver.CChromeDriver
Capabilities [{applicationCacheEnabled=false, rotatable=false, mobileEmulationEnabled=false, networkConnectionEnabled=false, chrome={chromedriverVersion=2.31.488763 (092de99f48a300323ecf8c2a4e2e7cab51de5ba8), userDataDir=C:\Users\Asus\AppData\Local\Temp\scoped_dir13392_7036}, takesHeapSnapshot=true, pageLoadStrategy=normal, databaseEnabled=false, handlesAlerts=true, hasTouchScreen=false, version=61.0.3163.100, platform=XP, browserConnectionEnabled=false, nativeEvents=true, acceptSslCerts=true, locationContextEnabled=true, webStorageEnabled=true, browserName=chrome, takesScreenshot=true, javascriptEnabled=true, cssSelectorsEnabled=true, setWindowRect=true, unexpectedAlertBehaviour=}]
Session ID: da781d9e58020929146b4a52693d01f0)

2017-10-18 01:02:41 - [MESSAGE][FAILED] - Unable to click on object 'Object Repository/Page_Procurement Management  Create/button_Submit (1)' (Root cause: org.openqa.selenium.WebDriverException: unknown error: Element <button type="submit" formnovalidate="formnovalidate" style="width:100%" class="btn btn-lg  btn-outline green-haze" ng-click="createMaterialRequisition()">...</button> is not clickable at point (670, 612). Other element would receive the click: <div class="sweet-overlay" tabindex="-1" style="opacity: 1.09; display: block;"></div>
  (Session info: chrome=61.0.3163.100)
  (Driver info: chromedriver=2.31.488763 (092de99f48a300323ecf8c2a4e2e7cab51de5ba8),platform=Windows NT 10.0.15063 x86_64) (WARNING: The server did not provide any stacktrace information)
Command duration or timeout: 32 milliseconds
Build info: version: '2.53.0', revision: '35ae25b', time: '2016-03-15 17:00:58'
System info: host: 'DESKTOP-SQEFDD7', ip: '192.168.0.100', os.name: 'Windows 10', os.arch: 'amd64', os.version: '10.0', java.version: '1.8.0_102'
Driver info: com.kms.katalon.selenium.driver.CChromeDriver
Capabilities [{applicationCacheEnabled=false, rotatable=false, mobileEmulationEnabled=false, networkConnectionEnabled=false, chrome={chromedriverVersion=2.31.488763 (092de99f48a300323ecf8c2a4e2e7cab51de5ba8), userDataDir=C:\Users\Asus\AppData\Local\Temp\scoped_dir13392_7036}, takesHeapSnapshot=true, pageLoadStrategy=normal, databaseEnabled=false, handlesAlerts=true, hasTouchScreen=false, version=61.0.3163.100, platform=XP, browserConnectionEnabled=false, nativeEvents=true, acceptSslCerts=true, locationContextEnabled=true, webStorageEnabled=true, browserName=chrome, takesScreenshot=true, javascriptEnabled=true, cssSelectorsEnabled=true, setWindowRect=true, unexpectedAlertBehaviour=}]
Session ID: da781d9e58020929146b4a52693d01f0)
[[ATTACHMENT|E:\\Katalon_Project\\KatalonStudio-RequisitionTest-master\\Reports\\TestSuite-CreateMaterialRequisition\\20171018_005725\\1508266960823.png]]

2017-10-18 01:02:41 - [TEST_STEP][PASSED] - delay: Delayed 1 second(s)

2017-10-18 01:02:42 - [MESSAGE][PASSED] - Delayed 1 second(s)

2017-10-18 01:02:42 - [TEST_STEP][PASSED] - click: Object: 'Object Repository/Page_Procurement Management  Create/button_Submit_popUp' is clicked on

2017-10-18 01:02:42 - [MESSAGE][PASSED] - Object: 'Object Repository/Page_Procurement Management  Create/button_Submit_popUp' is clicked on

2017-10-18 01:02:42 - [TEST_STEP][PASSED] - verifyTextPresent: Text 'Requisition Created Successfully' is present on page 

2017-10-18 01:02:42 - [MESSAGE][PASSED] - Text 'Requisition Created Successfully' is present on page 

2017-10-18 01:02:42 - [TEST_STEP][FAILED] - click: Unable to click on object 'Object Repository/Page_Procurement Management  Create (1)/ok_btn' (Root cause: org.openqa.selenium.ElementNotVisibleException: element not visible
  (Session info: chrome=61.0.3163.100)
  (Driver info: chromedriver=2.31.488763 (092de99f48a300323ecf8c2a4e2e7cab51de5ba8),platform=Windows NT 10.0.15063 x86_64) (WARNING: The server did not provide any stacktrace information)
Command duration or timeout: 45 milliseconds
Build info: version: '2.53.0', revision: '35ae25b', time: '2016-03-15 17:00:58'
System info: host: 'DESKTOP-SQEFDD7', ip: '192.168.0.100', os.name: 'Windows 10', os.arch: 'amd64', os.version: '10.0', java.version: '1.8.0_102'
Driver info: com.kms.katalon.selenium.driver.CChromeDriver
Capabilities [{applicationCacheEnabled=false, rotatable=false, mobileEmulationEnabled=false, networkConnectionEnabled=false, chrome={chromedriverVersion=2.31.488763 (092de99f48a300323ecf8c2a4e2e7cab51de5ba8), userDataDir=C:\Users\Asus\AppData\Local\Temp\scoped_dir13392_7036}, takesHeapSnapshot=true, pageLoadStrategy=normal, databaseEnabled=false, handlesAlerts=true, hasTouchScreen=false, version=61.0.3163.100, platform=XP, browserConnectionEnabled=false, nativeEvents=true, acceptSslCerts=true, locationContextEnabled=true, webStorageEnabled=true, browserName=chrome, takesScreenshot=true, javascriptEnabled=true, cssSelectorsEnabled=true, setWindowRect=true, unexpectedAlertBehaviour=}]
Session ID: da781d9e58020929146b4a52693d01f0)

2017-10-18 01:02:43 - [MESSAGE][FAILED] - Unable to click on object 'Object Repository/Page_Procurement Management  Create (1)/ok_btn' (Root cause: org.openqa.selenium.ElementNotVisibleException: element not visible
  (Session info: chrome=61.0.3163.100)
  (Driver info: chromedriver=2.31.488763 (092de99f48a300323ecf8c2a4e2e7cab51de5ba8),platform=Windows NT 10.0.15063 x86_64) (WARNING: The server did not provide any stacktrace information)
Command duration or timeout: 45 milliseconds
Build info: version: '2.53.0', revision: '35ae25b', time: '2016-03-15 17:00:58'
System info: host: 'DESKTOP-SQEFDD7', ip: '192.168.0.100', os.name: 'Windows 10', os.arch: 'amd64', os.version: '10.0', java.version: '1.8.0_102'
Driver info: com.kms.katalon.selenium.driver.CChromeDriver
Capabilities [{applicationCacheEnabled=false, rotatable=false, mobileEmulationEnabled=false, networkConnectionEnabled=false, chrome={chromedriverVersion=2.31.488763 (092de99f48a300323ecf8c2a4e2e7cab51de5ba8), userDataDir=C:\Users\Asus\AppData\Local\Temp\scoped_dir13392_7036}, takesHeapSnapshot=true, pageLoadStrategy=normal, databaseEnabled=false, handlesAlerts=true, hasTouchScreen=false, version=61.0.3163.100, platform=XP, browserConnectionEnabled=false, nativeEvents=true, acceptSslCerts=true, locationContextEnabled=true, webStorageEnabled=true, browserName=chrome, takesScreenshot=true, javascriptEnabled=true, cssSelectorsEnabled=true, setWindowRect=true, unexpectedAlertBehaviour=}]
Session ID: da781d9e58020929146b4a52693d01f0)
[[ATTACHMENT|E:\\Katalon_Project\\KatalonStudio-RequisitionTest-master\\Reports\\TestSuite-CreateMaterialRequisition\\20171018_005725\\1508266962638.png]]]]></system-out>
         <system-err><![CDATA[2017-10-18 00:57:46 - [TEST_CASE][FAILED] - Test Cases/CreateMaterialRequisition: Test Cases/CreateMaterialRequisition FAILED because (of) Text 'Requisition Created Successfully' is not present on page]]></system-err>
      </testcase>
      <system-out><![CDATA[2017-10-18 00:57:28 - [TEST_SUITE][FAILED] - TestSuite-CreateMaterialRequisition: Test Cases/CreateMaterialRequisition FAILED because (of) Text 'Requisition Created Successfully' is not present on page]]></system-out>
      <system-err><![CDATA[2017-10-18 00:57:28 - [TEST_SUITE][FAILED] - TestSuite-CreateMaterialRequisition: Test Cases/CreateMaterialRequisition FAILED because (of) Text 'Requisition Created Successfully' is not present on page]]></system-err>
   </testsuite>
</testsuites>
