<?xml version="1.0" encoding="UTF-8"?>
<testsuites name="SelectRole" time="41" tests="1" failures="2" errors="0">
   <testsuite name="SelectRole" tests="1" failures="2" errors="0" time="41" timestamp="2017-09-16 15:29:06" hostname="mithu - DESKTOP-1QKO1SP" id="Test Suites/SelectRole">
      <properties>
         <property name="deviceName" value=""/>
         <property name="devicePlatform" value=""/>
         <property name="logFolder" value="F:\\Katalon_project\\MaxReqMan\\Reports\\SelectRole\\20170916_152905"/>
         <property name="logFiles" value="F:\\Katalon_project\\MaxReqMan\\Reports\\SelectRole\\20170916_152905\\execution0.log"/>
         <property name="attachments" value="F:\\Katalon_project\\MaxReqMan\\Reports\\SelectRole\\20170916_152905\\1505554160425.png, F:\\Katalon_project\\MaxReqMan\\Reports\\SelectRole\\20170916_152905\\1505554186874.png"/>
         <property name="hostName" value="mithu - DESKTOP-1QKO1SP"/>
         <property name="os" value="Windows 10 64bit"/>
         <property name="katalonVersion" value="4.8.0.2"/>
         <property name="browser" value="Chrome 60.0.3112.113"/>
         <property name="hostAddress" value="192.168.91.161"/>
         <property name="sessionId" value="65e8faabbebdbb856b29db6ded70905a"/>
         <property name="seleniumVersion" value="2.53.0"/>
         <property name="proxyInformation" value="ProxyInformation{proxyOption=NO_PROXY, proxyServerType=HTTP, password=, proxyServerAddress=, proxyServerPort=0}"/>
         <property name="platform" value="Windows 10"/>
      </properties>
      <testcase name="Test Cases/Login" classname="Test Cases/Login" status="PASSED">
         <system-out><![CDATA[2017-09-16 15:29:07 - [TEST_CASE][PASSED] - Test Cases/Login: Test Cases/Login

2017-09-16 15:29:07 - [TEST_STEP][PASSED] - openBrowser: Browser is opened with url: ''

2017-09-16 15:29:10 - [MESSAGE][PASSED] - Browser is opened with url: ''

2017-09-16 15:29:10 - [TEST_STEP][PASSED] - maximizeWindow: Current window maximized

2017-09-16 15:29:11 - [MESSAGE][PASSED] - Current window maximized

2017-09-16 15:29:11 - [TEST_STEP][PASSED] - navigateToUrl: Navigate to 'http://beta-requisition.maxrailwaytrack.com/' successfully

2017-09-16 15:29:14 - [MESSAGE][PASSED] - Navigate to 'http://beta-requisition.maxrailwaytrack.com/' successfully

2017-09-16 15:29:14 - [TEST_STEP][PASSED] - setText: Text 'fahadbillah@yahoo.com' is set on object 'Object Repository/Page_MaxGroup Login/input_username'

2017-09-16 15:29:14 - [MESSAGE][PASSED] - Text 'fahadbillah@yahoo.com' is set on object 'Object Repository/Page_MaxGroup Login/input_username'

2017-09-16 15:29:14 - [TEST_STEP][PASSED] - setText: Text '123' is set on object 'Object Repository/Page_MaxGroup Login/input_password'

2017-09-16 15:29:14 - [MESSAGE][PASSED] - Text '123' is set on object 'Object Repository/Page_MaxGroup Login/input_password'

2017-09-16 15:29:14 - [TEST_STEP][PASSED] - click: Object: 'Object Repository/Page_MaxGroup Login/button_Login' is clicked on

2017-09-16 15:29:14 - [MESSAGE][PASSED] - Object: 'Object Repository/Page_MaxGroup Login/button_Login' is clicked on]]></system-out>
         <system-err><![CDATA[]]></system-err>
      </testcase>
      <testcase name="Test Cases/SelectRole" classname="Test Cases/SelectRole" status="FAILED">
         <failure type="FAILED" message="Unable to select option by value '2_60_4' of object 'Object Repository/Page_Procurement Management  Role S/select_input'  using regular expression (Root cause: No option matched.)"/>
         <system-out><![CDATA[2017-09-16 15:29:14 - [TEST_CASE][FAILED] - Test Cases/SelectRole: Test Cases/SelectRole FAILED because (of) Unable to select option by value '2_60_4' of object 'Object Repository/Page_Procurement Management  Role S/select_input'  using regular expression (Root cause: No option matched.)

2017-09-16 15:29:15 - [TEST_STEP][PASSED] - delay: Delayed 5 second(s)

2017-09-16 15:29:20 - [MESSAGE][PASSED] - Delayed 5 second(s)

2017-09-16 15:29:20 - [TEST_STEP][FAILED] - selectOptionByValue: Unable to select option by value '2_60_4' of object 'Object Repository/Page_Procurement Management  Role S/select_input'  using regular expression (Root cause: No option matched.)

2017-09-16 15:29:20 - [MESSAGE][FAILED] - No option matched.

2017-09-16 15:29:20 - [MESSAGE][FAILED] - Unable to select option by value '2_60_4' of object 'Object Repository/Page_Procurement Management  Role S/select_input'  using regular expression (Root cause: No option matched.)
[[ATTACHMENT|F:\\Katalon_project\\MaxReqMan\\Reports\\SelectRole\\20170916_152905\\1505554160425.png]]]]></system-out>
         <system-err><![CDATA[2017-09-16 15:29:14 - [TEST_CASE][FAILED] - Test Cases/SelectRole: Test Cases/SelectRole FAILED because (of) Unable to select option by value '2_60_4' of object 'Object Repository/Page_Procurement Management  Role S/select_input'  using regular expression (Root cause: No option matched.)]]></system-err>
      </testcase>
      <testcase name="Test Cases/CreateMaterialRequisition" classname="Test Cases/CreateMaterialRequisition" status="FAILED">
         <failure type="FAILED" message="Unable to move mouse over object 'Object Repository/Create Material Requisition/a_Create Requisition' (Root cause: com.kms.katalon.core.webui.exception.WebElementNotFoundException: Web element with id: 'Object Repository/Create Material Requisition/a_Create Requisition' located by 'By.xpath: //a[count(. | /html/body/div[4]/div[1]/div/ul/li[5]/ul/li[1]/a) = count(/html/body/div[4]/div[1]/div/ul/li[5]/ul/li[1]/a)][count(. | //*[@href = '#']) = count(//*[@href = '#'])]' not found)"/>
         <system-out><![CDATA[2017-09-16 15:29:20 - [TEST_CASE][FAILED] - Test Cases/CreateMaterialRequisition: Test Cases/CreateMaterialRequisition FAILED because (of) Unable to move mouse over object 'Object Repository/Create Material Requisition/a_Create Requisition' (Root cause: com.kms.katalon.core.webui.exception.WebElementNotFoundException: Web element with id: 'Object Repository/Create Material Requisition/a_Create Requisition' located by 'By.xpath: //a[count(. | /html/body/div[4]/div[1]/div/ul/li[5]/ul/li[1]/a) = count(/html/body/div[4]/div[1]/div/ul/li[5]/ul/li[1]/a)][count(. | //*[@href = '#']) = count(//*[@href = '#'])]' not found)

2017-09-16 15:29:20 - [TEST_STEP][PASSED] - delay: Delayed 10 second(s)

2017-09-16 15:29:30 - [MESSAGE][PASSED] - Delayed 10 second(s)

2017-09-16 15:29:30 - [TEST_STEP][PASSED] - mouseOver: Object: 'Object Repository/Create Material Requisition/span_Requisitions' is hovered

2017-09-16 15:29:31 - [MESSAGE][PASSED] - Object: 'Object Repository/Create Material Requisition/span_Requisitions' is hovered

2017-09-16 15:29:31 - [TEST_STEP][FAILED] - mouseOver: Unable to move mouse over object 'Object Repository/Create Material Requisition/a_Create Requisition' (Root cause: com.kms.katalon.core.webui.exception.WebElementNotFoundException: Web element with id: 'Object Repository/Create Material Requisition/a_Create Requisition' located by 'By.xpath: //a[count(. | /html/body/div[4]/div[1]/div/ul/li[5]/ul/li[1]/a) = count(/html/body/div[4]/div[1]/div/ul/li[5]/ul/li[1]/a)][count(. | //*[@href = '#']) = count(//*[@href = '#'])]' not found)

2017-09-16 15:29:47 - [MESSAGE][FAILED] - Unable to move mouse over object 'Object Repository/Create Material Requisition/a_Create Requisition' (Root cause: com.kms.katalon.core.webui.exception.WebElementNotFoundException: Web element with id: 'Object Repository/Create Material Requisition/a_Create Requisition' located by 'By.xpath: //a[count(. | /html/body/div[4]/div[1]/div/ul/li[5]/ul/li[1]/a) = count(/html/body/div[4]/div[1]/div/ul/li[5]/ul/li[1]/a)][count(. | //*[@href = '#']) = count(//*[@href = '#'])]' not found)
[[ATTACHMENT|F:\\Katalon_project\\MaxReqMan\\Reports\\SelectRole\\20170916_152905\\1505554186874.png]]]]></system-out>
         <system-err><![CDATA[2017-09-16 15:29:20 - [TEST_CASE][FAILED] - Test Cases/CreateMaterialRequisition: Test Cases/CreateMaterialRequisition FAILED because (of) Unable to move mouse over object 'Object Repository/Create Material Requisition/a_Create Requisition' (Root cause: com.kms.katalon.core.webui.exception.WebElementNotFoundException: Web element with id: 'Object Repository/Create Material Requisition/a_Create Requisition' located by 'By.xpath: //a[count(. | /html/body/div[4]/div[1]/div/ul/li[5]/ul/li[1]/a) = count(/html/body/div[4]/div[1]/div/ul/li[5]/ul/li[1]/a)][count(. | //*[@href = '#']) = count(//*[@href = '#'])]' not found)]]></system-err>
      </testcase>
      <system-out><![CDATA[2017-09-16 15:29:06 - [TEST_SUITE][FAILED] - SelectRole: Test Cases/SelectRole FAILED because (of) Unable to select option by value '2_60_4' of object 'Object Repository/Page_Procurement Management  Role S/select_input'  using regular expression (Root cause: No option matched.)]]></system-out>
      <system-err><![CDATA[2017-09-16 15:29:06 - [TEST_SUITE][FAILED] - SelectRole: Test Cases/SelectRole FAILED because (of) Unable to select option by value '2_60_4' of object 'Object Repository/Page_Procurement Management  Role S/select_input'  using regular expression (Root cause: No option matched.)]]></system-err>
   </testsuite>
</testsuites>
