<?xml version="1.0" encoding="UTF-8"?>
<testsuites name="SelectRole" time="54" tests="2" failures="1" errors="0">
   <testsuite name="SelectRole" tests="2" failures="1" errors="0" time="54" timestamp="2017-09-17 14:08:40" hostname="mithu - DESKTOP-1QKO1SP" id="Test Suites/SelectRole">
      <properties>
         <property name="deviceName" value=""/>
         <property name="devicePlatform" value=""/>
         <property name="logFolder" value="F:\\Katalon_project\\MaxReqMan\\Reports\\SelectRole\\20170917_140838"/>
         <property name="logFiles" value="F:\\Katalon_project\\MaxReqMan\\Reports\\SelectRole\\20170917_140838\\execution0.log"/>
         <property name="attachments" value="F:\\Katalon_project\\MaxReqMan\\Reports\\SelectRole\\20170917_140838\\1505635773364.png"/>
         <property name="hostName" value="mithu - DESKTOP-1QKO1SP"/>
         <property name="os" value="Windows 10 64bit"/>
         <property name="katalonVersion" value="4.8.0.2"/>
         <property name="browser" value="Chrome 60.0.3112.113"/>
         <property name="hostAddress" value="192.168.91.161"/>
         <property name="sessionId" value="ad75d9312f71666e441e068f86c0e01b"/>
         <property name="seleniumVersion" value="2.53.0"/>
         <property name="proxyInformation" value="ProxyInformation{proxyOption=NO_PROXY, proxyServerType=HTTP, password=, proxyServerAddress=, proxyServerPort=0}"/>
         <property name="platform" value="Windows 10"/>
      </properties>
      <testcase name="Test Cases/Login" classname="Test Cases/Login" status="PASSED">
         <system-out><![CDATA[2017-09-17 14:08:40 - [TEST_CASE][PASSED] - Test Cases/Login: Test Cases/Login

2017-09-17 14:08:40 - [TEST_STEP][PASSED] - openBrowser: Browser is opened with url: ''

2017-09-17 14:08:43 - [MESSAGE][PASSED] - Browser is opened with url: ''

2017-09-17 14:08:43 - [TEST_STEP][PASSED] - maximizeWindow: Current window maximized

2017-09-17 14:08:44 - [MESSAGE][PASSED] - Current window maximized

2017-09-17 14:08:44 - [TEST_STEP][PASSED] - navigateToUrl: Navigate to 'http://beta-requisition.maxrailwaytrack.com/' successfully

2017-09-17 14:08:47 - [MESSAGE][PASSED] - Navigate to 'http://beta-requisition.maxrailwaytrack.com/' successfully

2017-09-17 14:08:47 - [TEST_STEP][PASSED] - setText: Text 'fahadbillah@yahoo.com' is set on object 'Object Repository/Page_MaxGroup Login/input_username'

2017-09-17 14:08:48 - [MESSAGE][PASSED] - Text 'fahadbillah@yahoo.com' is set on object 'Object Repository/Page_MaxGroup Login/input_username'

2017-09-17 14:08:48 - [TEST_STEP][PASSED] - setText: Text '123' is set on object 'Object Repository/Page_MaxGroup Login/input_password'

2017-09-17 14:08:48 - [MESSAGE][PASSED] - Text '123' is set on object 'Object Repository/Page_MaxGroup Login/input_password'

2017-09-17 14:08:48 - [TEST_STEP][PASSED] - click: Object: 'Object Repository/Page_MaxGroup Login/button_Login' is clicked on

2017-09-17 14:08:48 - [MESSAGE][PASSED] - Object: 'Object Repository/Page_MaxGroup Login/button_Login' is clicked on]]></system-out>
         <system-err><![CDATA[]]></system-err>
      </testcase>
      <testcase name="Test Cases/SelectRole" classname="Test Cases/SelectRole" status="PASSED">
         <system-out><![CDATA[2017-09-17 14:08:48 - [TEST_CASE][PASSED] - Test Cases/SelectRole: Test Cases/SelectRole

2017-09-17 14:08:48 - [TEST_STEP][PASSED] - delay: Delayed 5 second(s)

2017-09-17 14:08:53 - [MESSAGE][PASSED] - Delayed 5 second(s)

2017-09-17 14:08:53 - [TEST_STEP][PASSED] - click: Object: 'Object Repository/Page_Procurement Management  Role S/select_input' is clicked on

2017-09-17 14:08:53 - [MESSAGE][PASSED] - Object: 'Object Repository/Page_Procurement Management  Role S/select_input' is clicked on

2017-09-17 14:08:53 - [TEST_STEP][PASSED] - click: Object: 'Object Repository/Page_Procurement Management  Role S/option_Requester at CDA' is clicked on

2017-09-17 14:08:54 - [MESSAGE][PASSED] - Object: 'Object Repository/Page_Procurement Management  Role S/option_Requester at CDA' is clicked on

2017-09-17 14:08:54 - [TEST_STEP][PASSED] - click: Object: 'Object Repository/Page_Procurement Management  Role S/button_Enter' is clicked on

2017-09-17 14:08:54 - [MESSAGE][PASSED] - Object: 'Object Repository/Page_Procurement Management  Role S/button_Enter' is clicked on]]></system-out>
         <system-err><![CDATA[]]></system-err>
      </testcase>
      <testcase name="Test Cases/CreateMaterialRequisition" classname="Test Cases/CreateMaterialRequisition" status="FAILED">
         <failure type="FAILED" message="Unable to click on object 'Object Repository/Page_Procurement Management  Create/a_10100.12 Engineers  Employer' (Root cause: com.kms.katalon.core.webui.exception.WebElementNotFoundException: Web element with id: 'Object Repository/Page_Procurement Management  Create/a_10100.12 Engineers  Employer' located by 'By.xpath: //a[count(. | //*[@href = '#']) = count(//*[@href = '#'])][count(. | //*[@id = '176_anchor']) = count(//*[@id = '176_anchor'])][count(. | //*[contains(.,'10100.12 Engineers &amp; Employers Office')]) = count(//*[contains(.,'10100.12 Engineers &amp; Employers Office')])]' not found)"/>
         <system-out><![CDATA[2017-09-17 14:08:54 - [TEST_CASE][FAILED] - Test Cases/CreateMaterialRequisition: Test Cases/CreateMaterialRequisition FAILED because (of) Unable to click on object 'Object Repository/Page_Procurement Management  Create/a_10100.12 Engineers  Employer' (Root cause: com.kms.katalon.core.webui.exception.WebElementNotFoundException: Web element with id: 'Object Repository/Page_Procurement Management  Create/a_10100.12 Engineers  Employer' located by 'By.xpath: //a[count(. | //*[@href = '#']) = count(//*[@href = '#'])][count(. | //*[@id = '176_anchor']) = count(//*[@id = '176_anchor'])][count(. | //*[contains(.,'10100.12 Engineers & Employers Office')]) = count(//*[contains(.,'10100.12 Engineers & Employers Office')])]' not found)

2017-09-17 14:08:54 - [TEST_STEP][PASSED] - delay: Delayed 10 second(s)

2017-09-17 14:09:04 - [MESSAGE][PASSED] - Delayed 10 second(s)

2017-09-17 14:09:04 - [TEST_STEP][PASSED] - mouseOver: Object: 'Object Repository/create material requisition/span_Requisitions' is hovered

2017-09-17 14:09:04 - [MESSAGE][PASSED] - Object: 'Object Repository/create material requisition/span_Requisitions' is hovered

2017-09-17 14:09:04 - [TEST_STEP][PASSED] - delay: Delayed 2 second(s)

2017-09-17 14:09:06 - [MESSAGE][PASSED] - Delayed 2 second(s)

2017-09-17 14:09:06 - [TEST_STEP][PASSED] - mouseOver: Object: 'Object Repository/create material requisition/a_Create Requisition' is hovered

2017-09-17 14:09:06 - [MESSAGE][PASSED] - Object: 'Object Repository/create material requisition/a_Create Requisition' is hovered

2017-09-17 14:09:06 - [TEST_STEP][PASSED] - delay: Delayed 2 second(s)

2017-09-17 14:09:08 - [MESSAGE][PASSED] - Delayed 2 second(s)

2017-09-17 14:09:08 - [TEST_STEP][PASSED] - mouseOver: Object: 'Object Repository/create material requisition/a_Material Requisition' is hovered

2017-09-17 14:09:08 - [MESSAGE][PASSED] - Object: 'Object Repository/create material requisition/a_Material Requisition' is hovered

2017-09-17 14:09:08 - [TEST_STEP][PASSED] - delay: Delayed 2 second(s)

2017-09-17 14:09:10 - [MESSAGE][PASSED] - Delayed 2 second(s)

2017-09-17 14:09:10 - [TEST_STEP][PASSED] - click: Object: 'Object Repository/create material requisition/a_Material Requisition' is clicked on

2017-09-17 14:09:10 - [MESSAGE][PASSED] - Object: 'Object Repository/create material requisition/a_Material Requisition' is clicked on

2017-09-17 14:09:10 - [TEST_STEP][PASSED] - waitForPageLoad: Wait for page load successfully

2017-09-17 14:09:10 - [MESSAGE][PASSED] - Wait for page load successfully

2017-09-17 14:09:10 - [TEST_STEP][PASSED] - click: Object: 'Object Repository/Page_Procurement Management  Create/input_requisitionTitle' is clicked on

2017-09-17 14:09:12 - [MESSAGE][PASSED] - Object: 'Object Repository/Page_Procurement Management  Create/input_requisitionTitle' is clicked on

2017-09-17 14:09:12 - [TEST_STEP][PASSED] - setText: Text 'Material Requisition 1A' is set on object 'Object Repository/Page_Procurement Management  Create/input_requisitionTitle'

2017-09-17 14:09:12 - [MESSAGE][PASSED] - Text 'Material Requisition 1A' is set on object 'Object Repository/Page_Procurement Management  Create/input_requisitionTitle'

2017-09-17 14:09:13 - [TEST_STEP][PASSED] - click: Object: 'Object Repository/Page_Procurement Management  Create/requestTo' is clicked on

2017-09-17 14:09:13 - [MESSAGE][PASSED] - Object: 'Object Repository/Page_Procurement Management  Create/requestTo' is clicked on

2017-09-17 14:09:13 - [TEST_STEP][PASSED] - setText: Text 'Fahad Billah' is set on object 'Object Repository/Page_Procurement Management  Create/requestTo'

2017-09-17 14:09:13 - [MESSAGE][PASSED] - Text 'Fahad Billah' is set on object 'Object Repository/Page_Procurement Management  Create/requestTo'

2017-09-17 14:09:13 - [TEST_STEP][PASSED] - click: Object: 'Object Repository/Page_Procurement Management  Create/li_Fahad Billah (Local Boss)' is clicked on

2017-09-17 14:09:14 - [MESSAGE][PASSED] - Object: 'Object Repository/Page_Procurement Management  Create/li_Fahad Billah (Local Boss)' is clicked on

2017-09-17 14:09:14 - [TEST_STEP][PASSED] - setText: Text 'Mirhu khan' is set on object 'Object Repository/Page_Procurement Management  Create/input_originalRequesterName (2)'

2017-09-17 14:09:15 - [MESSAGE][PASSED] - Text 'Mirhu khan' is set on object 'Object Repository/Page_Procurement Management  Create/input_originalRequesterName (2)'

2017-09-17 14:09:15 - [TEST_STEP][PASSED] - setText: Text '01745677420' is set on object 'Object Repository/Page_Procurement Management  Create/input_originalRequesterPhone (1)'

2017-09-17 14:09:15 - [MESSAGE][PASSED] - Text '01745677420' is set on object 'Object Repository/Page_Procurement Management  Create/input_originalRequesterPhone (1)'

2017-09-17 14:09:15 - [TEST_STEP][PASSED] - setText: Text 'Test Team Qa-katalon' is set on object 'Object Repository/Page_Procurement Management  Create/textarea_remarks'

2017-09-17 14:09:15 - [MESSAGE][PASSED] - Text 'Test Team Qa-katalon' is set on object 'Object Repository/Page_Procurement Management  Create/textarea_remarks'

2017-09-17 14:09:15 - [TEST_STEP][PASSED] - click: Object: 'Object Repository/Page_Procurement Management  Create/span_Item Details' is clicked on

2017-09-17 14:09:15 - [MESSAGE][PASSED] - Object: 'Object Repository/Page_Procurement Management  Create/span_Item Details' is clicked on

2017-09-17 14:09:15 - [TEST_STEP][FAILED] - click: Unable to click on object 'Object Repository/Page_Procurement Management  Create/a_10100.12 Engineers  Employer' (Root cause: com.kms.katalon.core.webui.exception.WebElementNotFoundException: Web element with id: 'Object Repository/Page_Procurement Management  Create/a_10100.12 Engineers  Employer' located by 'By.xpath: //a[count(. | //*[@href = '#']) = count(//*[@href = '#'])][count(. | //*[@id = '176_anchor']) = count(//*[@id = '176_anchor'])][count(. | //*[contains(.,'10100.12 Engineers & Employers Office')]) = count(//*[contains(.,'10100.12 Engineers & Employers Office')])]' not found)

2017-09-17 14:09:33 - [MESSAGE][FAILED] - Unable to click on object 'Object Repository/Page_Procurement Management  Create/a_10100.12 Engineers  Employer' (Root cause: com.kms.katalon.core.webui.exception.WebElementNotFoundException: Web element with id: 'Object Repository/Page_Procurement Management  Create/a_10100.12 Engineers  Employer' located by 'By.xpath: //a[count(. | //*[@href = '#']) = count(//*[@href = '#'])][count(. | //*[@id = '176_anchor']) = count(//*[@id = '176_anchor'])][count(. | //*[contains(.,'10100.12 Engineers & Employers Office')]) = count(//*[contains(.,'10100.12 Engineers & Employers Office')])]' not found)
[[ATTACHMENT|F:\\Katalon_project\\MaxReqMan\\Reports\\SelectRole\\20170917_140838\\1505635773364.png]]]]></system-out>
         <system-err><![CDATA[2017-09-17 14:08:54 - [TEST_CASE][FAILED] - Test Cases/CreateMaterialRequisition: Test Cases/CreateMaterialRequisition FAILED because (of) Unable to click on object 'Object Repository/Page_Procurement Management  Create/a_10100.12 Engineers  Employer' (Root cause: com.kms.katalon.core.webui.exception.WebElementNotFoundException: Web element with id: 'Object Repository/Page_Procurement Management  Create/a_10100.12 Engineers  Employer' located by 'By.xpath: //a[count(. | //*[@href = '#']) = count(//*[@href = '#'])][count(. | //*[@id = '176_anchor']) = count(//*[@id = '176_anchor'])][count(. | //*[contains(.,'10100.12 Engineers & Employers Office')]) = count(//*[contains(.,'10100.12 Engineers & Employers Office')])]' not found)]]></system-err>
      </testcase>
      <system-out><![CDATA[2017-09-17 14:08:40 - [TEST_SUITE][FAILED] - SelectRole: Test Cases/CreateMaterialRequisition FAILED because (of) Unable to click on object 'Object Repository/Page_Procurement Management  Create/a_10100.12 Engineers  Employer' (Root cause: com.kms.katalon.core.webui.exception.WebElementNotFoundException: Web element with id: 'Object Repository/Page_Procurement Management  Create/a_10100.12 Engineers  Employer' located by 'By.xpath: //a[count(. | //*[@href = '#']) = count(//*[@href = '#'])][count(. | //*[@id = '176_anchor']) = count(//*[@id = '176_anchor'])][count(. | //*[contains(.,'10100.12 Engineers & Employers Office')]) = count(//*[contains(.,'10100.12 Engineers & Employers Office')])]' not found)]]></system-out>
      <system-err><![CDATA[2017-09-17 14:08:40 - [TEST_SUITE][FAILED] - SelectRole: Test Cases/CreateMaterialRequisition FAILED because (of) Unable to click on object 'Object Repository/Page_Procurement Management  Create/a_10100.12 Engineers  Employer' (Root cause: com.kms.katalon.core.webui.exception.WebElementNotFoundException: Web element with id: 'Object Repository/Page_Procurement Management  Create/a_10100.12 Engineers  Employer' located by 'By.xpath: //a[count(. | //*[@href = '#']) = count(//*[@href = '#'])][count(. | //*[@id = '176_anchor']) = count(//*[@id = '176_anchor'])][count(. | //*[contains(.,'10100.12 Engineers & Employers Office')]) = count(//*[contains(.,'10100.12 Engineers & Employers Office')])]' not found)]]></system-err>
   </testsuite>
</testsuites>
